#
# A fatal error has been detected by the Java Runtime Environment:
#
#  EXCEPTION_ACCESS_VIOLATION (0xc0000005) at pc=0x00007fff11867706, pid=22696, tid=12604
#
# JRE version: Java(TM) SE Runtime Environment (10.0.2+13) (build 10.0.2+13)
# Java VM: Java HotSpot(TM) 64-Bit Server VM (10.0.2+13, mixed mode, tiered, compressed oops, g1 gc, windows-amd64)
# Problematic frame:
# C  [ig9icd64.dll+0x557706]
#
# No core dump will be written. Minidumps are not enabled by default on client versions of Windows
#
# If you would like to submit a bug report, please visit:
#   http://bugreport.java.com/bugreport/crash.jsp
# The crash happened outside the Java Virtual Machine in native code.
# See problematic frame for where to report the bug.
#

---------------  S U M M A R Y ------------

Command Line: -Djava.library.path=D:\eclipse\2D\Natives;D:\eclipse\2D\Natives -Dfile.encoding=Cp1252 org.graphics.Renderer

Host: Intel(R) Core(TM) i7-6500U CPU @ 2.50GHz, 4 cores, 7G,  Windows 10 , 64 bit Build 17763 (10.0.17763.1158)
Time: Mon Aug 31 14:22:10 2020 Bangladesh Standard Time elapsed time: 1 seconds (0d 0h 0m 1s)

---------------  T H R E A D  ---------------

Current thread (0x00000191b83cf800):  JavaThread "main-SharedResourceRunner" daemon [_thread_in_native, id=12604, stack(0x000000664e000000,0x000000664e100000)]

Stack: [0x000000664e000000,0x000000664e100000],  sp=0x000000664e0fe5e0,  free space=1017k
Native frames: (J=compiled Java code, j=interpreted, Vv=VM code, C=native code)
C  [ig9icd64.dll+0x557706]

Java frames: (J=compiled Java code, j=interpreted, Vv=VM code)
j  jogamp.opengl.windows.wgl.WGL.dispatch_wglCreateContext0(JJ)J+0
j  jogamp.opengl.windows.wgl.WGL.wglCreateContext(J)J+37
j  jogamp.opengl.windows.wgl.WindowsWGLContext.createImpl(J)Z+544
j  jogamp.opengl.GLContextImpl.makeCurrentWithinLock(I)I+224
j  jogamp.opengl.GLContextImpl.makeCurrent(Z)I+488
j  jogamp.opengl.GLContextImpl.makeCurrent()I+2
j  jogamp.opengl.windows.wgl.WindowsWGLDrawableFactory$SharedResourceImplementation.createSharedResource(Lcom/jogamp/nativewindow/AbstractGraphicsDevice;)Ljogamp/opengl/SharedResourceRunner$Resource;+172
j  jogamp.opengl.SharedResourceRunner.run()V+267
j  java.lang.Thread.run()V+11 java.base@10.0.2
v  ~StubRoutines::call_stub

siginfo: EXCEPTION_ACCESS_VIOLATION (0xc0000005), reading address 0x0000000000020240


Register to memory mapping:

RIP=0x00007fff11867706 ig9icd64.dll
RAX=0x0000000000000000 is an unknown value
RBX=0x00000191b97b1580 is an unknown value
RCX=0x0000000000000000 is an unknown value
RDX=0x0000000080000000 is an unknown value
RSP=0x000000664e0fe5e0 is pointing into the stack for thread: 0x00000191b83cf800
RBP=0x00000000000000a0 is an unknown value
RSI=0x00000191b97b1580 is an unknown value
RDI=0x00000191b8802020 is an unknown value
R8 =0x00000191b9eec3b0 is an unknown value
R9 =0x0000000000006b10 is an unknown value
R10=
[error occurred during error reporting (printing register info), id 0xc0000005]

Registers:
RAX=0x0000000000000000, RBX=0x00000191b97b1580, RCX=0x0000000000000000, RDX=0x0000000080000000
RSP=0x000000664e0fe5e0, RBP=0x00000000000000a0, RSI=0x00000191b97b1580, RDI=0x00000191b8802020
R8 =0x00000191b9eec3b0, R9 =0x0000000000006b10, R10=0x00000000ffffffff, R11=0x000000664e0fe560
R12=0x00000000000000a8, R13=0x0000000000000010, R14=0x0000000000000000, R15=0x0000000000000000
RIP=0x00007fff11867706, EFLAGS=0x0000000000010202

Top of Stack: (sp=0x000000664e0fe5e0)
0x000000664e0fe5e0:   0000000000000d20 0000000000000000
0x000000664e0fe5f0:   0000000000000001 0000000000000000
0x000000664e0fe600:   00000191b8802020 00007fff114ab4f9
0x000000664e0fe610:   00000191b83dc460 000000664e0fe720
0x000000664e0fe620:   00000191b8258e40 00007fff118c4548
0x000000664e0fe630:   00000191b8258e40 00007fff00000000
0x000000664e0fe640:   00000191b83dc460 0000000000000001
0x000000664e0fe650:   000000664e0fe720 00007fff114ab683
0x000000664e0fe660:   00000191b83dc460 00000191b8258e40
0x000000664e0fe670:   00000191b8802020 0000000000000000
0x000000664e0fe680:   0000000000000000 00007fff1186f479
0x000000664e0fe690:   0000000000000000 0000000000000004
0x000000664e0fe6a0:   0000000000000000 000000664e0fe708
0x000000664e0fe6b0:   00000191b8289901 000000664e0fe720
0x000000664e0fe6c0:   00000191b93f80f0 00000191b8289b90
0x000000664e0fe6d0:   0000000000800000 0000000000000004 

Instructions: (pc=0x00007fff11867706)
0x00007fff118676e6:   24 38 48 8b 5c 24 30 48 83 c4 20 5f c3 cc cc cc
0x00007fff118676f6:   cc cc cc cc cc cc cc cc cc cc 40 57 48 83 ec 20
0x00007fff11867706:   48 83 b9 40 02 02 00 00 48 8b f9 0f 84 56 01 00
0x00007fff11867716:   00 48 8b 89 50 02 02 00 48 89 5c 24 30 48 89 74 



---------------  P R O C E S S  ---------------

Threads class SMR info:
_java_thread_list=0x00000191b81d10d0, length=16, elements={
0x0000019199820800, 0x00000191b6fda800, 0x00000191b7010000, 0x00000191b7025000,
0x00000191b7026000, 0x00000191b702b000, 0x00000191b7036000, 0x00000191b7038000,
0x00000191b7982000, 0x00000191b7b03800, 0x00000191b7b0c000, 0x00000191b8213800,
0x00000191b8241800, 0x00000191b8242800, 0x00000191b8262800, 0x00000191b83cf800
}

Java Threads: ( => current thread )
  0x0000019199820800 JavaThread "main" [_thread_blocked, id=5464, stack(0x000000664c400000,0x000000664c500000)]
  0x00000191b6fda800 JavaThread "Reference Handler" daemon [_thread_blocked, id=6772, stack(0x000000664d100000,0x000000664d200000)]
  0x00000191b7010000 JavaThread "Finalizer" daemon [_thread_blocked, id=7844, stack(0x000000664d200000,0x000000664d300000)]
  0x00000191b7025000 JavaThread "Signal Dispatcher" daemon [_thread_blocked, id=20180, stack(0x000000664d300000,0x000000664d400000)]
  0x00000191b7026000 JavaThread "Attach Listener" daemon [_thread_blocked, id=24928, stack(0x000000664d400000,0x000000664d500000)]
  0x00000191b702b000 JavaThread "C2 CompilerThread0" daemon [_thread_blocked, id=20580, stack(0x000000664d500000,0x000000664d600000)]
  0x00000191b7036000 JavaThread "C2 CompilerThread1" daemon [_thread_blocked, id=13124, stack(0x000000664d600000,0x000000664d700000)]
  0x00000191b7038000 JavaThread "C1 CompilerThread2" daemon [_thread_blocked, id=25996, stack(0x000000664d700000,0x000000664d800000)]
  0x00000191b7982000 JavaThread "Sweeper thread" daemon [_thread_blocked, id=6196, stack(0x000000664d800000,0x000000664d900000)]
  0x00000191b7b03800 JavaThread "Service Thread" daemon [_thread_blocked, id=13196, stack(0x000000664d900000,0x000000664da00000)]
  0x00000191b7b0c000 JavaThread "Common-Cleaner" daemon [_thread_blocked, id=18908, stack(0x000000664da00000,0x000000664db00000)]
  0x00000191b8213800 JavaThread "Java2D Disposer" daemon [_thread_blocked, id=13888, stack(0x000000664dc00000,0x000000664dd00000)]
  0x00000191b8241800 JavaThread "AWT-Shutdown" [_thread_blocked, id=18860, stack(0x000000664dd00000,0x000000664de00000)]
  0x00000191b8242800 JavaThread "AWT-Windows" daemon [_thread_in_native, id=3856, stack(0x000000664de00000,0x000000664df00000)]
  0x00000191b8262800 JavaThread "AWT-EventQueue-0" [_thread_blocked, id=14840, stack(0x000000664df00000,0x000000664e000000)]
=>0x00000191b83cf800 JavaThread "main-SharedResourceRunner" daemon [_thread_in_native, id=12604, stack(0x000000664e000000,0x000000664e100000)]

Other Threads:
  0x00000191b7006800 VMThread "VM Thread" [stack: 0x000000664d000000,0x000000664d100000] [id=924]
  0x00000191b7b0c800 WatcherThread [stack: 0x000000664db00000,0x000000664dc00000] [id=10936]
  0x000001919983a800 GCTaskThread "GC Thread#0" [stack: 0x000000664c500000,0x000000664c600000] [id=17876]
  0x000001919983d000 GCTaskThread "GC Thread#1" [stack: 0x000000664c600000,0x000000664c700000] [id=26508]
  0x0000019199844800 GCTaskThread "GC Thread#2" [stack: 0x000000664c700000,0x000000664c800000] [id=11868]
  0x0000019199845800 GCTaskThread "GC Thread#3" [stack: 0x000000664c800000,0x000000664c900000] [id=22700]
  0x00000191998af000 ConcurrentGCThread "G1 Main Marker" [stack: 0x000000664c900000,0x000000664ca00000] [id=9020]
  0x00000191998b2000 ConcurrentGCThread "G1 Conc#0" [stack: 0x000000664ca00000,0x000000664cb00000] [id=13304]
  0x00000191998fe000 ConcurrentGCThread "G1 Refine#0" [stack: 0x000000664cb00000,0x000000664cc00000] [id=25388]
  0x00000191b6e8d800 ConcurrentGCThread "G1 Refine#1" [stack: 0x000000664cc00000,0x000000664cd00000] [id=11520]
  0x00000191b6e8e800 ConcurrentGCThread "G1 Refine#2" [stack: 0x000000664cd00000,0x000000664ce00000] [id=12876]
  0x00000191b6e90000 ConcurrentGCThread "G1 Refine#3" [stack: 0x000000664ce00000,0x000000664cf00000] [id=21452]
  0x00000191b6e93800 ConcurrentGCThread "G1 Young RemSet Sampling" [stack: 0x000000664cf00000,0x000000664d000000] [id=1684]

Threads with active compile tasks:

VM state:not at safepoint (normal execution)

VM Mutex/Monitor currently owned by a thread: None

Heap address: 0x0000000081a00000, size: 2022 MB, Compressed Oops mode: 32-bit
Narrow klass base: 0x0000000000000000, Narrow klass shift: 3
Compressed class space size: 1073741824 Address: 0x0000000100000000

Heap:
 garbage-first heap   total 131072K, used 2023K [0x0000000081a00000, 0x0000000100000000)
  region size 1024K, 3 young (3072K), 2 survivors (2048K)
 Metaspace       used 14656K, capacity 14835K, committed 14976K, reserved 1062912K
  class space    used 1295K, capacity 1399K, committed 1408K, reserved 1048576K
Heap Regions: E=young(eden), S=young(survivor), O=old, HS=humongous(starts), HC=humongous(continues), CS=collection set, F=free, A=archive, TS=gc time stamp, AC=allocation context, TAMS=top-at-mark-start (previous, next)
|   0|0x0000000081a00000, 0x0000000081a00000, 0x0000000081b00000|  0%| F|  |TS  1|AC  0|TAMS 0x0000000081a00000, 0x0000000081a00000|
|   1|0x0000000081b00000, 0x0000000081b00000, 0x0000000081c00000|  0%| F|  |TS  0|AC  0|TAMS 0x0000000081b00000, 0x0000000081b00000|
|   2|0x0000000081c00000, 0x0000000081c00000, 0x0000000081d00000|  0%| F|  |TS  0|AC  0|TAMS 0x0000000081c00000, 0x0000000081c00000|
|   3|0x0000000081d00000, 0x0000000081d00000, 0x0000000081e00000|  0%| F|  |TS  0|AC  0|TAMS 0x0000000081d00000, 0x0000000081d00000|
|   4|0x0000000081e00000, 0x0000000081e00000, 0x0000000081f00000|  0%| F|  |TS  0|AC  0|TAMS 0x0000000081e00000, 0x0000000081e00000|
|   5|0x0000000081f00000, 0x0000000081f00000, 0x0000000082000000|  0%| F|  |TS  0|AC  0|TAMS 0x0000000081f00000, 0x0000000081f00000|
|   6|0x0000000082000000, 0x0000000082000000, 0x0000000082100000|  0%| F|  |TS  0|AC  0|TAMS 0x0000000082000000, 0x0000000082000000|
|   7|0x0000000082100000, 0x0000000082100000, 0x0000000082200000|  0%| F|  |TS  0|AC  0|TAMS 0x0000000082100000, 0x0000000082100000|
|   8|0x0000000082200000, 0x0000000082200000, 0x0000000082300000|  0%| F|  |TS  0|AC  0|TAMS 0x0000000082200000, 0x0000000082200000|
|   9|0x0000000082300000, 0x0000000082300000, 0x0000000082400000|  0%| F|  |TS  0|AC  0|TAMS 0x0000000082300000, 0x0000000082300000|
|  10|0x0000000082400000, 0x0000000082400000, 0x0000000082500000|  0%| F|  |TS  0|AC  0|TAMS 0x0000000082400000, 0x0000000082400000|
|  11|0x0000000082500000, 0x0000000082500000, 0x0000000082600000|  0%| F|  |TS  0|AC  0|TAMS 0x0000000082500000, 0x0000000082500000|
|  12|0x0000000082600000, 0x0000000082600000, 0x0000000082700000|  0%| F|  |TS  0|AC  0|TAMS 0x0000000082600000, 0x0000000082600000|
|  13|0x0000000082700000, 0x0000000082700000, 0x0000000082800000|  0%| F|  |TS  0|AC  0|TAMS 0x0000000082700000, 0x0000000082700000|
|  14|0x0000000082800000, 0x0000000082800000, 0x0000000082900000|  0%| F|  |TS  0|AC  0|TAMS 0x0000000082800000, 0x0000000082800000|
|  15|0x0000000082900000, 0x0000000082900000, 0x0000000082a00000|  0%| F|  |TS  0|AC  0|TAMS 0x0000000082900000, 0x0000000082900000|
|  16|0x0000000082a00000, 0x0000000082a00000, 0x0000000082b00000|  0%| F|  |TS  0|AC  0|TAMS 0x0000000082a00000, 0x0000000082a00000|
|  17|0x0000000082b00000, 0x0000000082b00000, 0x0000000082c00000|  0%| F|  |TS  0|AC  0|TAMS 0x0000000082b00000, 0x0000000082b00000|
|  18|0x0000000082c00000, 0x0000000082c00000, 0x0000000082d00000|  0%| F|  |TS  0|AC  0|TAMS 0x0000000082c00000, 0x0000000082c00000|
|  19|0x0000000082d00000, 0x0000000082d00000, 0x0000000082e00000|  0%| F|  |TS  0|AC  0|TAMS 0x0000000082d00000, 0x0000000082d00000|
|  20|0x0000000082e00000, 0x0000000082e00000, 0x0000000082f00000|  0%| F|  |TS  0|AC  0|TAMS 0x0000000082e00000, 0x0000000082e00000|
|  21|0x0000000082f00000, 0x0000000082f00000, 0x0000000083000000|  0%| F|  |TS  0|AC  0|TAMS 0x0000000082f00000, 0x0000000082f00000|
|  22|0x0000000083000000, 0x0000000083000000, 0x0000000083100000|  0%| F|  |TS  0|AC  0|TAMS 0x0000000083000000, 0x0000000083000000|
|  23|0x0000000083100000, 0x0000000083100000, 0x0000000083200000|  0%| F|  |TS  0|AC  0|TAMS 0x0000000083100000, 0x0000000083100000|
|  24|0x0000000083200000, 0x0000000083200000, 0x0000000083300000|  0%| F|  |TS  0|AC  0|TAMS 0x0000000083200000, 0x0000000083200000|
|  25|0x0000000083300000, 0x0000000083300000, 0x0000000083400000|  0%| F|  |TS  0|AC  0|TAMS 0x0000000083300000, 0x0000000083300000|
|  26|0x0000000083400000, 0x0000000083400000, 0x0000000083500000|  0%| F|  |TS  0|AC  0|TAMS 0x0000000083400000, 0x0000000083400000|
|  27|0x0000000083500000, 0x0000000083500000, 0x0000000083600000|  0%| F|  |TS  0|AC  0|TAMS 0x0000000083500000, 0x0000000083500000|
|  28|0x0000000083600000, 0x0000000083600000, 0x0000000083700000|  0%| F|  |TS  0|AC  0|TAMS 0x0000000083600000, 0x0000000083600000|
|  29|0x0000000083700000, 0x0000000083700000, 0x0000000083800000|  0%| F|  |TS  0|AC  0|TAMS 0x0000000083700000, 0x0000000083700000|
|  30|0x0000000083800000, 0x0000000083800000, 0x0000000083900000|  0%| F|  |TS  0|AC  0|TAMS 0x0000000083800000, 0x0000000083800000|
|  31|0x0000000083900000, 0x0000000083900000, 0x0000000083a00000|  0%| F|  |TS  0|AC  0|TAMS 0x0000000083900000, 0x0000000083900000|
|  32|0x0000000083a00000, 0x0000000083a00000, 0x0000000083b00000|  0%| F|  |TS  0|AC  0|TAMS 0x0000000083a00000, 0x0000000083a00000|
|  33|0x0000000083b00000, 0x0000000083b00000, 0x0000000083c00000|  0%| F|  |TS  0|AC  0|TAMS 0x0000000083b00000, 0x0000000083b00000|
|  34|0x0000000083c00000, 0x0000000083c00000, 0x0000000083d00000|  0%| F|  |TS  0|AC  0|TAMS 0x0000000083c00000, 0x0000000083c00000|
|  35|0x0000000083d00000, 0x0000000083d00000, 0x0000000083e00000|  0%| F|  |TS  0|AC  0|TAMS 0x0000000083d00000, 0x0000000083d00000|
|  36|0x0000000083e00000, 0x0000000083e00000, 0x0000000083f00000|  0%| F|  |TS  0|AC  0|TAMS 0x0000000083e00000, 0x0000000083e00000|
|  37|0x0000000083f00000, 0x0000000083f00000, 0x0000000084000000|  0%| F|  |TS  0|AC  0|TAMS 0x0000000083f00000, 0x0000000083f00000|
|  38|0x0000000084000000, 0x0000000084000000, 0x0000000084100000|  0%| F|  |TS  0|AC  0|TAMS 0x0000000084000000, 0x0000000084000000|
|  39|0x0000000084100000, 0x0000000084100000, 0x0000000084200000|  0%| F|  |TS  0|AC  0|TAMS 0x0000000084100000, 0x0000000084100000|
|  40|0x0000000084200000, 0x0000000084200000, 0x0000000084300000|  0%| F|  |TS  0|AC  0|TAMS 0x0000000084200000, 0x0000000084200000|
|  41|0x0000000084300000, 0x0000000084300000, 0x0000000084400000|  0%| F|  |TS  0|AC  0|TAMS 0x0000000084300000, 0x0000000084300000|
|  42|0x0000000084400000, 0x0000000084400000, 0x0000000084500000|  0%| F|  |TS  0|AC  0|TAMS 0x0000000084400000, 0x0000000084400000|
|  43|0x0000000084500000, 0x0000000084500000, 0x0000000084600000|  0%| F|  |TS  0|AC  0|TAMS 0x0000000084500000, 0x0000000084500000|
|  44|0x0000000084600000, 0x0000000084600000, 0x0000000084700000|  0%| F|  |TS  0|AC  0|TAMS 0x0000000084600000, 0x0000000084600000|
|  45|0x0000000084700000, 0x0000000084700000, 0x0000000084800000|  0%| F|  |TS  0|AC  0|TAMS 0x0000000084700000, 0x0000000084700000|
|  46|0x0000000084800000, 0x0000000084800000, 0x0000000084900000|  0%| F|  |TS  0|AC  0|TAMS 0x0000000084800000, 0x0000000084800000|
|  47|0x0000000084900000, 0x0000000084900000, 0x0000000084a00000|  0%| F|  |TS  0|AC  0|TAMS 0x0000000084900000, 0x0000000084900000|
|  48|0x0000000084a00000, 0x0000000084a00000, 0x0000000084b00000|  0%| F|  |TS  0|AC  0|TAMS 0x0000000084a00000, 0x0000000084a00000|
|  49|0x0000000084b00000, 0x0000000084b00000, 0x0000000084c00000|  0%| F|  |TS  0|AC  0|TAMS 0x0000000084b00000, 0x0000000084b00000|
|  50|0x0000000084c00000, 0x0000000084c00000, 0x0000000084d00000|  0%| F|  |TS  0|AC  0|TAMS 0x0000000084c00000, 0x0000000084c00000|
|  51|0x0000000084d00000, 0x0000000084d00000, 0x0000000084e00000|  0%| F|  |TS  0|AC  0|TAMS 0x0000000084d00000, 0x0000000084d00000|
|  52|0x0000000084e00000, 0x0000000084e00000, 0x0000000084f00000|  0%| F|  |TS  0|AC  0|TAMS 0x0000000084e00000, 0x0000000084e00000|
|  53|0x0000000084f00000, 0x0000000084f00000, 0x0000000085000000|  0%| F|  |TS  0|AC  0|TAMS 0x0000000084f00000, 0x0000000084f00000|
|  54|0x0000000085000000, 0x0000000085000000, 0x0000000085100000|  0%| F|  |TS  0|AC  0|TAMS 0x0000000085000000, 0x0000000085000000|
|  55|0x0000000085100000, 0x0000000085100000, 0x0000000085200000|  0%| F|  |TS  0|AC  0|TAMS 0x0000000085100000, 0x0000000085100000|
|  56|0x0000000085200000, 0x0000000085200000, 0x0000000085300000|  0%| F|  |TS  0|AC  0|TAMS 0x0000000085200000, 0x0000000085200000|
|  57|0x0000000085300000, 0x0000000085300000, 0x0000000085400000|  0%| F|  |TS  0|AC  0|TAMS 0x0000000085300000, 0x0000000085300000|
|  58|0x0000000085400000, 0x0000000085400000, 0x0000000085500000|  0%| F|  |TS  0|AC  0|TAMS 0x0000000085400000, 0x0000000085400000|
|  59|0x0000000085500000, 0x0000000085500000, 0x0000000085600000|  0%| F|  |TS  0|AC  0|TAMS 0x0000000085500000, 0x0000000085500000|
|  60|0x0000000085600000, 0x0000000085600000, 0x0000000085700000|  0%| F|  |TS  0|AC  0|TAMS 0x0000000085600000, 0x0000000085600000|
|  61|0x0000000085700000, 0x0000000085700000, 0x0000000085800000|  0%| F|  |TS  0|AC  0|TAMS 0x0000000085700000, 0x0000000085700000|
|  62|0x0000000085800000, 0x0000000085800000, 0x0000000085900000|  0%| F|  |TS  0|AC  0|TAMS 0x0000000085800000, 0x0000000085800000|
|  63|0x0000000085900000, 0x0000000085900000, 0x0000000085a00000|  0%| F|  |TS  0|AC  0|TAMS 0x0000000085900000, 0x0000000085900000|
|  64|0x0000000085a00000, 0x0000000085a00000, 0x0000000085b00000|  0%| F|  |TS  0|AC  0|TAMS 0x0000000085a00000, 0x0000000085a00000|
|  65|0x0000000085b00000, 0x0000000085b00000, 0x0000000085c00000|  0%| F|  |TS  0|AC  0|TAMS 0x0000000085b00000, 0x0000000085b00000|
|  66|0x0000000085c00000, 0x0000000085c00000, 0x0000000085d00000|  0%| F|  |TS  0|AC  0|TAMS 0x0000000085c00000, 0x0000000085c00000|
|  67|0x0000000085d00000, 0x0000000085d00000, 0x0000000085e00000|  0%| F|  |TS  0|AC  0|TAMS 0x0000000085d00000, 0x0000000085d00000|
|  68|0x0000000085e00000, 0x0000000085e00000, 0x0000000085f00000|  0%| F|  |TS  0|AC  0|TAMS 0x0000000085e00000, 0x0000000085e00000|
|  69|0x0000000085f00000, 0x0000000085f00000, 0x0000000086000000|  0%| F|  |TS  0|AC  0|TAMS 0x0000000085f00000, 0x0000000085f00000|
|  70|0x0000000086000000, 0x0000000086000000, 0x0000000086100000|  0%| F|  |TS  0|AC  0|TAMS 0x0000000086000000, 0x0000000086000000|
|  71|0x0000000086100000, 0x0000000086100000, 0x0000000086200000|  0%| F|  |TS  0|AC  0|TAMS 0x0000000086100000, 0x0000000086100000|
|  72|0x0000000086200000, 0x0000000086200000, 0x0000000086300000|  0%| F|  |TS  0|AC  0|TAMS 0x0000000086200000, 0x0000000086200000|
|  73|0x0000000086300000, 0x0000000086300000, 0x0000000086400000|  0%| F|  |TS  0|AC  0|TAMS 0x0000000086300000, 0x0000000086300000|
|  74|0x0000000086400000, 0x0000000086400000, 0x0000000086500000|  0%| F|  |TS  0|AC  0|TAMS 0x0000000086400000, 0x0000000086400000|
|  75|0x0000000086500000, 0x0000000086500000, 0x0000000086600000|  0%| F|  |TS  0|AC  0|TAMS 0x0000000086500000, 0x0000000086500000|
|  76|0x0000000086600000, 0x0000000086600000, 0x0000000086700000|  0%| F|  |TS  0|AC  0|TAMS 0x0000000086600000, 0x0000000086600000|
|  77|0x0000000086700000, 0x0000000086700000, 0x0000000086800000|  0%| F|  |TS  0|AC  0|TAMS 0x0000000086700000, 0x0000000086700000|
|  78|0x0000000086800000, 0x0000000086800000, 0x0000000086900000|  0%| F|  |TS  0|AC  0|TAMS 0x0000000086800000, 0x0000000086800000|
|  79|0x0000000086900000, 0x0000000086900000, 0x0000000086a00000|  0%| F|  |TS  0|AC  0|TAMS 0x0000000086900000, 0x0000000086900000|
|  80|0x0000000086a00000, 0x0000000086a00000, 0x0000000086b00000|  0%| F|  |TS  0|AC  0|TAMS 0x0000000086a00000, 0x0000000086a00000|
|  81|0x0000000086b00000, 0x0000000086b00000, 0x0000000086c00000|  0%| F|  |TS  0|AC  0|TAMS 0x0000000086b00000, 0x0000000086b00000|
|  82|0x0000000086c00000, 0x0000000086c00000, 0x0000000086d00000|  0%| F|  |TS  0|AC  0|TAMS 0x0000000086c00000, 0x0000000086c00000|
|  83|0x0000000086d00000, 0x0000000086d00000, 0x0000000086e00000|  0%| F|  |TS  0|AC  0|TAMS 0x0000000086d00000, 0x0000000086d00000|
|  84|0x0000000086e00000, 0x0000000086e00000, 0x0000000086f00000|  0%| F|  |TS  0|AC  0|TAMS 0x0000000086e00000, 0x0000000086e00000|
|  85|0x0000000086f00000, 0x0000000086f00000, 0x0000000087000000|  0%| F|  |TS  0|AC  0|TAMS 0x0000000086f00000, 0x0000000086f00000|
|  86|0x0000000087000000, 0x0000000087000000, 0x0000000087100000|  0%| F|  |TS  0|AC  0|TAMS 0x0000000087000000, 0x0000000087000000|
|  87|0x0000000087100000, 0x0000000087100000, 0x0000000087200000|  0%| F|  |TS  0|AC  0|TAMS 0x0000000087100000, 0x0000000087100000|
|  88|0x0000000087200000, 0x0000000087200000, 0x0000000087300000|  0%| F|  |TS  0|AC  0|TAMS 0x0000000087200000, 0x0000000087200000|
|  89|0x0000000087300000, 0x0000000087300000, 0x0000000087400000|  0%| F|  |TS  0|AC  0|TAMS 0x0000000087300000, 0x0000000087300000|
|  90|0x0000000087400000, 0x0000000087400000, 0x0000000087500000|  0%| F|  |TS  0|AC  0|TAMS 0x0000000087400000, 0x0000000087400000|
|  91|0x0000000087500000, 0x0000000087500000, 0x0000000087600000|  0%| F|  |TS  0|AC  0|TAMS 0x0000000087500000, 0x0000000087500000|
|  92|0x0000000087600000, 0x0000000087600000, 0x0000000087700000|  0%| F|  |TS  0|AC  0|TAMS 0x0000000087600000, 0x0000000087600000|
|  93|0x0000000087700000, 0x0000000087700000, 0x0000000087800000|  0%| F|  |TS  0|AC  0|TAMS 0x0000000087700000, 0x0000000087700000|
|  94|0x0000000087800000, 0x0000000087800000, 0x0000000087900000|  0%| F|  |TS  0|AC  0|TAMS 0x0000000087800000, 0x0000000087800000|
|  95|0x0000000087900000, 0x0000000087900000, 0x0000000087a00000|  0%| F|  |TS  0|AC  0|TAMS 0x0000000087900000, 0x0000000087900000|
|  96|0x0000000087a00000, 0x0000000087a00000, 0x0000000087b00000|  0%| F|  |TS  0|AC  0|TAMS 0x0000000087a00000, 0x0000000087a00000|
|  97|0x0000000087b00000, 0x0000000087b00000, 0x0000000087c00000|  0%| F|  |TS  0|AC  0|TAMS 0x0000000087b00000, 0x0000000087b00000|
|  98|0x0000000087c00000, 0x0000000087c00000, 0x0000000087d00000|  0%| F|  |TS  0|AC  0|TAMS 0x0000000087c00000, 0x0000000087c00000|
|  99|0x0000000087d00000, 0x0000000087d00000, 0x0000000087e00000|  0%| F|  |TS  0|AC  0|TAMS 0x0000000087d00000, 0x0000000087d00000|
| 100|0x0000000087e00000, 0x0000000087e00000, 0x0000000087f00000|  0%| F|  |TS  0|AC  0|TAMS 0x0000000087e00000, 0x0000000087e00000|
| 101|0x0000000087f00000, 0x0000000087f00000, 0x0000000088000000|  0%| F|  |TS  0|AC  0|TAMS 0x0000000087f00000, 0x0000000087f00000|
| 102|0x0000000088000000, 0x0000000088000000, 0x0000000088100000|  0%| F|  |TS  0|AC  0|TAMS 0x0000000088000000, 0x0000000088000000|
| 103|0x0000000088100000, 0x0000000088100000, 0x0000000088200000|  0%| F|  |TS  0|AC  0|TAMS 0x0000000088100000, 0x0000000088100000|
| 104|0x0000000088200000, 0x0000000088200000, 0x0000000088300000|  0%| F|  |TS  0|AC  0|TAMS 0x0000000088200000, 0x0000000088200000|
| 105|0x0000000088300000, 0x0000000088300000, 0x0000000088400000|  0%| F|  |TS  0|AC  0|TAMS 0x0000000088300000, 0x0000000088300000|
| 106|0x0000000088400000, 0x0000000088400000, 0x0000000088500000|  0%| F|  |TS  0|AC  0|TAMS 0x0000000088400000, 0x0000000088400000|
| 107|0x0000000088500000, 0x0000000088500000, 0x0000000088600000|  0%| F|  |TS  0|AC  0|TAMS 0x0000000088500000, 0x0000000088500000|
| 108|0x0000000088600000, 0x0000000088600000, 0x0000000088700000|  0%| F|  |TS  0|AC  0|TAMS 0x0000000088600000, 0x0000000088600000|
| 109|0x0000000088700000, 0x0000000088700000, 0x0000000088800000|  0%| F|  |TS  0|AC  0|TAMS 0x0000000088700000, 0x0000000088700000|
| 110|0x0000000088800000, 0x0000000088800000, 0x0000000088900000|  0%| F|  |TS  0|AC  0|TAMS 0x0000000088800000, 0x0000000088800000|
| 111|0x0000000088900000, 0x0000000088900000, 0x0000000088a00000|  0%| F|  |TS  0|AC  0|TAMS 0x0000000088900000, 0x0000000088900000|
| 112|0x0000000088a00000, 0x0000000088af9fd8, 0x0000000088b00000| 97%| S|CS|TS  1|AC  0|TAMS 0x0000000088a00000, 0x0000000088a00000|
| 113|0x0000000088b00000, 0x0000000088c00000, 0x0000000088c00000|100%| S|CS|TS  1|AC  0|TAMS 0x0000000088b00000, 0x0000000088b00000|
| 114|0x0000000088c00000, 0x0000000088c00000, 0x0000000088d00000|  0%| F|  |TS  1|AC  0|TAMS 0x0000000088c00000, 0x0000000088c00000|
| 115|0x0000000088d00000, 0x0000000088d00000, 0x0000000088e00000|  0%| F|  |TS  1|AC  0|TAMS 0x0000000088d00000, 0x0000000088d00000|
| 116|0x0000000088e00000, 0x0000000088e00000, 0x0000000088f00000|  0%| F|  |TS  1|AC  0|TAMS 0x0000000088e00000, 0x0000000088e00000|
| 117|0x0000000088f00000, 0x0000000088f00000, 0x0000000089000000|  0%| F|  |TS  1|AC  0|TAMS 0x0000000088f00000, 0x0000000088f00000|
| 118|0x0000000089000000, 0x0000000089000000, 0x0000000089100000|  0%| F|  |TS  1|AC  0|TAMS 0x0000000089000000, 0x0000000089000000|
| 119|0x0000000089100000, 0x0000000089100000, 0x0000000089200000|  0%| F|  |TS  1|AC  0|TAMS 0x0000000089100000, 0x0000000089100000|
| 120|0x0000000089200000, 0x0000000089200000, 0x0000000089300000|  0%| F|  |TS  1|AC  0|TAMS 0x0000000089200000, 0x0000000089200000|
| 121|0x0000000089300000, 0x0000000089300000, 0x0000000089400000|  0%| F|  |TS  1|AC  0|TAMS 0x0000000089300000, 0x0000000089300000|
| 122|0x0000000089400000, 0x0000000089400000, 0x0000000089500000|  0%| F|  |TS  1|AC  0|TAMS 0x0000000089400000, 0x0000000089400000|
| 123|0x0000000089500000, 0x0000000089500000, 0x0000000089600000|  0%| F|  |TS  1|AC  0|TAMS 0x0000000089500000, 0x0000000089500000|
| 124|0x0000000089600000, 0x0000000089600000, 0x0000000089700000|  0%| F|  |TS  1|AC  0|TAMS 0x0000000089600000, 0x0000000089600000|
| 125|0x0000000089700000, 0x0000000089700000, 0x0000000089800000|  0%| F|  |TS  1|AC  0|TAMS 0x0000000089700000, 0x0000000089700000|
| 126|0x0000000089800000, 0x0000000089800000, 0x0000000089900000|  0%| F|  |TS  1|AC  0|TAMS 0x0000000089800000, 0x0000000089800000|
| 127|0x0000000089900000, 0x0000000089a00000, 0x0000000089a00000|100%| E|  |TS  1|AC  0|TAMS 0x0000000089900000, 0x0000000089900000|

Card table byte_map: [0x00000191b03d0000,0x00000191b07d0000] byte_map_base: 0x00000191affc3000

Marking Bits (Prev, Next): (CMBitMap*) 0x00000191998ae4b0, (CMBitMap*) 0x00000191998ae4e8
 Prev Bits: [0x00000191b0bd0000, 0x00000191b2b68000)
 Next Bits: [0x00000191b2b70000, 0x00000191b4b08000)

Polling page: 0x0000019197990000

CodeHeap 'non-profiled nmethods': size=120064Kb used=338Kb max_used=338Kb free=119726Kb
 bounds [0x00000191a8a90000, 0x00000191a8d00000, 0x00000191affd0000]
CodeHeap 'profiled nmethods': size=120000Kb used=1565Kb max_used=1565Kb free=118434Kb
 bounds [0x00000191a1560000, 0x00000191a17d0000, 0x00000191a8a90000]
CodeHeap 'non-nmethods': size=5696Kb used=1328Kb max_used=1357Kb free=4367Kb
 bounds [0x00000191a0fd0000, 0x00000191a1240000, 0x00000191a1560000]
 total_blobs=1887 nmethods=948 adapters=678
 compilation: enabled

Compilation events (10 events):
Event: 1.802 Thread 0x00000191b7038000  945   !   3       java.util.jar.JarFile$JarFileEntry::getCodeSigners (81 bytes)
Event: 1.802 Thread 0x00000191b7038000 nmethod 945 0x00000191a16e5690 code [0x00000191a16e58c0, 0x00000191a16e5f70]
Event: 1.806 Thread 0x00000191b7038000  946       3       java.security.SecureClassLoader$CodeSourceKey::equals (56 bytes)
Event: 1.807 Thread 0x00000191b7038000 nmethod 946 0x00000191a16e6210 code [0x00000191a16e6420, 0x00000191a16e6aa0]
Event: 1.812 Thread 0x00000191b7038000  947   !   3       jdk.internal.loader.BuiltinClassLoader::findClassOnClassPathOrNull (64 bytes)
Event: 1.813 Thread 0x00000191b7038000 nmethod 947 0x00000191a16e6c90 code [0x00000191a16e6ec0, 0x00000191a16e7400]
Event: 1.814 Thread 0x00000191b702b000  948 %     4       java.lang.StringUTF16::compress @ 3 (50 bytes)
Event: 1.821 Thread 0x00000191b702b000 nmethod 948% 0x00000191a8ae3790 code [0x00000191a8ae3940, 0x00000191a8ae3e98]
Event: 1.821 Thread 0x00000191b702b000  949       4       java.lang.StringUTF16::compress (50 bytes)
Event: 1.828 Thread 0x00000191b702b000 nmethod 949 0x00000191a8ae4090 code [0x00000191a8ae4220, 0x00000191a8ae46f8]

GC Heap History (2 events):
Event: 1.730 GC heap before
{Heap before GC invocations=0 (full 0):
 garbage-first heap   total 131072K, used 15360K [0x0000000081a00000, 0x0000000100000000)
  region size 1024K, 14 young (14336K), 0 survivors (0K)
 Metaspace       used 14410K, capacity 14643K, committed 14720K, reserved 1062912K
  class space    used 1279K, capacity 1399K, committed 1408K, reserved 1048576K
}
Event: 1.738 GC heap after
{Heap after GC invocations=1 (full 0):
 garbage-first heap   total 131072K, used 2023K [0x0000000081a00000, 0x0000000100000000)
  region size 1024K, 2 young (2048K), 2 survivors (2048K)
 Metaspace       used 14410K, capacity 14643K, committed 14720K, reserved 1062912K
  class space    used 1279K, capacity 1399K, committed 1408K, reserved 1048576K
}

Deoptimization events (2 events):
Event: 0.181 Thread 0x0000019199820800 Uncommon trap: reason=unstable_if action=reinterpret pc=0x00000191a8a94870 method=java.lang.String.hashCode()I @ 14 c2
Event: 1.107 Thread 0x0000019199820800 Uncommon trap: reason=unstable_if action=reinterpret pc=0x00000191a8ab10fc method=java.nio.Buffer.hasRemaining()Z @ 8 c2

Classes redefined (0 events):
No events

Internal exceptions (10 events):
Event: 1.261 Thread 0x0000019199820800 Exception <a 'java/lang/NoSuchMethodError'{0x00000000893782e8}: java.lang.invoke.DelegatingMethodHandle$Holder.reinvoke_L(Ljava/lang/Object;IILjava/lang/Object;Ljava/lang/Object;Ljava/lang/Object;)Ljava/lang/Object;> (0x00000000893782e8) thrown at [t:/wor
Event: 1.262 Thread 0x0000019199820800 Exception <a 'java/lang/NoSuchMethodError'{0x000000008937c8f8}: java.lang.invoke.DirectMethodHandle$Holder.invokeStatic(Ljava/lang/Object;Ljava/lang/Object;Ljava/lang/Object;Ljava/lang/Object;I)Ljava/lang/Object;> (0x000000008937c8f8) thrown at [t:/worksp
Event: 1.265 Thread 0x0000019199820800 Exception <a 'java/lang/NoSuchMethodError'{0x0000000089393f90}: method resolution failed> (0x0000000089393f90) thrown at [t:/workspace/open/src/hotspot/share/prims/methodHandles.cpp, line 1226]
Event: 1.268 Thread 0x0000019199820800 Exception <a 'java/lang/NoSuchMethodError'{0x00000000893aa360}: method resolution failed> (0x00000000893aa360) thrown at [t:/workspace/open/src/hotspot/share/prims/methodHandles.cpp, line 1226]
Event: 1.270 Thread 0x0000019199820800 Exception <a 'java/lang/NoSuchMethodError'{0x00000000893c2100}: method resolution failed> (0x00000000893c2100) thrown at [t:/workspace/open/src/hotspot/share/prims/methodHandles.cpp, line 1226]
Event: 1.272 Thread 0x0000019199820800 Exception <a 'java/lang/NoSuchMethodError'{0x00000000893dba98}: method resolution failed> (0x00000000893dba98) thrown at [t:/workspace/open/src/hotspot/share/prims/methodHandles.cpp, line 1226]
Event: 1.272 Thread 0x0000019199820800 Exception <a 'java/io/FileNotFoundException'{0x00000000893e5398}> (0x00000000893e5398) thrown at [t:/workspace/open/src/hotspot/share/prims/jni.cpp, line 611]
Event: 1.328 Thread 0x00000191b8242800 Exception <a 'java/lang/NoSuchMethodError'{0x000000008924da50}: java.lang.invoke.DirectMethodHandle$Holder.invokeSpecial(Ljava/lang/Object;Ljava/lang/Object;)V> (0x000000008924da50) thrown at [t:/workspace/open/src/hotspot/share/interpreter/linkResolver.c
Event: 1.332 Thread 0x0000019199820800 Exception <a 'java/lang/NoSuchMethodError'{0x00000000892b2820}: java.lang.invoke.DirectMethodHandle$Holder.invokeStatic(Ljava/lang/Object;Ljava/lang/Object;Ljava/lang/Object;Ljava/lang/Object;Ljava/lang/Object;Ljava/lang/Object;Ljava/lang/Object;Ljava/lan
Event: 1.335 Thread 0x0000019199820800 Exception <a 'java/lang/NoSuchMethodError'{0x00000000892ce220}: java.lang.invoke.DirectMethodHandle$Holder.invokeStatic(Ljava/lang/Object;Ljava/lang/Object;Ljava/lang/Object;Ljava/lang/Object;Ljava/lang/Object;Ljava/lang/Object;Ljava/lang/Object;Ljava/lan

Events (10 events):
Event: 1.829 loading class com/jogamp/common/util/IntObjectHashMap$Entry
Event: 1.829 loading class com/jogamp/common/util/IntObjectHashMap$Entry done
Event: 1.830 loading class jogamp/opengl/GLDebugMessageHandler
Event: 1.830 loading class jogamp/opengl/GLDebugMessageHandler done
Event: 1.830 loading class jogamp/opengl/ListenerSyncedImplStub
Event: 1.830 loading class jogamp/opengl/ListenerSyncedImplStub done
Event: 1.831 loading class jogamp/opengl/GLContextShareSet
Event: 1.831 loading class jogamp/opengl/GLContextShareSet done
Event: 1.831 loading class com/jogamp/opengl/GLRendererQuirks
Event: 1.831 loading class com/jogamp/opengl/GLRendererQuirks done


Dynamic libraries:
0x00007ff6aa340000 - 0x00007ff6aa37e000 	C:\Program Files\Java\jre-10.0.2\bin\javaw.exe
0x00007fff5d3e0000 - 0x00007fff5d5cd000 	C:\WINDOWS\SYSTEM32\ntdll.dll
0x00007fff5ca60000 - 0x00007fff5cb13000 	C:\WINDOWS\System32\KERNEL32.DLL
0x00007fff59f90000 - 0x00007fff5a225000 	C:\WINDOWS\System32\KERNELBASE.dll
0x00007fff5c5f0000 - 0x00007fff5c693000 	C:\WINDOWS\System32\ADVAPI32.dll
0x00007fff5bf30000 - 0x00007fff5bfce000 	C:\WINDOWS\System32\msvcrt.dll
0x00007fff5cc50000 - 0x00007fff5ccee000 	C:\WINDOWS\System32\sechost.dll
0x00007fff5c450000 - 0x00007fff5c572000 	C:\WINDOWS\System32\RPCRT4.dll
0x00007fff5bd90000 - 0x00007fff5bf27000 	C:\WINDOWS\System32\USER32.dll
0x00007fff5a230000 - 0x00007fff5a250000 	C:\WINDOWS\System32\win32u.dll
0x00007fff5d090000 - 0x00007fff5d0b9000 	C:\WINDOWS\System32\GDI32.dll
0x00007fff5a460000 - 0x00007fff5a5fa000 	C:\WINDOWS\System32\gdi32full.dll
0x00007fff59540000 - 0x00007fff595e0000 	C:\WINDOWS\System32\msvcp_win.dll
0x00007fff5a250000 - 0x00007fff5a34a000 	C:\WINDOWS\System32\ucrtbase.dll
0x00007fff47140000 - 0x00007fff473b9000 	C:\WINDOWS\WinSxS\amd64_microsoft.windows.common-controls_6595b64144ccf1df_6.0.17763.1282_none_de75b6f253473c0f\COMCTL32.dll
0x00007fff54db0000 - 0x00007fff54dba000 	C:\WINDOWS\SYSTEM32\VERSION.dll
0x00007fff5c730000 - 0x00007fff5ca5c000 	C:\WINDOWS\System32\combase.dll
0x00007fff595e0000 - 0x00007fff5965e000 	C:\WINDOWS\System32\bcryptPrimitives.dll
0x00007fff5bd60000 - 0x00007fff5bd8e000 	C:\WINDOWS\System32\IMM32.DLL
0x00007fff24bb0000 - 0x00007fff24c9f000 	C:\Program Files\Java\jre-10.0.2\bin\msvcr120.dll
0x00007fff23020000 - 0x00007fff230c6000 	C:\Program Files\Java\jre-10.0.2\bin\msvcp120.dll
0x0000000066250000 - 0x0000000066cc0000 	C:\Program Files\Java\jre-10.0.2\bin\server\jvm.dll
0x00007fff5c6a0000 - 0x00007fff5c6a8000 	C:\WINDOWS\System32\PSAPI.DLL
0x00007fff581b0000 - 0x00007fff581b9000 	C:\WINDOWS\SYSTEM32\WSOCK32.dll
0x00007fff57050000 - 0x00007fff57074000 	C:\WINDOWS\SYSTEM32\WINMM.dll
0x00007fff5c6b0000 - 0x00007fff5c71d000 	C:\WINDOWS\System32\WS2_32.dll
0x00007fff56fb0000 - 0x00007fff56fdd000 	C:\WINDOWS\SYSTEM32\WINMMBASE.dll
0x00007fff594a0000 - 0x00007fff594ea000 	C:\WINDOWS\System32\cfgmgr32.dll
0x00007fff46ff0000 - 0x00007fff46fff000 	C:\Program Files\Java\jre-10.0.2\bin\verify.dll
0x00007fff57d10000 - 0x00007fff57efd000 	C:\WINDOWS\SYSTEM32\DBGHELP.DLL
0x00007fff3a7f0000 - 0x00007fff3a81a000 	C:\WINDOWS\SYSTEM32\dbgcore.DLL
0x00007fff34800000 - 0x00007fff34827000 	C:\Program Files\Java\jre-10.0.2\bin\java.dll
0x00007fff46b20000 - 0x00007fff46b36000 	C:\Program Files\Java\jre-10.0.2\bin\zip.dll
0x00007fff46a40000 - 0x00007fff46a4a000 	C:\Program Files\Java\jre-10.0.2\bin\jimage.dll
0x00007fff5a790000 - 0x00007fff5bc88000 	C:\WINDOWS\System32\SHELL32.dll
0x00007fff5cba0000 - 0x00007fff5cc48000 	C:\WINDOWS\System32\shcore.dll
0x00007fff59840000 - 0x00007fff59f8f000 	C:\WINDOWS\System32\windows.storage.dll
0x00007fff59450000 - 0x00007fff59474000 	C:\WINDOWS\System32\profapi.dll
0x00007fff593f0000 - 0x00007fff5944d000 	C:\WINDOWS\System32\powrprof.dll
0x00007fff5cea0000 - 0x00007fff5cef2000 	C:\WINDOWS\System32\shlwapi.dll
0x00007fff593d0000 - 0x00007fff593e1000 	C:\WINDOWS\System32\kernel.appcore.dll
0x00007fff594f0000 - 0x00007fff59507000 	C:\WINDOWS\System32\cryptsp.dll
0x00007fff347a0000 - 0x00007fff347ba000 	C:\Program Files\Java\jre-10.0.2\bin\net.dll
0x00007fff4dd50000 - 0x00007fff4de42000 	C:\WINDOWS\SYSTEM32\WINHTTP.dll
0x00007fff58c30000 - 0x00007fff58c97000 	C:\WINDOWS\system32\mswsock.dll
0x00007fff346d0000 - 0x00007fff346e1000 	C:\Program Files\Java\jre-10.0.2\bin\nio.dll
0x00007fff58750000 - 0x00007fff58783000 	C:\WINDOWS\system32\rsaenh.dll
0x00007fff59510000 - 0x00007fff59536000 	C:\WINDOWS\System32\bcrypt.dll
0x00007fff59300000 - 0x00007fff59328000 	C:\WINDOWS\SYSTEM32\USERENV.dll
0x00007fff58e00000 - 0x00007fff58e0c000 	C:\WINDOWS\SYSTEM32\CRYPTBASE.dll
0x00007fff588f0000 - 0x00007fff5892d000 	C:\WINDOWS\SYSTEM32\IPHLPAPI.DLL
0x00007fff5c720000 - 0x00007fff5c728000 	C:\WINDOWS\System32\NSI.dll
0x00007fff4f3b0000 - 0x00007fff4f3c6000 	C:\WINDOWS\SYSTEM32\dhcpcsvc6.DLL
0x00007fff4f370000 - 0x00007fff4f38c000 	C:\WINDOWS\SYSTEM32\dhcpcsvc.DLL
0x00007fff58930000 - 0x00007fff589f7000 	C:\WINDOWS\SYSTEM32\DNSAPI.dll
0x00007fff57250000 - 0x00007fff572dc000 	C:\WINDOWS\system32\apphelp.dll
0x00000000637c0000 - 0x00000000637cd000 	C:\Users\User\AppData\Local\Temp\jogamp_0000\file_cache\jln18123366330860019219\jln10794324085556673605\natives\windows-amd64\gluegen-rt.dll
0x00007fff22230000 - 0x00007fff223cb000 	C:\Program Files\Java\jre-10.0.2\bin\awt.dll
0x00007fff5bc90000 - 0x00007fff5bd54000 	C:\WINDOWS\System32\OLEAUT32.dll
0x00007fff56660000 - 0x00007fff56c1e000 	C:\WINDOWS\SYSTEM32\d2d1.dll
0x00007fff575a0000 - 0x00007fff5763c000 	C:\WINDOWS\system32\uxtheme.dll
0x00007fff5a620000 - 0x00007fff5a78d000 	C:\WINDOWS\System32\MSCTF.dll
0x00007fff578e0000 - 0x00007fff5790e000 	C:\WINDOWS\system32\dwmapi.dll
0x00007fff59660000 - 0x00007fff5983c000 	C:\WINDOWS\System32\CRYPT32.dll
0x00007fff59480000 - 0x00007fff59492000 	C:\WINDOWS\System32\MSASN1.dll
0x00007fff5d250000 - 0x00007fff5d3a5000 	C:\WINDOWS\System32\ole32.dll
0x00007fff46250000 - 0x00007fff46257000 	C:\Program Files\Java\jre-10.0.2\bin\jawt.dll
0x000000006a440000 - 0x000000006a44d000 	C:\Users\User\AppData\Local\Temp\jogamp_0000\file_cache\jln18123366330860019219\jln10794324085556673605\natives\windows-amd64\nativewindow_awt.dll
0x00007fff2e930000 - 0x00007fff2ea57000 	C:\WINDOWS\system32\opengl32.dll
0x00007fff3bd20000 - 0x00007fff3bd4c000 	C:\WINDOWS\SYSTEM32\GLU32.dll
0x000000006c100000 - 0x000000006c10f000 	C:\Users\User\AppData\Local\Temp\jogamp_0000\file_cache\jln18123366330860019219\jln10794324085556673605\natives\windows-amd64\nativewindow_win32.dll
0x0000000064500000 - 0x00000000645b1000 	C:\Users\User\AppData\Local\Temp\jogamp_0000\file_cache\jln18123366330860019219\jln10794324085556673605\natives\windows-amd64\jogl_desktop.dll
0x0000000064340000 - 0x00000000643a2000 	C:\Users\User\AppData\Local\Temp\jogamp_0000\file_cache\jln18123366330860019219\jln10794324085556673605\natives\windows-amd64\jogl_mobile.dll
0x00007fff11310000 - 0x00007fff121e9000 	C:\WINDOWS\System32\DriverStore\FileRepository\ki124164.inf_amd64_85b60d2b8c3af983\ig9icd64.dll
0x00007fff58070000 - 0x00007fff58083000 	C:\WINDOWS\SYSTEM32\WTSAPI32.dll
0x00007fff57fa0000 - 0x00007fff58062000 	C:\WINDOWS\SYSTEM32\dxgi.dll
0x00007fff4b0e0000 - 0x00007fff4c6e2000 	C:\WINDOWS\System32\DriverStore\FileRepository\ki124164.inf_amd64_85b60d2b8c3af983\igc64.dll

dbghelp: loaded successfully - version: 4.0.5 - missing functions: none
symbol engine: initialized successfully - sym options: 0x614 - pdb path: .;C:\Program Files\Java\jre-10.0.2\bin;C:\WINDOWS\SYSTEM32;C:\WINDOWS\WinSxS\amd64_microsoft.windows.common-controls_6595b64144ccf1df_6.0.17763.1282_none_de75b6f253473c0f;C:\Program Files\Java\jre-10.0.2\bin\server;C:\Users\User\AppData\Local\Temp\jogamp_0000\file_cache\jln18123366330860019219\jln10794324085556673605\natives\windows-amd64;C:\WINDOWS\System32\DriverStore\FileRepository\ki124164.inf_amd64_85b60d2b8c3af983

VM Arguments:
jvm_args: -Djava.library.path=D:\eclipse\2D\Natives;D:\eclipse\2D\Natives -Dfile.encoding=Cp1252 
java_command: org.graphics.Renderer
java_class_path (initial): D:\eclipse\2D\bin;C:\Users\User\Downloads\jogamp-all-platforms\jar\gluegen-rt.jar;C:\Users\User\Downloads\jogamp-all-platforms\jar\jogl-all.jar
Launcher Type: SUN_STANDARD

Logging:
Log output configuration:
#0: stdout all=warning uptime,level,tags
#1: stderr all=off uptime,level,tags

Environment Variables:
PATH=C:/Program Files/Java/jre1.8.0_171/bin/server;C:/Program Files/Java/jre1.8.0_171/bin;C:/Program Files/Java/jre1.8.0_171/lib/amd64;D:\dbms\app\oracle\product\11.2.0\server\bin;C:\Program Files (x86)\Common Files\Oracle\Java\javapath;C:\Program Files (x86)\Intel\iCLS Client\;C:\Program Files\Intel\iCLS Client\;C:\Windows\system32;C:\Windows;C:\Windows\System32\Wbem;C:\Windows\System32\WindowsPowerShell\v1.0\;C:\Program Files (x86)\Intel\Intel(R) Management Engine Components\DAL;C:\Program Files\Intel\Intel(R) Management Engine Components\DAL;C:\Program Files (x86)\Intel\Intel(R) Management Engine Components\IPT;C:\Program Files\Intel\Intel(R) Management Engine Components\IPT;C:\Program Files (x86)\NVIDIA Corporation\PhysX\Common;C:\WINDOWS\system32;C:\WINDOWS;C:\WINDOWS\System32\Wbem;C:\WINDOWS\System32\WindowsPowerShell\v1.0\;C:\WINDOWS\System32\OpenSSH\;C:\Program Files (x86)\CodeBlocks\MinGW\bin;C:\Program Files (x86)\GnuWin32\bin;D:\bison\bin;C:\instantclient_12_2;C:\Program Files\Git\cmd;C:\Users\User\AppData\Local\Microsoft\WindowsApps;C:\Program Files\Java\jre1.8.0_171\lib;C:\Program Files\Java\jdk1.8.0_171\bin;C:\Program Files (x86)\CodeBlocks\MinGW\bin;C:\Program Files (x86)\GnuWin32\bin;D:\bison\bin;C:\instantclient_12_2;;C:\WINDOWS\System32;
USERNAME=User
OS=Windows_NT
PROCESSOR_IDENTIFIER=Intel64 Family 6 Model 78 Stepping 3, GenuineIntel



---------------  S Y S T E M  ---------------

OS: Windows 10 , 64 bit Build 17763 (10.0.17763.1158)

CPU:total 4 (initial active 4) (2 cores per cpu, 2 threads per core) family 6 model 78 stepping 3, cmov, cx8, fxsr, mmx, sse, sse2, sse3, ssse3, sse4.1, sse4.2, popcnt, avx, avx2, aes, clmul, erms, 3dnowpref, lzcnt, ht, tsc, tscinvbit, bmi1, bmi2, adx, fma

Memory: 4k page, physical 8275968k(524028k free), swap 25338748k(12072k free)

vm_info: Java HotSpot(TM) 64-Bit Server VM (10.0.2+13) for windows-amd64 JRE (10.0.2+13), built on Jun 28 2018 01:57:56 by "mach5one" with MS VC++ 12.0 (VS2013)

END.
