#
# A fatal error has been detected by the Java Runtime Environment:
#
#  EXCEPTION_ACCESS_VIOLATION (0xc0000005) at pc=0x00007ffa03757706, pid=3868, tid=18256
#
# JRE version: Java(TM) SE Runtime Environment (10.0.2+13) (build 10.0.2+13)
# Java VM: Java HotSpot(TM) 64-Bit Server VM (10.0.2+13, mixed mode, tiered, compressed oops, g1 gc, windows-amd64)
# Problematic frame:
# C  [ig9icd64.dll+0x557706]
#
# No core dump will be written. Minidumps are not enabled by default on client versions of Windows
#
# If you would like to submit a bug report, please visit:
#   http://bugreport.java.com/bugreport/crash.jsp
# The crash happened outside the Java Virtual Machine in native code.
# See problematic frame for where to report the bug.
#

---------------  S U M M A R Y ------------

Command Line: -Djava.library.path=D:\eclipse\2D\Natives;D:\eclipse\2D\Natives -Dfile.encoding=Cp1252 org.graphics.Renderer

Host: Intel(R) Core(TM) i7-6500U CPU @ 2.50GHz, 4 cores, 7G,  Windows 10 , 64 bit Build 17763 (10.0.17763.1158)
Time: Sat Aug 29 23:46:37 2020 Bangladesh Standard Time elapsed time: 1 seconds (0d 0h 0m 1s)

---------------  T H R E A D  ---------------

Current thread (0x000002cb96dd9800):  JavaThread "main-SharedResourceRunner" daemon [_thread_in_native, id=18256, stack(0x000000f85ca00000,0x000000f85cb00000)]

Stack: [0x000000f85ca00000,0x000000f85cb00000],  sp=0x000000f85cafe790,  free space=1017k
Native frames: (J=compiled Java code, j=interpreted, Vv=VM code, C=native code)
C  [ig9icd64.dll+0x557706]

Java frames: (J=compiled Java code, j=interpreted, Vv=VM code)
j  jogamp.opengl.windows.wgl.WGL.dispatch_wglCreateContext0(JJ)J+0
j  jogamp.opengl.windows.wgl.WGL.wglCreateContext(J)J+37
j  jogamp.opengl.windows.wgl.WindowsWGLContext.createImpl(J)Z+544
j  jogamp.opengl.GLContextImpl.makeCurrentWithinLock(I)I+224
j  jogamp.opengl.GLContextImpl.makeCurrent(Z)I+488
j  jogamp.opengl.GLContextImpl.makeCurrent()I+2
j  jogamp.opengl.windows.wgl.WindowsWGLDrawableFactory$SharedResourceImplementation.createSharedResource(Lcom/jogamp/nativewindow/AbstractGraphicsDevice;)Ljogamp/opengl/SharedResourceRunner$Resource;+172
j  jogamp.opengl.SharedResourceRunner.run()V+267
j  java.lang.Thread.run()V+11 java.base@10.0.2
v  ~StubRoutines::call_stub

siginfo: EXCEPTION_ACCESS_VIOLATION (0xc0000005), reading address 0x0000000000020240


Register to memory mapping:

RIP=0x00007ffa03757706 ig9icd64.dll
RAX=0x0000000000000000 is an unknown value
RBX=0x000002cb97025100 is an unknown value
RCX=0x0000000000000000 is an unknown value
RDX=0x0000000080000000 is an unknown value
RSP=0x000000f85cafe790 is pointing into the stack for thread: 0x000002cb96dd9800
RBP=0x00000000000000a0 is an unknown value
RSI=0x000002cb97025100 is an unknown value
RDI=0x000002cb973bb760 is an unknown value
R8 =0x000000000000001b is an unknown value
R9 =0x000002cbf5347c34 is an unknown value
R10=
[error occurred during error reporting (printing register info), id 0xc0000005]

Registers:
RAX=0x0000000000000000, RBX=0x000002cb97025100, RCX=0x0000000000000000, RDX=0x0000000080000000
RSP=0x000000f85cafe790, RBP=0x00000000000000a0, RSI=0x000002cb97025100, RDI=0x000002cb973bb760
R8 =0x000000000000001b, R9 =0x000002cbf5347c34, R10=0x00000000ffffffff, R11=0x000000f85cafe710
R12=0x00000000000000a8, R13=0x0000000000000010, R14=0x0000000000000000, R15=0x0000000000000000
RIP=0x00007ffa03757706, EFLAGS=0x0000000000010206

Top of Stack: (sp=0x000000f85cafe790)
0x000000f85cafe790:   0000000000000d20 0000000000000000
0x000000f85cafe7a0:   0000000000000001 0000000000000000
0x000000f85cafe7b0:   000002cb973bb760 00007ffa0339b4f9
0x000000f85cafe7c0:   000002cb96f907d0 000000f85cafe8d0
0x000000f85cafe7d0:   000002cb96082a10 00007ffa037b4548
0x000000f85cafe7e0:   000002cb96082a10 00007ffa00000000
0x000000f85cafe7f0:   000002cb96f907d0 0000000000000001
0x000000f85cafe800:   000000f85cafe8d0 00007ffa0339b683
0x000000f85cafe810:   000002cb96f907d0 000002cb96082a10
0x000000f85cafe820:   000002cb973bb760 0000000000000000
0x000000f85cafe830:   0000000000000000 00007ffa0375f479
0x000000f85cafe840:   0000000000000000 0000000000000000
0x000000f85cafe850:   0000000000000000 000000f85cafe8b8
0x000000f85cafe860:   0000000000000001 000000f85cafe8d0
0x000000f85cafe870:   000002cb9627b450 000002cb9627b3b8
0x000000f85cafe880:   0000000000000008 0000000000000000 

Instructions: (pc=0x00007ffa03757706)
0x00007ffa037576e6:   24 38 48 8b 5c 24 30 48 83 c4 20 5f c3 cc cc cc
0x00007ffa037576f6:   cc cc cc cc cc cc cc cc cc cc 40 57 48 83 ec 20
0x00007ffa03757706:   48 83 b9 40 02 02 00 00 48 8b f9 0f 84 56 01 00
0x00007ffa03757716:   00 48 8b 89 50 02 02 00 48 89 5c 24 30 48 89 74 



---------------  P R O C E S S  ---------------

Threads class SMR info:
_java_thread_list=0x000002cb962a2690, length=16, elements={
0x000002cbf751f800, 0x000002cbffd83800, 0x000002cbffdb8000, 0x000002cbffdc8800,
0x000002cbffdc9800, 0x000002cbffdcd800, 0x000002cbffdd4000, 0x000002cb95742800,
0x000002cbffdfe000, 0x000002cb958d0000, 0x000002cb9591c800, 0x000002cb96031800,
0x000002cb96032000, 0x000002cb96026800, 0x000002cb960d1000, 0x000002cb96dd9800
}

Java Threads: ( => current thread )
  0x000002cbf751f800 JavaThread "main" [_thread_blocked, id=23996, stack(0x000000f85ad00000,0x000000f85ae00000)]
  0x000002cbffd83800 JavaThread "Reference Handler" daemon [_thread_blocked, id=6340, stack(0x000000f85ba00000,0x000000f85bb00000)]
  0x000002cbffdb8000 JavaThread "Finalizer" daemon [_thread_blocked, id=5216, stack(0x000000f85bb00000,0x000000f85bc00000)]
  0x000002cbffdc8800 JavaThread "Signal Dispatcher" daemon [_thread_blocked, id=9648, stack(0x000000f85bc00000,0x000000f85bd00000)]
  0x000002cbffdc9800 JavaThread "Attach Listener" daemon [_thread_blocked, id=24912, stack(0x000000f85bd00000,0x000000f85be00000)]
  0x000002cbffdcd800 JavaThread "C2 CompilerThread0" daemon [_thread_blocked, id=7304, stack(0x000000f85be00000,0x000000f85bf00000)]
  0x000002cbffdd4000 JavaThread "C2 CompilerThread1" daemon [_thread_blocked, id=22252, stack(0x000000f85bf00000,0x000000f85c000000)]
  0x000002cb95742800 JavaThread "C1 CompilerThread2" daemon [_thread_blocked, id=3764, stack(0x000000f85c000000,0x000000f85c100000)]
  0x000002cbffdfe000 JavaThread "Sweeper thread" daemon [_thread_blocked, id=7200, stack(0x000000f85c100000,0x000000f85c200000)]
  0x000002cb958d0000 JavaThread "Service Thread" daemon [_thread_blocked, id=25300, stack(0x000000f85c200000,0x000000f85c300000)]
  0x000002cb9591c800 JavaThread "Common-Cleaner" daemon [_thread_blocked, id=21676, stack(0x000000f85c300000,0x000000f85c400000)]
  0x000002cb96031800 JavaThread "Java2D Disposer" daemon [_thread_blocked, id=6800, stack(0x000000f85c500000,0x000000f85c600000)]
  0x000002cb96032000 JavaThread "AWT-Shutdown" [_thread_blocked, id=1668, stack(0x000000f85c600000,0x000000f85c700000)]
  0x000002cb96026800 JavaThread "AWT-Windows" daemon [_thread_in_native, id=25444, stack(0x000000f85c700000,0x000000f85c800000)]
  0x000002cb960d1000 JavaThread "AWT-EventQueue-0" [_thread_blocked, id=16948, stack(0x000000f85c900000,0x000000f85ca00000)]
=>0x000002cb96dd9800 JavaThread "main-SharedResourceRunner" daemon [_thread_in_native, id=18256, stack(0x000000f85ca00000,0x000000f85cb00000)]

Other Threads:
  0x000002cbffd7f000 VMThread "VM Thread" [stack: 0x000000f85b900000,0x000000f85ba00000] [id=21084]
  0x000002cb9591d000 WatcherThread [stack: 0x000000f85c400000,0x000000f85c500000] [id=11344]
  0x000002cbf7538800 GCTaskThread "GC Thread#0" [stack: 0x000000f85ae00000,0x000000f85af00000] [id=18820]
  0x000002cbf753a000 GCTaskThread "GC Thread#1" [stack: 0x000000f85af00000,0x000000f85b000000] [id=21512]
  0x000002cbf753c000 GCTaskThread "GC Thread#2" [stack: 0x000000f85b000000,0x000000f85b100000] [id=22488]
  0x000002cbf753f800 GCTaskThread "GC Thread#3" [stack: 0x000000f85b100000,0x000000f85b200000] [id=13316]
  0x000002cbf75a9800 ConcurrentGCThread "G1 Main Marker" [stack: 0x000000f85b200000,0x000000f85b300000] [id=23392]
  0x000002cbf75ae000 ConcurrentGCThread "G1 Conc#0" [stack: 0x000000f85b300000,0x000000f85b400000] [id=19840]
  0x000002cbffc30800 ConcurrentGCThread "G1 Refine#0" [stack: 0x000000f85b400000,0x000000f85b500000] [id=15380]
  0x000002cbffc33000 ConcurrentGCThread "G1 Refine#1" [stack: 0x000000f85b500000,0x000000f85b600000] [id=22964]
  0x000002cbffc35000 ConcurrentGCThread "G1 Refine#2" [stack: 0x000000f85b600000,0x000000f85b700000] [id=12440]
  0x000002cbffc37000 ConcurrentGCThread "G1 Refine#3" [stack: 0x000000f85b700000,0x000000f85b800000] [id=18300]
  0x000002cbffc3b000 ConcurrentGCThread "G1 Young RemSet Sampling" [stack: 0x000000f85b800000,0x000000f85b900000] [id=17744]

Threads with active compile tasks:

VM state:not at safepoint (normal execution)

VM Mutex/Monitor currently owned by a thread: None

Heap address: 0x0000000081a00000, size: 2022 MB, Compressed Oops mode: 32-bit
Narrow klass base: 0x0000000000000000, Narrow klass shift: 3
Compressed class space size: 1073741824 Address: 0x0000000100000000

Heap:
 garbage-first heap   total 131072K, used 2021K [0x0000000081a00000, 0x0000000100000000)
  region size 1024K, 3 young (3072K), 2 survivors (2048K)
 Metaspace       used 14645K, capacity 14835K, committed 14976K, reserved 1062912K
  class space    used 1295K, capacity 1399K, committed 1408K, reserved 1048576K
Heap Regions: E=young(eden), S=young(survivor), O=old, HS=humongous(starts), HC=humongous(continues), CS=collection set, F=free, A=archive, TS=gc time stamp, AC=allocation context, TAMS=top-at-mark-start (previous, next)
|   0|0x0000000081a00000, 0x0000000081a00000, 0x0000000081b00000|  0%| F|  |TS  1|AC  0|TAMS 0x0000000081a00000, 0x0000000081a00000|
|   1|0x0000000081b00000, 0x0000000081b00000, 0x0000000081c00000|  0%| F|  |TS  0|AC  0|TAMS 0x0000000081b00000, 0x0000000081b00000|
|   2|0x0000000081c00000, 0x0000000081c00000, 0x0000000081d00000|  0%| F|  |TS  0|AC  0|TAMS 0x0000000081c00000, 0x0000000081c00000|
|   3|0x0000000081d00000, 0x0000000081d00000, 0x0000000081e00000|  0%| F|  |TS  0|AC  0|TAMS 0x0000000081d00000, 0x0000000081d00000|
|   4|0x0000000081e00000, 0x0000000081e00000, 0x0000000081f00000|  0%| F|  |TS  0|AC  0|TAMS 0x0000000081e00000, 0x0000000081e00000|
|   5|0x0000000081f00000, 0x0000000081f00000, 0x0000000082000000|  0%| F|  |TS  0|AC  0|TAMS 0x0000000081f00000, 0x0000000081f00000|
|   6|0x0000000082000000, 0x0000000082000000, 0x0000000082100000|  0%| F|  |TS  0|AC  0|TAMS 0x0000000082000000, 0x0000000082000000|
|   7|0x0000000082100000, 0x0000000082100000, 0x0000000082200000|  0%| F|  |TS  0|AC  0|TAMS 0x0000000082100000, 0x0000000082100000|
|   8|0x0000000082200000, 0x0000000082200000, 0x0000000082300000|  0%| F|  |TS  0|AC  0|TAMS 0x0000000082200000, 0x0000000082200000|
|   9|0x0000000082300000, 0x0000000082300000, 0x0000000082400000|  0%| F|  |TS  0|AC  0|TAMS 0x0000000082300000, 0x0000000082300000|
|  10|0x0000000082400000, 0x0000000082400000, 0x0000000082500000|  0%| F|  |TS  0|AC  0|TAMS 0x0000000082400000, 0x0000000082400000|
|  11|0x0000000082500000, 0x0000000082500000, 0x0000000082600000|  0%| F|  |TS  0|AC  0|TAMS 0x0000000082500000, 0x0000000082500000|
|  12|0x0000000082600000, 0x0000000082600000, 0x0000000082700000|  0%| F|  |TS  0|AC  0|TAMS 0x0000000082600000, 0x0000000082600000|
|  13|0x0000000082700000, 0x0000000082700000, 0x0000000082800000|  0%| F|  |TS  0|AC  0|TAMS 0x0000000082700000, 0x0000000082700000|
|  14|0x0000000082800000, 0x0000000082800000, 0x0000000082900000|  0%| F|  |TS  0|AC  0|TAMS 0x0000000082800000, 0x0000000082800000|
|  15|0x0000000082900000, 0x0000000082900000, 0x0000000082a00000|  0%| F|  |TS  0|AC  0|TAMS 0x0000000082900000, 0x0000000082900000|
|  16|0x0000000082a00000, 0x0000000082a00000, 0x0000000082b00000|  0%| F|  |TS  0|AC  0|TAMS 0x0000000082a00000, 0x0000000082a00000|
|  17|0x0000000082b00000, 0x0000000082b00000, 0x0000000082c00000|  0%| F|  |TS  0|AC  0|TAMS 0x0000000082b00000, 0x0000000082b00000|
|  18|0x0000000082c00000, 0x0000000082c00000, 0x0000000082d00000|  0%| F|  |TS  0|AC  0|TAMS 0x0000000082c00000, 0x0000000082c00000|
|  19|0x0000000082d00000, 0x0000000082d00000, 0x0000000082e00000|  0%| F|  |TS  0|AC  0|TAMS 0x0000000082d00000, 0x0000000082d00000|
|  20|0x0000000082e00000, 0x0000000082e00000, 0x0000000082f00000|  0%| F|  |TS  0|AC  0|TAMS 0x0000000082e00000, 0x0000000082e00000|
|  21|0x0000000082f00000, 0x0000000082f00000, 0x0000000083000000|  0%| F|  |TS  0|AC  0|TAMS 0x0000000082f00000, 0x0000000082f00000|
|  22|0x0000000083000000, 0x0000000083000000, 0x0000000083100000|  0%| F|  |TS  0|AC  0|TAMS 0x0000000083000000, 0x0000000083000000|
|  23|0x0000000083100000, 0x0000000083100000, 0x0000000083200000|  0%| F|  |TS  0|AC  0|TAMS 0x0000000083100000, 0x0000000083100000|
|  24|0x0000000083200000, 0x0000000083200000, 0x0000000083300000|  0%| F|  |TS  0|AC  0|TAMS 0x0000000083200000, 0x0000000083200000|
|  25|0x0000000083300000, 0x0000000083300000, 0x0000000083400000|  0%| F|  |TS  0|AC  0|TAMS 0x0000000083300000, 0x0000000083300000|
|  26|0x0000000083400000, 0x0000000083400000, 0x0000000083500000|  0%| F|  |TS  0|AC  0|TAMS 0x0000000083400000, 0x0000000083400000|
|  27|0x0000000083500000, 0x0000000083500000, 0x0000000083600000|  0%| F|  |TS  0|AC  0|TAMS 0x0000000083500000, 0x0000000083500000|
|  28|0x0000000083600000, 0x0000000083600000, 0x0000000083700000|  0%| F|  |TS  0|AC  0|TAMS 0x0000000083600000, 0x0000000083600000|
|  29|0x0000000083700000, 0x0000000083700000, 0x0000000083800000|  0%| F|  |TS  0|AC  0|TAMS 0x0000000083700000, 0x0000000083700000|
|  30|0x0000000083800000, 0x0000000083800000, 0x0000000083900000|  0%| F|  |TS  0|AC  0|TAMS 0x0000000083800000, 0x0000000083800000|
|  31|0x0000000083900000, 0x0000000083900000, 0x0000000083a00000|  0%| F|  |TS  0|AC  0|TAMS 0x0000000083900000, 0x0000000083900000|
|  32|0x0000000083a00000, 0x0000000083a00000, 0x0000000083b00000|  0%| F|  |TS  0|AC  0|TAMS 0x0000000083a00000, 0x0000000083a00000|
|  33|0x0000000083b00000, 0x0000000083b00000, 0x0000000083c00000|  0%| F|  |TS  0|AC  0|TAMS 0x0000000083b00000, 0x0000000083b00000|
|  34|0x0000000083c00000, 0x0000000083c00000, 0x0000000083d00000|  0%| F|  |TS  0|AC  0|TAMS 0x0000000083c00000, 0x0000000083c00000|
|  35|0x0000000083d00000, 0x0000000083d00000, 0x0000000083e00000|  0%| F|  |TS  0|AC  0|TAMS 0x0000000083d00000, 0x0000000083d00000|
|  36|0x0000000083e00000, 0x0000000083e00000, 0x0000000083f00000|  0%| F|  |TS  0|AC  0|TAMS 0x0000000083e00000, 0x0000000083e00000|
|  37|0x0000000083f00000, 0x0000000083f00000, 0x0000000084000000|  0%| F|  |TS  0|AC  0|TAMS 0x0000000083f00000, 0x0000000083f00000|
|  38|0x0000000084000000, 0x0000000084000000, 0x0000000084100000|  0%| F|  |TS  0|AC  0|TAMS 0x0000000084000000, 0x0000000084000000|
|  39|0x0000000084100000, 0x0000000084100000, 0x0000000084200000|  0%| F|  |TS  0|AC  0|TAMS 0x0000000084100000, 0x0000000084100000|
|  40|0x0000000084200000, 0x0000000084200000, 0x0000000084300000|  0%| F|  |TS  0|AC  0|TAMS 0x0000000084200000, 0x0000000084200000|
|  41|0x0000000084300000, 0x0000000084300000, 0x0000000084400000|  0%| F|  |TS  0|AC  0|TAMS 0x0000000084300000, 0x0000000084300000|
|  42|0x0000000084400000, 0x0000000084400000, 0x0000000084500000|  0%| F|  |TS  0|AC  0|TAMS 0x0000000084400000, 0x0000000084400000|
|  43|0x0000000084500000, 0x0000000084500000, 0x0000000084600000|  0%| F|  |TS  0|AC  0|TAMS 0x0000000084500000, 0x0000000084500000|
|  44|0x0000000084600000, 0x0000000084600000, 0x0000000084700000|  0%| F|  |TS  0|AC  0|TAMS 0x0000000084600000, 0x0000000084600000|
|  45|0x0000000084700000, 0x0000000084700000, 0x0000000084800000|  0%| F|  |TS  0|AC  0|TAMS 0x0000000084700000, 0x0000000084700000|
|  46|0x0000000084800000, 0x0000000084800000, 0x0000000084900000|  0%| F|  |TS  0|AC  0|TAMS 0x0000000084800000, 0x0000000084800000|
|  47|0x0000000084900000, 0x0000000084900000, 0x0000000084a00000|  0%| F|  |TS  0|AC  0|TAMS 0x0000000084900000, 0x0000000084900000|
|  48|0x0000000084a00000, 0x0000000084a00000, 0x0000000084b00000|  0%| F|  |TS  0|AC  0|TAMS 0x0000000084a00000, 0x0000000084a00000|
|  49|0x0000000084b00000, 0x0000000084b00000, 0x0000000084c00000|  0%| F|  |TS  0|AC  0|TAMS 0x0000000084b00000, 0x0000000084b00000|
|  50|0x0000000084c00000, 0x0000000084c00000, 0x0000000084d00000|  0%| F|  |TS  0|AC  0|TAMS 0x0000000084c00000, 0x0000000084c00000|
|  51|0x0000000084d00000, 0x0000000084d00000, 0x0000000084e00000|  0%| F|  |TS  0|AC  0|TAMS 0x0000000084d00000, 0x0000000084d00000|
|  52|0x0000000084e00000, 0x0000000084e00000, 0x0000000084f00000|  0%| F|  |TS  0|AC  0|TAMS 0x0000000084e00000, 0x0000000084e00000|
|  53|0x0000000084f00000, 0x0000000084f00000, 0x0000000085000000|  0%| F|  |TS  0|AC  0|TAMS 0x0000000084f00000, 0x0000000084f00000|
|  54|0x0000000085000000, 0x0000000085000000, 0x0000000085100000|  0%| F|  |TS  0|AC  0|TAMS 0x0000000085000000, 0x0000000085000000|
|  55|0x0000000085100000, 0x0000000085100000, 0x0000000085200000|  0%| F|  |TS  0|AC  0|TAMS 0x0000000085100000, 0x0000000085100000|
|  56|0x0000000085200000, 0x0000000085200000, 0x0000000085300000|  0%| F|  |TS  0|AC  0|TAMS 0x0000000085200000, 0x0000000085200000|
|  57|0x0000000085300000, 0x0000000085300000, 0x0000000085400000|  0%| F|  |TS  0|AC  0|TAMS 0x0000000085300000, 0x0000000085300000|
|  58|0x0000000085400000, 0x0000000085400000, 0x0000000085500000|  0%| F|  |TS  0|AC  0|TAMS 0x0000000085400000, 0x0000000085400000|
|  59|0x0000000085500000, 0x0000000085500000, 0x0000000085600000|  0%| F|  |TS  0|AC  0|TAMS 0x0000000085500000, 0x0000000085500000|
|  60|0x0000000085600000, 0x0000000085600000, 0x0000000085700000|  0%| F|  |TS  0|AC  0|TAMS 0x0000000085600000, 0x0000000085600000|
|  61|0x0000000085700000, 0x0000000085700000, 0x0000000085800000|  0%| F|  |TS  0|AC  0|TAMS 0x0000000085700000, 0x0000000085700000|
|  62|0x0000000085800000, 0x0000000085800000, 0x0000000085900000|  0%| F|  |TS  0|AC  0|TAMS 0x0000000085800000, 0x0000000085800000|
|  63|0x0000000085900000, 0x0000000085900000, 0x0000000085a00000|  0%| F|  |TS  0|AC  0|TAMS 0x0000000085900000, 0x0000000085900000|
|  64|0x0000000085a00000, 0x0000000085a00000, 0x0000000085b00000|  0%| F|  |TS  0|AC  0|TAMS 0x0000000085a00000, 0x0000000085a00000|
|  65|0x0000000085b00000, 0x0000000085b00000, 0x0000000085c00000|  0%| F|  |TS  0|AC  0|TAMS 0x0000000085b00000, 0x0000000085b00000|
|  66|0x0000000085c00000, 0x0000000085c00000, 0x0000000085d00000|  0%| F|  |TS  0|AC  0|TAMS 0x0000000085c00000, 0x0000000085c00000|
|  67|0x0000000085d00000, 0x0000000085d00000, 0x0000000085e00000|  0%| F|  |TS  0|AC  0|TAMS 0x0000000085d00000, 0x0000000085d00000|
|  68|0x0000000085e00000, 0x0000000085e00000, 0x0000000085f00000|  0%| F|  |TS  0|AC  0|TAMS 0x0000000085e00000, 0x0000000085e00000|
|  69|0x0000000085f00000, 0x0000000085f00000, 0x0000000086000000|  0%| F|  |TS  0|AC  0|TAMS 0x0000000085f00000, 0x0000000085f00000|
|  70|0x0000000086000000, 0x0000000086000000, 0x0000000086100000|  0%| F|  |TS  0|AC  0|TAMS 0x0000000086000000, 0x0000000086000000|
|  71|0x0000000086100000, 0x0000000086100000, 0x0000000086200000|  0%| F|  |TS  0|AC  0|TAMS 0x0000000086100000, 0x0000000086100000|
|  72|0x0000000086200000, 0x0000000086200000, 0x0000000086300000|  0%| F|  |TS  0|AC  0|TAMS 0x0000000086200000, 0x0000000086200000|
|  73|0x0000000086300000, 0x0000000086300000, 0x0000000086400000|  0%| F|  |TS  0|AC  0|TAMS 0x0000000086300000, 0x0000000086300000|
|  74|0x0000000086400000, 0x0000000086400000, 0x0000000086500000|  0%| F|  |TS  0|AC  0|TAMS 0x0000000086400000, 0x0000000086400000|
|  75|0x0000000086500000, 0x0000000086500000, 0x0000000086600000|  0%| F|  |TS  0|AC  0|TAMS 0x0000000086500000, 0x0000000086500000|
|  76|0x0000000086600000, 0x0000000086600000, 0x0000000086700000|  0%| F|  |TS  0|AC  0|TAMS 0x0000000086600000, 0x0000000086600000|
|  77|0x0000000086700000, 0x0000000086700000, 0x0000000086800000|  0%| F|  |TS  0|AC  0|TAMS 0x0000000086700000, 0x0000000086700000|
|  78|0x0000000086800000, 0x0000000086800000, 0x0000000086900000|  0%| F|  |TS  0|AC  0|TAMS 0x0000000086800000, 0x0000000086800000|
|  79|0x0000000086900000, 0x0000000086900000, 0x0000000086a00000|  0%| F|  |TS  0|AC  0|TAMS 0x0000000086900000, 0x0000000086900000|
|  80|0x0000000086a00000, 0x0000000086a00000, 0x0000000086b00000|  0%| F|  |TS  0|AC  0|TAMS 0x0000000086a00000, 0x0000000086a00000|
|  81|0x0000000086b00000, 0x0000000086b00000, 0x0000000086c00000|  0%| F|  |TS  0|AC  0|TAMS 0x0000000086b00000, 0x0000000086b00000|
|  82|0x0000000086c00000, 0x0000000086c00000, 0x0000000086d00000|  0%| F|  |TS  0|AC  0|TAMS 0x0000000086c00000, 0x0000000086c00000|
|  83|0x0000000086d00000, 0x0000000086d00000, 0x0000000086e00000|  0%| F|  |TS  0|AC  0|TAMS 0x0000000086d00000, 0x0000000086d00000|
|  84|0x0000000086e00000, 0x0000000086e00000, 0x0000000086f00000|  0%| F|  |TS  0|AC  0|TAMS 0x0000000086e00000, 0x0000000086e00000|
|  85|0x0000000086f00000, 0x0000000086f00000, 0x0000000087000000|  0%| F|  |TS  0|AC  0|TAMS 0x0000000086f00000, 0x0000000086f00000|
|  86|0x0000000087000000, 0x0000000087000000, 0x0000000087100000|  0%| F|  |TS  0|AC  0|TAMS 0x0000000087000000, 0x0000000087000000|
|  87|0x0000000087100000, 0x0000000087100000, 0x0000000087200000|  0%| F|  |TS  0|AC  0|TAMS 0x0000000087100000, 0x0000000087100000|
|  88|0x0000000087200000, 0x0000000087200000, 0x0000000087300000|  0%| F|  |TS  0|AC  0|TAMS 0x0000000087200000, 0x0000000087200000|
|  89|0x0000000087300000, 0x0000000087300000, 0x0000000087400000|  0%| F|  |TS  0|AC  0|TAMS 0x0000000087300000, 0x0000000087300000|
|  90|0x0000000087400000, 0x0000000087400000, 0x0000000087500000|  0%| F|  |TS  0|AC  0|TAMS 0x0000000087400000, 0x0000000087400000|
|  91|0x0000000087500000, 0x0000000087500000, 0x0000000087600000|  0%| F|  |TS  0|AC  0|TAMS 0x0000000087500000, 0x0000000087500000|
|  92|0x0000000087600000, 0x0000000087600000, 0x0000000087700000|  0%| F|  |TS  0|AC  0|TAMS 0x0000000087600000, 0x0000000087600000|
|  93|0x0000000087700000, 0x0000000087700000, 0x0000000087800000|  0%| F|  |TS  0|AC  0|TAMS 0x0000000087700000, 0x0000000087700000|
|  94|0x0000000087800000, 0x0000000087800000, 0x0000000087900000|  0%| F|  |TS  0|AC  0|TAMS 0x0000000087800000, 0x0000000087800000|
|  95|0x0000000087900000, 0x0000000087900000, 0x0000000087a00000|  0%| F|  |TS  0|AC  0|TAMS 0x0000000087900000, 0x0000000087900000|
|  96|0x0000000087a00000, 0x0000000087a00000, 0x0000000087b00000|  0%| F|  |TS  0|AC  0|TAMS 0x0000000087a00000, 0x0000000087a00000|
|  97|0x0000000087b00000, 0x0000000087b00000, 0x0000000087c00000|  0%| F|  |TS  0|AC  0|TAMS 0x0000000087b00000, 0x0000000087b00000|
|  98|0x0000000087c00000, 0x0000000087c00000, 0x0000000087d00000|  0%| F|  |TS  0|AC  0|TAMS 0x0000000087c00000, 0x0000000087c00000|
|  99|0x0000000087d00000, 0x0000000087d00000, 0x0000000087e00000|  0%| F|  |TS  0|AC  0|TAMS 0x0000000087d00000, 0x0000000087d00000|
| 100|0x0000000087e00000, 0x0000000087e00000, 0x0000000087f00000|  0%| F|  |TS  0|AC  0|TAMS 0x0000000087e00000, 0x0000000087e00000|
| 101|0x0000000087f00000, 0x0000000087f00000, 0x0000000088000000|  0%| F|  |TS  0|AC  0|TAMS 0x0000000087f00000, 0x0000000087f00000|
| 102|0x0000000088000000, 0x0000000088000000, 0x0000000088100000|  0%| F|  |TS  0|AC  0|TAMS 0x0000000088000000, 0x0000000088000000|
| 103|0x0000000088100000, 0x0000000088100000, 0x0000000088200000|  0%| F|  |TS  0|AC  0|TAMS 0x0000000088100000, 0x0000000088100000|
| 104|0x0000000088200000, 0x0000000088200000, 0x0000000088300000|  0%| F|  |TS  0|AC  0|TAMS 0x0000000088200000, 0x0000000088200000|
| 105|0x0000000088300000, 0x0000000088300000, 0x0000000088400000|  0%| F|  |TS  0|AC  0|TAMS 0x0000000088300000, 0x0000000088300000|
| 106|0x0000000088400000, 0x0000000088400000, 0x0000000088500000|  0%| F|  |TS  0|AC  0|TAMS 0x0000000088400000, 0x0000000088400000|
| 107|0x0000000088500000, 0x0000000088500000, 0x0000000088600000|  0%| F|  |TS  0|AC  0|TAMS 0x0000000088500000, 0x0000000088500000|
| 108|0x0000000088600000, 0x0000000088600000, 0x0000000088700000|  0%| F|  |TS  0|AC  0|TAMS 0x0000000088600000, 0x0000000088600000|
| 109|0x0000000088700000, 0x0000000088700000, 0x0000000088800000|  0%| F|  |TS  0|AC  0|TAMS 0x0000000088700000, 0x0000000088700000|
| 110|0x0000000088800000, 0x0000000088800000, 0x0000000088900000|  0%| F|  |TS  0|AC  0|TAMS 0x0000000088800000, 0x0000000088800000|
| 111|0x0000000088900000, 0x0000000088900000, 0x0000000088a00000|  0%| F|  |TS  0|AC  0|TAMS 0x0000000088900000, 0x0000000088900000|
| 112|0x0000000088a00000, 0x0000000088af96c8, 0x0000000088b00000| 97%| S|CS|TS  1|AC  0|TAMS 0x0000000088a00000, 0x0000000088a00000|
| 113|0x0000000088b00000, 0x0000000088c00000, 0x0000000088c00000|100%| S|CS|TS  1|AC  0|TAMS 0x0000000088b00000, 0x0000000088b00000|
| 114|0x0000000088c00000, 0x0000000088c00000, 0x0000000088d00000|  0%| F|  |TS  1|AC  0|TAMS 0x0000000088c00000, 0x0000000088c00000|
| 115|0x0000000088d00000, 0x0000000088d00000, 0x0000000088e00000|  0%| F|  |TS  1|AC  0|TAMS 0x0000000088d00000, 0x0000000088d00000|
| 116|0x0000000088e00000, 0x0000000088e00000, 0x0000000088f00000|  0%| F|  |TS  1|AC  0|TAMS 0x0000000088e00000, 0x0000000088e00000|
| 117|0x0000000088f00000, 0x0000000088f00000, 0x0000000089000000|  0%| F|  |TS  1|AC  0|TAMS 0x0000000088f00000, 0x0000000088f00000|
| 118|0x0000000089000000, 0x0000000089000000, 0x0000000089100000|  0%| F|  |TS  1|AC  0|TAMS 0x0000000089000000, 0x0000000089000000|
| 119|0x0000000089100000, 0x0000000089100000, 0x0000000089200000|  0%| F|  |TS  1|AC  0|TAMS 0x0000000089100000, 0x0000000089100000|
| 120|0x0000000089200000, 0x0000000089200000, 0x0000000089300000|  0%| F|  |TS  1|AC  0|TAMS 0x0000000089200000, 0x0000000089200000|
| 121|0x0000000089300000, 0x0000000089300000, 0x0000000089400000|  0%| F|  |TS  1|AC  0|TAMS 0x0000000089300000, 0x0000000089300000|
| 122|0x0000000089400000, 0x0000000089400000, 0x0000000089500000|  0%| F|  |TS  1|AC  0|TAMS 0x0000000089400000, 0x0000000089400000|
| 123|0x0000000089500000, 0x0000000089500000, 0x0000000089600000|  0%| F|  |TS  1|AC  0|TAMS 0x0000000089500000, 0x0000000089500000|
| 124|0x0000000089600000, 0x0000000089600000, 0x0000000089700000|  0%| F|  |TS  1|AC  0|TAMS 0x0000000089600000, 0x0000000089600000|
| 125|0x0000000089700000, 0x0000000089700000, 0x0000000089800000|  0%| F|  |TS  1|AC  0|TAMS 0x0000000089700000, 0x0000000089700000|
| 126|0x0000000089800000, 0x0000000089800000, 0x0000000089900000|  0%| F|  |TS  1|AC  0|TAMS 0x0000000089800000, 0x0000000089800000|
| 127|0x0000000089900000, 0x0000000089a00000, 0x0000000089a00000|100%| E|  |TS  1|AC  0|TAMS 0x0000000089900000, 0x0000000089900000|

Card table byte_map: [0x000002cbff0d0000,0x000002cbff4d0000] byte_map_base: 0x000002cbfecc3000

Marking Bits (Prev, Next): (CMBitMap*) 0x000002cbf75a8b90, (CMBitMap*) 0x000002cbf75a8bc8
 Prev Bits: [0x000002cb8f000000, 0x000002cb90f98000)
 Next Bits: [0x000002cb90fa0000, 0x000002cb92f38000)

Polling page: 0x000002cbf6ce0000

CodeHeap 'non-profiled nmethods': size=120064Kb used=336Kb max_used=336Kb free=119728Kb
 bounds [0x000002cb87ac0000, 0x000002cb87d30000, 0x000002cb8f000000]
CodeHeap 'profiled nmethods': size=120000Kb used=1560Kb max_used=1560Kb free=118439Kb
 bounds [0x000002cb80590000, 0x000002cb80800000, 0x000002cb87ac0000]
CodeHeap 'non-nmethods': size=5696Kb used=1331Kb max_used=1347Kb free=4364Kb
 bounds [0x000002cb80000000, 0x000002cb80270000, 0x000002cb80590000]
 total_blobs=1889 nmethods=954 adapters=678
 compilation: enabled

Compilation events (10 events):
Event: 1.812 Thread 0x000002cb95742800  951       3       jdk.internal.loader.URLClassPath$JarLoader$2::getContentLength (9 bytes)
Event: 1.812 Thread 0x000002cb95742800 nmethod 951 0x000002cb80712e90 code [0x000002cb80713040, 0x000002cb80713238]
Event: 1.812 Thread 0x000002cb95742800  952       3       jdk.internal.loader.URLClassPath$JarLoader$2::getCodeSigners (8 bytes)
Event: 1.812 Thread 0x000002cb95742800 nmethod 952 0x000002cb80713310 code [0x000002cb807134e0, 0x000002cb80713710]
Event: 1.812 Thread 0x000002cb95742800  953   !   3       java.util.jar.JarFile$JarFileEntry::getCodeSigners (81 bytes)
Event: 1.812 Thread 0x000002cb95742800 nmethod 953 0x000002cb80713810 code [0x000002cb80713a40, 0x000002cb807140f0]
Event: 1.816 Thread 0x000002cb95742800  954       3       java.security.SecureClassLoader$CodeSourceKey::equals (56 bytes)
Event: 1.816 Thread 0x000002cb95742800 nmethod 954 0x000002cb80714390 code [0x000002cb807145a0, 0x000002cb80714c20]
Event: 1.818 Thread 0x000002cb95742800  955       3       java.util.zip.ZipFile$Source::getEntryPos (208 bytes)
Event: 1.819 Thread 0x000002cb95742800 nmethod 955 0x000002cb80714e10 code [0x000002cb80715080, 0x000002cb80715d40]

GC Heap History (2 events):
Event: 1.722 GC heap before
{Heap before GC invocations=0 (full 0):
 garbage-first heap   total 131072K, used 15360K [0x0000000081a00000, 0x0000000100000000)
  region size 1024K, 14 young (14336K), 0 survivors (0K)
 Metaspace       used 14392K, capacity 14643K, committed 14720K, reserved 1062912K
  class space    used 1279K, capacity 1399K, committed 1408K, reserved 1048576K
}
Event: 1.730 GC heap after
{Heap after GC invocations=1 (full 0):
 garbage-first heap   total 131072K, used 2021K [0x0000000081a00000, 0x0000000100000000)
  region size 1024K, 2 young (2048K), 2 survivors (2048K)
 Metaspace       used 14392K, capacity 14643K, committed 14720K, reserved 1062912K
  class space    used 1279K, capacity 1399K, committed 1408K, reserved 1048576K
}

Deoptimization events (2 events):
Event: 0.218 Thread 0x000002cbf751f800 Uncommon trap: reason=unstable_if action=reinterpret pc=0x000002cb87ac59f0 method=java.lang.String.hashCode()I @ 14 c2
Event: 1.173 Thread 0x000002cbf751f800 Uncommon trap: reason=unstable_if action=reinterpret pc=0x000002cb87ae0bfc method=java.nio.Buffer.hasRemaining()Z @ 8 c2

Classes redefined (0 events):
No events

Internal exceptions (10 events):
Event: 1.300 Thread 0x000002cbf751f800 Exception <a 'java/lang/NoSuchMethodError'{0x0000000089364150}: java.lang.invoke.DelegatingMethodHandle$Holder.reinvoke_L(Ljava/lang/Object;IILjava/lang/Object;Ljava/lang/Object;Ljava/lang/Object;)Ljava/lang/Object;> (0x0000000089364150) thrown at [t:/wor
Event: 1.300 Thread 0x000002cbf751f800 Exception <a 'java/lang/NoSuchMethodError'{0x0000000089368760}: java.lang.invoke.DirectMethodHandle$Holder.invokeStatic(Ljava/lang/Object;Ljava/lang/Object;Ljava/lang/Object;Ljava/lang/Object;I)Ljava/lang/Object;> (0x0000000089368760) thrown at [t:/worksp
Event: 1.304 Thread 0x000002cbf751f800 Exception <a 'java/lang/NoSuchMethodError'{0x000000008937fe68}: method resolution failed> (0x000000008937fe68) thrown at [t:/workspace/open/src/hotspot/share/prims/methodHandles.cpp, line 1226]
Event: 1.306 Thread 0x000002cbf751f800 Exception <a 'java/lang/NoSuchMethodError'{0x0000000089396478}: method resolution failed> (0x0000000089396478) thrown at [t:/workspace/open/src/hotspot/share/prims/methodHandles.cpp, line 1226]
Event: 1.309 Thread 0x000002cbf751f800 Exception <a 'java/lang/NoSuchMethodError'{0x00000000893ae218}: method resolution failed> (0x00000000893ae218) thrown at [t:/workspace/open/src/hotspot/share/prims/methodHandles.cpp, line 1226]
Event: 1.311 Thread 0x000002cbf751f800 Exception <a 'java/lang/NoSuchMethodError'{0x00000000893c7968}: method resolution failed> (0x00000000893c7968) thrown at [t:/workspace/open/src/hotspot/share/prims/methodHandles.cpp, line 1226]
Event: 1.313 Thread 0x000002cbf751f800 Exception <a 'java/io/FileNotFoundException'{0x00000000893d1268}> (0x00000000893d1268) thrown at [t:/workspace/open/src/hotspot/share/prims/jni.cpp, line 611]
Event: 1.361 Thread 0x000002cb96026800 Exception <a 'java/lang/NoSuchMethodError'{0x000000008924d678}: java.lang.invoke.DirectMethodHandle$Holder.invokeSpecial(Ljava/lang/Object;Ljava/lang/Object;)V> (0x000000008924d678) thrown at [t:/workspace/open/src/hotspot/share/interpreter/linkResolver.c
Event: 1.365 Thread 0x000002cbf751f800 Exception <a 'java/lang/NoSuchMethodError'{0x000000008929e6f8}: java.lang.invoke.DirectMethodHandle$Holder.invokeStatic(Ljava/lang/Object;Ljava/lang/Object;Ljava/lang/Object;Ljava/lang/Object;Ljava/lang/Object;Ljava/lang/Object;Ljava/lang/Object;Ljava/lan
Event: 1.367 Thread 0x000002cbf751f800 Exception <a 'java/lang/NoSuchMethodError'{0x00000000892ba0f8}: java.lang.invoke.DirectMethodHandle$Holder.invokeStatic(Ljava/lang/Object;Ljava/lang/Object;Ljava/lang/Object;Ljava/lang/Object;Ljava/lang/Object;Ljava/lang/Object;Ljava/lang/Object;Ljava/lan

Events (10 events):
Event: 1.822 loading class com/jogamp/common/util/IntObjectHashMap$Entry
Event: 1.822 loading class com/jogamp/common/util/IntObjectHashMap$Entry done
Event: 1.823 loading class jogamp/opengl/GLDebugMessageHandler
Event: 1.823 loading class jogamp/opengl/GLDebugMessageHandler done
Event: 1.823 loading class jogamp/opengl/ListenerSyncedImplStub
Event: 1.823 loading class jogamp/opengl/ListenerSyncedImplStub done
Event: 1.824 loading class jogamp/opengl/GLContextShareSet
Event: 1.824 loading class jogamp/opengl/GLContextShareSet done
Event: 1.824 loading class com/jogamp/opengl/GLRendererQuirks
Event: 1.824 loading class com/jogamp/opengl/GLRendererQuirks done


Dynamic libraries:
0x00007ff7118a0000 - 0x00007ff7118de000 	C:\Program Files\Java\jre-10.0.2\bin\javaw.exe
0x00007ffa516c0000 - 0x00007ffa518ad000 	C:\WINDOWS\SYSTEM32\ntdll.dll
0x00007ffa4f080000 - 0x00007ffa4f133000 	C:\WINDOWS\System32\KERNEL32.DLL
0x00007ffa4e210000 - 0x00007ffa4e4a5000 	C:\WINDOWS\System32\KERNELBASE.dll
0x00007ffa4eea0000 - 0x00007ffa4ef43000 	C:\WINDOWS\System32\ADVAPI32.dll
0x00007ffa50d80000 - 0x00007ffa50e1e000 	C:\WINDOWS\System32\msvcrt.dll
0x00007ffa51410000 - 0x00007ffa514ae000 	C:\WINDOWS\System32\sechost.dll
0x00007ffa4ef50000 - 0x00007ffa4f072000 	C:\WINDOWS\System32\RPCRT4.dll
0x00007ffa4eb10000 - 0x00007ffa4eca7000 	C:\WINDOWS\System32\USER32.dll
0x00007ffa4d990000 - 0x00007ffa4d9b0000 	C:\WINDOWS\System32\win32u.dll
0x00007ffa514c0000 - 0x00007ffa514e9000 	C:\WINDOWS\System32\GDI32.dll
0x00007ffa4e4b0000 - 0x00007ffa4e64a000 	C:\WINDOWS\System32\gdi32full.dll
0x00007ffa4e150000 - 0x00007ffa4e1f0000 	C:\WINDOWS\System32\msvcp_win.dll
0x00007ffa4e760000 - 0x00007ffa4e85a000 	C:\WINDOWS\System32\ucrtbase.dll
0x00007ffa3ad00000 - 0x00007ffa3af79000 	C:\WINDOWS\WinSxS\amd64_microsoft.windows.common-controls_6595b64144ccf1df_6.0.17763.1282_none_de75b6f253473c0f\COMCTL32.dll
0x00007ffa50650000 - 0x00007ffa5097c000 	C:\WINDOWS\System32\combase.dll
0x00007ffa4e860000 - 0x00007ffa4e8de000 	C:\WINDOWS\System32\bcryptPrimitives.dll
0x00007ffa49540000 - 0x00007ffa4954a000 	C:\WINDOWS\SYSTEM32\VERSION.dll
0x00007ffa513e0000 - 0x00007ffa5140e000 	C:\WINDOWS\System32\IMM32.DLL
0x00007ffa20da0000 - 0x00007ffa20e8f000 	C:\Program Files\Java\jre-10.0.2\bin\msvcr120.dll
0x00007ffa21420000 - 0x00007ffa214c6000 	C:\Program Files\Java\jre-10.0.2\bin\msvcp120.dll
0x000000006f360000 - 0x000000006fdd0000 	C:\Program Files\Java\jre-10.0.2\bin\server\jvm.dll
0x00007ffa514b0000 - 0x00007ffa514b8000 	C:\WINDOWS\System32\PSAPI.DLL
0x00007ffa4c2a0000 - 0x00007ffa4c2a9000 	C:\WINDOWS\SYSTEM32\WSOCK32.dll
0x00007ffa51620000 - 0x00007ffa5168d000 	C:\WINDOWS\System32\WS2_32.dll
0x00007ffa4b940000 - 0x00007ffa4b964000 	C:\WINDOWS\SYSTEM32\WINMM.dll
0x00007ffa4b7f0000 - 0x00007ffa4b81d000 	C:\WINDOWS\SYSTEM32\WINMMBASE.dll
0x00007ffa4e100000 - 0x00007ffa4e14a000 	C:\WINDOWS\System32\cfgmgr32.dll
0x00007ffa495e0000 - 0x00007ffa495ef000 	C:\Program Files\Java\jre-10.0.2\bin\verify.dll
0x00007ffa49170000 - 0x00007ffa4935d000 	C:\WINDOWS\SYSTEM32\DBGHELP.DLL
0x00007ffa311b0000 - 0x00007ffa311da000 	C:\WINDOWS\SYSTEM32\dbgcore.DLL
0x00007ffa3a6b0000 - 0x00007ffa3a6d7000 	C:\Program Files\Java\jre-10.0.2\bin\java.dll
0x00007ffa495c0000 - 0x00007ffa495d6000 	C:\Program Files\Java\jre-10.0.2\bin\zip.dll
0x00007ffa3a6a0000 - 0x00007ffa3a6aa000 	C:\Program Files\Java\jre-10.0.2\bin\jimage.dll
0x00007ffa4f140000 - 0x00007ffa50638000 	C:\WINDOWS\System32\SHELL32.dll
0x00007ffa4ecb0000 - 0x00007ffa4ed58000 	C:\WINDOWS\System32\shcore.dll
0x00007ffa4d9b0000 - 0x00007ffa4e0ff000 	C:\WINDOWS\System32\windows.storage.dll
0x00007ffa4d750000 - 0x00007ffa4d774000 	C:\WINDOWS\System32\profapi.dll
0x00007ffa4d6d0000 - 0x00007ffa4d72d000 	C:\WINDOWS\System32\powrprof.dll
0x00007ffa515c0000 - 0x00007ffa51612000 	C:\WINDOWS\System32\shlwapi.dll
0x00007ffa4d6b0000 - 0x00007ffa4d6c1000 	C:\WINDOWS\System32\kernel.appcore.dll
0x00007ffa4e1f0000 - 0x00007ffa4e207000 	C:\WINDOWS\System32\cryptsp.dll
0x00007ffa37250000 - 0x00007ffa3726a000 	C:\Program Files\Java\jre-10.0.2\bin\net.dll
0x00007ffa413b0000 - 0x00007ffa414a2000 	C:\WINDOWS\SYSTEM32\WINHTTP.dll
0x00007ffa4ceb0000 - 0x00007ffa4cf17000 	C:\WINDOWS\system32\mswsock.dll
0x00007ffa349b0000 - 0x00007ffa349c1000 	C:\Program Files\Java\jre-10.0.2\bin\nio.dll
0x00007ffa4ca30000 - 0x00007ffa4ca63000 	C:\WINDOWS\system32\rsaenh.dll
0x00007ffa4d960000 - 0x00007ffa4d986000 	C:\WINDOWS\System32\bcrypt.dll
0x00007ffa4d5e0000 - 0x00007ffa4d608000 	C:\WINDOWS\SYSTEM32\USERENV.dll
0x00007ffa4d080000 - 0x00007ffa4d08c000 	C:\WINDOWS\SYSTEM32\CRYPTBASE.dll
0x00007ffa4cbd0000 - 0x00007ffa4cc0d000 	C:\WINDOWS\SYSTEM32\IPHLPAPI.DLL
0x00007ffa4ed60000 - 0x00007ffa4ed68000 	C:\WINDOWS\System32\NSI.dll
0x00007ffa40e60000 - 0x00007ffa40e76000 	C:\WINDOWS\SYSTEM32\dhcpcsvc6.DLL
0x00007ffa41770000 - 0x00007ffa4178c000 	C:\WINDOWS\SYSTEM32\dhcpcsvc.DLL
0x00007ffa4cc10000 - 0x00007ffa4ccd7000 	C:\WINDOWS\SYSTEM32\DNSAPI.dll
0x00007ffa4ba40000 - 0x00007ffa4bacc000 	C:\WINDOWS\system32\apphelp.dll
0x00000000637c0000 - 0x00000000637cd000 	C:\Users\User\AppData\Local\Temp\jogamp_0000\file_cache\jln457663925076310676\jln11674534296279699394\natives\windows-amd64\gluegen-rt.dll
0x00007ffa0aff0000 - 0x00007ffa0b18b000 	C:\Program Files\Java\jre-10.0.2\bin\awt.dll
0x00007ffa50af0000 - 0x00007ffa50bb4000 	C:\WINDOWS\System32\OLEAUT32.dll
0x00007ffa4a530000 - 0x00007ffa4aaee000 	C:\WINDOWS\SYSTEM32\d2d1.dll
0x00007ffa4bb10000 - 0x00007ffa4bbac000 	C:\WINDOWS\system32\uxtheme.dll
0x00007ffa50980000 - 0x00007ffa50aed000 	C:\WINDOWS\System32\MSCTF.dll
0x00007ffa4bf30000 - 0x00007ffa4bf5e000 	C:\WINDOWS\system32\dwmapi.dll
0x00007ffa4d780000 - 0x00007ffa4d95c000 	C:\WINDOWS\System32\CRYPT32.dll
0x00007ffa4d730000 - 0x00007ffa4d742000 	C:\WINDOWS\System32\MSASN1.dll
0x00007ffa50bc0000 - 0x00007ffa50d15000 	C:\WINDOWS\System32\ole32.dll
0x00007ffa34980000 - 0x00007ffa34987000 	C:\Program Files\Java\jre-10.0.2\bin\jawt.dll
0x000000006a440000 - 0x000000006a44d000 	C:\Users\User\AppData\Local\Temp\jogamp_0000\file_cache\jln457663925076310676\jln11674534296279699394\natives\windows-amd64\nativewindow_awt.dll
0x00007ffa21b60000 - 0x00007ffa21c87000 	C:\WINDOWS\system32\opengl32.dll
0x00007ffa221f0000 - 0x00007ffa2221c000 	C:\WINDOWS\SYSTEM32\GLU32.dll
0x000000006c100000 - 0x000000006c10f000 	C:\Users\User\AppData\Local\Temp\jogamp_0000\file_cache\jln457663925076310676\jln11674534296279699394\natives\windows-amd64\nativewindow_win32.dll
0x0000000064500000 - 0x00000000645b1000 	C:\Users\User\AppData\Local\Temp\jogamp_0000\file_cache\jln457663925076310676\jln11674534296279699394\natives\windows-amd64\jogl_desktop.dll
0x0000000064340000 - 0x00000000643a2000 	C:\Users\User\AppData\Local\Temp\jogamp_0000\file_cache\jln457663925076310676\jln11674534296279699394\natives\windows-amd64\jogl_mobile.dll
0x00007ffa03200000 - 0x00007ffa040d9000 	C:\WINDOWS\System32\DriverStore\FileRepository\ki124164.inf_amd64_85b60d2b8c3af983\ig9icd64.dll
0x00007ffa4c230000 - 0x00007ffa4c243000 	C:\WINDOWS\SYSTEM32\WTSAPI32.dll
0x00007ffa4c380000 - 0x00007ffa4c442000 	C:\WINDOWS\SYSTEM32\dxgi.dll

dbghelp: loaded successfully - version: 4.0.5 - missing functions: none
symbol engine: initialized successfully - sym options: 0x614 - pdb path: .;C:\Program Files\Java\jre-10.0.2\bin;C:\WINDOWS\SYSTEM32;C:\WINDOWS\WinSxS\amd64_microsoft.windows.common-controls_6595b64144ccf1df_6.0.17763.1282_none_de75b6f253473c0f;C:\Program Files\Java\jre-10.0.2\bin\server;C:\Users\User\AppData\Local\Temp\jogamp_0000\file_cache\jln457663925076310676\jln11674534296279699394\natives\windows-amd64;C:\WINDOWS\System32\DriverStore\FileRepository\ki124164.inf_amd64_85b60d2b8c3af983

VM Arguments:
jvm_args: -Djava.library.path=D:\eclipse\2D\Natives;D:\eclipse\2D\Natives -Dfile.encoding=Cp1252 
java_command: org.graphics.Renderer
java_class_path (initial): D:\eclipse\2D\bin;C:\Users\User\Downloads\jogamp-all-platforms\jar\gluegen-rt.jar;C:\Users\User\Downloads\jogamp-all-platforms\jar\jogl-all.jar
Launcher Type: SUN_STANDARD

Logging:
Log output configuration:
#0: stdout all=warning uptime,level,tags
#1: stderr all=off uptime,level,tags

Environment Variables:
PATH=C:/Program Files/Java/jre1.8.0_171/bin/server;C:/Program Files/Java/jre1.8.0_171/bin;C:/Program Files/Java/jre1.8.0_171/lib/amd64;D:\dbms\app\oracle\product\11.2.0\server\bin;C:\Program Files (x86)\Common Files\Oracle\Java\javapath;C:\Program Files (x86)\Intel\iCLS Client\;C:\Program Files\Intel\iCLS Client\;C:\Windows\system32;C:\Windows;C:\Windows\System32\Wbem;C:\Windows\System32\WindowsPowerShell\v1.0\;C:\Program Files (x86)\Intel\Intel(R) Management Engine Components\DAL;C:\Program Files\Intel\Intel(R) Management Engine Components\DAL;C:\Program Files (x86)\Intel\Intel(R) Management Engine Components\IPT;C:\Program Files\Intel\Intel(R) Management Engine Components\IPT;C:\Program Files (x86)\NVIDIA Corporation\PhysX\Common;C:\WINDOWS\system32;C:\WINDOWS;C:\WINDOWS\System32\Wbem;C:\WINDOWS\System32\WindowsPowerShell\v1.0\;C:\WINDOWS\System32\OpenSSH\;C:\Program Files (x86)\CodeBlocks\MinGW\bin;C:\Program Files (x86)\GnuWin32\bin;D:\bison\bin;C:\instantclient_12_2;C:\Program Files\Git\cmd;C:\Users\User\AppData\Local\Microsoft\WindowsApps;C:\Program Files\Java\jre1.8.0_171\lib;C:\Program Files\Java\jdk1.8.0_171\bin;C:\Program Files (x86)\CodeBlocks\MinGW\bin;C:\Program Files (x86)\GnuWin32\bin;D:\bison\bin;C:\instantclient_12_2;;C:\WINDOWS\system32;
USERNAME=User
OS=Windows_NT
PROCESSOR_IDENTIFIER=Intel64 Family 6 Model 78 Stepping 3, GenuineIntel



---------------  S Y S T E M  ---------------

OS: Windows 10 , 64 bit Build 17763 (10.0.17763.1158)

CPU:total 4 (initial active 4) (2 cores per cpu, 2 threads per core) family 6 model 78 stepping 3, cmov, cx8, fxsr, mmx, sse, sse2, sse3, ssse3, sse4.1, sse4.2, popcnt, avx, avx2, aes, clmul, erms, 3dnowpref, lzcnt, ht, tsc, tscinvbit, bmi1, bmi2, adx, fma

Memory: 4k page, physical 8275968k(1251492k free), swap 25338748k(3064k free)

vm_info: Java HotSpot(TM) 64-Bit Server VM (10.0.2+13) for windows-amd64 JRE (10.0.2+13), built on Jun 28 2018 01:57:56 by "mach5one" with MS VC++ 12.0 (VS2013)

END.
