#
# There is insufficient memory for the Java Runtime Environment to continue.
# Native memory allocation (malloc) failed to allocate 32744 bytes for ChunkPool::allocate
# Possible reasons:
#   The system is out of physical RAM or swap space
#   The process is running with CompressedOops enabled, and the Java Heap may be blocking the growth of the native heap
# Possible solutions:
#   Reduce memory load on the system
#   Increase physical memory or swap space
#   Check if swap backing store is full
#   Decrease Java heap size (-Xmx/-Xms)
#   Decrease number of Java threads
#   Decrease Java thread stack sizes (-Xss)
#   Set larger code cache with -XX:ReservedCodeCacheSize=
#   JVM is running with Unscaled Compressed Oops mode in which the Java heap is
#     placed in the first 4GB address space. The Java Heap base address is the
#     maximum limit for the native heap growth. Please use -XX:HeapBaseMinAddress
#     to set the Java Heap base and to place the Java Heap above 4GB virtual address.
# This output file may be truncated or incomplete.
#
#  Out of Memory Error (t:/workspace/open/src/hotspot/share/memory/arena.cpp:82), pid=20708, tid=23660
#
# JRE version: Java(TM) SE Runtime Environment (10.0.2+13) (build 10.0.2+13)
# Java VM: Java HotSpot(TM) 64-Bit Server VM (10.0.2+13, mixed mode, tiered, compressed oops, g1 gc, windows-amd64)
# No core dump will be written. Minidumps are not enabled by default on client versions of Windows
#

---------------  S U M M A R Y ------------

Command Line: -Djava.library.path=D:\eclipse\2D\Natives;D:\eclipse\2D\Natives -Dfile.encoding=Cp1252 org.graphics.Renderer

Host: Intel(R) Core(TM) i7-6500U CPU @ 2.50GHz, 4 cores, 7G,  Windows 10 , 64 bit Build 17763 (10.0.17763.1158)
Time: Mon Aug 31 14:21:55 2020 Bangladesh Standard Time elapsed time: 1 seconds (0d 0h 0m 1s)

---------------  T H R E A D  ---------------

Current thread (0x00000249c3866000):  JavaThread "C2 CompilerThread1" daemon [_thread_in_native, id=23660, stack(0x000000907e100000,0x000000907e200000)]


Current CompileTask:
C2:   1498  784       4       jdk.internal.org.objectweb.asm.Type::getArgumentsAndReturnSizes (151 bytes)

Stack: [0x000000907e100000,0x000000907e200000]
Native frames: (J=compiled Java code, j=interpreted, Vv=VM code, C=native code)
V  [jvm.dll+0x5a01a9]
V  [jvm.dll+0x6bcf31]
V  [jvm.dll+0x6be126]
V  [jvm.dll+0x6be7b3]
V  [jvm.dll+0x234978]
V  [jvm.dll+0xbb8fb]
V  [jvm.dll+0xbb6ea]
V  [jvm.dll+0xbbbac]
V  [jvm.dll+0xbb7a8]
V  [jvm.dll+0x581de0]
V  [jvm.dll+0x5d1464]
V  [jvm.dll+0x18f0f8]
V  [jvm.dll+0x1fff9d]
V  [jvm.dll+0x1ff116]
V  [jvm.dll+0x17c94b]
V  [jvm.dll+0x20c8dd]
V  [jvm.dll+0x20b6a6]
V  [jvm.dll+0x68b7ff]
V  [jvm.dll+0x59f4b0]
C  [msvcr120.dll+0x24f7f]
C  [msvcr120.dll+0x25126]
C  [KERNEL32.DLL+0x17974]
C  [ntdll.dll+0x6a271]


---------------  P R O C E S S  ---------------

Threads class SMR info:
_java_thread_list=0x00000249c48dd020, length=15, elements={
0x00000249a6060800, 0x00000249c3803800, 0x00000249c3841800, 0x00000249c3859000,
0x00000249c385a000, 0x00000249c3860000, 0x00000249c3866000, 0x00000249c4188800,
0x00000249c387d000, 0x00000249c433e000, 0x00000249c4345800, 0x00000249c4ad1000,
0x00000249c4a3d000, 0x00000249c4a3d800, 0x00000249c4b03000
}

Java Threads: ( => current thread )
  0x00000249a6060800 JavaThread "main" [_thread_blocked, id=18700, stack(0x000000907cf00000,0x000000907d000000)]
  0x00000249c3803800 JavaThread "Reference Handler" daemon [_thread_blocked, id=22288, stack(0x000000907dc00000,0x000000907dd00000)]
  0x00000249c3841800 JavaThread "Finalizer" daemon [_thread_blocked, id=21212, stack(0x000000907dd00000,0x000000907de00000)]
  0x00000249c3859000 JavaThread "Signal Dispatcher" daemon [_thread_blocked, id=20720, stack(0x000000907de00000,0x000000907df00000)]
  0x00000249c385a000 JavaThread "Attach Listener" daemon [_thread_blocked, id=24112, stack(0x000000907df00000,0x000000907e000000)]
  0x00000249c3860000 JavaThread "C2 CompilerThread0" daemon [_thread_in_native, id=2584, stack(0x000000907e000000,0x000000907e100000)]
=>0x00000249c3866000 JavaThread "C2 CompilerThread1" daemon [_thread_in_native, id=23660, stack(0x000000907e100000,0x000000907e200000)]
  0x00000249c4188800 JavaThread "C1 CompilerThread2" daemon [_thread_blocked, id=16888, stack(0x000000907e200000,0x000000907e300000)]
  0x00000249c387d000 JavaThread "Sweeper thread" daemon [_thread_blocked, id=19884, stack(0x000000907e300000,0x000000907e400000)]
  0x00000249c433e000 JavaThread "Service Thread" daemon [_thread_blocked, id=2884, stack(0x000000907e400000,0x000000907e500000)]
  0x00000249c4345800 JavaThread "Common-Cleaner" daemon [_thread_blocked, id=3828, stack(0x000000907e500000,0x000000907e600000)]
  0x00000249c4ad1000 JavaThread "Java2D Disposer" daemon [_thread_blocked, id=20744, stack(0x000000907e700000,0x000000907e800000)]
  0x00000249c4a3d000 JavaThread "AWT-Shutdown" [_thread_blocked, id=16728, stack(0x000000907e800000,0x000000907e900000)]
  0x00000249c4a3d800 JavaThread "AWT-Windows" daemon [_thread_in_native, id=2192, stack(0x000000907e900000,0x000000907ea00000)]
  0x00000249c4b03000 JavaThread "AWT-EventQueue-0" [_thread_blocked, id=17104, stack(0x000000907ea00000,0x000000907eb00000)]

Other Threads:
  0x00000249c3801800 VMThread "VM Thread" [stack: 0x000000907db00000,0x000000907dc00000] [id=26372]
  0x00000249c4346000 WatcherThread [stack: 0x000000907e600000,0x000000907e700000] [id=16456]
  0x00000249a6079800 GCTaskThread "GC Thread#0" [stack: 0x000000907d000000,0x000000907d100000] [id=16052]
  0x00000249a607c000 GCTaskThread "GC Thread#1" [stack: 0x000000907d100000,0x000000907d200000] [id=11528]
  0x00000249a607e800 GCTaskThread "GC Thread#2" [stack: 0x000000907d200000,0x000000907d300000] [id=19660]
  0x00000249a6085000 GCTaskThread "GC Thread#3" [stack: 0x000000907d300000,0x000000907d400000] [id=13236]
  0x00000249a60f0000 ConcurrentGCThread "G1 Main Marker" [stack: 0x000000907d400000,0x000000907d500000] [id=17240]
  0x00000249a60f3000 ConcurrentGCThread "G1 Conc#0" [stack: 0x000000907d500000,0x000000907d600000] [id=12600]
  0x00000249c36bf800 ConcurrentGCThread "G1 Refine#0" [stack: 0x000000907d600000,0x000000907d700000] [id=5164]
  0x00000249c36c0000 ConcurrentGCThread "G1 Refine#1" [stack: 0x000000907d700000,0x000000907d800000] [id=16820]
  0x00000249c36c1000 ConcurrentGCThread "G1 Refine#2" [stack: 0x000000907d800000,0x000000907d900000] [id=9392]
  0x00000249c36c2000 ConcurrentGCThread "G1 Refine#3" [stack: 0x000000907d900000,0x000000907da00000] [id=2052]
  0x00000249c36c5000 ConcurrentGCThread "G1 Young RemSet Sampling" [stack: 0x000000907da00000,0x000000907db00000] [id=22292]

Threads with active compile tasks:
C2 CompilerThread0 783       4       jdk.internal.org.objectweb.asm.Frame::execute (2265 bytes)
C2 CompilerThread1 784       4       jdk.internal.org.objectweb.asm.Type::getArgumentsAndReturnSizes (151 bytes)
C1 CompilerThread2 831       3       java.lang.String::indexOf (113 bytes)

VM state:at safepoint (normal execution)

VM Mutex/Monitor currently owned by a thread:  ([mutex/lock_event])
[0x00000249a605ffb0] Threads_lock - owner thread: 0x00000249c3801800
[0x00000249a605ef60] Heap_lock - owner thread: 0x00000249a6060800

OutOfMemory and StackOverflow Exception counts:
OutOfMemoryError java_heap_errors=3

Heap address: 0x0000000081a00000, size: 2022 MB, Compressed Oops mode: 32-bit
Narrow klass base: 0x0000000000000000, Narrow klass shift: 3
Compressed class space size: 1073741824 Address: 0x0000000100000000

Heap:
 garbage-first heap   total 131072K, used 5885K [0x0000000081a00000, 0x0000000100000000)
  region size 1024K, 4 young (4096K), 1 survivors (1024K)
 Metaspace       used 10895K, capacity 11143K, committed 11264K, reserved 1071104K
  class space    used 1121K, capacity 1240K, committed 1280K, reserved 1048576K
Heap Regions: E=young(eden), S=young(survivor), O=old, HS=humongous(starts), HC=humongous(continues), CS=collection set, F=free, A=archive, TS=gc time stamp, AC=allocation context, TAMS=top-at-mark-start (previous, next)
|   0|0x0000000081a00000, 0x0000000081b00000, 0x0000000081b00000|100%|HS|  |TS  0|AC  0|TAMS 0x0000000081a00000, 0x0000000081b00000|
|   1|0x0000000081b00000, 0x0000000081b00000, 0x0000000081c00000|  0%| F|  |TS  0|AC  0|TAMS 0x0000000081b00000, 0x0000000081b00000|
|   2|0x0000000081c00000, 0x0000000081c00000, 0x0000000081d00000|  0%| F|  |TS  0|AC  0|TAMS 0x0000000081c00000, 0x0000000081c00000|
|   3|0x0000000081d00000, 0x0000000081d00000, 0x0000000081e00000|  0%| F|  |TS  0|AC  0|TAMS 0x0000000081d00000, 0x0000000081d00000|
|   4|0x0000000081e00000, 0x0000000081e00000, 0x0000000081f00000|  0%| F|  |TS  0|AC  0|TAMS 0x0000000081e00000, 0x0000000081e00000|
|   5|0x0000000081f00000, 0x0000000081f00000, 0x0000000082000000|  0%| F|  |TS  0|AC  0|TAMS 0x0000000081f00000, 0x0000000081f00000|
|   6|0x0000000082000000, 0x0000000082000000, 0x0000000082100000|  0%| F|  |TS  0|AC  0|TAMS 0x0000000082000000, 0x0000000082000000|
|   7|0x0000000082100000, 0x0000000082100000, 0x0000000082200000|  0%| F|  |TS  0|AC  0|TAMS 0x0000000082100000, 0x0000000082100000|
|   8|0x0000000082200000, 0x0000000082200000, 0x0000000082300000|  0%| F|  |TS  0|AC  0|TAMS 0x0000000082200000, 0x0000000082200000|
|   9|0x0000000082300000, 0x0000000082300000, 0x0000000082400000|  0%| F|  |TS  0|AC  0|TAMS 0x0000000082300000, 0x0000000082300000|
|  10|0x0000000082400000, 0x0000000082400000, 0x0000000082500000|  0%| F|  |TS  0|AC  0|TAMS 0x0000000082400000, 0x0000000082400000|
|  11|0x0000000082500000, 0x0000000082500000, 0x0000000082600000|  0%| F|  |TS  0|AC  0|TAMS 0x0000000082500000, 0x0000000082500000|
|  12|0x0000000082600000, 0x0000000082600000, 0x0000000082700000|  0%| F|  |TS  0|AC  0|TAMS 0x0000000082600000, 0x0000000082600000|
|  13|0x0000000082700000, 0x0000000082700000, 0x0000000082800000|  0%| F|  |TS  0|AC  0|TAMS 0x0000000082700000, 0x0000000082700000|
|  14|0x0000000082800000, 0x0000000082800000, 0x0000000082900000|  0%| F|  |TS  0|AC  0|TAMS 0x0000000082800000, 0x0000000082800000|
|  15|0x0000000082900000, 0x0000000082900000, 0x0000000082a00000|  0%| F|  |TS  0|AC  0|TAMS 0x0000000082900000, 0x0000000082900000|
|  16|0x0000000082a00000, 0x0000000082a00000, 0x0000000082b00000|  0%| F|  |TS  0|AC  0|TAMS 0x0000000082a00000, 0x0000000082a00000|
|  17|0x0000000082b00000, 0x0000000082b00000, 0x0000000082c00000|  0%| F|  |TS  0|AC  0|TAMS 0x0000000082b00000, 0x0000000082b00000|
|  18|0x0000000082c00000, 0x0000000082c00000, 0x0000000082d00000|  0%| F|  |TS  0|AC  0|TAMS 0x0000000082c00000, 0x0000000082c00000|
|  19|0x0000000082d00000, 0x0000000082d00000, 0x0000000082e00000|  0%| F|  |TS  0|AC  0|TAMS 0x0000000082d00000, 0x0000000082d00000|
|  20|0x0000000082e00000, 0x0000000082e00000, 0x0000000082f00000|  0%| F|  |TS  0|AC  0|TAMS 0x0000000082e00000, 0x0000000082e00000|
|  21|0x0000000082f00000, 0x0000000082f00000, 0x0000000083000000|  0%| F|  |TS  0|AC  0|TAMS 0x0000000082f00000, 0x0000000082f00000|
|  22|0x0000000083000000, 0x0000000083000000, 0x0000000083100000|  0%| F|  |TS  0|AC  0|TAMS 0x0000000083000000, 0x0000000083000000|
|  23|0x0000000083100000, 0x0000000083100000, 0x0000000083200000|  0%| F|  |TS  0|AC  0|TAMS 0x0000000083100000, 0x0000000083100000|
|  24|0x0000000083200000, 0x0000000083200000, 0x0000000083300000|  0%| F|  |TS  0|AC  0|TAMS 0x0000000083200000, 0x0000000083200000|
|  25|0x0000000083300000, 0x0000000083300000, 0x0000000083400000|  0%| F|  |TS  0|AC  0|TAMS 0x0000000083300000, 0x0000000083300000|
|  26|0x0000000083400000, 0x0000000083400000, 0x0000000083500000|  0%| F|  |TS  0|AC  0|TAMS 0x0000000083400000, 0x0000000083400000|
|  27|0x0000000083500000, 0x0000000083500000, 0x0000000083600000|  0%| F|  |TS  0|AC  0|TAMS 0x0000000083500000, 0x0000000083500000|
|  28|0x0000000083600000, 0x0000000083600000, 0x0000000083700000|  0%| F|  |TS  0|AC  0|TAMS 0x0000000083600000, 0x0000000083600000|
|  29|0x0000000083700000, 0x0000000083700000, 0x0000000083800000|  0%| F|  |TS  0|AC  0|TAMS 0x0000000083700000, 0x0000000083700000|
|  30|0x0000000083800000, 0x0000000083800000, 0x0000000083900000|  0%| F|  |TS  0|AC  0|TAMS 0x0000000083800000, 0x0000000083800000|
|  31|0x0000000083900000, 0x0000000083900000, 0x0000000083a00000|  0%| F|  |TS  0|AC  0|TAMS 0x0000000083900000, 0x0000000083900000|
|  32|0x0000000083a00000, 0x0000000083a00000, 0x0000000083b00000|  0%| F|  |TS  0|AC  0|TAMS 0x0000000083a00000, 0x0000000083a00000|
|  33|0x0000000083b00000, 0x0000000083b00000, 0x0000000083c00000|  0%| F|  |TS  0|AC  0|TAMS 0x0000000083b00000, 0x0000000083b00000|
|  34|0x0000000083c00000, 0x0000000083c00000, 0x0000000083d00000|  0%| F|  |TS  0|AC  0|TAMS 0x0000000083c00000, 0x0000000083c00000|
|  35|0x0000000083d00000, 0x0000000083d00000, 0x0000000083e00000|  0%| F|  |TS  0|AC  0|TAMS 0x0000000083d00000, 0x0000000083d00000|
|  36|0x0000000083e00000, 0x0000000083e00000, 0x0000000083f00000|  0%| F|  |TS  0|AC  0|TAMS 0x0000000083e00000, 0x0000000083e00000|
|  37|0x0000000083f00000, 0x0000000083f00000, 0x0000000084000000|  0%| F|  |TS  0|AC  0|TAMS 0x0000000083f00000, 0x0000000083f00000|
|  38|0x0000000084000000, 0x0000000084000000, 0x0000000084100000|  0%| F|  |TS  0|AC  0|TAMS 0x0000000084000000, 0x0000000084000000|
|  39|0x0000000084100000, 0x0000000084100000, 0x0000000084200000|  0%| F|  |TS  0|AC  0|TAMS 0x0000000084100000, 0x0000000084100000|
|  40|0x0000000084200000, 0x0000000084200000, 0x0000000084300000|  0%| F|  |TS  0|AC  0|TAMS 0x0000000084200000, 0x0000000084200000|
|  41|0x0000000084300000, 0x0000000084300000, 0x0000000084400000|  0%| F|  |TS  0|AC  0|TAMS 0x0000000084300000, 0x0000000084300000|
|  42|0x0000000084400000, 0x0000000084400000, 0x0000000084500000|  0%| F|  |TS  0|AC  0|TAMS 0x0000000084400000, 0x0000000084400000|
|  43|0x0000000084500000, 0x0000000084500000, 0x0000000084600000|  0%| F|  |TS  0|AC  0|TAMS 0x0000000084500000, 0x0000000084500000|
|  44|0x0000000084600000, 0x0000000084600000, 0x0000000084700000|  0%| F|  |TS  0|AC  0|TAMS 0x0000000084600000, 0x0000000084600000|
|  45|0x0000000084700000, 0x0000000084700000, 0x0000000084800000|  0%| F|  |TS  0|AC  0|TAMS 0x0000000084700000, 0x0000000084700000|
|  46|0x0000000084800000, 0x0000000084800000, 0x0000000084900000|  0%| F|  |TS  0|AC  0|TAMS 0x0000000084800000, 0x0000000084800000|
|  47|0x0000000084900000, 0x0000000084900000, 0x0000000084a00000|  0%| F|  |TS  0|AC  0|TAMS 0x0000000084900000, 0x0000000084900000|
|  48|0x0000000084a00000, 0x0000000084a00000, 0x0000000084b00000|  0%| F|  |TS  0|AC  0|TAMS 0x0000000084a00000, 0x0000000084a00000|
|  49|0x0000000084b00000, 0x0000000084b00000, 0x0000000084c00000|  0%| F|  |TS  0|AC  0|TAMS 0x0000000084b00000, 0x0000000084b00000|
|  50|0x0000000084c00000, 0x0000000084c00000, 0x0000000084d00000|  0%| F|  |TS  0|AC  0|TAMS 0x0000000084c00000, 0x0000000084c00000|
|  51|0x0000000084d00000, 0x0000000084d00000, 0x0000000084e00000|  0%| F|  |TS  0|AC  0|TAMS 0x0000000084d00000, 0x0000000084d00000|
|  52|0x0000000084e00000, 0x0000000084e00000, 0x0000000084f00000|  0%| F|  |TS  0|AC  0|TAMS 0x0000000084e00000, 0x0000000084e00000|
|  53|0x0000000084f00000, 0x0000000084f00000, 0x0000000085000000|  0%| F|  |TS  0|AC  0|TAMS 0x0000000084f00000, 0x0000000084f00000|
|  54|0x0000000085000000, 0x0000000085000000, 0x0000000085100000|  0%| F|  |TS  0|AC  0|TAMS 0x0000000085000000, 0x0000000085000000|
|  55|0x0000000085100000, 0x0000000085100000, 0x0000000085200000|  0%| F|  |TS  0|AC  0|TAMS 0x0000000085100000, 0x0000000085100000|
|  56|0x0000000085200000, 0x0000000085200000, 0x0000000085300000|  0%| F|  |TS  0|AC  0|TAMS 0x0000000085200000, 0x0000000085200000|
|  57|0x0000000085300000, 0x0000000085300000, 0x0000000085400000|  0%| F|  |TS  0|AC  0|TAMS 0x0000000085300000, 0x0000000085300000|
|  58|0x0000000085400000, 0x0000000085400000, 0x0000000085500000|  0%| F|  |TS  0|AC  0|TAMS 0x0000000085400000, 0x0000000085400000|
|  59|0x0000000085500000, 0x0000000085500000, 0x0000000085600000|  0%| F|  |TS  0|AC  0|TAMS 0x0000000085500000, 0x0000000085500000|
|  60|0x0000000085600000, 0x0000000085600000, 0x0000000085700000|  0%| F|  |TS  0|AC  0|TAMS 0x0000000085600000, 0x0000000085600000|
|  61|0x0000000085700000, 0x0000000085700000, 0x0000000085800000|  0%| F|  |TS  0|AC  0|TAMS 0x0000000085700000, 0x0000000085700000|
|  62|0x0000000085800000, 0x0000000085800000, 0x0000000085900000|  0%| F|  |TS  0|AC  0|TAMS 0x0000000085800000, 0x0000000085800000|
|  63|0x0000000085900000, 0x0000000085900000, 0x0000000085a00000|  0%| F|  |TS  0|AC  0|TAMS 0x0000000085900000, 0x0000000085900000|
|  64|0x0000000085a00000, 0x0000000085a00000, 0x0000000085b00000|  0%| F|  |TS  0|AC  0|TAMS 0x0000000085a00000, 0x0000000085a00000|
|  65|0x0000000085b00000, 0x0000000085b00000, 0x0000000085c00000|  0%| F|  |TS  0|AC  0|TAMS 0x0000000085b00000, 0x0000000085b00000|
|  66|0x0000000085c00000, 0x0000000085c00000, 0x0000000085d00000|  0%| F|  |TS  0|AC  0|TAMS 0x0000000085c00000, 0x0000000085c00000|
|  67|0x0000000085d00000, 0x0000000085d00000, 0x0000000085e00000|  0%| F|  |TS  0|AC  0|TAMS 0x0000000085d00000, 0x0000000085d00000|
|  68|0x0000000085e00000, 0x0000000085e00000, 0x0000000085f00000|  0%| F|  |TS  0|AC  0|TAMS 0x0000000085e00000, 0x0000000085e00000|
|  69|0x0000000085f00000, 0x0000000085f00000, 0x0000000086000000|  0%| F|  |TS  0|AC  0|TAMS 0x0000000085f00000, 0x0000000085f00000|
|  70|0x0000000086000000, 0x0000000086000000, 0x0000000086100000|  0%| F|  |TS  0|AC  0|TAMS 0x0000000086000000, 0x0000000086000000|
|  71|0x0000000086100000, 0x0000000086100000, 0x0000000086200000|  0%| F|  |TS  0|AC  0|TAMS 0x0000000086100000, 0x0000000086100000|
|  72|0x0000000086200000, 0x0000000086200000, 0x0000000086300000|  0%| F|  |TS  0|AC  0|TAMS 0x0000000086200000, 0x0000000086200000|
|  73|0x0000000086300000, 0x0000000086300000, 0x0000000086400000|  0%| F|  |TS  0|AC  0|TAMS 0x0000000086300000, 0x0000000086300000|
|  74|0x0000000086400000, 0x0000000086400000, 0x0000000086500000|  0%| F|  |TS  0|AC  0|TAMS 0x0000000086400000, 0x0000000086400000|
|  75|0x0000000086500000, 0x0000000086500000, 0x0000000086600000|  0%| F|  |TS  0|AC  0|TAMS 0x0000000086500000, 0x0000000086500000|
|  76|0x0000000086600000, 0x0000000086600000, 0x0000000086700000|  0%| F|  |TS  0|AC  0|TAMS 0x0000000086600000, 0x0000000086600000|
|  77|0x0000000086700000, 0x0000000086700000, 0x0000000086800000|  0%| F|  |TS  0|AC  0|TAMS 0x0000000086700000, 0x0000000086700000|
|  78|0x0000000086800000, 0x0000000086800000, 0x0000000086900000|  0%| F|  |TS  0|AC  0|TAMS 0x0000000086800000, 0x0000000086800000|
|  79|0x0000000086900000, 0x0000000086900000, 0x0000000086a00000|  0%| F|  |TS  0|AC  0|TAMS 0x0000000086900000, 0x0000000086900000|
|  80|0x0000000086a00000, 0x0000000086a00000, 0x0000000086b00000|  0%| F|  |TS  0|AC  0|TAMS 0x0000000086a00000, 0x0000000086a00000|
|  81|0x0000000086b00000, 0x0000000086b00000, 0x0000000086c00000|  0%| F|  |TS  0|AC  0|TAMS 0x0000000086b00000, 0x0000000086b00000|
|  82|0x0000000086c00000, 0x0000000086c00000, 0x0000000086d00000|  0%| F|  |TS  0|AC  0|TAMS 0x0000000086c00000, 0x0000000086c00000|
|  83|0x0000000086d00000, 0x0000000086d00000, 0x0000000086e00000|  0%| F|  |TS  0|AC  0|TAMS 0x0000000086d00000, 0x0000000086d00000|
|  84|0x0000000086e00000, 0x0000000086e00000, 0x0000000086f00000|  0%| F|  |TS  0|AC  0|TAMS 0x0000000086e00000, 0x0000000086e00000|
|  85|0x0000000086f00000, 0x0000000086f00000, 0x0000000087000000|  0%| F|  |TS  0|AC  0|TAMS 0x0000000086f00000, 0x0000000086f00000|
|  86|0x0000000087000000, 0x0000000087000000, 0x0000000087100000|  0%| F|  |TS  0|AC  0|TAMS 0x0000000087000000, 0x0000000087000000|
|  87|0x0000000087100000, 0x0000000087100000, 0x0000000087200000|  0%| F|  |TS  0|AC  0|TAMS 0x0000000087100000, 0x0000000087100000|
|  88|0x0000000087200000, 0x0000000087200000, 0x0000000087300000|  0%| F|  |TS  0|AC  0|TAMS 0x0000000087200000, 0x0000000087200000|
|  89|0x0000000087300000, 0x0000000087300000, 0x0000000087400000|  0%| F|  |TS  0|AC  0|TAMS 0x0000000087300000, 0x0000000087300000|
|  90|0x0000000087400000, 0x0000000087400000, 0x0000000087500000|  0%| F|  |TS  0|AC  0|TAMS 0x0000000087400000, 0x0000000087400000|
|  91|0x0000000087500000, 0x0000000087500000, 0x0000000087600000|  0%| F|  |TS  0|AC  0|TAMS 0x0000000087500000, 0x0000000087500000|
|  92|0x0000000087600000, 0x0000000087600000, 0x0000000087700000|  0%| F|  |TS  0|AC  0|TAMS 0x0000000087600000, 0x0000000087600000|
|  93|0x0000000087700000, 0x0000000087700000, 0x0000000087800000|  0%| F|  |TS  0|AC  0|TAMS 0x0000000087700000, 0x0000000087700000|
|  94|0x0000000087800000, 0x0000000087800000, 0x0000000087900000|  0%| F|  |TS  0|AC  0|TAMS 0x0000000087800000, 0x0000000087800000|
|  95|0x0000000087900000, 0x0000000087900000, 0x0000000087a00000|  0%| F|  |TS  0|AC  0|TAMS 0x0000000087900000, 0x0000000087900000|
|  96|0x0000000087a00000, 0x0000000087a00000, 0x0000000087b00000|  0%| F|  |TS  0|AC  0|TAMS 0x0000000087a00000, 0x0000000087a00000|
|  97|0x0000000087b00000, 0x0000000087b00000, 0x0000000087c00000|  0%| F|  |TS  0|AC  0|TAMS 0x0000000087b00000, 0x0000000087b00000|
|  98|0x0000000087c00000, 0x0000000087c00000, 0x0000000087d00000|  0%| F|  |TS  0|AC  0|TAMS 0x0000000087c00000, 0x0000000087c00000|
|  99|0x0000000087d00000, 0x0000000087d00000, 0x0000000087e00000|  0%| F|  |TS  0|AC  0|TAMS 0x0000000087d00000, 0x0000000087d00000|
| 100|0x0000000087e00000, 0x0000000087e00000, 0x0000000087f00000|  0%| F|  |TS  0|AC  0|TAMS 0x0000000087e00000, 0x0000000087e00000|
| 101|0x0000000087f00000, 0x0000000087f00000, 0x0000000088000000|  0%| F|  |TS  0|AC  0|TAMS 0x0000000087f00000, 0x0000000087f00000|
| 102|0x0000000088000000, 0x0000000088000000, 0x0000000088100000|  0%| F|  |TS  0|AC  0|TAMS 0x0000000088000000, 0x0000000088000000|
| 103|0x0000000088100000, 0x0000000088100000, 0x0000000088200000|  0%| F|  |TS  0|AC  0|TAMS 0x0000000088100000, 0x0000000088100000|
| 104|0x0000000088200000, 0x0000000088200000, 0x0000000088300000|  0%| F|  |TS  0|AC  0|TAMS 0x0000000088200000, 0x0000000088200000|
| 105|0x0000000088300000, 0x0000000088300000, 0x0000000088400000|  0%| F|  |TS  0|AC  0|TAMS 0x0000000088300000, 0x0000000088300000|
| 106|0x0000000088400000, 0x0000000088400000, 0x0000000088500000|  0%| F|  |TS  0|AC  0|TAMS 0x0000000088400000, 0x0000000088400000|
| 107|0x0000000088500000, 0x0000000088500000, 0x0000000088600000|  0%| F|  |TS  0|AC  0|TAMS 0x0000000088500000, 0x0000000088500000|
| 108|0x0000000088600000, 0x0000000088600000, 0x0000000088700000|  0%| F|  |TS  0|AC  0|TAMS 0x0000000088600000, 0x0000000088600000|
| 109|0x0000000088700000, 0x0000000088700000, 0x0000000088800000|  0%| F|  |TS  0|AC  0|TAMS 0x0000000088700000, 0x0000000088700000|
| 110|0x0000000088800000, 0x0000000088800000, 0x0000000088900000|  0%| F|  |TS  0|AC  0|TAMS 0x0000000088800000, 0x0000000088800000|
| 111|0x0000000088900000, 0x0000000088900000, 0x0000000088a00000|  0%| F|  |TS  0|AC  0|TAMS 0x0000000088900000, 0x0000000088900000|
| 112|0x0000000088a00000, 0x0000000088a00000, 0x0000000088b00000|  0%| F|  |TS  0|AC  0|TAMS 0x0000000088a00000, 0x0000000088a00000|
| 113|0x0000000088b00000, 0x0000000088b00000, 0x0000000088c00000|  0%| F|  |TS  0|AC  0|TAMS 0x0000000088b00000, 0x0000000088b00000|
| 114|0x0000000088c00000, 0x0000000088c00000, 0x0000000088d00000|  0%| F|  |TS  0|AC  0|TAMS 0x0000000088c00000, 0x0000000088c00000|
| 115|0x0000000088d00000, 0x0000000088d00000, 0x0000000088e00000|  0%| F|  |TS  0|AC  0|TAMS 0x0000000088d00000, 0x0000000088d00000|
| 116|0x0000000088e00000, 0x0000000088e00000, 0x0000000088f00000|  0%| F|  |TS  0|AC  0|TAMS 0x0000000088e00000, 0x0000000088e00000|
| 117|0x0000000088f00000, 0x0000000088fbf470, 0x0000000089000000| 74%| E|CS|TS  0|AC  0|TAMS 0x0000000088f00000, 0x0000000088fbf470|
| 118|0x0000000089000000, 0x0000000089100000, 0x0000000089100000|100%| E|CS|TS  0|AC  0|TAMS 0x0000000089000000, 0x0000000089100000|
| 119|0x0000000089100000, 0x0000000089100000, 0x0000000089200000|  0%| F|  |TS  0|AC  0|TAMS 0x0000000089100000, 0x0000000089100000|
| 120|0x0000000089200000, 0x0000000089200000, 0x0000000089300000|  0%| F|  |TS  0|AC  0|TAMS 0x0000000089200000, 0x0000000089200000|
| 121|0x0000000089300000, 0x0000000089300000, 0x0000000089400000|  0%| F|  |TS  0|AC  0|TAMS 0x0000000089300000, 0x0000000089300000|
| 122|0x0000000089400000, 0x0000000089400000, 0x0000000089500000|  0%| F|  |TS  0|AC  0|TAMS 0x0000000089400000, 0x0000000089400000|
| 123|0x0000000089500000, 0x0000000089500000, 0x0000000089600000|  0%| F|  |TS  0|AC  0|TAMS 0x0000000089500000, 0x0000000089500000|
| 124|0x0000000089600000, 0x000000008965e038, 0x0000000089700000| 36%| S|  |TS  1|AC  0|TAMS 0x0000000089600000, 0x0000000089600000|
| 125|0x0000000089700000, 0x0000000089800000, 0x0000000089800000|100%| E|CS|TS  0|AC  0|TAMS 0x0000000089700000, 0x0000000089800000|
| 126|0x0000000089800000, 0x0000000089900000, 0x0000000089900000|100%| E|CS|TS  0|AC  0|TAMS 0x0000000089800000, 0x0000000089900000|
| 127|0x0000000089900000, 0x0000000089a00000, 0x0000000089a00000|100%| E|CS|TS  0|AC  0|TAMS 0x0000000089900000, 0x0000000089a00000|

Card table byte_map: [0x00000249bcc10000,0x00000249bd010000] byte_map_base: 0x00000249bc803000

Marking Bits (Prev, Next): (CMBitMap*) 0x00000249a60ef738, (CMBitMap*) 0x00000249a60ef700
 Prev Bits: [0x00000249bf3b0000, 0x00000249c1348000)
 Next Bits: [0x00000249bd410000, 0x00000249bf3a8000)

Polling page: 0x00000249a3ea0000

CodeHeap 'non-profiled nmethods': size=120064Kb used=256Kb max_used=256Kb free=119807Kb
 bounds [0x00000249b52d0000, 0x00000249b5540000, 0x00000249bc810000]
CodeHeap 'profiled nmethods': size=120000Kb used=1270Kb max_used=1270Kb free=118729Kb
 bounds [0x00000249adda0000, 0x00000249ae010000, 0x00000249b52d0000]
CodeHeap 'non-nmethods': size=5696Kb used=1136Kb max_used=1136Kb free=4560Kb
 bounds [0x00000249ad810000, 0x00000249ada80000, 0x00000249adda0000]
 total_blobs=1437 nmethods=825 adapters=381
 compilation: enabled

Compilation events (10 events):
Event: 1.396 Thread 0x00000249c4188800  789       1       java.lang.invoke.MethodType::parameterCount (6 bytes)
Event: 1.396 Thread 0x00000249c4188800 nmethod 789 0x00000249b530d710 code [0x00000249b530d8c0, 0x00000249b530d9d8]
Event: 1.396 Thread 0x00000249c4188800  792       3       jdk.internal.org.objectweb.asm.MethodWriter::<init> (247 bytes)
Event: 1.398 Thread 0x00000249c4188800 nmethod 792 0x00000249adec8d90 code [0x00000249adec9040, 0x00000249adec9ef0]
Event: 1.398 Thread 0x00000249c4188800  793       3       jdk.internal.org.objectweb.asm.MethodWriter::visitMaxs (1150 bytes)
Event: 1.402 Thread 0x00000249c4188800 nmethod 793 0x00000249adeca410 code [0x00000249adeca920, 0x00000249adecd290]
Event: 1.403 Thread 0x00000249c4188800  791       3       jdk.internal.org.objectweb.asm.ClassWriter::visitMethod (20 bytes)
Event: 1.403 Thread 0x00000249c4188800 nmethod 791 0x00000249adecec10 code [0x00000249adecede0, 0x00000249adecf030]
Event: 1.489 Thread 0x00000249c4188800  794       3       java.lang.ref.Reference::clear (6 bytes)
Event: 1.489 Thread 0x00000249c4188800 nmethod 794 0x00000249adecf110 code [0x00000249adecf2c0, 0x00000249adecf438]

GC Heap History (2 events):
Event: 1.425 GC heap before
{Heap before GC invocations=0 (full 0):
 garbage-first heap   total 131072K, used 8192K [0x0000000081a00000, 0x0000000100000000)
  region size 1024K, 9 young (9216K), 0 survivors (0K)
 Metaspace       used 10643K, capacity 10864K, committed 11008K, reserved 1064960K
  class space    used 1091K, capacity 1191K, committed 1280K, reserved 1048576K
}
Event: 1.485 GC heap after
{Heap after GC invocations=1 (full 0):
 garbage-first heap   total 131072K, used 1789K [0x0000000081a00000, 0x0000000100000000)
  region size 1024K, 2 young (2048K), 2 survivors (2048K)
 Metaspace       used 10643K, capacity 10864K, committed 11008K, reserved 1064960K
  class space    used 1091K, capacity 1191K, committed 1280K, reserved 1048576K
}

Deoptimization events (2 events):
Event: 0.236 Thread 0x00000249a6060800 Uncommon trap: reason=unstable_if action=reinterpret pc=0x00000249b52d54f0 method=java.lang.String.hashCode()I @ 14 c2
Event: 1.103 Thread 0x00000249a6060800 Uncommon trap: reason=unstable_if action=reinterpret pc=0x00000249b52f047c method=java.nio.Buffer.hasRemaining()Z @ 8 c2

Classes redefined (0 events):
No events

Internal exceptions (10 events):
Event: 1.269 Thread 0x00000249a6060800 Exception <a 'java/lang/NoSuchMethodError'{0x00000000893782e8}: java.lang.invoke.DelegatingMethodHandle$Holder.reinvoke_L(Ljava/lang/Object;IILjava/lang/Object;Ljava/lang/Object;Ljava/lang/Object;)Ljava/lang/Object;> (0x00000000893782e8) thrown at [t:/wor
Event: 1.271 Thread 0x00000249a6060800 Exception <a 'java/lang/NoSuchMethodError'{0x000000008937c8f8}: java.lang.invoke.DirectMethodHandle$Holder.invokeStatic(Ljava/lang/Object;Ljava/lang/Object;Ljava/lang/Object;Ljava/lang/Object;I)Ljava/lang/Object;> (0x000000008937c8f8) thrown at [t:/worksp
Event: 1.275 Thread 0x00000249a6060800 Exception <a 'java/lang/NoSuchMethodError'{0x0000000089393f90}: method resolution failed> (0x0000000089393f90) thrown at [t:/workspace/open/src/hotspot/share/prims/methodHandles.cpp, line 1226]
Event: 1.280 Thread 0x00000249a6060800 Exception <a 'java/lang/NoSuchMethodError'{0x00000000893aa360}: method resolution failed> (0x00000000893aa360) thrown at [t:/workspace/open/src/hotspot/share/prims/methodHandles.cpp, line 1226]
Event: 1.283 Thread 0x00000249a6060800 Exception <a 'java/lang/NoSuchMethodError'{0x00000000893c2100}: method resolution failed> (0x00000000893c2100) thrown at [t:/workspace/open/src/hotspot/share/prims/methodHandles.cpp, line 1226]
Event: 1.287 Thread 0x00000249a6060800 Exception <a 'java/lang/NoSuchMethodError'{0x00000000893dba98}: method resolution failed> (0x00000000893dba98) thrown at [t:/workspace/open/src/hotspot/share/prims/methodHandles.cpp, line 1226]
Event: 1.288 Thread 0x00000249a6060800 Exception <a 'java/io/FileNotFoundException'{0x00000000893e5398}> (0x00000000893e5398) thrown at [t:/workspace/open/src/hotspot/share/prims/jni.cpp, line 611]
Event: 1.349 Thread 0x00000249c4a3d800 Exception <a 'java/lang/NoSuchMethodError'{0x000000008924da50}: java.lang.invoke.DirectMethodHandle$Holder.invokeSpecial(Ljava/lang/Object;Ljava/lang/Object;)V> (0x000000008924da50) thrown at [t:/workspace/open/src/hotspot/share/interpreter/linkResolver.c
Event: 1.355 Thread 0x00000249a6060800 Exception <a 'java/lang/NoSuchMethodError'{0x00000000892b27d0}: java.lang.invoke.DirectMethodHandle$Holder.invokeStatic(Ljava/lang/Object;Ljava/lang/Object;Ljava/lang/Object;Ljava/lang/Object;Ljava/lang/Object;Ljava/lang/Object;Ljava/lang/Object;Ljava/lan
Event: 1.358 Thread 0x00000249a6060800 Exception <a 'java/lang/NoSuchMethodError'{0x00000000892ce1d0}: java.lang.invoke.DirectMethodHandle$Holder.invokeStatic(Ljava/lang/Object;Ljava/lang/Object;Ljava/lang/Object;Ljava/lang/Object;Ljava/lang/Object;Ljava/lang/Object;Ljava/lang/Object;Ljava/lan

Events (10 events):
Event: 1.396 loading class java/lang/invoke/BoundMethodHandle$Species_LLLLLLIIL
Event: 1.396 loading class java/lang/invoke/BoundMethodHandle$Species_LLLLLLIIL done
Event: 1.397 loading class java/awt/Color
Event: 1.397 loading class java/awt/Paint
Event: 1.397 loading class java/awt/Paint done
Event: 1.397 loading class java/awt/Color done
Event: 1.399 loading class sun/awt/windows/WDesktopProperties$WinPlaySound
Event: 1.399 loading class sun/awt/windows/WDesktopProperties$WinPlaySound done
Event: 1.424 Executing VM operation: CollectForMetadataAllocation
Event: 1.486 Executing VM operation: CollectForMetadataAllocation done


Dynamic libraries:
0x00007ff6aa340000 - 0x00007ff6aa37e000 	C:\Program Files\Java\jre-10.0.2\bin\javaw.exe
0x00007fff5d3e0000 - 0x00007fff5d5cd000 	C:\WINDOWS\SYSTEM32\ntdll.dll
0x00007fff5ca60000 - 0x00007fff5cb13000 	C:\WINDOWS\System32\KERNEL32.DLL
0x00007fff59f90000 - 0x00007fff5a225000 	C:\WINDOWS\System32\KERNELBASE.dll
0x00007fff5c5f0000 - 0x00007fff5c693000 	C:\WINDOWS\System32\ADVAPI32.dll
0x00007fff5bf30000 - 0x00007fff5bfce000 	C:\WINDOWS\System32\msvcrt.dll
0x00007fff5cc50000 - 0x00007fff5ccee000 	C:\WINDOWS\System32\sechost.dll
0x00007fff5c450000 - 0x00007fff5c572000 	C:\WINDOWS\System32\RPCRT4.dll
0x00007fff5bd90000 - 0x00007fff5bf27000 	C:\WINDOWS\System32\USER32.dll
0x00007fff5a230000 - 0x00007fff5a250000 	C:\WINDOWS\System32\win32u.dll
0x00007fff5d090000 - 0x00007fff5d0b9000 	C:\WINDOWS\System32\GDI32.dll
0x00007fff5a460000 - 0x00007fff5a5fa000 	C:\WINDOWS\System32\gdi32full.dll
0x00007fff59540000 - 0x00007fff595e0000 	C:\WINDOWS\System32\msvcp_win.dll
0x00007fff5a250000 - 0x00007fff5a34a000 	C:\WINDOWS\System32\ucrtbase.dll
0x00007fff47140000 - 0x00007fff473b9000 	C:\WINDOWS\WinSxS\amd64_microsoft.windows.common-controls_6595b64144ccf1df_6.0.17763.1282_none_de75b6f253473c0f\COMCTL32.dll
0x00007fff54db0000 - 0x00007fff54dba000 	C:\WINDOWS\SYSTEM32\VERSION.dll
0x00007fff5c730000 - 0x00007fff5ca5c000 	C:\WINDOWS\System32\combase.dll
0x00007fff595e0000 - 0x00007fff5965e000 	C:\WINDOWS\System32\bcryptPrimitives.dll
0x00007fff5bd60000 - 0x00007fff5bd8e000 	C:\WINDOWS\System32\IMM32.DLL
0x00007fff24bb0000 - 0x00007fff24c9f000 	C:\Program Files\Java\jre-10.0.2\bin\msvcr120.dll
0x00007fff23020000 - 0x00007fff230c6000 	C:\Program Files\Java\jre-10.0.2\bin\msvcp120.dll
0x0000000066250000 - 0x0000000066cc0000 	C:\Program Files\Java\jre-10.0.2\bin\server\jvm.dll
0x00007fff5c6a0000 - 0x00007fff5c6a8000 	C:\WINDOWS\System32\PSAPI.DLL
0x00007fff57050000 - 0x00007fff57074000 	C:\WINDOWS\SYSTEM32\WINMM.dll
0x00007fff581b0000 - 0x00007fff581b9000 	C:\WINDOWS\SYSTEM32\WSOCK32.dll
0x00007fff5c6b0000 - 0x00007fff5c71d000 	C:\WINDOWS\System32\WS2_32.dll
0x00007fff56fb0000 - 0x00007fff56fdd000 	C:\WINDOWS\SYSTEM32\WINMMBASE.dll
0x00007fff594a0000 - 0x00007fff594ea000 	C:\WINDOWS\System32\cfgmgr32.dll
0x00007fff46ff0000 - 0x00007fff46fff000 	C:\Program Files\Java\jre-10.0.2\bin\verify.dll
0x00007fff57d10000 - 0x00007fff57efd000 	C:\WINDOWS\SYSTEM32\DBGHELP.DLL
0x00007fff3a7f0000 - 0x00007fff3a81a000 	C:\WINDOWS\SYSTEM32\dbgcore.DLL
0x00007fff34800000 - 0x00007fff34827000 	C:\Program Files\Java\jre-10.0.2\bin\java.dll
0x00007fff46b20000 - 0x00007fff46b36000 	C:\Program Files\Java\jre-10.0.2\bin\zip.dll
0x00007fff46a40000 - 0x00007fff46a4a000 	C:\Program Files\Java\jre-10.0.2\bin\jimage.dll
0x00007fff5a790000 - 0x00007fff5bc88000 	C:\WINDOWS\System32\SHELL32.dll
0x00007fff5cba0000 - 0x00007fff5cc48000 	C:\WINDOWS\System32\shcore.dll
0x00007fff59840000 - 0x00007fff59f8f000 	C:\WINDOWS\System32\windows.storage.dll
0x00007fff59450000 - 0x00007fff59474000 	C:\WINDOWS\System32\profapi.dll
0x00007fff593f0000 - 0x00007fff5944d000 	C:\WINDOWS\System32\powrprof.dll
0x00007fff5cea0000 - 0x00007fff5cef2000 	C:\WINDOWS\System32\shlwapi.dll
0x00007fff593d0000 - 0x00007fff593e1000 	C:\WINDOWS\System32\kernel.appcore.dll
0x00007fff594f0000 - 0x00007fff59507000 	C:\WINDOWS\System32\cryptsp.dll
0x00007fff347a0000 - 0x00007fff347ba000 	C:\Program Files\Java\jre-10.0.2\bin\net.dll
0x00007fff4dd50000 - 0x00007fff4de42000 	C:\WINDOWS\SYSTEM32\WINHTTP.dll
0x00007fff58c30000 - 0x00007fff58c97000 	C:\WINDOWS\system32\mswsock.dll
0x00007fff346d0000 - 0x00007fff346e1000 	C:\Program Files\Java\jre-10.0.2\bin\nio.dll
0x00007fff58750000 - 0x00007fff58783000 	C:\WINDOWS\system32\rsaenh.dll
0x00007fff59510000 - 0x00007fff59536000 	C:\WINDOWS\System32\bcrypt.dll
0x00007fff59300000 - 0x00007fff59328000 	C:\WINDOWS\SYSTEM32\USERENV.dll
0x00007fff58e00000 - 0x00007fff58e0c000 	C:\WINDOWS\SYSTEM32\CRYPTBASE.dll
0x00007fff588f0000 - 0x00007fff5892d000 	C:\WINDOWS\SYSTEM32\IPHLPAPI.DLL
0x00007fff5c720000 - 0x00007fff5c728000 	C:\WINDOWS\System32\NSI.dll
0x00007fff4f3b0000 - 0x00007fff4f3c6000 	C:\WINDOWS\SYSTEM32\dhcpcsvc6.DLL
0x00007fff4f370000 - 0x00007fff4f38c000 	C:\WINDOWS\SYSTEM32\dhcpcsvc.DLL
0x00007fff58930000 - 0x00007fff589f7000 	C:\WINDOWS\SYSTEM32\DNSAPI.dll
0x00007fff57250000 - 0x00007fff572dc000 	C:\WINDOWS\system32\apphelp.dll
0x00000000637c0000 - 0x00000000637cd000 	C:\Users\User\AppData\Local\Temp\jogamp_0000\file_cache\jln476457640036742349\jln10813115148388469582\natives\windows-amd64\gluegen-rt.dll
0x00007fff22230000 - 0x00007fff223cb000 	C:\Program Files\Java\jre-10.0.2\bin\awt.dll
0x00007fff5bc90000 - 0x00007fff5bd54000 	C:\WINDOWS\System32\OLEAUT32.dll
0x00007fff56660000 - 0x00007fff56c1e000 	C:\WINDOWS\SYSTEM32\d2d1.dll
0x00007fff575a0000 - 0x00007fff5763c000 	C:\WINDOWS\system32\uxtheme.dll
0x00007fff5a620000 - 0x00007fff5a78d000 	C:\WINDOWS\System32\MSCTF.dll
0x00007fff578e0000 - 0x00007fff5790e000 	C:\WINDOWS\system32\dwmapi.dll
0x00007fff59660000 - 0x00007fff5983c000 	C:\WINDOWS\System32\CRYPT32.dll
0x00007fff59480000 - 0x00007fff59492000 	C:\WINDOWS\System32\MSASN1.dll
0x00007fff5d250000 - 0x00007fff5d3a5000 	C:\WINDOWS\System32\ole32.dll
0x00007fff46250000 - 0x00007fff46257000 	C:\Program Files\Java\jre-10.0.2\bin\jawt.dll
0x000000006a440000 - 0x000000006a44d000 	C:\Users\User\AppData\Local\Temp\jogamp_0000\file_cache\jln476457640036742349\jln10813115148388469582\natives\windows-amd64\nativewindow_awt.dll
0x00007fff2e930000 - 0x00007fff2ea57000 	C:\WINDOWS\system32\opengl32.dll
0x00007fff3bd20000 - 0x00007fff3bd4c000 	C:\WINDOWS\SYSTEM32\GLU32.dll
0x000000006c100000 - 0x000000006c10f000 	C:\Users\User\AppData\Local\Temp\jogamp_0000\file_cache\jln476457640036742349\jln10813115148388469582\natives\windows-amd64\nativewindow_win32.dll

dbghelp: loaded successfully - version: 4.0.5 - missing functions: none
symbol engine: initialized successfully - sym options: 0x614 - pdb path: .;C:\Program Files\Java\jre-10.0.2\bin;C:\WINDOWS\SYSTEM32;C:\WINDOWS\WinSxS\amd64_microsoft.windows.common-controls_6595b64144ccf1df_6.0.17763.1282_none_de75b6f253473c0f;C:\Program Files\Java\jre-10.0.2\bin\server;C:\Users\User\AppData\Local\Temp\jogamp_0000\file_cache\jln476457640036742349\jln10813115148388469582\natives\windows-amd64

VM Arguments:
jvm_args: -Djava.library.path=D:\eclipse\2D\Natives;D:\eclipse\2D\Natives -Dfile.encoding=Cp1252 
java_command: org.graphics.Renderer
java_class_path (initial): D:\eclipse\2D\bin;C:\Users\User\Downloads\jogamp-all-platforms\jar\gluegen-rt.jar;C:\Users\User\Downloads\jogamp-all-platforms\jar\jogl-all.jar
Launcher Type: SUN_STANDARD

Logging:
Log output configuration:
#0: stdout all=warning uptime,level,tags
#1: stderr all=off uptime,level,tags

Environment Variables:
PATH=C:/Program Files/Java/jre1.8.0_171/bin/server;C:/Program Files/Java/jre1.8.0_171/bin;C:/Program Files/Java/jre1.8.0_171/lib/amd64;D:\dbms\app\oracle\product\11.2.0\server\bin;C:\Program Files (x86)\Common Files\Oracle\Java\javapath;C:\Program Files (x86)\Intel\iCLS Client\;C:\Program Files\Intel\iCLS Client\;C:\Windows\system32;C:\Windows;C:\Windows\System32\Wbem;C:\Windows\System32\WindowsPowerShell\v1.0\;C:\Program Files (x86)\Intel\Intel(R) Management Engine Components\DAL;C:\Program Files\Intel\Intel(R) Management Engine Components\DAL;C:\Program Files (x86)\Intel\Intel(R) Management Engine Components\IPT;C:\Program Files\Intel\Intel(R) Management Engine Components\IPT;C:\Program Files (x86)\NVIDIA Corporation\PhysX\Common;C:\WINDOWS\system32;C:\WINDOWS;C:\WINDOWS\System32\Wbem;C:\WINDOWS\System32\WindowsPowerShell\v1.0\;C:\WINDOWS\System32\OpenSSH\;C:\Program Files (x86)\CodeBlocks\MinGW\bin;C:\Program Files (x86)\GnuWin32\bin;D:\bison\bin;C:\instantclient_12_2;C:\Program Files\Git\cmd;C:\Users\User\AppData\Local\Microsoft\WindowsApps;C:\Program Files\Java\jre1.8.0_171\lib;C:\Program Files\Java\jdk1.8.0_171\bin;C:\Program Files (x86)\CodeBlocks\MinGW\bin;C:\Program Files (x86)\GnuWin32\bin;D:\bison\bin;C:\instantclient_12_2;;C:\WINDOWS\System32;
USERNAME=User
OS=Windows_NT
PROCESSOR_IDENTIFIER=Intel64 Family 6 Model 78 Stepping 3, GenuineIntel



---------------  S Y S T E M  ---------------

OS: Windows 10 , 64 bit Build 17763 (10.0.17763.1158)

CPU:total 4 (initial active 4) (2 cores per cpu, 2 threads per core) family 6 model 78 stepping 3, cmov, cx8, fxsr, mmx, sse, sse2, sse3, ssse3, sse4.1, sse4.2, popcnt, avx, avx2, aes, clmul, erms, 3dnowpref, lzcnt, ht, tsc, tscinvbit, bmi1, bmi2, adx, fma

Memory: 4k page, physical 8275968k(386228k free), swap 25338748k(4168k free)

vm_info: Java HotSpot(TM) 64-Bit Server VM (10.0.2+13) for windows-amd64 JRE (10.0.2+13), built on Jun 28 2018 01:57:56 by "mach5one" with MS VC++ 12.0 (VS2013)

END.
