#
# There is insufficient memory for the Java Runtime Environment to continue.
# Native memory allocation (malloc) failed to allocate 51616 bytes for Chunk::new
# Possible reasons:
#   The system is out of physical RAM or swap space
#   The process is running with CompressedOops enabled, and the Java Heap may be blocking the growth of the native heap
# Possible solutions:
#   Reduce memory load on the system
#   Increase physical memory or swap space
#   Check if swap backing store is full
#   Decrease Java heap size (-Xmx/-Xms)
#   Decrease number of Java threads
#   Decrease Java thread stack sizes (-Xss)
#   Set larger code cache with -XX:ReservedCodeCacheSize=
#   JVM is running with Unscaled Compressed Oops mode in which the Java heap is
#     placed in the first 4GB address space. The Java Heap base address is the
#     maximum limit for the native heap growth. Please use -XX:HeapBaseMinAddress
#     to set the Java Heap base and to place the Java Heap above 4GB virtual address.
# This output file may be truncated or incomplete.
#
#  Out of Memory Error (t:/workspace/open/src/hotspot/share/memory/arena.cpp:198), pid=18344, tid=24896
#
# JRE version: Java(TM) SE Runtime Environment (10.0.2+13) (build 10.0.2+13)
# Java VM: Java HotSpot(TM) 64-Bit Server VM (10.0.2+13, mixed mode, tiered, compressed oops, g1 gc, windows-amd64)
# No core dump will be written. Minidumps are not enabled by default on client versions of Windows
#

---------------  S U M M A R Y ------------

Command Line: -Djava.library.path=D:\eclipse\2D\Natives;D:\eclipse\2D\Natives -Dfile.encoding=Cp1252 org.graphics.Renderer

Host: Intel(R) Core(TM) i7-6500U CPU @ 2.50GHz, 4 cores, 7G,  Windows 10 , 64 bit Build 17763 (10.0.17763.1158)
Time: Mon Aug 31 15:47:44 2020 Bangladesh Standard Time elapsed time: 1 seconds (0d 0h 0m 1s)

---------------  T H R E A D  ---------------

Current thread (0x000001f6ab73e000):  JavaThread "C2 CompilerThread1" daemon [_thread_in_native, id=24896, stack(0x000000b354100000,0x000000b354200000)]


Current CompileTask:
C2:   1091  408       4       java.lang.StringLatin1::indexOf (121 bytes)

Stack: [0x000000b354100000,0x000000b354200000]
Native frames: (J=compiled Java code, j=interpreted, Vv=VM code, C=native code)
V  [jvm.dll+0x5a01a9]
V  [jvm.dll+0x6bcf31]
V  [jvm.dll+0x6be126]
V  [jvm.dll+0x6be7b3]
V  [jvm.dll+0x234978]
V  [jvm.dll+0xbb69c]
V  [jvm.dll+0xbbbac]
V  [jvm.dll+0x2a68e4]
V  [jvm.dll+0x4bf92a]
V  [jvm.dll+0x201949]
V  [jvm.dll+0x1ff0a1]
V  [jvm.dll+0x17c94b]
V  [jvm.dll+0x20c8dd]
V  [jvm.dll+0x20b6a6]
V  [jvm.dll+0x68b7ff]
V  [jvm.dll+0x59f4b0]
C  [msvcr120.dll+0x24f7f]
C  [msvcr120.dll+0x25126]
C  [KERNEL32.DLL+0x17974]
C  [ntdll.dll+0x6a271]


---------------  P R O C E S S  ---------------

Threads class SMR info:
_java_thread_list=0x000001f6ac3e2070, length=11, elements={
0x000001f6ab6c2000, 0x000001f6ab6fa800, 0x000001f6ab709800, 0x000001f6ab70a800,
0x000001f6ab70d800, 0x000001f6ab73e000, 0x000001f6ac067000, 0x000001f6ac094000,
0x000001f6ac1f7000, 0x000001f6ac1fb000, 0x000001f68df1f800
}

Java Threads: ( => current thread )
  0x000001f6ab6c2000 JavaThread "Reference Handler" daemon [_thread_blocked, id=25492, stack(0x000000b353c00000,0x000000b353d00000)]
  0x000001f6ab6fa800 JavaThread "Finalizer" daemon [_thread_blocked, id=25488, stack(0x000000b353d00000,0x000000b353e00000)]
  0x000001f6ab709800 JavaThread "Signal Dispatcher" daemon [_thread_blocked, id=25500, stack(0x000000b353e00000,0x000000b353f00000)]
  0x000001f6ab70a800 JavaThread "Attach Listener" daemon [_thread_blocked, id=25464, stack(0x000000b353f00000,0x000000b354000000)]
  0x000001f6ab70d800 JavaThread "C2 CompilerThread0" daemon [_thread_blocked, id=25504, stack(0x000000b354000000,0x000000b354100000)]
=>0x000001f6ab73e000 JavaThread "C2 CompilerThread1" daemon [_thread_in_native, id=24896, stack(0x000000b354100000,0x000000b354200000)]
  0x000001f6ac067000 JavaThread "C1 CompilerThread2" daemon [_thread_blocked, id=24880, stack(0x000000b354200000,0x000000b354300000)]
  0x000001f6ac094000 JavaThread "Sweeper thread" daemon [_thread_blocked, id=24876, stack(0x000000b354300000,0x000000b354400000)]
  0x000001f6ac1f7000 JavaThread "Service Thread" daemon [_thread_blocked, id=9052, stack(0x000000b354400000,0x000000b354500000)]
  0x000001f6ac1fb000 JavaThread "Common-Cleaner" daemon [_thread_blocked, id=24888, stack(0x000000b354500000,0x000000b354600000)]
  0x000001f68df1f800 JavaThread "DestroyJavaVM" [_thread_blocked, id=24740, stack(0x000000b352f00000,0x000000b353000000)]

Other Threads:
  0x000001f6ab6ef800 VMThread "VM Thread" [stack: 0x000000b353b00000,0x000000b353c00000] [id=25496]
  0x000001f6ac1fc000 WatcherThread [stack: 0x000000b354600000,0x000000b354700000] [id=18784]
  0x000001f68df38800 GCTaskThread "GC Thread#0" [stack: 0x000000b353000000,0x000000b353100000] [id=24652]
  0x000001f68df3a000 GCTaskThread "GC Thread#1" [stack: 0x000000b353100000,0x000000b353200000] [id=23664]
  0x000001f68df3c000 GCTaskThread "GC Thread#2" [stack: 0x000000b353200000,0x000000b353300000] [id=10908]
  0x000001f68df3f800 GCTaskThread "GC Thread#3" [stack: 0x000000b353300000,0x000000b353400000] [id=24892]
  0x000001f68dfa9800 ConcurrentGCThread "G1 Main Marker" [stack: 0x000000b353400000,0x000000b353500000] [id=25520]
  0x000001f68dfae000 ConcurrentGCThread "G1 Conc#0" [stack: 0x000000b353500000,0x000000b353600000] [id=25516]
  0x000001f6ab575800 ConcurrentGCThread "G1 Refine#0" [stack: 0x000000b353600000,0x000000b353700000] [id=24160]
  0x000001f6ab576800 ConcurrentGCThread "G1 Refine#1" [stack: 0x000000b353700000,0x000000b353800000] [id=25512]
  0x000001f6ab57c800 ConcurrentGCThread "G1 Refine#2" [stack: 0x000000b353800000,0x000000b353900000] [id=25484]
  0x000001f6ab57e000 ConcurrentGCThread "G1 Refine#3" [stack: 0x000000b353900000,0x000000b353a00000] [id=25508]
  0x000001f6ab582800 ConcurrentGCThread "G1 Young RemSet Sampling" [stack: 0x000000b353a00000,0x000000b353b00000] [id=25544]

Threads with active compile tasks:
C2 CompilerThread1 408       4       java.lang.StringLatin1::indexOf (121 bytes)

VM state:not at safepoint (normal execution)

VM Mutex/Monitor currently owned by a thread: None

Heap address: 0x0000000081a00000, size: 2022 MB, Compressed Oops mode: 32-bit
Narrow klass base: 0x0000000000000000, Narrow klass shift: 3
Compressed class space size: 1073741824 Address: 0x0000000100000000

Heap:
 garbage-first heap   total 131072K, used 5120K [0x0000000081a00000, 0x0000000100000000)
  region size 1024K, 6 young (6144K), 0 survivors (0K)
 Metaspace       used 7763K, capacity 7880K, committed 7936K, reserved 1056768K
  class space    used 728K, capacity 755K, committed 768K, reserved 1048576K
Heap Regions: E=young(eden), S=young(survivor), O=old, HS=humongous(starts), HC=humongous(continues), CS=collection set, F=free, A=archive, TS=gc time stamp, AC=allocation context, TAMS=top-at-mark-start (previous, next)
|   0|0x0000000081a00000, 0x0000000081a00000, 0x0000000081b00000|  0%| F|  |TS  0|AC  0|TAMS 0x0000000081a00000, 0x0000000081a00000|
|   1|0x0000000081b00000, 0x0000000081b00000, 0x0000000081c00000|  0%| F|  |TS  0|AC  0|TAMS 0x0000000081b00000, 0x0000000081b00000|
|   2|0x0000000081c00000, 0x0000000081c00000, 0x0000000081d00000|  0%| F|  |TS  0|AC  0|TAMS 0x0000000081c00000, 0x0000000081c00000|
|   3|0x0000000081d00000, 0x0000000081d00000, 0x0000000081e00000|  0%| F|  |TS  0|AC  0|TAMS 0x0000000081d00000, 0x0000000081d00000|
|   4|0x0000000081e00000, 0x0000000081e00000, 0x0000000081f00000|  0%| F|  |TS  0|AC  0|TAMS 0x0000000081e00000, 0x0000000081e00000|
|   5|0x0000000081f00000, 0x0000000081f00000, 0x0000000082000000|  0%| F|  |TS  0|AC  0|TAMS 0x0000000081f00000, 0x0000000081f00000|
|   6|0x0000000082000000, 0x0000000082000000, 0x0000000082100000|  0%| F|  |TS  0|AC  0|TAMS 0x0000000082000000, 0x0000000082000000|
|   7|0x0000000082100000, 0x0000000082100000, 0x0000000082200000|  0%| F|  |TS  0|AC  0|TAMS 0x0000000082100000, 0x0000000082100000|
|   8|0x0000000082200000, 0x0000000082200000, 0x0000000082300000|  0%| F|  |TS  0|AC  0|TAMS 0x0000000082200000, 0x0000000082200000|
|   9|0x0000000082300000, 0x0000000082300000, 0x0000000082400000|  0%| F|  |TS  0|AC  0|TAMS 0x0000000082300000, 0x0000000082300000|
|  10|0x0000000082400000, 0x0000000082400000, 0x0000000082500000|  0%| F|  |TS  0|AC  0|TAMS 0x0000000082400000, 0x0000000082400000|
|  11|0x0000000082500000, 0x0000000082500000, 0x0000000082600000|  0%| F|  |TS  0|AC  0|TAMS 0x0000000082500000, 0x0000000082500000|
|  12|0x0000000082600000, 0x0000000082600000, 0x0000000082700000|  0%| F|  |TS  0|AC  0|TAMS 0x0000000082600000, 0x0000000082600000|
|  13|0x0000000082700000, 0x0000000082700000, 0x0000000082800000|  0%| F|  |TS  0|AC  0|TAMS 0x0000000082700000, 0x0000000082700000|
|  14|0x0000000082800000, 0x0000000082800000, 0x0000000082900000|  0%| F|  |TS  0|AC  0|TAMS 0x0000000082800000, 0x0000000082800000|
|  15|0x0000000082900000, 0x0000000082900000, 0x0000000082a00000|  0%| F|  |TS  0|AC  0|TAMS 0x0000000082900000, 0x0000000082900000|
|  16|0x0000000082a00000, 0x0000000082a00000, 0x0000000082b00000|  0%| F|  |TS  0|AC  0|TAMS 0x0000000082a00000, 0x0000000082a00000|
|  17|0x0000000082b00000, 0x0000000082b00000, 0x0000000082c00000|  0%| F|  |TS  0|AC  0|TAMS 0x0000000082b00000, 0x0000000082b00000|
|  18|0x0000000082c00000, 0x0000000082c00000, 0x0000000082d00000|  0%| F|  |TS  0|AC  0|TAMS 0x0000000082c00000, 0x0000000082c00000|
|  19|0x0000000082d00000, 0x0000000082d00000, 0x0000000082e00000|  0%| F|  |TS  0|AC  0|TAMS 0x0000000082d00000, 0x0000000082d00000|
|  20|0x0000000082e00000, 0x0000000082e00000, 0x0000000082f00000|  0%| F|  |TS  0|AC  0|TAMS 0x0000000082e00000, 0x0000000082e00000|
|  21|0x0000000082f00000, 0x0000000082f00000, 0x0000000083000000|  0%| F|  |TS  0|AC  0|TAMS 0x0000000082f00000, 0x0000000082f00000|
|  22|0x0000000083000000, 0x0000000083000000, 0x0000000083100000|  0%| F|  |TS  0|AC  0|TAMS 0x0000000083000000, 0x0000000083000000|
|  23|0x0000000083100000, 0x0000000083100000, 0x0000000083200000|  0%| F|  |TS  0|AC  0|TAMS 0x0000000083100000, 0x0000000083100000|
|  24|0x0000000083200000, 0x0000000083200000, 0x0000000083300000|  0%| F|  |TS  0|AC  0|TAMS 0x0000000083200000, 0x0000000083200000|
|  25|0x0000000083300000, 0x0000000083300000, 0x0000000083400000|  0%| F|  |TS  0|AC  0|TAMS 0x0000000083300000, 0x0000000083300000|
|  26|0x0000000083400000, 0x0000000083400000, 0x0000000083500000|  0%| F|  |TS  0|AC  0|TAMS 0x0000000083400000, 0x0000000083400000|
|  27|0x0000000083500000, 0x0000000083500000, 0x0000000083600000|  0%| F|  |TS  0|AC  0|TAMS 0x0000000083500000, 0x0000000083500000|
|  28|0x0000000083600000, 0x0000000083600000, 0x0000000083700000|  0%| F|  |TS  0|AC  0|TAMS 0x0000000083600000, 0x0000000083600000|
|  29|0x0000000083700000, 0x0000000083700000, 0x0000000083800000|  0%| F|  |TS  0|AC  0|TAMS 0x0000000083700000, 0x0000000083700000|
|  30|0x0000000083800000, 0x0000000083800000, 0x0000000083900000|  0%| F|  |TS  0|AC  0|TAMS 0x0000000083800000, 0x0000000083800000|
|  31|0x0000000083900000, 0x0000000083900000, 0x0000000083a00000|  0%| F|  |TS  0|AC  0|TAMS 0x0000000083900000, 0x0000000083900000|
|  32|0x0000000083a00000, 0x0000000083a00000, 0x0000000083b00000|  0%| F|  |TS  0|AC  0|TAMS 0x0000000083a00000, 0x0000000083a00000|
|  33|0x0000000083b00000, 0x0000000083b00000, 0x0000000083c00000|  0%| F|  |TS  0|AC  0|TAMS 0x0000000083b00000, 0x0000000083b00000|
|  34|0x0000000083c00000, 0x0000000083c00000, 0x0000000083d00000|  0%| F|  |TS  0|AC  0|TAMS 0x0000000083c00000, 0x0000000083c00000|
|  35|0x0000000083d00000, 0x0000000083d00000, 0x0000000083e00000|  0%| F|  |TS  0|AC  0|TAMS 0x0000000083d00000, 0x0000000083d00000|
|  36|0x0000000083e00000, 0x0000000083e00000, 0x0000000083f00000|  0%| F|  |TS  0|AC  0|TAMS 0x0000000083e00000, 0x0000000083e00000|
|  37|0x0000000083f00000, 0x0000000083f00000, 0x0000000084000000|  0%| F|  |TS  0|AC  0|TAMS 0x0000000083f00000, 0x0000000083f00000|
|  38|0x0000000084000000, 0x0000000084000000, 0x0000000084100000|  0%| F|  |TS  0|AC  0|TAMS 0x0000000084000000, 0x0000000084000000|
|  39|0x0000000084100000, 0x0000000084100000, 0x0000000084200000|  0%| F|  |TS  0|AC  0|TAMS 0x0000000084100000, 0x0000000084100000|
|  40|0x0000000084200000, 0x0000000084200000, 0x0000000084300000|  0%| F|  |TS  0|AC  0|TAMS 0x0000000084200000, 0x0000000084200000|
|  41|0x0000000084300000, 0x0000000084300000, 0x0000000084400000|  0%| F|  |TS  0|AC  0|TAMS 0x0000000084300000, 0x0000000084300000|
|  42|0x0000000084400000, 0x0000000084400000, 0x0000000084500000|  0%| F|  |TS  0|AC  0|TAMS 0x0000000084400000, 0x0000000084400000|
|  43|0x0000000084500000, 0x0000000084500000, 0x0000000084600000|  0%| F|  |TS  0|AC  0|TAMS 0x0000000084500000, 0x0000000084500000|
|  44|0x0000000084600000, 0x0000000084600000, 0x0000000084700000|  0%| F|  |TS  0|AC  0|TAMS 0x0000000084600000, 0x0000000084600000|
|  45|0x0000000084700000, 0x0000000084700000, 0x0000000084800000|  0%| F|  |TS  0|AC  0|TAMS 0x0000000084700000, 0x0000000084700000|
|  46|0x0000000084800000, 0x0000000084800000, 0x0000000084900000|  0%| F|  |TS  0|AC  0|TAMS 0x0000000084800000, 0x0000000084800000|
|  47|0x0000000084900000, 0x0000000084900000, 0x0000000084a00000|  0%| F|  |TS  0|AC  0|TAMS 0x0000000084900000, 0x0000000084900000|
|  48|0x0000000084a00000, 0x0000000084a00000, 0x0000000084b00000|  0%| F|  |TS  0|AC  0|TAMS 0x0000000084a00000, 0x0000000084a00000|
|  49|0x0000000084b00000, 0x0000000084b00000, 0x0000000084c00000|  0%| F|  |TS  0|AC  0|TAMS 0x0000000084b00000, 0x0000000084b00000|
|  50|0x0000000084c00000, 0x0000000084c00000, 0x0000000084d00000|  0%| F|  |TS  0|AC  0|TAMS 0x0000000084c00000, 0x0000000084c00000|
|  51|0x0000000084d00000, 0x0000000084d00000, 0x0000000084e00000|  0%| F|  |TS  0|AC  0|TAMS 0x0000000084d00000, 0x0000000084d00000|
|  52|0x0000000084e00000, 0x0000000084e00000, 0x0000000084f00000|  0%| F|  |TS  0|AC  0|TAMS 0x0000000084e00000, 0x0000000084e00000|
|  53|0x0000000084f00000, 0x0000000084f00000, 0x0000000085000000|  0%| F|  |TS  0|AC  0|TAMS 0x0000000084f00000, 0x0000000084f00000|
|  54|0x0000000085000000, 0x0000000085000000, 0x0000000085100000|  0%| F|  |TS  0|AC  0|TAMS 0x0000000085000000, 0x0000000085000000|
|  55|0x0000000085100000, 0x0000000085100000, 0x0000000085200000|  0%| F|  |TS  0|AC  0|TAMS 0x0000000085100000, 0x0000000085100000|
|  56|0x0000000085200000, 0x0000000085200000, 0x0000000085300000|  0%| F|  |TS  0|AC  0|TAMS 0x0000000085200000, 0x0000000085200000|
|  57|0x0000000085300000, 0x0000000085300000, 0x0000000085400000|  0%| F|  |TS  0|AC  0|TAMS 0x0000000085300000, 0x0000000085300000|
|  58|0x0000000085400000, 0x0000000085400000, 0x0000000085500000|  0%| F|  |TS  0|AC  0|TAMS 0x0000000085400000, 0x0000000085400000|
|  59|0x0000000085500000, 0x0000000085500000, 0x0000000085600000|  0%| F|  |TS  0|AC  0|TAMS 0x0000000085500000, 0x0000000085500000|
|  60|0x0000000085600000, 0x0000000085600000, 0x0000000085700000|  0%| F|  |TS  0|AC  0|TAMS 0x0000000085600000, 0x0000000085600000|
|  61|0x0000000085700000, 0x0000000085700000, 0x0000000085800000|  0%| F|  |TS  0|AC  0|TAMS 0x0000000085700000, 0x0000000085700000|
|  62|0x0000000085800000, 0x0000000085800000, 0x0000000085900000|  0%| F|  |TS  0|AC  0|TAMS 0x0000000085800000, 0x0000000085800000|
|  63|0x0000000085900000, 0x0000000085900000, 0x0000000085a00000|  0%| F|  |TS  0|AC  0|TAMS 0x0000000085900000, 0x0000000085900000|
|  64|0x0000000085a00000, 0x0000000085a00000, 0x0000000085b00000|  0%| F|  |TS  0|AC  0|TAMS 0x0000000085a00000, 0x0000000085a00000|
|  65|0x0000000085b00000, 0x0000000085b00000, 0x0000000085c00000|  0%| F|  |TS  0|AC  0|TAMS 0x0000000085b00000, 0x0000000085b00000|
|  66|0x0000000085c00000, 0x0000000085c00000, 0x0000000085d00000|  0%| F|  |TS  0|AC  0|TAMS 0x0000000085c00000, 0x0000000085c00000|
|  67|0x0000000085d00000, 0x0000000085d00000, 0x0000000085e00000|  0%| F|  |TS  0|AC  0|TAMS 0x0000000085d00000, 0x0000000085d00000|
|  68|0x0000000085e00000, 0x0000000085e00000, 0x0000000085f00000|  0%| F|  |TS  0|AC  0|TAMS 0x0000000085e00000, 0x0000000085e00000|
|  69|0x0000000085f00000, 0x0000000085f00000, 0x0000000086000000|  0%| F|  |TS  0|AC  0|TAMS 0x0000000085f00000, 0x0000000085f00000|
|  70|0x0000000086000000, 0x0000000086000000, 0x0000000086100000|  0%| F|  |TS  0|AC  0|TAMS 0x0000000086000000, 0x0000000086000000|
|  71|0x0000000086100000, 0x0000000086100000, 0x0000000086200000|  0%| F|  |TS  0|AC  0|TAMS 0x0000000086100000, 0x0000000086100000|
|  72|0x0000000086200000, 0x0000000086200000, 0x0000000086300000|  0%| F|  |TS  0|AC  0|TAMS 0x0000000086200000, 0x0000000086200000|
|  73|0x0000000086300000, 0x0000000086300000, 0x0000000086400000|  0%| F|  |TS  0|AC  0|TAMS 0x0000000086300000, 0x0000000086300000|
|  74|0x0000000086400000, 0x0000000086400000, 0x0000000086500000|  0%| F|  |TS  0|AC  0|TAMS 0x0000000086400000, 0x0000000086400000|
|  75|0x0000000086500000, 0x0000000086500000, 0x0000000086600000|  0%| F|  |TS  0|AC  0|TAMS 0x0000000086500000, 0x0000000086500000|
|  76|0x0000000086600000, 0x0000000086600000, 0x0000000086700000|  0%| F|  |TS  0|AC  0|TAMS 0x0000000086600000, 0x0000000086600000|
|  77|0x0000000086700000, 0x0000000086700000, 0x0000000086800000|  0%| F|  |TS  0|AC  0|TAMS 0x0000000086700000, 0x0000000086700000|
|  78|0x0000000086800000, 0x0000000086800000, 0x0000000086900000|  0%| F|  |TS  0|AC  0|TAMS 0x0000000086800000, 0x0000000086800000|
|  79|0x0000000086900000, 0x0000000086900000, 0x0000000086a00000|  0%| F|  |TS  0|AC  0|TAMS 0x0000000086900000, 0x0000000086900000|
|  80|0x0000000086a00000, 0x0000000086a00000, 0x0000000086b00000|  0%| F|  |TS  0|AC  0|TAMS 0x0000000086a00000, 0x0000000086a00000|
|  81|0x0000000086b00000, 0x0000000086b00000, 0x0000000086c00000|  0%| F|  |TS  0|AC  0|TAMS 0x0000000086b00000, 0x0000000086b00000|
|  82|0x0000000086c00000, 0x0000000086c00000, 0x0000000086d00000|  0%| F|  |TS  0|AC  0|TAMS 0x0000000086c00000, 0x0000000086c00000|
|  83|0x0000000086d00000, 0x0000000086d00000, 0x0000000086e00000|  0%| F|  |TS  0|AC  0|TAMS 0x0000000086d00000, 0x0000000086d00000|
|  84|0x0000000086e00000, 0x0000000086e00000, 0x0000000086f00000|  0%| F|  |TS  0|AC  0|TAMS 0x0000000086e00000, 0x0000000086e00000|
|  85|0x0000000086f00000, 0x0000000086f00000, 0x0000000087000000|  0%| F|  |TS  0|AC  0|TAMS 0x0000000086f00000, 0x0000000086f00000|
|  86|0x0000000087000000, 0x0000000087000000, 0x0000000087100000|  0%| F|  |TS  0|AC  0|TAMS 0x0000000087000000, 0x0000000087000000|
|  87|0x0000000087100000, 0x0000000087100000, 0x0000000087200000|  0%| F|  |TS  0|AC  0|TAMS 0x0000000087100000, 0x0000000087100000|
|  88|0x0000000087200000, 0x0000000087200000, 0x0000000087300000|  0%| F|  |TS  0|AC  0|TAMS 0x0000000087200000, 0x0000000087200000|
|  89|0x0000000087300000, 0x0000000087300000, 0x0000000087400000|  0%| F|  |TS  0|AC  0|TAMS 0x0000000087300000, 0x0000000087300000|
|  90|0x0000000087400000, 0x0000000087400000, 0x0000000087500000|  0%| F|  |TS  0|AC  0|TAMS 0x0000000087400000, 0x0000000087400000|
|  91|0x0000000087500000, 0x0000000087500000, 0x0000000087600000|  0%| F|  |TS  0|AC  0|TAMS 0x0000000087500000, 0x0000000087500000|
|  92|0x0000000087600000, 0x0000000087600000, 0x0000000087700000|  0%| F|  |TS  0|AC  0|TAMS 0x0000000087600000, 0x0000000087600000|
|  93|0x0000000087700000, 0x0000000087700000, 0x0000000087800000|  0%| F|  |TS  0|AC  0|TAMS 0x0000000087700000, 0x0000000087700000|
|  94|0x0000000087800000, 0x0000000087800000, 0x0000000087900000|  0%| F|  |TS  0|AC  0|TAMS 0x0000000087800000, 0x0000000087800000|
|  95|0x0000000087900000, 0x0000000087900000, 0x0000000087a00000|  0%| F|  |TS  0|AC  0|TAMS 0x0000000087900000, 0x0000000087900000|
|  96|0x0000000087a00000, 0x0000000087a00000, 0x0000000087b00000|  0%| F|  |TS  0|AC  0|TAMS 0x0000000087a00000, 0x0000000087a00000|
|  97|0x0000000087b00000, 0x0000000087b00000, 0x0000000087c00000|  0%| F|  |TS  0|AC  0|TAMS 0x0000000087b00000, 0x0000000087b00000|
|  98|0x0000000087c00000, 0x0000000087c00000, 0x0000000087d00000|  0%| F|  |TS  0|AC  0|TAMS 0x0000000087c00000, 0x0000000087c00000|
|  99|0x0000000087d00000, 0x0000000087d00000, 0x0000000087e00000|  0%| F|  |TS  0|AC  0|TAMS 0x0000000087d00000, 0x0000000087d00000|
| 100|0x0000000087e00000, 0x0000000087e00000, 0x0000000087f00000|  0%| F|  |TS  0|AC  0|TAMS 0x0000000087e00000, 0x0000000087e00000|
| 101|0x0000000087f00000, 0x0000000087f00000, 0x0000000088000000|  0%| F|  |TS  0|AC  0|TAMS 0x0000000087f00000, 0x0000000087f00000|
| 102|0x0000000088000000, 0x0000000088000000, 0x0000000088100000|  0%| F|  |TS  0|AC  0|TAMS 0x0000000088000000, 0x0000000088000000|
| 103|0x0000000088100000, 0x0000000088100000, 0x0000000088200000|  0%| F|  |TS  0|AC  0|TAMS 0x0000000088100000, 0x0000000088100000|
| 104|0x0000000088200000, 0x0000000088200000, 0x0000000088300000|  0%| F|  |TS  0|AC  0|TAMS 0x0000000088200000, 0x0000000088200000|
| 105|0x0000000088300000, 0x0000000088300000, 0x0000000088400000|  0%| F|  |TS  0|AC  0|TAMS 0x0000000088300000, 0x0000000088300000|
| 106|0x0000000088400000, 0x0000000088400000, 0x0000000088500000|  0%| F|  |TS  0|AC  0|TAMS 0x0000000088400000, 0x0000000088400000|
| 107|0x0000000088500000, 0x0000000088500000, 0x0000000088600000|  0%| F|  |TS  0|AC  0|TAMS 0x0000000088500000, 0x0000000088500000|
| 108|0x0000000088600000, 0x0000000088600000, 0x0000000088700000|  0%| F|  |TS  0|AC  0|TAMS 0x0000000088600000, 0x0000000088600000|
| 109|0x0000000088700000, 0x0000000088700000, 0x0000000088800000|  0%| F|  |TS  0|AC  0|TAMS 0x0000000088700000, 0x0000000088700000|
| 110|0x0000000088800000, 0x0000000088800000, 0x0000000088900000|  0%| F|  |TS  0|AC  0|TAMS 0x0000000088800000, 0x0000000088800000|
| 111|0x0000000088900000, 0x0000000088900000, 0x0000000088a00000|  0%| F|  |TS  0|AC  0|TAMS 0x0000000088900000, 0x0000000088900000|
| 112|0x0000000088a00000, 0x0000000088a00000, 0x0000000088b00000|  0%| F|  |TS  0|AC  0|TAMS 0x0000000088a00000, 0x0000000088a00000|
| 113|0x0000000088b00000, 0x0000000088b00000, 0x0000000088c00000|  0%| F|  |TS  0|AC  0|TAMS 0x0000000088b00000, 0x0000000088b00000|
| 114|0x0000000088c00000, 0x0000000088c00000, 0x0000000088d00000|  0%| F|  |TS  0|AC  0|TAMS 0x0000000088c00000, 0x0000000088c00000|
| 115|0x0000000088d00000, 0x0000000088d00000, 0x0000000088e00000|  0%| F|  |TS  0|AC  0|TAMS 0x0000000088d00000, 0x0000000088d00000|
| 116|0x0000000088e00000, 0x0000000088e00000, 0x0000000088f00000|  0%| F|  |TS  0|AC  0|TAMS 0x0000000088e00000, 0x0000000088e00000|
| 117|0x0000000088f00000, 0x0000000088f00000, 0x0000000089000000|  0%| F|  |TS  0|AC  0|TAMS 0x0000000088f00000, 0x0000000088f00000|
| 118|0x0000000089000000, 0x0000000089000000, 0x0000000089100000|  0%| F|  |TS  0|AC  0|TAMS 0x0000000089000000, 0x0000000089000000|
| 119|0x0000000089100000, 0x0000000089100000, 0x0000000089200000|  0%| F|  |TS  0|AC  0|TAMS 0x0000000089100000, 0x0000000089100000|
| 120|0x0000000089200000, 0x0000000089200000, 0x0000000089300000|  0%| F|  |TS  0|AC  0|TAMS 0x0000000089200000, 0x0000000089200000|
| 121|0x0000000089300000, 0x0000000089300000, 0x0000000089400000|  0%| F|  |TS  0|AC  0|TAMS 0x0000000089300000, 0x0000000089300000|
| 122|0x0000000089400000, 0x0000000089449e68, 0x0000000089500000| 28%| E|  |TS  0|AC  0|TAMS 0x0000000089400000, 0x0000000089400000|
| 123|0x0000000089500000, 0x0000000089600000, 0x0000000089600000|100%| E|CS|TS  0|AC  0|TAMS 0x0000000089500000, 0x0000000089500000|
| 124|0x0000000089600000, 0x0000000089700000, 0x0000000089700000|100%| E|CS|TS  0|AC  0|TAMS 0x0000000089600000, 0x0000000089600000|
| 125|0x0000000089700000, 0x0000000089800000, 0x0000000089800000|100%| E|CS|TS  0|AC  0|TAMS 0x0000000089700000, 0x0000000089700000|
| 126|0x0000000089800000, 0x0000000089900000, 0x0000000089900000|100%| E|CS|TS  0|AC  0|TAMS 0x0000000089800000, 0x0000000089800000|
| 127|0x0000000089900000, 0x0000000089a00000, 0x0000000089a00000|100%| E|CS|TS  0|AC  0|TAMS 0x0000000089900000, 0x0000000089900000|

Card table byte_map: [0x000001f6a4ad0000,0x000001f6a4ed0000] byte_map_base: 0x000001f6a46c3000

Marking Bits (Prev, Next): (CMBitMap*) 0x000001f68dfa8b00, (CMBitMap*) 0x000001f68dfa8b38
 Prev Bits: [0x000001f6a52d0000, 0x000001f6a7268000)
 Next Bits: [0x000001f6a7270000, 0x000001f6a9208000)

Polling page: 0x000001f68bdf0000

CodeHeap 'non-profiled nmethods': size=120064Kb used=130Kb max_used=130Kb free=119933Kb
 bounds [0x000001f69d190000, 0x000001f69d400000, 0x000001f6a46d0000]
CodeHeap 'profiled nmethods': size=120000Kb used=576Kb max_used=576Kb free=119423Kb
 bounds [0x000001f695c60000, 0x000001f695ed0000, 0x000001f69d190000]
CodeHeap 'non-nmethods': size=5696Kb used=1065Kb max_used=1082Kb free=4630Kb
 bounds [0x000001f6956d0000, 0x000001f695940000, 0x000001f695c60000]
 total_blobs=872 nmethods=420 adapters=271
 compilation: enabled

Compilation events (10 events):
Event: 1.038 Thread 0x000001f6ac067000  410       3       jdk.internal.org.objectweb.asm.Type::getArgumentsAndReturnSizes (151 bytes)
Event: 1.040 Thread 0x000001f6ac067000 nmethod 410 0x000001f695ce6090 code [0x000001f695ce6420, 0x000001f695ce7d00]
Event: 1.040 Thread 0x000001f6ac067000  411       3       java.lang.invoke.MemberName::getMethodOrFieldType (72 bytes)
Event: 1.041 Thread 0x000001f6ac067000 nmethod 411 0x000001f695ce8590 code [0x000001f695ce8900, 0x000001f695ce9c70]
Event: 1.041 Thread 0x000001f6ac067000  412       3       java.lang.invoke.MemberName::isConstructor (7 bytes)
Event: 1.041 Thread 0x000001f6ac067000 nmethod 412 0x000001f695cea310 code [0x000001f695cea4e0, 0x000001f695cea758]
Event: 1.041 Thread 0x000001f6ac067000  414       3       java.nio.Buffer::limit (74 bytes)
Event: 1.041 Thread 0x000001f6ac067000 nmethod 414 0x000001f695cea890 code [0x000001f695ceaa60, 0x000001f695cead70]
Event: 1.041 Thread 0x000001f6ac067000  413       3       jdk.internal.org.objectweb.asm.ClassWriter::newStringishItem (68 bytes)
Event: 1.042 Thread 0x000001f6ac067000 nmethod 413 0x000001f695ceae10 code [0x000001f695ceb020, 0x000001f695ceb400]

GC Heap History (0 events):
No events

Deoptimization events (1 events):
Event: 0.162 Thread 0x000001f68df1f800 Uncommon trap: reason=unstable_if action=reinterpret pc=0x000001f69d1944f0 method=java.lang.String.hashCode()I @ 14 c2

Classes redefined (0 events):
No events

Internal exceptions (9 events):
Event: 0.237 Thread 0x000001f68df1f800 Exception <a 'java/lang/NoSuchMethodError'{0x0000000089716c98}: java.lang.Object.lambda$negate$3(I)Z> (0x0000000089716c98) thrown at [t:/workspace/open/src/hotspot/share/interpreter/linkResolver.cpp, line 741]
Event: 0.241 Thread 0x000001f68df1f800 Exception <a 'java/lang/NoSuchMethodError'{0x0000000089724570}: java.lang.Object.lambda$union$2(Ljava/util/regex/Pattern$CharPredicate;I)Z> (0x0000000089724570) thrown at [t:/workspace/open/src/hotspot/share/interpreter/linkResolver.cpp, line 741]
Event: 0.296 Thread 0x000001f68df1f800 Exception <a 'java/lang/NoSuchMethodError'{0x0000000089638048}: method resolution failed> (0x0000000089638048) thrown at [t:/workspace/open/src/hotspot/share/prims/methodHandles.cpp, line 1226]
Event: 0.297 Thread 0x000001f68df1f800 Exception <a 'java/lang/NoSuchMethodError'{0x000000008963b578}: java.lang.invoke.DirectMethodHandle$Holder.invokeStaticInit(Ljava/lang/Object;IIII)Ljava/lang/Object;> (0x000000008963b578) thrown at [t:/workspace/open/src/hotspot/share/interpreter/linkReso
Event: 0.837 Thread 0x000001f68df1f800 Exception <a 'java/lang/NoSuchMethodError'{0x00000000896750b0}: method resolution failed> (0x00000000896750b0) thrown at [t:/workspace/open/src/hotspot/share/prims/methodHandles.cpp, line 1226]
Event: 0.837 Thread 0x000001f68df1f800 Exception <a 'java/lang/NoSuchMethodError'{0x00000000896786a8}: java.lang.invoke.DirectMethodHandle$Holder.invokeStaticInit(Ljava/lang/Object;Ljava/lang/Object;IIII)Ljava/lang/Object;> (0x00000000896786a8) thrown at [t:/workspace/open/src/hotspot/share/in
Event: 0.925 Thread 0x000001f68df1f800 Exception <a 'java/io/IOException'{0x00000000896959f0}: CreateProcess error=1455, The paging file is too small for this operation to complete> (0x00000000896959f0) thrown at [t:/workspace/open/src/hotspot/share/prims/jni.cpp, line 632]
Event: 0.952 Thread 0x000001f68df1f800 Exception <a 'java/io/IOException'{0x0000000089696e00}: CreateProcess error=1455, The paging file is too small for this operation to complete> (0x0000000089696e00) thrown at [t:/workspace/open/src/hotspot/share/prims/jni.cpp, line 632]
Event: 1.038 Thread 0x000001f68df1f800 Exception <a 'java/lang/ClassNotFoundException'{0x0000000089573940}: sun/awt/resources/spi/awtProvider> (0x0000000089573940) thrown at [t:/workspace/open/src/hotspot/share/classfile/systemDictionary.cpp, line 233]

Events (10 events):
Event: 1.039 loading class sun/awt/resources/awt_en
Event: 1.039 loading class sun/awt/resources/awt_en done
Event: 1.040 loading class jdk/internal/module/Checks
Event: 1.040 loading class jdk/internal/module/Checks done
Event: 1.041 loading class sun/awt/resources/awt_en_US
Event: 1.041 loading class sun/awt/resources/awt_en_US done
Event: 1.041 loading class sun/awt/resources/awt_en_US
Event: 1.041 loading class sun/awt/resources/awt_en_US done
Event: 1.041 loading class java/awt/Toolkit$3
Event: 1.041 loading class java/awt/Toolkit$3 done


Dynamic libraries:
0x00007ff7a6410000 - 0x00007ff7a644e000 	C:\Program Files\Java\jre-10.0.2\bin\javaw.exe
0x00007fff65450000 - 0x00007fff6563d000 	C:\WINDOWS\SYSTEM32\ntdll.dll
0x00007fff62970000 - 0x00007fff62a23000 	C:\WINDOWS\System32\KERNEL32.DLL
0x00007fff61f30000 - 0x00007fff621c5000 	C:\WINDOWS\System32\KERNELBASE.dll
0x00007fff64cd0000 - 0x00007fff64d73000 	C:\WINDOWS\System32\ADVAPI32.dll
0x00007fff62810000 - 0x00007fff628ae000 	C:\WINDOWS\System32\msvcrt.dll
0x00007fff650b0000 - 0x00007fff6514e000 	C:\WINDOWS\System32\sechost.dll
0x00007fff626e0000 - 0x00007fff62802000 	C:\WINDOWS\System32\RPCRT4.dll
0x00007fff65150000 - 0x00007fff652e7000 	C:\WINDOWS\System32\USER32.dll
0x00007fff61d30000 - 0x00007fff61d50000 	C:\WINDOWS\System32\win32u.dll
0x00007fff628b0000 - 0x00007fff628d9000 	C:\WINDOWS\System32\GDI32.dll
0x00007fff62310000 - 0x00007fff624aa000 	C:\WINDOWS\System32\gdi32full.dll
0x00007fff625b0000 - 0x00007fff62650000 	C:\WINDOWS\System32\msvcp_win.dll
0x00007fff624b0000 - 0x00007fff625aa000 	C:\WINDOWS\System32\ucrtbase.dll
0x00007fff52080000 - 0x00007fff522f9000 	C:\WINDOWS\WinSxS\amd64_microsoft.windows.common-controls_6595b64144ccf1df_6.0.17763.1282_none_de75b6f253473c0f\COMCTL32.dll
0x00007fff62f30000 - 0x00007fff6325c000 	C:\WINDOWS\System32\combase.dll
0x00007fff61560000 - 0x00007fff615de000 	C:\WINDOWS\System32\bcryptPrimitives.dll
0x00007fff5c850000 - 0x00007fff5c85a000 	C:\WINDOWS\SYSTEM32\VERSION.dll
0x00007fff64d80000 - 0x00007fff64dae000 	C:\WINDOWS\System32\IMM32.DLL
0x00007fff21110000 - 0x00007fff211ff000 	C:\Program Files\Java\jre-10.0.2\bin\msvcr120.dll
0x00007fff1fa20000 - 0x00007fff1fac6000 	C:\Program Files\Java\jre-10.0.2\bin\msvcp120.dll
0x000000005aee0000 - 0x000000005b950000 	C:\Program Files\Java\jre-10.0.2\bin\server\jvm.dll
0x00007fff62960000 - 0x00007fff62968000 	C:\WINDOWS\System32\PSAPI.DLL
0x00007fff5ffe0000 - 0x00007fff5ffe9000 	C:\WINDOWS\SYSTEM32\WSOCK32.dll
0x00007fff64e30000 - 0x00007fff64e9d000 	C:\WINDOWS\System32\WS2_32.dll
0x00007fff5db60000 - 0x00007fff5db84000 	C:\WINDOWS\SYSTEM32\WINMM.dll
0x00007fff5db30000 - 0x00007fff5db5d000 	C:\WINDOWS\SYSTEM32\WINMMBASE.dll
0x00007fff61510000 - 0x00007fff6155a000 	C:\WINDOWS\System32\cfgmgr32.dll
0x00007fff5b160000 - 0x00007fff5b16f000 	C:\Program Files\Java\jre-10.0.2\bin\verify.dll
0x00007fff5fd70000 - 0x00007fff5ff5d000 	C:\WINDOWS\SYSTEM32\DBGHELP.DLL
0x00007fff43170000 - 0x00007fff4319a000 	C:\WINDOWS\SYSTEM32\dbgcore.DLL
0x00007fff42a90000 - 0x00007fff42ab7000 	C:\Program Files\Java\jre-10.0.2\bin\java.dll
0x00007fff3f8f0000 - 0x00007fff3f906000 	C:\Program Files\Java\jre-10.0.2\bin\zip.dll
0x00007fff5b150000 - 0x00007fff5b15a000 	C:\Program Files\Java\jre-10.0.2\bin\jimage.dll
0x00007fff63770000 - 0x00007fff64c68000 	C:\WINDOWS\System32\SHELL32.dll
0x00007fff62c70000 - 0x00007fff62d18000 	C:\WINDOWS\System32\shcore.dll
0x00007fff615e0000 - 0x00007fff61d2f000 	C:\WINDOWS\System32\windows.storage.dll
0x00007fff61460000 - 0x00007fff61484000 	C:\WINDOWS\System32\profapi.dll
0x00007fff614b0000 - 0x00007fff6150d000 	C:\WINDOWS\System32\powrprof.dll
0x00007fff62ed0000 - 0x00007fff62f22000 	C:\WINDOWS\System32\shlwapi.dll
0x00007fff61440000 - 0x00007fff61451000 	C:\WINDOWS\System32\kernel.appcore.dll
0x00007fff62650000 - 0x00007fff62667000 	C:\WINDOWS\System32\cryptsp.dll
0x00007fff34eb0000 - 0x00007fff34eca000 	C:\Program Files\Java\jre-10.0.2\bin\net.dll
0x00007fff56b20000 - 0x00007fff56c12000 	C:\WINDOWS\SYSTEM32\WINHTTP.dll
0x00007fff60ca0000 - 0x00007fff60d07000 	C:\WINDOWS\system32\mswsock.dll
0x00007fff34e90000 - 0x00007fff34ea1000 	C:\Program Files\Java\jre-10.0.2\bin\nio.dll
0x00007fff60820000 - 0x00007fff60853000 	C:\WINDOWS\system32\rsaenh.dll
0x00007fff622e0000 - 0x00007fff62306000 	C:\WINDOWS\System32\bcrypt.dll
0x00007fff61370000 - 0x00007fff61398000 	C:\WINDOWS\SYSTEM32\USERENV.dll
0x00007fff60e70000 - 0x00007fff60e7c000 	C:\WINDOWS\SYSTEM32\CRYPTBASE.dll
0x00007fff609c0000 - 0x00007fff609fd000 	C:\WINDOWS\SYSTEM32\IPHLPAPI.DLL
0x00007fff626d0000 - 0x00007fff626d8000 	C:\WINDOWS\System32\NSI.dll
0x00007fff569e0000 - 0x00007fff569f6000 	C:\WINDOWS\SYSTEM32\dhcpcsvc6.DLL
0x00007fff569c0000 - 0x00007fff569dc000 	C:\WINDOWS\SYSTEM32\dhcpcsvc.DLL
0x00007fff60a00000 - 0x00007fff60ac7000 	C:\WINDOWS\SYSTEM32\DNSAPI.dll
0x00000000637c0000 - 0x00000000637cd000 	D:\eclipse\2D\Natives\windows-amd64\gluegen-rt.dll

dbghelp: loaded successfully - version: 4.0.5 - missing functions: none
symbol engine: initialized successfully - sym options: 0x614 - pdb path: .;C:\Program Files\Java\jre-10.0.2\bin;C:\WINDOWS\SYSTEM32;C:\WINDOWS\WinSxS\amd64_microsoft.windows.common-controls_6595b64144ccf1df_6.0.17763.1282_none_de75b6f253473c0f;C:\Program Files\Java\jre-10.0.2\bin\server;D:\eclipse\2D\Natives\windows-amd64

VM Arguments:
jvm_args: -Djava.library.path=D:\eclipse\2D\Natives;D:\eclipse\2D\Natives -Dfile.encoding=Cp1252 
java_command: org.graphics.Renderer
java_class_path (initial): D:\eclipse\2D\bin;C:\Users\User\Downloads\jogamp-all-platforms\jar\gluegen-rt.jar;C:\Users\User\Downloads\jogamp-all-platforms\jar\jogl-all.jar
Launcher Type: SUN_STANDARD

Logging:
Log output configuration:
#0: stdout all=warning uptime,level,tags
#1: stderr all=off uptime,level,tags

Environment Variables:
PATH=C:/Program Files/Java/jre1.8.0_171/bin/server;C:/Program Files/Java/jre1.8.0_171/bin;C:/Program Files/Java/jre1.8.0_171/lib/amd64;D:\dbms\app\oracle\product\11.2.0\server\bin;C:\Program Files (x86)\Common Files\Oracle\Java\javapath;C:\Program Files (x86)\Intel\iCLS Client\;C:\Program Files\Intel\iCLS Client\;C:\Windows\system32;C:\Windows;C:\Windows\System32\Wbem;C:\Windows\System32\WindowsPowerShell\v1.0\;C:\Program Files (x86)\Intel\Intel(R) Management Engine Components\DAL;C:\Program Files\Intel\Intel(R) Management Engine Components\DAL;C:\Program Files (x86)\Intel\Intel(R) Management Engine Components\IPT;C:\Program Files\Intel\Intel(R) Management Engine Components\IPT;C:\Program Files (x86)\NVIDIA Corporation\PhysX\Common;C:\WINDOWS\system32;C:\WINDOWS;C:\WINDOWS\System32\Wbem;C:\WINDOWS\System32\WindowsPowerShell\v1.0\;C:\WINDOWS\System32\OpenSSH\;C:\Program Files (x86)\CodeBlocks\MinGW\bin;C:\Program Files (x86)\GnuWin32\bin;D:\bison\bin;C:\instantclient_12_2;C:\Program Files\Git\cmd;C:\Users\User\AppData\Local\Microsoft\WindowsApps;C:\Program Files\Java\jre1.8.0_171\lib;C:\Program Files\Java\jdk1.8.0_171\bin;C:\Program Files (x86)\CodeBlocks\MinGW\bin;C:\Program Files (x86)\GnuWin32\bin;D:\bison\bin;C:\instantclient_12_2;;C:\WINDOWS\system32;
USERNAME=User
OS=Windows_NT
PROCESSOR_IDENTIFIER=Intel64 Family 6 Model 78 Stepping 3, GenuineIntel



---------------  S Y S T E M  ---------------

OS: Windows 10 , 64 bit Build 17763 (10.0.17763.1158)

CPU:total 4 (initial active 4) (2 cores per cpu, 2 threads per core) family 6 model 78 stepping 3, cmov, cx8, fxsr, mmx, sse, sse2, sse3, ssse3, sse4.1, sse4.2, popcnt, avx, avx2, aes, clmul, erms, 3dnowpref, lzcnt, ht, tsc, tscinvbit, bmi1, bmi2, adx, fma

Memory: 4k page, physical 8275968k(856744k free), swap 25338748k(2380k free)

vm_info: Java HotSpot(TM) 64-Bit Server VM (10.0.2+13) for windows-amd64 JRE (10.0.2+13), built on Jun 28 2018 01:57:56 by "mach5one" with MS VC++ 12.0 (VS2013)

END.
