#
# There is insufficient memory for the Java Runtime Environment to continue.
# Native memory allocation (malloc) failed to allocate 8248 bytes for AllocateHeap
# Possible reasons:
#   The system is out of physical RAM or swap space
#   The process is running with CompressedOops enabled, and the Java Heap may be blocking the growth of the native heap
# Possible solutions:
#   Reduce memory load on the system
#   Increase physical memory or swap space
#   Check if swap backing store is full
#   Decrease Java heap size (-Xmx/-Xms)
#   Decrease number of Java threads
#   Decrease Java thread stack sizes (-Xss)
#   Set larger code cache with -XX:ReservedCodeCacheSize=
#   JVM is running with Unscaled Compressed Oops mode in which the Java heap is
#     placed in the first 4GB address space. The Java Heap base address is the
#     maximum limit for the native heap growth. Please use -XX:HeapBaseMinAddress
#     to set the Java Heap base and to place the Java Heap above 4GB virtual address.
# This output file may be truncated or incomplete.
#
#  Out of Memory Error (memory/allocation.inline.hpp:63), pid=19640, tid=17708
#
# JRE version: Java(TM) SE Runtime Environment (10.0.2+13) (build 10.0.2+13)
# Java VM: Java HotSpot(TM) 64-Bit Server VM (10.0.2+13, mixed mode, tiered, compressed oops, g1 gc, windows-amd64)
# No core dump will be written. Minidumps are not enabled by default on client versions of Windows
#

---------------  S U M M A R Y ------------

Command Line: -Djava.library.path=D:\eclipse\2D\Natives;D:\eclipse\2D\Natives -Dfile.encoding=Cp1252 org.graphics.Renderer

Host: Intel(R) Core(TM) i7-6500U CPU @ 2.50GHz, 4 cores, 7G,  Windows 10 , 64 bit Build 17763 (10.0.17763.1158)
Time: Sat Aug 29 23:49:17 2020 Bangladesh Standard Time elapsed time: 1518 seconds (0d 0h 25m 18s)

---------------  T H R E A D  ---------------

Current thread (0x000001cd68276000):  JavaThread "AWT-Windows" daemon [_thread_in_vm, id=17708, stack(0x0000007446b00000,0x0000007446c00000)]

Stack: [0x0000007446b00000,0x0000007446c00000]
Native frames: (J=compiled Java code, j=interpreted, Vv=VM code, C=native code)
V  [jvm.dll+0x5a01a9]
V  [jvm.dll+0x6bcf31]
V  [jvm.dll+0x6be126]
V  [jvm.dll+0x6be7b3]
V  [jvm.dll+0x234978]
V  [jvm.dll+0xb2c9a]
V  [jvm.dll+0x68db69]
V  [jvm.dll+0x68958c]
V  [jvm.dll+0x3e9f13]
C  0x000001cd5174f317

Java frames: (J=compiled Java code, j=interpreted, Vv=VM code)
j  java.lang.Thread.start0()V+0 java.base@10.0.2
j  java.lang.Thread.start()V+26 java.base@10.0.2
j  java.awt.EventQueue.initDispatchThread()V+58 java.desktop@10.0.2
j  java.awt.EventQueue.postEventPrivate(Ljava/awt/AWTEvent;)V+67 java.desktop@10.0.2
j  java.awt.EventQueue.postEvent(Ljava/awt/AWTEvent;)V+9 java.desktop@10.0.2
j  java.awt.EventQueue.invokeLater(Ljava/lang/Runnable;)V+14 java.desktop@10.0.2
j  sun.awt.windows.WToolkit.displayChanged()V+7 java.desktop@10.0.2
v  ~StubRoutines::call_stub
j  sun.awt.windows.WToolkit.eventLoop()V+0 java.desktop@10.0.2
j  sun.awt.windows.WToolkit.run()V+50 java.desktop@10.0.2
j  java.lang.Thread.run()V+11 java.base@10.0.2
v  ~StubRoutines::call_stub

---------------  P R O C E S S  ---------------

Threads class SMR info:
_java_thread_list=0x000001cd6a0e3960, length=17, elements={
0x000001cd67766800, 0x000001cd67770800, 0x000001cd67782000, 0x000001cd67786800,
0x000001cd6778b800, 0x000001cd67794800, 0x000001cd67798800, 0x000001cd677a1000,
0x000001cd6827c000, 0x000001cd68279800, 0x000001cd6827d000, 0x000001cd68276000,
0x000001cd68279000, 0x000001cd6827b800, 0x000001cd68276800, 0x000001cd68278000,
0x000001cd6827a800
}
_to_delete_list=0x000001cd6a0d2e70, length=16, elements={
0x000001cd67766800, 0x000001cd67770800, 0x000001cd67782000, 0x000001cd67786800,
0x000001cd6778b800, 0x000001cd67794800, 0x000001cd67798800, 0x000001cd677a1000,
0x000001cd6827c000, 0x000001cd68279800, 0x000001cd6827d000, 0x000001cd68276000,
0x000001cd68279000, 0x000001cd6827b800, 0x000001cd68276800, 0x000001cd68278000
}

Java Threads: ( => current thread )
  0x000001cd67766800 JavaThread "Reference Handler" daemon [_thread_blocked, id=24588, stack(0x0000007445e00000,0x0000007445f00000)]
  0x000001cd67770800 JavaThread "Finalizer" daemon [_thread_blocked, id=19472, stack(0x0000007445f00000,0x0000007446000000)]
  0x000001cd67782000 JavaThread "Signal Dispatcher" daemon [_thread_blocked, id=19516, stack(0x0000007446000000,0x0000007446100000)]
  0x000001cd67786800 JavaThread "Attach Listener" daemon [_thread_blocked, id=9296, stack(0x0000007446100000,0x0000007446200000)]
  0x000001cd6778b800 JavaThread "C2 CompilerThread0" daemon [_thread_blocked, id=16932, stack(0x0000007446200000,0x0000007446300000)]
  0x000001cd67794800 JavaThread "C2 CompilerThread1" daemon [_thread_blocked, id=17212, stack(0x0000007446300000,0x0000007446400000)]
  0x000001cd67798800 JavaThread "C1 CompilerThread2" daemon [_thread_blocked, id=13184, stack(0x0000007446400000,0x0000007446500000)]
  0x000001cd677a1000 JavaThread "Sweeper thread" daemon [_thread_blocked, id=6628, stack(0x0000007446500000,0x0000007446600000)]
  0x000001cd6827c000 JavaThread "Service Thread" daemon [_thread_blocked, id=10428, stack(0x0000007446600000,0x0000007446700000)]
  0x000001cd68279800 JavaThread "Common-Cleaner" daemon [_thread_blocked, id=10160, stack(0x0000007446700000,0x0000007446800000)]
  0x000001cd6827d000 JavaThread "Java2D Disposer" daemon [_thread_blocked, id=5912, stack(0x0000007446900000,0x0000007446a00000)]
=>0x000001cd68276000 JavaThread "AWT-Windows" daemon [_thread_in_vm, id=17708, stack(0x0000007446b00000,0x0000007446c00000)]
  0x000001cd68279000 JavaThread "main-SharedResourceRunner" daemon [_thread_blocked, id=15836, stack(0x0000007446d00000,0x0000007446e00000)]
  0x000001cd6827b800 JavaThread "main-FPSAWTAnimator#00-Timer0" [_thread_blocked, id=22724, stack(0x0000007447200000,0x0000007447300000)]
  0x000001cd68276800 JavaThread "DestroyJavaVM" [_thread_blocked, id=19168, stack(0x0000007445100000,0x0000007445200000)]
  0x000001cd68278000 JavaThread "AWT-Shutdown" [_thread_blocked, id=4872, stack(0x0000007444e00000,0x0000007444f00000)]
  0x000001cd6827a800 JavaThread "AWT-EventQueue-0" [_thread_new, id=16544, stack(0x0000000000000000,0x0000000000000000)]

Other Threads:
  0x000001cd67763000 VMThread "VM Thread" [stack: 0x0000007445d00000,0x0000007445e00000] [id=9300]
  0x000001cd6825b800 WatcherThread [stack: 0x0000007446800000,0x0000007446900000] [id=18656]
  0x000001cd49fa9800 GCTaskThread "GC Thread#0" [stack: 0x0000007445200000,0x0000007445300000] [id=18124]
  0x000001cd49fac800 GCTaskThread "GC Thread#1" [stack: 0x0000007445300000,0x0000007445400000] [id=5196]
  0x000001cd49faf000 GCTaskThread "GC Thread#2" [stack: 0x0000007445400000,0x0000007445500000] [id=13904]
  0x000001cd49fb5800 GCTaskThread "GC Thread#3" [stack: 0x0000007445500000,0x0000007445600000] [id=11200]
  0x000001cd4a020000 ConcurrentGCThread "G1 Main Marker" [stack: 0x0000007445600000,0x0000007445700000] [id=7356]
  0x000001cd4a027000 ConcurrentGCThread "G1 Conc#0" [stack: 0x0000007445700000,0x0000007445800000] [id=23048]
  0x000001cd675ef800 ConcurrentGCThread "G1 Refine#0" [stack: 0x0000007445800000,0x0000007445900000] [id=23596]
  0x000001cd675f2800 ConcurrentGCThread "G1 Refine#1" [stack: 0x0000007445900000,0x0000007445a00000] [id=14044]
  0x000001cd4a06e000 ConcurrentGCThread "G1 Refine#2" [stack: 0x0000007445a00000,0x0000007445b00000] [id=24776]
  0x000001cd675f3000 ConcurrentGCThread "G1 Refine#3" [stack: 0x0000007445b00000,0x0000007445c00000] [id=6076]
  0x000001cd675f6000 ConcurrentGCThread "G1 Young RemSet Sampling" [stack: 0x0000007445c00000,0x0000007445d00000] [id=8116]

Threads with active compile tasks:

VM state:not at safepoint (normal execution)

VM Mutex/Monitor currently owned by a thread:  ([mutex/lock_event])
[0x000001cd49f8ee40] Threads_lock - owner thread: 0x000001cd68276000

Heap address: 0x0000000081a00000, size: 2022 MB, Compressed Oops mode: 32-bit
Narrow klass base: 0x0000000000000000, Narrow klass shift: 3
Compressed class space size: 1073741824 Address: 0x0000000100000000

Heap:
 garbage-first heap   total 131072K, used 20449K [0x0000000081a00000, 0x0000000100000000)
  region size 1024K, 21 young (21504K), 2 survivors (2048K)
 Metaspace       used 16259K, capacity 16531K, committed 16768K, reserved 1064960K
  class space    used 1436K, capacity 1559K, committed 1664K, reserved 1048576K
Heap Regions: E=young(eden), S=young(survivor), O=old, HS=humongous(starts), HC=humongous(continues), CS=collection set, F=free, A=archive, TS=gc time stamp, AC=allocation context, TAMS=top-at-mark-start (previous, next)
|   0|0x0000000081a00000, 0x0000000081a00000, 0x0000000081b00000|  0%| F|  |TS  1|AC  0|TAMS 0x0000000081a00000, 0x0000000081a00000|
|   1|0x0000000081b00000, 0x0000000081b00000, 0x0000000081c00000|  0%| F|  |TS  0|AC  0|TAMS 0x0000000081b00000, 0x0000000081b00000|
|   2|0x0000000081c00000, 0x0000000081c00000, 0x0000000081d00000|  0%| F|  |TS  0|AC  0|TAMS 0x0000000081c00000, 0x0000000081c00000|
|   3|0x0000000081d00000, 0x0000000081d00000, 0x0000000081e00000|  0%| F|  |TS  0|AC  0|TAMS 0x0000000081d00000, 0x0000000081d00000|
|   4|0x0000000081e00000, 0x0000000081e00000, 0x0000000081f00000|  0%| F|  |TS  0|AC  0|TAMS 0x0000000081e00000, 0x0000000081e00000|
|   5|0x0000000081f00000, 0x0000000081f00000, 0x0000000082000000|  0%| F|  |TS  0|AC  0|TAMS 0x0000000081f00000, 0x0000000081f00000|
|   6|0x0000000082000000, 0x0000000082000000, 0x0000000082100000|  0%| F|  |TS  0|AC  0|TAMS 0x0000000082000000, 0x0000000082000000|
|   7|0x0000000082100000, 0x0000000082100000, 0x0000000082200000|  0%| F|  |TS  0|AC  0|TAMS 0x0000000082100000, 0x0000000082100000|
|   8|0x0000000082200000, 0x0000000082200000, 0x0000000082300000|  0%| F|  |TS  0|AC  0|TAMS 0x0000000082200000, 0x0000000082200000|
|   9|0x0000000082300000, 0x0000000082300000, 0x0000000082400000|  0%| F|  |TS  0|AC  0|TAMS 0x0000000082300000, 0x0000000082300000|
|  10|0x0000000082400000, 0x0000000082400000, 0x0000000082500000|  0%| F|  |TS  0|AC  0|TAMS 0x0000000082400000, 0x0000000082400000|
|  11|0x0000000082500000, 0x0000000082500000, 0x0000000082600000|  0%| F|  |TS  0|AC  0|TAMS 0x0000000082500000, 0x0000000082500000|
|  12|0x0000000082600000, 0x0000000082600000, 0x0000000082700000|  0%| F|  |TS  0|AC  0|TAMS 0x0000000082600000, 0x0000000082600000|
|  13|0x0000000082700000, 0x0000000082700000, 0x0000000082800000|  0%| F|  |TS  0|AC  0|TAMS 0x0000000082700000, 0x0000000082700000|
|  14|0x0000000082800000, 0x0000000082800000, 0x0000000082900000|  0%| F|  |TS  0|AC  0|TAMS 0x0000000082800000, 0x0000000082800000|
|  15|0x0000000082900000, 0x0000000082900000, 0x0000000082a00000|  0%| F|  |TS  0|AC  0|TAMS 0x0000000082900000, 0x0000000082900000|
|  16|0x0000000082a00000, 0x0000000082a00000, 0x0000000082b00000|  0%| F|  |TS  0|AC  0|TAMS 0x0000000082a00000, 0x0000000082a00000|
|  17|0x0000000082b00000, 0x0000000082b00000, 0x0000000082c00000|  0%| F|  |TS  0|AC  0|TAMS 0x0000000082b00000, 0x0000000082b00000|
|  18|0x0000000082c00000, 0x0000000082c00000, 0x0000000082d00000|  0%| F|  |TS  0|AC  0|TAMS 0x0000000082c00000, 0x0000000082c00000|
|  19|0x0000000082d00000, 0x0000000082d00000, 0x0000000082e00000|  0%| F|  |TS  0|AC  0|TAMS 0x0000000082d00000, 0x0000000082d00000|
|  20|0x0000000082e00000, 0x0000000082e00000, 0x0000000082f00000|  0%| F|  |TS  0|AC  0|TAMS 0x0000000082e00000, 0x0000000082e00000|
|  21|0x0000000082f00000, 0x0000000082f00000, 0x0000000083000000|  0%| F|  |TS  0|AC  0|TAMS 0x0000000082f00000, 0x0000000082f00000|
|  22|0x0000000083000000, 0x0000000083000000, 0x0000000083100000|  0%| F|  |TS  0|AC  0|TAMS 0x0000000083000000, 0x0000000083000000|
|  23|0x0000000083100000, 0x0000000083100000, 0x0000000083200000|  0%| F|  |TS  0|AC  0|TAMS 0x0000000083100000, 0x0000000083100000|
|  24|0x0000000083200000, 0x0000000083200000, 0x0000000083300000|  0%| F|  |TS  0|AC  0|TAMS 0x0000000083200000, 0x0000000083200000|
|  25|0x0000000083300000, 0x0000000083300000, 0x0000000083400000|  0%| F|  |TS  0|AC  0|TAMS 0x0000000083300000, 0x0000000083300000|
|  26|0x0000000083400000, 0x0000000083400000, 0x0000000083500000|  0%| F|  |TS  0|AC  0|TAMS 0x0000000083400000, 0x0000000083400000|
|  27|0x0000000083500000, 0x0000000083500000, 0x0000000083600000|  0%| F|  |TS  0|AC  0|TAMS 0x0000000083500000, 0x0000000083500000|
|  28|0x0000000083600000, 0x0000000083600000, 0x0000000083700000|  0%| F|  |TS  0|AC  0|TAMS 0x0000000083600000, 0x0000000083600000|
|  29|0x0000000083700000, 0x0000000083700000, 0x0000000083800000|  0%| F|  |TS  0|AC  0|TAMS 0x0000000083700000, 0x0000000083700000|
|  30|0x0000000083800000, 0x0000000083800000, 0x0000000083900000|  0%| F|  |TS  0|AC  0|TAMS 0x0000000083800000, 0x0000000083800000|
|  31|0x0000000083900000, 0x0000000083900000, 0x0000000083a00000|  0%| F|  |TS  0|AC  0|TAMS 0x0000000083900000, 0x0000000083900000|
|  32|0x0000000083a00000, 0x0000000083a00000, 0x0000000083b00000|  0%| F|  |TS  0|AC  0|TAMS 0x0000000083a00000, 0x0000000083a00000|
|  33|0x0000000083b00000, 0x0000000083b00000, 0x0000000083c00000|  0%| F|  |TS  0|AC  0|TAMS 0x0000000083b00000, 0x0000000083b00000|
|  34|0x0000000083c00000, 0x0000000083c00000, 0x0000000083d00000|  0%| F|  |TS  0|AC  0|TAMS 0x0000000083c00000, 0x0000000083c00000|
|  35|0x0000000083d00000, 0x0000000083d00000, 0x0000000083e00000|  0%| F|  |TS  0|AC  0|TAMS 0x0000000083d00000, 0x0000000083d00000|
|  36|0x0000000083e00000, 0x0000000083e00000, 0x0000000083f00000|  0%| F|  |TS  0|AC  0|TAMS 0x0000000083e00000, 0x0000000083e00000|
|  37|0x0000000083f00000, 0x0000000083f00000, 0x0000000084000000|  0%| F|  |TS  0|AC  0|TAMS 0x0000000083f00000, 0x0000000083f00000|
|  38|0x0000000084000000, 0x0000000084000000, 0x0000000084100000|  0%| F|  |TS  0|AC  0|TAMS 0x0000000084000000, 0x0000000084000000|
|  39|0x0000000084100000, 0x0000000084100000, 0x0000000084200000|  0%| F|  |TS  0|AC  0|TAMS 0x0000000084100000, 0x0000000084100000|
|  40|0x0000000084200000, 0x0000000084200000, 0x0000000084300000|  0%| F|  |TS  0|AC  0|TAMS 0x0000000084200000, 0x0000000084200000|
|  41|0x0000000084300000, 0x0000000084300000, 0x0000000084400000|  0%| F|  |TS  0|AC  0|TAMS 0x0000000084300000, 0x0000000084300000|
|  42|0x0000000084400000, 0x0000000084400000, 0x0000000084500000|  0%| F|  |TS  0|AC  0|TAMS 0x0000000084400000, 0x0000000084400000|
|  43|0x0000000084500000, 0x0000000084500000, 0x0000000084600000|  0%| F|  |TS  0|AC  0|TAMS 0x0000000084500000, 0x0000000084500000|
|  44|0x0000000084600000, 0x0000000084600000, 0x0000000084700000|  0%| F|  |TS  0|AC  0|TAMS 0x0000000084600000, 0x0000000084600000|
|  45|0x0000000084700000, 0x0000000084700000, 0x0000000084800000|  0%| F|  |TS  0|AC  0|TAMS 0x0000000084700000, 0x0000000084700000|
|  46|0x0000000084800000, 0x0000000084800000, 0x0000000084900000|  0%| F|  |TS  0|AC  0|TAMS 0x0000000084800000, 0x0000000084800000|
|  47|0x0000000084900000, 0x0000000084900000, 0x0000000084a00000|  0%| F|  |TS  0|AC  0|TAMS 0x0000000084900000, 0x0000000084900000|
|  48|0x0000000084a00000, 0x0000000084a00000, 0x0000000084b00000|  0%| F|  |TS  0|AC  0|TAMS 0x0000000084a00000, 0x0000000084a00000|
|  49|0x0000000084b00000, 0x0000000084b00000, 0x0000000084c00000|  0%| F|  |TS  0|AC  0|TAMS 0x0000000084b00000, 0x0000000084b00000|
|  50|0x0000000084c00000, 0x0000000084c00000, 0x0000000084d00000|  0%| F|  |TS  0|AC  0|TAMS 0x0000000084c00000, 0x0000000084c00000|
|  51|0x0000000084d00000, 0x0000000084d00000, 0x0000000084e00000|  0%| F|  |TS  0|AC  0|TAMS 0x0000000084d00000, 0x0000000084d00000|
|  52|0x0000000084e00000, 0x0000000084e00000, 0x0000000084f00000|  0%| F|  |TS  0|AC  0|TAMS 0x0000000084e00000, 0x0000000084e00000|
|  53|0x0000000084f00000, 0x0000000084f00000, 0x0000000085000000|  0%| F|  |TS  0|AC  0|TAMS 0x0000000084f00000, 0x0000000084f00000|
|  54|0x0000000085000000, 0x0000000085000000, 0x0000000085100000|  0%| F|  |TS  0|AC  0|TAMS 0x0000000085000000, 0x0000000085000000|
|  55|0x0000000085100000, 0x0000000085100000, 0x0000000085200000|  0%| F|  |TS  0|AC  0|TAMS 0x0000000085100000, 0x0000000085100000|
|  56|0x0000000085200000, 0x0000000085200000, 0x0000000085300000|  0%| F|  |TS  0|AC  0|TAMS 0x0000000085200000, 0x0000000085200000|
|  57|0x0000000085300000, 0x0000000085300000, 0x0000000085400000|  0%| F|  |TS  0|AC  0|TAMS 0x0000000085300000, 0x0000000085300000|
|  58|0x0000000085400000, 0x0000000085400000, 0x0000000085500000|  0%| F|  |TS  0|AC  0|TAMS 0x0000000085400000, 0x0000000085400000|
|  59|0x0000000085500000, 0x0000000085500000, 0x0000000085600000|  0%| F|  |TS  0|AC  0|TAMS 0x0000000085500000, 0x0000000085500000|
|  60|0x0000000085600000, 0x0000000085600000, 0x0000000085700000|  0%| F|  |TS  0|AC  0|TAMS 0x0000000085600000, 0x0000000085600000|
|  61|0x0000000085700000, 0x0000000085700000, 0x0000000085800000|  0%| F|  |TS  0|AC  0|TAMS 0x0000000085700000, 0x0000000085700000|
|  62|0x0000000085800000, 0x0000000085800000, 0x0000000085900000|  0%| F|  |TS  0|AC  0|TAMS 0x0000000085800000, 0x0000000085800000|
|  63|0x0000000085900000, 0x0000000085900000, 0x0000000085a00000|  0%| F|  |TS  0|AC  0|TAMS 0x0000000085900000, 0x0000000085900000|
|  64|0x0000000085a00000, 0x0000000085a00000, 0x0000000085b00000|  0%| F|  |TS  0|AC  0|TAMS 0x0000000085a00000, 0x0000000085a00000|
|  65|0x0000000085b00000, 0x0000000085b00000, 0x0000000085c00000|  0%| F|  |TS  0|AC  0|TAMS 0x0000000085b00000, 0x0000000085b00000|
|  66|0x0000000085c00000, 0x0000000085c00000, 0x0000000085d00000|  0%| F|  |TS  0|AC  0|TAMS 0x0000000085c00000, 0x0000000085c00000|
|  67|0x0000000085d00000, 0x0000000085d00000, 0x0000000085e00000|  0%| F|  |TS  0|AC  0|TAMS 0x0000000085d00000, 0x0000000085d00000|
|  68|0x0000000085e00000, 0x0000000085e00000, 0x0000000085f00000|  0%| F|  |TS  0|AC  0|TAMS 0x0000000085e00000, 0x0000000085e00000|
|  69|0x0000000085f00000, 0x0000000085f00000, 0x0000000086000000|  0%| F|  |TS  0|AC  0|TAMS 0x0000000085f00000, 0x0000000085f00000|
|  70|0x0000000086000000, 0x0000000086000000, 0x0000000086100000|  0%| F|  |TS  0|AC  0|TAMS 0x0000000086000000, 0x0000000086000000|
|  71|0x0000000086100000, 0x0000000086100000, 0x0000000086200000|  0%| F|  |TS  0|AC  0|TAMS 0x0000000086100000, 0x0000000086100000|
|  72|0x0000000086200000, 0x0000000086200000, 0x0000000086300000|  0%| F|  |TS  0|AC  0|TAMS 0x0000000086200000, 0x0000000086200000|
|  73|0x0000000086300000, 0x0000000086300000, 0x0000000086400000|  0%| F|  |TS  0|AC  0|TAMS 0x0000000086300000, 0x0000000086300000|
|  74|0x0000000086400000, 0x0000000086400000, 0x0000000086500000|  0%| F|  |TS  0|AC  0|TAMS 0x0000000086400000, 0x0000000086400000|
|  75|0x0000000086500000, 0x0000000086500000, 0x0000000086600000|  0%| F|  |TS  0|AC  0|TAMS 0x0000000086500000, 0x0000000086500000|
|  76|0x0000000086600000, 0x0000000086600000, 0x0000000086700000|  0%| F|  |TS  0|AC  0|TAMS 0x0000000086600000, 0x0000000086600000|
|  77|0x0000000086700000, 0x0000000086700000, 0x0000000086800000|  0%| F|  |TS  0|AC  0|TAMS 0x0000000086700000, 0x0000000086700000|
|  78|0x0000000086800000, 0x0000000086800000, 0x0000000086900000|  0%| F|  |TS  0|AC  0|TAMS 0x0000000086800000, 0x0000000086800000|
|  79|0x0000000086900000, 0x0000000086900000, 0x0000000086a00000|  0%| F|  |TS  0|AC  0|TAMS 0x0000000086900000, 0x0000000086900000|
|  80|0x0000000086a00000, 0x0000000086a00000, 0x0000000086b00000|  0%| F|  |TS  0|AC  0|TAMS 0x0000000086a00000, 0x0000000086a00000|
|  81|0x0000000086b00000, 0x0000000086b00000, 0x0000000086c00000|  0%| F|  |TS  0|AC  0|TAMS 0x0000000086b00000, 0x0000000086b00000|
|  82|0x0000000086c00000, 0x0000000086c00000, 0x0000000086d00000|  0%| F|  |TS  0|AC  0|TAMS 0x0000000086c00000, 0x0000000086c00000|
|  83|0x0000000086d00000, 0x0000000086d00000, 0x0000000086e00000|  0%| F|  |TS  0|AC  0|TAMS 0x0000000086d00000, 0x0000000086d00000|
|  84|0x0000000086e00000, 0x0000000086e00000, 0x0000000086f00000|  0%| F|  |TS  0|AC  0|TAMS 0x0000000086e00000, 0x0000000086e00000|
|  85|0x0000000086f00000, 0x0000000086f00000, 0x0000000087000000|  0%| F|  |TS  0|AC  0|TAMS 0x0000000086f00000, 0x0000000086f00000|
|  86|0x0000000087000000, 0x0000000087000000, 0x0000000087100000|  0%| F|  |TS  0|AC  0|TAMS 0x0000000087000000, 0x0000000087000000|
|  87|0x0000000087100000, 0x0000000087100000, 0x0000000087200000|  0%| F|  |TS  0|AC  0|TAMS 0x0000000087100000, 0x0000000087100000|
|  88|0x0000000087200000, 0x0000000087200000, 0x0000000087300000|  0%| F|  |TS  0|AC  0|TAMS 0x0000000087200000, 0x0000000087200000|
|  89|0x0000000087300000, 0x0000000087300000, 0x0000000087400000|  0%| F|  |TS  0|AC  0|TAMS 0x0000000087300000, 0x0000000087300000|
|  90|0x0000000087400000, 0x0000000087400000, 0x0000000087500000|  0%| F|  |TS  0|AC  0|TAMS 0x0000000087400000, 0x0000000087400000|
|  91|0x0000000087500000, 0x0000000087500000, 0x0000000087600000|  0%| F|  |TS  0|AC  0|TAMS 0x0000000087500000, 0x0000000087500000|
|  92|0x0000000087600000, 0x0000000087600000, 0x0000000087700000|  0%| F|  |TS  0|AC  0|TAMS 0x0000000087600000, 0x0000000087600000|
|  93|0x0000000087700000, 0x0000000087700000, 0x0000000087800000|  0%| F|  |TS  0|AC  0|TAMS 0x0000000087700000, 0x0000000087700000|
|  94|0x0000000087800000, 0x0000000087800000, 0x0000000087900000|  0%| F|  |TS  0|AC  0|TAMS 0x0000000087800000, 0x0000000087800000|
|  95|0x0000000087900000, 0x0000000087900000, 0x0000000087a00000|  0%| F|  |TS  0|AC  0|TAMS 0x0000000087900000, 0x0000000087900000|
|  96|0x0000000087a00000, 0x0000000087a00000, 0x0000000087b00000|  0%| F|  |TS  0|AC  0|TAMS 0x0000000087a00000, 0x0000000087a00000|
|  97|0x0000000087b00000, 0x0000000087b00000, 0x0000000087c00000|  0%| F|  |TS  0|AC  0|TAMS 0x0000000087b00000, 0x0000000087b00000|
|  98|0x0000000087c00000, 0x0000000087c00000, 0x0000000087d00000|  0%| F|  |TS  0|AC  0|TAMS 0x0000000087c00000, 0x0000000087c00000|
|  99|0x0000000087d00000, 0x0000000087d00000, 0x0000000087e00000|  0%| F|  |TS  0|AC  0|TAMS 0x0000000087d00000, 0x0000000087d00000|
| 100|0x0000000087e00000, 0x0000000087e00000, 0x0000000087f00000|  0%| F|  |TS  0|AC  0|TAMS 0x0000000087e00000, 0x0000000087e00000|
| 101|0x0000000087f00000, 0x0000000087f00000, 0x0000000088000000|  0%| F|  |TS  0|AC  0|TAMS 0x0000000087f00000, 0x0000000087f00000|
| 102|0x0000000088000000, 0x0000000088000000, 0x0000000088100000|  0%| F|  |TS  0|AC  0|TAMS 0x0000000088000000, 0x0000000088000000|
| 103|0x0000000088100000, 0x0000000088100000, 0x0000000088200000|  0%| F|  |TS  0|AC  0|TAMS 0x0000000088100000, 0x0000000088100000|
| 104|0x0000000088200000, 0x0000000088200000, 0x0000000088300000|  0%| F|  |TS  0|AC  0|TAMS 0x0000000088200000, 0x0000000088200000|
| 105|0x0000000088300000, 0x0000000088300000, 0x0000000088400000|  0%| F|  |TS  0|AC  0|TAMS 0x0000000088300000, 0x0000000088300000|
| 106|0x0000000088400000, 0x0000000088400000, 0x0000000088500000|  0%| F|  |TS  0|AC  0|TAMS 0x0000000088400000, 0x0000000088400000|
| 107|0x0000000088500000, 0x0000000088600000, 0x0000000088600000|100%| E|  |TS  0|AC  0|TAMS 0x0000000088500000, 0x0000000088500000|
| 108|0x0000000088600000, 0x0000000088700000, 0x0000000088700000|100%| E|CS|TS  0|AC  0|TAMS 0x0000000088600000, 0x0000000088600000|
| 109|0x0000000088700000, 0x0000000088800000, 0x0000000088800000|100%| E|CS|TS  0|AC  0|TAMS 0x0000000088700000, 0x0000000088700000|
| 110|0x0000000088800000, 0x0000000088900000, 0x0000000088900000|100%| E|CS|TS  0|AC  0|TAMS 0x0000000088800000, 0x0000000088800000|
| 111|0x0000000088900000, 0x0000000088a00000, 0x0000000088a00000|100%| E|CS|TS  0|AC  0|TAMS 0x0000000088900000, 0x0000000088900000|
| 112|0x0000000088a00000, 0x0000000088af86a8, 0x0000000088b00000| 97%| S|CS|TS  1|AC  0|TAMS 0x0000000088a00000, 0x0000000088a00000|
| 113|0x0000000088b00000, 0x0000000088c00000, 0x0000000088c00000|100%| S|CS|TS  1|AC  0|TAMS 0x0000000088b00000, 0x0000000088b00000|
| 114|0x0000000088c00000, 0x0000000088d00000, 0x0000000088d00000|100%| E|CS|TS  1|AC  0|TAMS 0x0000000088c00000, 0x0000000088c00000|
| 115|0x0000000088d00000, 0x0000000088e00000, 0x0000000088e00000|100%| E|CS|TS  1|AC  0|TAMS 0x0000000088d00000, 0x0000000088d00000|
| 116|0x0000000088e00000, 0x0000000088f00000, 0x0000000088f00000|100%| E|CS|TS  1|AC  0|TAMS 0x0000000088e00000, 0x0000000088e00000|
| 117|0x0000000088f00000, 0x0000000089000000, 0x0000000089000000|100%| E|CS|TS  1|AC  0|TAMS 0x0000000088f00000, 0x0000000088f00000|
| 118|0x0000000089000000, 0x0000000089100000, 0x0000000089100000|100%| E|CS|TS  1|AC  0|TAMS 0x0000000089000000, 0x0000000089000000|
| 119|0x0000000089100000, 0x0000000089200000, 0x0000000089200000|100%| E|CS|TS  1|AC  0|TAMS 0x0000000089100000, 0x0000000089100000|
| 120|0x0000000089200000, 0x0000000089300000, 0x0000000089300000|100%| E|CS|TS  1|AC  0|TAMS 0x0000000089200000, 0x0000000089200000|
| 121|0x0000000089300000, 0x0000000089400000, 0x0000000089400000|100%| E|CS|TS  1|AC  0|TAMS 0x0000000089300000, 0x0000000089300000|
| 122|0x0000000089400000, 0x0000000089500000, 0x0000000089500000|100%| E|CS|TS  1|AC  0|TAMS 0x0000000089400000, 0x0000000089400000|
| 123|0x0000000089500000, 0x0000000089600000, 0x0000000089600000|100%| E|CS|TS  1|AC  0|TAMS 0x0000000089500000, 0x0000000089500000|
| 124|0x0000000089600000, 0x0000000089700000, 0x0000000089700000|100%| E|CS|TS  1|AC  0|TAMS 0x0000000089600000, 0x0000000089600000|
| 125|0x0000000089700000, 0x0000000089800000, 0x0000000089800000|100%| E|CS|TS  1|AC  0|TAMS 0x0000000089700000, 0x0000000089700000|
| 126|0x0000000089800000, 0x0000000089900000, 0x0000000089900000|100%| E|CS|TS  1|AC  0|TAMS 0x0000000089800000, 0x0000000089800000|
| 127|0x0000000089900000, 0x0000000089a00000, 0x0000000089a00000|100%| E|CS|TS  1|AC  0|TAMS 0x0000000089900000, 0x0000000089900000|

Card table byte_map: [0x000001cd60b40000,0x000001cd60f40000] byte_map_base: 0x000001cd60733000

Marking Bits (Prev, Next): (CMBitMap*) 0x000001cd4a01f300, (CMBitMap*) 0x000001cd4a01f338
 Prev Bits: [0x000001cd61340000, 0x000001cd632d8000)
 Next Bits: [0x000001cd632e0000, 0x000001cd65278000)

Polling page: 0x000001cd47e10000

CodeHeap 'non-profiled nmethods': size=120064Kb used=510Kb max_used=510Kb free=119553Kb
 bounds [0x000001cd59200000, 0x000001cd59470000, 0x000001cd60740000]
CodeHeap 'profiled nmethods': size=120000Kb used=2225Kb max_used=2225Kb free=117775Kb
 bounds [0x000001cd51cd0000, 0x000001cd51f40000, 0x000001cd59200000]
CodeHeap 'non-nmethods': size=5696Kb used=1366Kb max_used=1402Kb free=4330Kb
 bounds [0x000001cd51740000, 0x000001cd519b0000, 0x000001cd51cd0000]
 total_blobs=2338 nmethods=1249 adapters=734
 compilation: enabled

Compilation events (10 events):
Event: 95.495 Thread 0x000001cd67794800 nmethod 1244 0x000001cd59276d90 code [0x000001cd59276fc0, 0x000001cd59278460]
Event: 95.495 Thread 0x000001cd67794800 1245   !   4       com.jogamp.newt.opengl.GLWindow::display (144 bytes)
Event: 95.496 Thread 0x000001cd6778b800 nmethod 1243 0x000001cd59278f10 code [0x000001cd59279220, 0x000001cd5927b7d8]
Event: 95.509 Thread 0x000001cd67794800 nmethod 1245 0x000001cd5927ca10 code [0x000001cd5927cc20, 0x000001cd5927dc10]
Event: 516.132 Thread 0x000001cd67798800 1247 % !   3       java.util.TimerThread::mainLoop @ 0 (232 bytes)
Event: 516.134 Thread 0x000001cd67798800 nmethod 1247% 0x000001cd51ef8c10 code [0x000001cd51ef8ee0, 0x000001cd51efa000]
Event: 524.757 Thread 0x000001cd67798800 1248   !   3       java.util.TimerThread::mainLoop (232 bytes)
Event: 524.758 Thread 0x000001cd67798800 nmethod 1248 0x000001cd51efa890 code [0x000001cd51efab60, 0x000001cd51efbbc0]
Event: 864.079 Thread 0x000001cd6778b800 1249 % !   4       java.util.TimerThread::mainLoop @ 0 (232 bytes)
Event: 864.107 Thread 0x000001cd6778b800 nmethod 1249% 0x000001cd5927e790 code [0x000001cd5927e980, 0x000001cd5927f2f8]

GC Heap History (2 events):
Event: 1.591 GC heap before
{Heap before GC invocations=0 (full 0):
 garbage-first heap   total 131072K, used 15360K [0x0000000081a00000, 0x0000000100000000)
  region size 1024K, 14 young (14336K), 0 survivors (0K)
 Metaspace       used 14385K, capacity 14579K, committed 14720K, reserved 1062912K
  class space    used 1278K, capacity 1399K, committed 1408K, reserved 1048576K
}
Event: 1.599 GC heap after
{Heap after GC invocations=1 (full 0):
 garbage-first heap   total 131072K, used 2017K [0x0000000081a00000, 0x0000000100000000)
  region size 1024K, 2 young (2048K), 2 survivors (2048K)
 Metaspace       used 14385K, capacity 14579K, committed 14720K, reserved 1062912K
  class space    used 1278K, capacity 1399K, committed 1408K, reserved 1048576K
}

Deoptimization events (5 events):
Event: 0.125 Thread 0x000001cd49f90800 Uncommon trap: reason=unstable_if action=reinterpret pc=0x000001cd592057f0 method=java.lang.String.hashCode()I @ 14 c2
Event: 1.037 Thread 0x000001cd49f90800 Uncommon trap: reason=unstable_if action=reinterpret pc=0x000001cd5922067c method=java.nio.Buffer.hasRemaining()Z @ 8 c2
Event: 2.139 Thread 0x000001cd68279000 Uncommon trap: reason=unstable_if action=reinterpret pc=0x000001cd59256f80 method=java.lang.Integer.getChars(II[B)I @ 25 c2
Event: 2.164 Thread 0x000001cd49f90800 Uncommon trap: reason=unstable_if action=reinterpret pc=0x000001cd59258e20 method=java.util.HashMap.containsKey(Ljava/lang/Object;)Z @ 9 c2
Event: 2.217 Thread 0x000001cd49f90800 Uncommon trap: reason=unstable_if action=reinterpret pc=0x000001cd5925d890 method=java.lang.reflect.AccessibleObject.checkCanSetAccessible(Ljava/lang/Class;Ljava/lang/Class;Z)Z @ 16 c2

Classes redefined (0 events):
No events

Internal exceptions (10 events):
Event: 1.153 Thread 0x000001cd49f90800 Exception <a 'java/lang/NoSuchMethodError'{0x000000008934a018}: java.lang.invoke.DelegatingMethodHandle$Holder.reinvoke_L(Ljava/lang/Object;IILjava/lang/Object;Ljava/lang/Object;Ljava/lang/Object;)Ljava/lang/Object;> (0x000000008934a018) thrown at [t:/wor
Event: 1.154 Thread 0x000001cd49f90800 Exception <a 'java/lang/NoSuchMethodError'{0x000000008934e628}: java.lang.invoke.DirectMethodHandle$Holder.invokeStatic(Ljava/lang/Object;Ljava/lang/Object;Ljava/lang/Object;Ljava/lang/Object;I)Ljava/lang/Object;> (0x000000008934e628) thrown at [t:/worksp
Event: 1.159 Thread 0x000001cd49f90800 Exception <a 'java/lang/NoSuchMethodError'{0x0000000089365a60}: method resolution failed> (0x0000000089365a60) thrown at [t:/workspace/open/src/hotspot/share/prims/methodHandles.cpp, line 1226]
Event: 1.161 Thread 0x000001cd49f90800 Exception <a 'java/lang/NoSuchMethodError'{0x000000008937be30}: method resolution failed> (0x000000008937be30) thrown at [t:/workspace/open/src/hotspot/share/prims/methodHandles.cpp, line 1226]
Event: 1.164 Thread 0x000001cd49f90800 Exception <a 'java/lang/NoSuchMethodError'{0x0000000089394510}: method resolution failed> (0x0000000089394510) thrown at [t:/workspace/open/src/hotspot/share/prims/methodHandles.cpp, line 1226]
Event: 1.166 Thread 0x000001cd49f90800 Exception <a 'java/lang/NoSuchMethodError'{0x00000000893adc60}: method resolution failed> (0x00000000893adc60) thrown at [t:/workspace/open/src/hotspot/share/prims/methodHandles.cpp, line 1226]
Event: 1.167 Thread 0x000001cd49f90800 Exception <a 'java/io/FileNotFoundException'{0x00000000893b7560}> (0x00000000893b7560) thrown at [t:/workspace/open/src/hotspot/share/prims/jni.cpp, line 611]
Event: 1.213 Thread 0x000001cd68276000 Exception <a 'java/lang/NoSuchMethodError'{0x000000008924d658}: java.lang.invoke.DirectMethodHandle$Holder.invokeSpecial(Ljava/lang/Object;Ljava/lang/Object;)V> (0x000000008924d658) thrown at [t:/workspace/open/src/hotspot/share/interpreter/linkResolver.c
Event: 1.217 Thread 0x000001cd49f90800 Exception <a 'java/lang/NoSuchMethodError'{0x000000008923cc88}: java.lang.invoke.DirectMethodHandle$Holder.invokeStatic(Ljava/lang/Object;Ljava/lang/Object;Ljava/lang/Object;Ljava/lang/Object;Ljava/lang/Object;Ljava/lang/Object;Ljava/lang/Object;Ljava/lan
Event: 1.219 Thread 0x000001cd49f90800 Exception <a 'java/lang/NoSuchMethodError'{0x00000000892a03c8}: java.lang.invoke.DirectMethodHandle$Holder.invokeStatic(Ljava/lang/Object;Ljava/lang/Object;Ljava/lang/Object;Ljava/lang/Object;Ljava/lang/Object;Ljava/lang/Object;Ljava/lang/Object;Ljava/lan

Events (10 events):
Event: 22.919 Executing VM operation: RevokeBias
Event: 22.919 Executing VM operation: RevokeBias done
Event: 22.920 Executing VM operation: RevokeBias
Event: 22.920 Executing VM operation: RevokeBias done
Event: 22.920 Thread 0x000001cd6827a800 Thread exited: 0x000001cd6827a800
Event: 933.939 Thread 0x000001cd6827b800 DEOPT PACKING pc=0x000001cd51ef9e24 sp=0x00000074472ff380
Event: 933.939 Thread 0x000001cd6827b800 DEOPT UNPACKING pc=0x000001cd5176884e sp=0x00000074472fe868 mode 0
Event: 1514.417 Thread 0x000001cd68278000 Thread added: 0x000001cd68278000
Event: 1518.563 loading class sun/awt/windows/WToolkit$3
Event: 1518.563 loading class sun/awt/windows/WToolkit$3 done


Dynamic libraries:
0x00007ff7118a0000 - 0x00007ff7118de000 	C:\Program Files\Java\jre-10.0.2\bin\javaw.exe
0x00007ffa516c0000 - 0x00007ffa518ad000 	C:\WINDOWS\SYSTEM32\ntdll.dll
0x00007ffa4f080000 - 0x00007ffa4f133000 	C:\WINDOWS\System32\KERNEL32.DLL
0x00007ffa4e210000 - 0x00007ffa4e4a5000 	C:\WINDOWS\System32\KERNELBASE.dll
0x00007ffa4eea0000 - 0x00007ffa4ef43000 	C:\WINDOWS\System32\ADVAPI32.dll
0x00007ffa50d80000 - 0x00007ffa50e1e000 	C:\WINDOWS\System32\msvcrt.dll
0x00007ffa51410000 - 0x00007ffa514ae000 	C:\WINDOWS\System32\sechost.dll
0x00007ffa4ef50000 - 0x00007ffa4f072000 	C:\WINDOWS\System32\RPCRT4.dll
0x00007ffa4eb10000 - 0x00007ffa4eca7000 	C:\WINDOWS\System32\USER32.dll
0x00007ffa4d990000 - 0x00007ffa4d9b0000 	C:\WINDOWS\System32\win32u.dll
0x00007ffa514c0000 - 0x00007ffa514e9000 	C:\WINDOWS\System32\GDI32.dll
0x00007ffa4e4b0000 - 0x00007ffa4e64a000 	C:\WINDOWS\System32\gdi32full.dll
0x00007ffa4e150000 - 0x00007ffa4e1f0000 	C:\WINDOWS\System32\msvcp_win.dll
0x00007ffa4e760000 - 0x00007ffa4e85a000 	C:\WINDOWS\System32\ucrtbase.dll
0x00007ffa3ad00000 - 0x00007ffa3af79000 	C:\WINDOWS\WinSxS\amd64_microsoft.windows.common-controls_6595b64144ccf1df_6.0.17763.1282_none_de75b6f253473c0f\COMCTL32.dll
0x00007ffa49540000 - 0x00007ffa4954a000 	C:\WINDOWS\SYSTEM32\VERSION.dll
0x00007ffa50650000 - 0x00007ffa5097c000 	C:\WINDOWS\System32\combase.dll
0x00007ffa4e860000 - 0x00007ffa4e8de000 	C:\WINDOWS\System32\bcryptPrimitives.dll
0x00007ffa513e0000 - 0x00007ffa5140e000 	C:\WINDOWS\System32\IMM32.DLL
0x00007ffa20da0000 - 0x00007ffa20e8f000 	C:\Program Files\Java\jre-10.0.2\bin\msvcr120.dll
0x00007ffa21420000 - 0x00007ffa214c6000 	C:\Program Files\Java\jre-10.0.2\bin\msvcp120.dll
0x000000006f360000 - 0x000000006fdd0000 	C:\Program Files\Java\jre-10.0.2\bin\server\jvm.dll
0x00007ffa514b0000 - 0x00007ffa514b8000 	C:\WINDOWS\System32\PSAPI.DLL
0x00007ffa4c2a0000 - 0x00007ffa4c2a9000 	C:\WINDOWS\SYSTEM32\WSOCK32.dll
0x00007ffa4b940000 - 0x00007ffa4b964000 	C:\WINDOWS\SYSTEM32\WINMM.dll
0x00007ffa51620000 - 0x00007ffa5168d000 	C:\WINDOWS\System32\WS2_32.dll
0x00007ffa4b7f0000 - 0x00007ffa4b81d000 	C:\WINDOWS\SYSTEM32\WINMMBASE.dll
0x00007ffa4e100000 - 0x00007ffa4e14a000 	C:\WINDOWS\System32\cfgmgr32.dll
0x00007ffa495e0000 - 0x00007ffa495ef000 	C:\Program Files\Java\jre-10.0.2\bin\verify.dll
0x00007ffa49170000 - 0x00007ffa4935d000 	C:\WINDOWS\SYSTEM32\DBGHELP.DLL
0x00007ffa311b0000 - 0x00007ffa311da000 	C:\WINDOWS\SYSTEM32\dbgcore.DLL
0x00007ffa3a6b0000 - 0x00007ffa3a6d7000 	C:\Program Files\Java\jre-10.0.2\bin\java.dll
0x00007ffa495c0000 - 0x00007ffa495d6000 	C:\Program Files\Java\jre-10.0.2\bin\zip.dll
0x00007ffa3a6a0000 - 0x00007ffa3a6aa000 	C:\Program Files\Java\jre-10.0.2\bin\jimage.dll
0x00007ffa4f140000 - 0x00007ffa50638000 	C:\WINDOWS\System32\SHELL32.dll
0x00007ffa4ecb0000 - 0x00007ffa4ed58000 	C:\WINDOWS\System32\shcore.dll
0x00007ffa4d9b0000 - 0x00007ffa4e0ff000 	C:\WINDOWS\System32\windows.storage.dll
0x00007ffa4d750000 - 0x00007ffa4d774000 	C:\WINDOWS\System32\profapi.dll
0x00007ffa4d6d0000 - 0x00007ffa4d72d000 	C:\WINDOWS\System32\powrprof.dll
0x00007ffa515c0000 - 0x00007ffa51612000 	C:\WINDOWS\System32\shlwapi.dll
0x00007ffa4d6b0000 - 0x00007ffa4d6c1000 	C:\WINDOWS\System32\kernel.appcore.dll
0x00007ffa4e1f0000 - 0x00007ffa4e207000 	C:\WINDOWS\System32\cryptsp.dll
0x00007ffa37250000 - 0x00007ffa3726a000 	C:\Program Files\Java\jre-10.0.2\bin\net.dll
0x00007ffa413b0000 - 0x00007ffa414a2000 	C:\WINDOWS\SYSTEM32\WINHTTP.dll
0x00007ffa4ceb0000 - 0x00007ffa4cf17000 	C:\WINDOWS\system32\mswsock.dll
0x00007ffa349b0000 - 0x00007ffa349c1000 	C:\Program Files\Java\jre-10.0.2\bin\nio.dll
0x00007ffa4ca30000 - 0x00007ffa4ca63000 	C:\WINDOWS\system32\rsaenh.dll
0x00007ffa4d960000 - 0x00007ffa4d986000 	C:\WINDOWS\System32\bcrypt.dll
0x00007ffa4d5e0000 - 0x00007ffa4d608000 	C:\WINDOWS\SYSTEM32\USERENV.dll
0x00007ffa4d080000 - 0x00007ffa4d08c000 	C:\WINDOWS\SYSTEM32\CRYPTBASE.dll
0x00007ffa4cbd0000 - 0x00007ffa4cc0d000 	C:\WINDOWS\SYSTEM32\IPHLPAPI.DLL
0x00007ffa4ed60000 - 0x00007ffa4ed68000 	C:\WINDOWS\System32\NSI.dll
0x00007ffa40e60000 - 0x00007ffa40e76000 	C:\WINDOWS\SYSTEM32\dhcpcsvc6.DLL
0x00007ffa41770000 - 0x00007ffa4178c000 	C:\WINDOWS\SYSTEM32\dhcpcsvc.DLL
0x00007ffa4cc10000 - 0x00007ffa4ccd7000 	C:\WINDOWS\SYSTEM32\DNSAPI.dll
0x00007ffa4ba40000 - 0x00007ffa4bacc000 	C:\WINDOWS\system32\apphelp.dll
0x00000000637c0000 - 0x00000000637cd000 	C:\Users\User\AppData\Local\Temp\jogamp_0000\file_cache\jln6516459593132988872\jln4228415369164550423\natives\windows-amd64\gluegen-rt.dll
0x00007ffa0aff0000 - 0x00007ffa0b18b000 	C:\Program Files\Java\jre-10.0.2\bin\awt.dll
0x00007ffa50af0000 - 0x00007ffa50bb4000 	C:\WINDOWS\System32\OLEAUT32.dll
0x00007ffa4a530000 - 0x00007ffa4aaee000 	C:\WINDOWS\SYSTEM32\d2d1.dll
0x00007ffa4bb10000 - 0x00007ffa4bbac000 	C:\WINDOWS\system32\uxtheme.dll
0x00007ffa50980000 - 0x00007ffa50aed000 	C:\WINDOWS\System32\MSCTF.dll
0x00007ffa4bf30000 - 0x00007ffa4bf5e000 	C:\WINDOWS\system32\dwmapi.dll
0x00007ffa4d780000 - 0x00007ffa4d95c000 	C:\WINDOWS\System32\CRYPT32.dll
0x00007ffa4d730000 - 0x00007ffa4d742000 	C:\WINDOWS\System32\MSASN1.dll
0x00007ffa50bc0000 - 0x00007ffa50d15000 	C:\WINDOWS\System32\ole32.dll
0x00007ffa34980000 - 0x00007ffa34987000 	C:\Program Files\Java\jre-10.0.2\bin\jawt.dll
0x000000006a440000 - 0x000000006a44d000 	C:\Users\User\AppData\Local\Temp\jogamp_0000\file_cache\jln6516459593132988872\jln4228415369164550423\natives\windows-amd64\nativewindow_awt.dll
0x00007ffa21b60000 - 0x00007ffa21c87000 	C:\WINDOWS\system32\opengl32.dll
0x00007ffa221f0000 - 0x00007ffa2221c000 	C:\WINDOWS\SYSTEM32\GLU32.dll
0x000000006c100000 - 0x000000006c10f000 	C:\Users\User\AppData\Local\Temp\jogamp_0000\file_cache\jln6516459593132988872\jln4228415369164550423\natives\windows-amd64\nativewindow_win32.dll
0x0000000064500000 - 0x00000000645b1000 	C:\Users\User\AppData\Local\Temp\jogamp_0000\file_cache\jln6516459593132988872\jln4228415369164550423\natives\windows-amd64\jogl_desktop.dll
0x0000000064340000 - 0x00000000643a2000 	C:\Users\User\AppData\Local\Temp\jogamp_0000\file_cache\jln6516459593132988872\jln4228415369164550423\natives\windows-amd64\jogl_mobile.dll
0x00007ffa03200000 - 0x00007ffa040d9000 	C:\WINDOWS\System32\DriverStore\FileRepository\ki124164.inf_amd64_85b60d2b8c3af983\ig9icd64.dll
0x00007ffa4c230000 - 0x00007ffa4c243000 	C:\WINDOWS\SYSTEM32\WTSAPI32.dll
0x00007ffa4c380000 - 0x00007ffa4c442000 	C:\WINDOWS\SYSTEM32\dxgi.dll
0x00007ffa3db80000 - 0x00007ffa3f182000 	C:\WINDOWS\System32\DriverStore\FileRepository\ki124164.inf_amd64_85b60d2b8c3af983\igc64.dll
0x000000006cbc0000 - 0x000000006cbd3000 	C:\Users\User\AppData\Local\Temp\jogamp_0000\file_cache\jln6516459593132988872\jln4228415369164550423\natives\windows-amd64\newt.dll
0x00007ffa35130000 - 0x00007ffa351dd000 	C:\WINDOWS\SYSTEM32\mscms.dll
0x00007ffa4a2c0000 - 0x00007ffa4a2d0000 	C:\WINDOWS\SYSTEM32\ColorAdapterClient.dll
0x00007ffa21900000 - 0x00007ffa21943000 	C:\WINDOWS\SYSTEM32\icm32.dll
0x00007ffa50e20000 - 0x00007ffa51296000 	C:\WINDOWS\System32\setupapi.dll
0x00007ffa4d4b0000 - 0x00007ffa4d4d9000 	C:\WINDOWS\SYSTEM32\DEVOBJ.dll
0x00007ffa4e700000 - 0x00007ffa4e759000 	C:\WINDOWS\System32\WINTRUST.dll
0x00007ffa457f0000 - 0x00007ffa45885000 	C:\WINDOWS\System32\TextInputFramework.dll
0x00007ffa46420000 - 0x00007ffa46742000 	C:\WINDOWS\System32\CoreUIComponents.dll
0x00007ffa4b3a0000 - 0x00007ffa4b482000 	C:\WINDOWS\System32\CoreMessaging.dll
0x00007ffa4c710000 - 0x00007ffa4c741000 	C:\WINDOWS\SYSTEM32\ntmarta.dll
0x00007ffa496a0000 - 0x00007ffa497f3000 	C:\WINDOWS\SYSTEM32\wintypes.dll

dbghelp: loaded successfully - version: 4.0.5 - missing functions: none
symbol engine: initialized successfully - sym options: 0x614 - pdb path: .;C:\Program Files\Java\jre-10.0.2\bin;C:\WINDOWS\SYSTEM32;C:\WINDOWS\WinSxS\amd64_microsoft.windows.common-controls_6595b64144ccf1df_6.0.17763.1282_none_de75b6f253473c0f;C:\Program Files\Java\jre-10.0.2\bin\server;C:\Users\User\AppData\Local\Temp\jogamp_0000\file_cache\jln6516459593132988872\jln4228415369164550423\natives\windows-amd64;C:\WINDOWS\System32\DriverStore\FileRepository\ki124164.inf_amd64_85b60d2b8c3af983

VM Arguments:
jvm_args: -Djava.library.path=D:\eclipse\2D\Natives;D:\eclipse\2D\Natives -Dfile.encoding=Cp1252 
java_command: org.graphics.Renderer
java_class_path (initial): D:\eclipse\2D\bin;C:\Users\User\Downloads\jogamp-all-platforms\jar\gluegen-rt.jar;C:\Users\User\Downloads\jogamp-all-platforms\jar\jogl-all.jar
Launcher Type: SUN_STANDARD

Logging:
Log output configuration:
#0: stdout all=warning uptime,level,tags
#1: stderr all=off uptime,level,tags

Environment Variables:
PATH=C:/Program Files/Java/jre1.8.0_171/bin/server;C:/Program Files/Java/jre1.8.0_171/bin;C:/Program Files/Java/jre1.8.0_171/lib/amd64;D:\dbms\app\oracle\product\11.2.0\server\bin;C:\Program Files (x86)\Common Files\Oracle\Java\javapath;C:\Program Files (x86)\Intel\iCLS Client\;C:\Program Files\Intel\iCLS Client\;C:\Windows\system32;C:\Windows;C:\Windows\System32\Wbem;C:\Windows\System32\WindowsPowerShell\v1.0\;C:\Program Files (x86)\Intel\Intel(R) Management Engine Components\DAL;C:\Program Files\Intel\Intel(R) Management Engine Components\DAL;C:\Program Files (x86)\Intel\Intel(R) Management Engine Components\IPT;C:\Program Files\Intel\Intel(R) Management Engine Components\IPT;C:\Program Files (x86)\NVIDIA Corporation\PhysX\Common;C:\WINDOWS\system32;C:\WINDOWS;C:\WINDOWS\System32\Wbem;C:\WINDOWS\System32\WindowsPowerShell\v1.0\;C:\WINDOWS\System32\OpenSSH\;C:\Program Files (x86)\CodeBlocks\MinGW\bin;C:\Program Files (x86)\GnuWin32\bin;D:\bison\bin;C:\instantclient_12_2;C:\Program Files\Git\cmd;C:\Users\User\AppData\Local\Microsoft\WindowsApps;C:\Program Files\Java\jre1.8.0_171\lib;C:\Program Files\Java\jdk1.8.0_171\bin;C:\Program Files (x86)\CodeBlocks\MinGW\bin;C:\Program Files (x86)\GnuWin32\bin;D:\bison\bin;C:\instantclient_12_2;;C:\WINDOWS\system32;
USERNAME=User
OS=Windows_NT
PROCESSOR_IDENTIFIER=Intel64 Family 6 Model 78 Stepping 3, GenuineIntel



---------------  S Y S T E M  ---------------

OS: Windows 10 , 64 bit Build 17763 (10.0.17763.1158)

CPU:total 4 (initial active 4) (2 cores per cpu, 2 threads per core) family 6 model 78 stepping 3, cmov, cx8, fxsr, mmx, sse, sse2, sse3, ssse3, sse4.1, sse4.2, popcnt, avx, avx2, aes, clmul, erms, 3dnowpref, lzcnt, ht, tsc, tscinvbit, bmi1, bmi2, adx, fma

Memory: 4k page, physical 8275968k(1103564k free), swap 25338748k(0k free)

vm_info: Java HotSpot(TM) 64-Bit Server VM (10.0.2+13) for windows-amd64 JRE (10.0.2+13), built on Jun 28 2018 01:57:56 by "mach5one" with MS VC++ 12.0 (VS2013)

END.
