#
# A fatal error has been detected by the Java Runtime Environment:
#
#  EXCEPTION_ACCESS_VIOLATION (0xc0000005) at pc=0x000000006f6cc138, pid=3004, tid=20128
#
# JRE version: Java(TM) SE Runtime Environment (10.0.2+13) (build 10.0.2+13)
# Java VM: Java HotSpot(TM) 64-Bit Server VM (10.0.2+13, mixed mode, tiered, compressed oops, g1 gc, windows-amd64)
# Problematic frame:
# V  [jvm.dll+0x36c138]
#
# No core dump will be written. Minidumps are not enabled by default on client versions of Windows
#
# If you would like to submit a bug report, please visit:
#   http://bugreport.java.com/bugreport/crash.jsp
#

---------------  S U M M A R Y ------------

Command Line: -Djava.library.path=D:\eclipse\2D\Natives;D:\eclipse\2D\Natives -Dfile.encoding=Cp1252 org.graphics.Renderer

Host: Intel(R) Core(TM) i7-6500U CPU @ 2.50GHz, 4 cores, 7G,  Windows 10 , 64 bit Build 17763 (10.0.17763.1158)
Time: Sat Aug 29 23:49:18 2020 Bangladesh Standard Time elapsed time: 450 seconds (0d 0h 7m 30s)

---------------  T H R E A D  ---------------

Current thread (0x000001fde5fcb000):  JavaThread "AWT-EventQueue-0" [_thread_in_vm, id=20128, stack(0x00000002dc300000,0x00000002dc400000)]

Stack: [0x00000002dc300000,0x00000002dc400000],  sp=0x00000002dc3ff670,  free space=1021k
Native frames: (J=compiled Java code, j=interpreted, Vv=VM code, C=native code)
V  [jvm.dll+0x36c138]
V  [jvm.dll+0x5a00d2]
V  [jvm.dll+0x36cafa]
V  [jvm.dll+0x36cd87]
V  [jvm.dll+0x3dbb3d]
V  [jvm.dll+0x68b7ff]
V  [jvm.dll+0x59f4b0]
C  [msvcr120.dll+0x24f7f]
C  [msvcr120.dll+0x25126]
C  [KERNEL32.DLL+0x17974]
C  [ntdll.dll+0x6a271]


siginfo: EXCEPTION_ACCESS_VIOLATION (0xc0000005), writing address 0x00000002dc3f8670


Register to memory mapping:

RIP=0x000000006f6cc138 jvm.dll
RAX=0x0000000000000001 is an unknown value
RBX=0x00000002dc3f8670 is pointing into the stack for thread: 0x000001fde5fcb000
RCX=0x0000000000001000 is an unknown value
RDX=0x0000000000000000 is an unknown value
RSP=0x00000002dc3ff670 is pointing into the stack for thread: 0x000001fde5fcb000
RBP=0x000001fde5fcb000 is a thread
RSI=0x0000000000000000 is an unknown value
RDI=0x00000002dc3ff7e0 is pointing into the stack for thread: 0x000001fde5fcb000
R8 =0x00000002dc3ff670 is pointing into the stack for thread: 0x000001fde5fcb000
R9 =0x000001fde5fcb000 is a thread
R10=0x00000002dc3ff7e0 is pointing into the stack for thread: 0x000001fde5fcb000
R11=0x00000002dc3ff990 is pointing into the stack for thread: 0x000001fde5fcb000
R12=0x0000000000000000 is an unknown value
R13=0x00000002dc3ff8c0 is pointing into the stack for thread: 0x000001fde5fcb000
R14=0x00000002dc3ff6b8 is pointing into the stack for thread: 0x000001fde5fcb000
R15=0x00000002dc3ff990 is pointing into the stack for thread: 0x000001fde5fcb000


Registers:
RAX=0x0000000000000001, RBX=0x00000002dc3f8670, RCX=0x0000000000001000, RDX=0x0000000000000000
RSP=0x00000002dc3ff670, RBP=0x000001fde5fcb000, RSI=0x0000000000000000, RDI=0x00000002dc3ff7e0
R8 =0x00000002dc3ff670, R9 =0x000001fde5fcb000, R10=0x00000002dc3ff7e0, R11=0x00000002dc3ff990
R12=0x0000000000000000, R13=0x00000002dc3ff8c0, R14=0x00000002dc3ff6b8, R15=0x00000002dc3ff990
RIP=0x000000006f6cc138, EFLAGS=0x0000000000010202

Top of Stack: (sp=0x00000002dc3ff670)
0x00000002dc3ff670:   00000002dc3ff670 0000000000000000
0x00000002dc3ff680:   00007ffa4b3f2e60 00007ffa517369d4
0x00000002dc3ff690:   000001fdc4423280 000000006f697f55
0x00000002dc3ff6a0:   00000002dc3ff8c0 0000000000002000
0x00000002dc3ff6b0:   00007ffa4b3f2e60 000001fde4a74860
0x00000002dc3ff6c0:   0000000000000005 000000006f8079e3
0x00000002dc3ff6d0:   0000000000000001 0000000000000001
0x00000002dc3ff6e0:   000001fde5d4cd50 00007ffa4b3f2e60
0x00000002dc3ff6f0:   0000000000000048 0000000000000001
0x00000002dc3ff700:   000001fde58d2d18 000001fde5fcb000
0x00000002dc3ff710:   000001fde58d2cd0 000001fde5fcb000
0x00000002dc3ff720:   0000000000000000 000001fde4fb17b8
0x00000002dc3ff730:   000001fde4fb13e0 0000000000000000
0x00000002dc3ff740:   000001fde4fb13e0 0000000000000000
0x00000002dc3ff750:   000001fde4fb17b8 0000000000000000
0x00000002dc3ff760:   00000002dc3ff8c0 00000002dc3ff990 

Instructions: (pc=0x000000006f6cc138)
0x000000006f6cc118:   8f 01 00 00 48 63 0d 01 60 64 00 48 8b 05 fe 3c
0x000000006f6cc128:   66 00 33 d2 48 f7 f1 48 83 f8 01 72 0b 48 2b d9
0x000000006f6cc138:   c6 03 00 48 ff c8 75 f5 48 85 f6 74 53 48 8b 06
0x000000006f6cc148:   48 8b ce ff 90 80 00 00 00 84 c0 0f 84 79 01 00 



---------------  P R O C E S S  ---------------

Threads class SMR info:
_java_thread_list=0x000001fde657bbe0, length=17, elements={
0x000001fde3da4000, 0x000001fde3da6000, 0x000001fde3df1000, 0x000001fde3df2000,
0x000001fde3df5800, 0x000001fde3e02800, 0x000001fde3e06800, 0x000001fde3e0f000,
0x000001fde48d1000, 0x000001fde48da000, 0x000001fde4fcf000, 0x000001fde5057000,
0x000001fde5036000, 0x000001fde5fef800, 0x000001fdc65f0000, 0x000001fde5287000,
0x000001fde5fcb000
}

Java Threads: ( => current thread )
  0x000001fde3da4000 JavaThread "Reference Handler" daemon [_thread_blocked, id=22916, stack(0x00000002dd200000,0x00000002dd300000)]
  0x000001fde3da6000 JavaThread "Finalizer" daemon [_thread_blocked, id=15484, stack(0x00000002dd300000,0x00000002dd400000)]
  0x000001fde3df1000 JavaThread "Signal Dispatcher" daemon [_thread_blocked, id=21704, stack(0x00000002dd400000,0x00000002dd500000)]
  0x000001fde3df2000 JavaThread "Attach Listener" daemon [_thread_blocked, id=19344, stack(0x00000002dd500000,0x00000002dd600000)]
  0x000001fde3df5800 JavaThread "C2 CompilerThread0" daemon [_thread_blocked, id=4440, stack(0x00000002dd600000,0x00000002dd700000)]
  0x000001fde3e02800 JavaThread "C2 CompilerThread1" daemon [_thread_blocked, id=7128, stack(0x00000002dd700000,0x00000002dd800000)]
  0x000001fde3e06800 JavaThread "C1 CompilerThread2" daemon [_thread_blocked, id=6680, stack(0x00000002dd800000,0x00000002dd900000)]
  0x000001fde3e0f000 JavaThread "Sweeper thread" daemon [_thread_blocked, id=12492, stack(0x00000002dd900000,0x00000002dda00000)]
  0x000001fde48d1000 JavaThread "Service Thread" daemon [_thread_blocked, id=20984, stack(0x00000002dda00000,0x00000002ddb00000)]
  0x000001fde48da000 JavaThread "Common-Cleaner" daemon [_thread_blocked, id=14660, stack(0x00000002ddb00000,0x00000002ddc00000)]
  0x000001fde4fcf000 JavaThread "Java2D Disposer" daemon [_thread_blocked, id=14168, stack(0x00000002ddd00000,0x00000002dde00000)]
  0x000001fde5057000 JavaThread "AWT-Windows" daemon [_thread_in_native, id=14764, stack(0x00000002ddf00000,0x00000002de000000)]
  0x000001fde5036000 JavaThread "main-SharedResourceRunner" daemon [_thread_blocked, id=1480, stack(0x00000002de100000,0x00000002de200000)]
  0x000001fde5fef800 JavaThread "main-FPSAWTAnimator#00-Timer0" [_thread_blocked, id=9220, stack(0x00000002de600000,0x00000002de700000)]
  0x000001fdc65f0000 JavaThread "DestroyJavaVM" [_thread_blocked, id=14468, stack(0x00000002dc500000,0x00000002dc600000)]
  0x000001fde5287000 JavaThread "AWT-Shutdown" [_thread_blocked, id=20440, stack(0x00000002dc200000,0x00000002dc300000)]
=>0x000001fde5fcb000 JavaThread "AWT-EventQueue-0" [_thread_in_vm, id=20128, stack(0x00000002dc300000,0x00000002dc400000)]

Other Threads:
  0x000001fde3da0800 VMThread "VM Thread" [stack: 0x00000002dd100000,0x00000002dd200000] [id=21120]
  0x000001fde48da800 WatcherThread [stack: 0x00000002ddc00000,0x00000002ddd00000] [id=15708]
  0x000001fdc6609000 GCTaskThread "GC Thread#0" [stack: 0x00000002dc600000,0x00000002dc700000] [id=2152]
  0x000001fdc660a800 GCTaskThread "GC Thread#1" [stack: 0x00000002dc700000,0x00000002dc800000] [id=7248]
  0x000001fdc660e000 GCTaskThread "GC Thread#2" [stack: 0x00000002dc800000,0x00000002dc900000] [id=17880]
  0x000001fdc6611000 GCTaskThread "GC Thread#3" [stack: 0x00000002dc900000,0x00000002dca00000] [id=24448]
  0x000001fdc6680800 ConcurrentGCThread "G1 Main Marker" [stack: 0x00000002dca00000,0x00000002dcb00000] [id=2760]
  0x000001fdc6687800 ConcurrentGCThread "G1 Conc#0" [stack: 0x00000002dcb00000,0x00000002dcc00000] [id=19408]
  0x000001fde3c5f800 ConcurrentGCThread "G1 Refine#0" [stack: 0x00000002dcc00000,0x00000002dcd00000] [id=19900]
  0x000001fde3c60000 ConcurrentGCThread "G1 Refine#1" [stack: 0x00000002dcd00000,0x00000002dce00000] [id=3064]
  0x000001fde3c61000 ConcurrentGCThread "G1 Refine#2" [stack: 0x00000002dce00000,0x00000002dcf00000] [id=19236]
  0x000001fde3c62000 ConcurrentGCThread "G1 Refine#3" [stack: 0x00000002dcf00000,0x00000002dd000000] [id=13016]
  0x000001fde3c66000 ConcurrentGCThread "G1 Young RemSet Sampling" [stack: 0x00000002dd000000,0x00000002dd100000] [id=3200]

Threads with active compile tasks:

VM state:not at safepoint (normal execution)

VM Mutex/Monitor currently owned by a thread: None

Heap address: 0x0000000081a00000, size: 2022 MB, Compressed Oops mode: 32-bit
Narrow klass base: 0x0000000000000000, Narrow klass shift: 3
Compressed class space size: 1073741824 Address: 0x0000000100000000

Heap:
 garbage-first heap   total 131072K, used 20465K [0x0000000081a00000, 0x0000000100000000)
  region size 1024K, 21 young (21504K), 2 survivors (2048K)
 Metaspace       used 16197K, capacity 16467K, committed 16768K, reserved 1064960K
  class space    used 1436K, capacity 1559K, committed 1664K, reserved 1048576K
Heap Regions: E=young(eden), S=young(survivor), O=old, HS=humongous(starts), HC=humongous(continues), CS=collection set, F=free, A=archive, TS=gc time stamp, AC=allocation context, TAMS=top-at-mark-start (previous, next)
|   0|0x0000000081a00000, 0x0000000081a00000, 0x0000000081b00000|  0%| F|  |TS  1|AC  0|TAMS 0x0000000081a00000, 0x0000000081a00000|
|   1|0x0000000081b00000, 0x0000000081b00000, 0x0000000081c00000|  0%| F|  |TS  0|AC  0|TAMS 0x0000000081b00000, 0x0000000081b00000|
|   2|0x0000000081c00000, 0x0000000081c00000, 0x0000000081d00000|  0%| F|  |TS  0|AC  0|TAMS 0x0000000081c00000, 0x0000000081c00000|
|   3|0x0000000081d00000, 0x0000000081d00000, 0x0000000081e00000|  0%| F|  |TS  0|AC  0|TAMS 0x0000000081d00000, 0x0000000081d00000|
|   4|0x0000000081e00000, 0x0000000081e00000, 0x0000000081f00000|  0%| F|  |TS  0|AC  0|TAMS 0x0000000081e00000, 0x0000000081e00000|
|   5|0x0000000081f00000, 0x0000000081f00000, 0x0000000082000000|  0%| F|  |TS  0|AC  0|TAMS 0x0000000081f00000, 0x0000000081f00000|
|   6|0x0000000082000000, 0x0000000082000000, 0x0000000082100000|  0%| F|  |TS  0|AC  0|TAMS 0x0000000082000000, 0x0000000082000000|
|   7|0x0000000082100000, 0x0000000082100000, 0x0000000082200000|  0%| F|  |TS  0|AC  0|TAMS 0x0000000082100000, 0x0000000082100000|
|   8|0x0000000082200000, 0x0000000082200000, 0x0000000082300000|  0%| F|  |TS  0|AC  0|TAMS 0x0000000082200000, 0x0000000082200000|
|   9|0x0000000082300000, 0x0000000082300000, 0x0000000082400000|  0%| F|  |TS  0|AC  0|TAMS 0x0000000082300000, 0x0000000082300000|
|  10|0x0000000082400000, 0x0000000082400000, 0x0000000082500000|  0%| F|  |TS  0|AC  0|TAMS 0x0000000082400000, 0x0000000082400000|
|  11|0x0000000082500000, 0x0000000082500000, 0x0000000082600000|  0%| F|  |TS  0|AC  0|TAMS 0x0000000082500000, 0x0000000082500000|
|  12|0x0000000082600000, 0x0000000082600000, 0x0000000082700000|  0%| F|  |TS  0|AC  0|TAMS 0x0000000082600000, 0x0000000082600000|
|  13|0x0000000082700000, 0x0000000082700000, 0x0000000082800000|  0%| F|  |TS  0|AC  0|TAMS 0x0000000082700000, 0x0000000082700000|
|  14|0x0000000082800000, 0x0000000082800000, 0x0000000082900000|  0%| F|  |TS  0|AC  0|TAMS 0x0000000082800000, 0x0000000082800000|
|  15|0x0000000082900000, 0x0000000082900000, 0x0000000082a00000|  0%| F|  |TS  0|AC  0|TAMS 0x0000000082900000, 0x0000000082900000|
|  16|0x0000000082a00000, 0x0000000082a00000, 0x0000000082b00000|  0%| F|  |TS  0|AC  0|TAMS 0x0000000082a00000, 0x0000000082a00000|
|  17|0x0000000082b00000, 0x0000000082b00000, 0x0000000082c00000|  0%| F|  |TS  0|AC  0|TAMS 0x0000000082b00000, 0x0000000082b00000|
|  18|0x0000000082c00000, 0x0000000082c00000, 0x0000000082d00000|  0%| F|  |TS  0|AC  0|TAMS 0x0000000082c00000, 0x0000000082c00000|
|  19|0x0000000082d00000, 0x0000000082d00000, 0x0000000082e00000|  0%| F|  |TS  0|AC  0|TAMS 0x0000000082d00000, 0x0000000082d00000|
|  20|0x0000000082e00000, 0x0000000082e00000, 0x0000000082f00000|  0%| F|  |TS  0|AC  0|TAMS 0x0000000082e00000, 0x0000000082e00000|
|  21|0x0000000082f00000, 0x0000000082f00000, 0x0000000083000000|  0%| F|  |TS  0|AC  0|TAMS 0x0000000082f00000, 0x0000000082f00000|
|  22|0x0000000083000000, 0x0000000083000000, 0x0000000083100000|  0%| F|  |TS  0|AC  0|TAMS 0x0000000083000000, 0x0000000083000000|
|  23|0x0000000083100000, 0x0000000083100000, 0x0000000083200000|  0%| F|  |TS  0|AC  0|TAMS 0x0000000083100000, 0x0000000083100000|
|  24|0x0000000083200000, 0x0000000083200000, 0x0000000083300000|  0%| F|  |TS  0|AC  0|TAMS 0x0000000083200000, 0x0000000083200000|
|  25|0x0000000083300000, 0x0000000083300000, 0x0000000083400000|  0%| F|  |TS  0|AC  0|TAMS 0x0000000083300000, 0x0000000083300000|
|  26|0x0000000083400000, 0x0000000083400000, 0x0000000083500000|  0%| F|  |TS  0|AC  0|TAMS 0x0000000083400000, 0x0000000083400000|
|  27|0x0000000083500000, 0x0000000083500000, 0x0000000083600000|  0%| F|  |TS  0|AC  0|TAMS 0x0000000083500000, 0x0000000083500000|
|  28|0x0000000083600000, 0x0000000083600000, 0x0000000083700000|  0%| F|  |TS  0|AC  0|TAMS 0x0000000083600000, 0x0000000083600000|
|  29|0x0000000083700000, 0x0000000083700000, 0x0000000083800000|  0%| F|  |TS  0|AC  0|TAMS 0x0000000083700000, 0x0000000083700000|
|  30|0x0000000083800000, 0x0000000083800000, 0x0000000083900000|  0%| F|  |TS  0|AC  0|TAMS 0x0000000083800000, 0x0000000083800000|
|  31|0x0000000083900000, 0x0000000083900000, 0x0000000083a00000|  0%| F|  |TS  0|AC  0|TAMS 0x0000000083900000, 0x0000000083900000|
|  32|0x0000000083a00000, 0x0000000083a00000, 0x0000000083b00000|  0%| F|  |TS  0|AC  0|TAMS 0x0000000083a00000, 0x0000000083a00000|
|  33|0x0000000083b00000, 0x0000000083b00000, 0x0000000083c00000|  0%| F|  |TS  0|AC  0|TAMS 0x0000000083b00000, 0x0000000083b00000|
|  34|0x0000000083c00000, 0x0000000083c00000, 0x0000000083d00000|  0%| F|  |TS  0|AC  0|TAMS 0x0000000083c00000, 0x0000000083c00000|
|  35|0x0000000083d00000, 0x0000000083d00000, 0x0000000083e00000|  0%| F|  |TS  0|AC  0|TAMS 0x0000000083d00000, 0x0000000083d00000|
|  36|0x0000000083e00000, 0x0000000083e00000, 0x0000000083f00000|  0%| F|  |TS  0|AC  0|TAMS 0x0000000083e00000, 0x0000000083e00000|
|  37|0x0000000083f00000, 0x0000000083f00000, 0x0000000084000000|  0%| F|  |TS  0|AC  0|TAMS 0x0000000083f00000, 0x0000000083f00000|
|  38|0x0000000084000000, 0x0000000084000000, 0x0000000084100000|  0%| F|  |TS  0|AC  0|TAMS 0x0000000084000000, 0x0000000084000000|
|  39|0x0000000084100000, 0x0000000084100000, 0x0000000084200000|  0%| F|  |TS  0|AC  0|TAMS 0x0000000084100000, 0x0000000084100000|
|  40|0x0000000084200000, 0x0000000084200000, 0x0000000084300000|  0%| F|  |TS  0|AC  0|TAMS 0x0000000084200000, 0x0000000084200000|
|  41|0x0000000084300000, 0x0000000084300000, 0x0000000084400000|  0%| F|  |TS  0|AC  0|TAMS 0x0000000084300000, 0x0000000084300000|
|  42|0x0000000084400000, 0x0000000084400000, 0x0000000084500000|  0%| F|  |TS  0|AC  0|TAMS 0x0000000084400000, 0x0000000084400000|
|  43|0x0000000084500000, 0x0000000084500000, 0x0000000084600000|  0%| F|  |TS  0|AC  0|TAMS 0x0000000084500000, 0x0000000084500000|
|  44|0x0000000084600000, 0x0000000084600000, 0x0000000084700000|  0%| F|  |TS  0|AC  0|TAMS 0x0000000084600000, 0x0000000084600000|
|  45|0x0000000084700000, 0x0000000084700000, 0x0000000084800000|  0%| F|  |TS  0|AC  0|TAMS 0x0000000084700000, 0x0000000084700000|
|  46|0x0000000084800000, 0x0000000084800000, 0x0000000084900000|  0%| F|  |TS  0|AC  0|TAMS 0x0000000084800000, 0x0000000084800000|
|  47|0x0000000084900000, 0x0000000084900000, 0x0000000084a00000|  0%| F|  |TS  0|AC  0|TAMS 0x0000000084900000, 0x0000000084900000|
|  48|0x0000000084a00000, 0x0000000084a00000, 0x0000000084b00000|  0%| F|  |TS  0|AC  0|TAMS 0x0000000084a00000, 0x0000000084a00000|
|  49|0x0000000084b00000, 0x0000000084b00000, 0x0000000084c00000|  0%| F|  |TS  0|AC  0|TAMS 0x0000000084b00000, 0x0000000084b00000|
|  50|0x0000000084c00000, 0x0000000084c00000, 0x0000000084d00000|  0%| F|  |TS  0|AC  0|TAMS 0x0000000084c00000, 0x0000000084c00000|
|  51|0x0000000084d00000, 0x0000000084d00000, 0x0000000084e00000|  0%| F|  |TS  0|AC  0|TAMS 0x0000000084d00000, 0x0000000084d00000|
|  52|0x0000000084e00000, 0x0000000084e00000, 0x0000000084f00000|  0%| F|  |TS  0|AC  0|TAMS 0x0000000084e00000, 0x0000000084e00000|
|  53|0x0000000084f00000, 0x0000000084f00000, 0x0000000085000000|  0%| F|  |TS  0|AC  0|TAMS 0x0000000084f00000, 0x0000000084f00000|
|  54|0x0000000085000000, 0x0000000085000000, 0x0000000085100000|  0%| F|  |TS  0|AC  0|TAMS 0x0000000085000000, 0x0000000085000000|
|  55|0x0000000085100000, 0x0000000085100000, 0x0000000085200000|  0%| F|  |TS  0|AC  0|TAMS 0x0000000085100000, 0x0000000085100000|
|  56|0x0000000085200000, 0x0000000085200000, 0x0000000085300000|  0%| F|  |TS  0|AC  0|TAMS 0x0000000085200000, 0x0000000085200000|
|  57|0x0000000085300000, 0x0000000085300000, 0x0000000085400000|  0%| F|  |TS  0|AC  0|TAMS 0x0000000085300000, 0x0000000085300000|
|  58|0x0000000085400000, 0x0000000085400000, 0x0000000085500000|  0%| F|  |TS  0|AC  0|TAMS 0x0000000085400000, 0x0000000085400000|
|  59|0x0000000085500000, 0x0000000085500000, 0x0000000085600000|  0%| F|  |TS  0|AC  0|TAMS 0x0000000085500000, 0x0000000085500000|
|  60|0x0000000085600000, 0x0000000085600000, 0x0000000085700000|  0%| F|  |TS  0|AC  0|TAMS 0x0000000085600000, 0x0000000085600000|
|  61|0x0000000085700000, 0x0000000085700000, 0x0000000085800000|  0%| F|  |TS  0|AC  0|TAMS 0x0000000085700000, 0x0000000085700000|
|  62|0x0000000085800000, 0x0000000085800000, 0x0000000085900000|  0%| F|  |TS  0|AC  0|TAMS 0x0000000085800000, 0x0000000085800000|
|  63|0x0000000085900000, 0x0000000085900000, 0x0000000085a00000|  0%| F|  |TS  0|AC  0|TAMS 0x0000000085900000, 0x0000000085900000|
|  64|0x0000000085a00000, 0x0000000085a00000, 0x0000000085b00000|  0%| F|  |TS  0|AC  0|TAMS 0x0000000085a00000, 0x0000000085a00000|
|  65|0x0000000085b00000, 0x0000000085b00000, 0x0000000085c00000|  0%| F|  |TS  0|AC  0|TAMS 0x0000000085b00000, 0x0000000085b00000|
|  66|0x0000000085c00000, 0x0000000085c00000, 0x0000000085d00000|  0%| F|  |TS  0|AC  0|TAMS 0x0000000085c00000, 0x0000000085c00000|
|  67|0x0000000085d00000, 0x0000000085d00000, 0x0000000085e00000|  0%| F|  |TS  0|AC  0|TAMS 0x0000000085d00000, 0x0000000085d00000|
|  68|0x0000000085e00000, 0x0000000085e00000, 0x0000000085f00000|  0%| F|  |TS  0|AC  0|TAMS 0x0000000085e00000, 0x0000000085e00000|
|  69|0x0000000085f00000, 0x0000000085f00000, 0x0000000086000000|  0%| F|  |TS  0|AC  0|TAMS 0x0000000085f00000, 0x0000000085f00000|
|  70|0x0000000086000000, 0x0000000086000000, 0x0000000086100000|  0%| F|  |TS  0|AC  0|TAMS 0x0000000086000000, 0x0000000086000000|
|  71|0x0000000086100000, 0x0000000086100000, 0x0000000086200000|  0%| F|  |TS  0|AC  0|TAMS 0x0000000086100000, 0x0000000086100000|
|  72|0x0000000086200000, 0x0000000086200000, 0x0000000086300000|  0%| F|  |TS  0|AC  0|TAMS 0x0000000086200000, 0x0000000086200000|
|  73|0x0000000086300000, 0x0000000086300000, 0x0000000086400000|  0%| F|  |TS  0|AC  0|TAMS 0x0000000086300000, 0x0000000086300000|
|  74|0x0000000086400000, 0x0000000086400000, 0x0000000086500000|  0%| F|  |TS  0|AC  0|TAMS 0x0000000086400000, 0x0000000086400000|
|  75|0x0000000086500000, 0x0000000086500000, 0x0000000086600000|  0%| F|  |TS  0|AC  0|TAMS 0x0000000086500000, 0x0000000086500000|
|  76|0x0000000086600000, 0x0000000086600000, 0x0000000086700000|  0%| F|  |TS  0|AC  0|TAMS 0x0000000086600000, 0x0000000086600000|
|  77|0x0000000086700000, 0x0000000086700000, 0x0000000086800000|  0%| F|  |TS  0|AC  0|TAMS 0x0000000086700000, 0x0000000086700000|
|  78|0x0000000086800000, 0x0000000086800000, 0x0000000086900000|  0%| F|  |TS  0|AC  0|TAMS 0x0000000086800000, 0x0000000086800000|
|  79|0x0000000086900000, 0x0000000086900000, 0x0000000086a00000|  0%| F|  |TS  0|AC  0|TAMS 0x0000000086900000, 0x0000000086900000|
|  80|0x0000000086a00000, 0x0000000086a00000, 0x0000000086b00000|  0%| F|  |TS  0|AC  0|TAMS 0x0000000086a00000, 0x0000000086a00000|
|  81|0x0000000086b00000, 0x0000000086b00000, 0x0000000086c00000|  0%| F|  |TS  0|AC  0|TAMS 0x0000000086b00000, 0x0000000086b00000|
|  82|0x0000000086c00000, 0x0000000086c00000, 0x0000000086d00000|  0%| F|  |TS  0|AC  0|TAMS 0x0000000086c00000, 0x0000000086c00000|
|  83|0x0000000086d00000, 0x0000000086d00000, 0x0000000086e00000|  0%| F|  |TS  0|AC  0|TAMS 0x0000000086d00000, 0x0000000086d00000|
|  84|0x0000000086e00000, 0x0000000086e00000, 0x0000000086f00000|  0%| F|  |TS  0|AC  0|TAMS 0x0000000086e00000, 0x0000000086e00000|
|  85|0x0000000086f00000, 0x0000000086f00000, 0x0000000087000000|  0%| F|  |TS  0|AC  0|TAMS 0x0000000086f00000, 0x0000000086f00000|
|  86|0x0000000087000000, 0x0000000087000000, 0x0000000087100000|  0%| F|  |TS  0|AC  0|TAMS 0x0000000087000000, 0x0000000087000000|
|  87|0x0000000087100000, 0x0000000087100000, 0x0000000087200000|  0%| F|  |TS  0|AC  0|TAMS 0x0000000087100000, 0x0000000087100000|
|  88|0x0000000087200000, 0x0000000087200000, 0x0000000087300000|  0%| F|  |TS  0|AC  0|TAMS 0x0000000087200000, 0x0000000087200000|
|  89|0x0000000087300000, 0x0000000087300000, 0x0000000087400000|  0%| F|  |TS  0|AC  0|TAMS 0x0000000087300000, 0x0000000087300000|
|  90|0x0000000087400000, 0x0000000087400000, 0x0000000087500000|  0%| F|  |TS  0|AC  0|TAMS 0x0000000087400000, 0x0000000087400000|
|  91|0x0000000087500000, 0x0000000087500000, 0x0000000087600000|  0%| F|  |TS  0|AC  0|TAMS 0x0000000087500000, 0x0000000087500000|
|  92|0x0000000087600000, 0x0000000087600000, 0x0000000087700000|  0%| F|  |TS  0|AC  0|TAMS 0x0000000087600000, 0x0000000087600000|
|  93|0x0000000087700000, 0x0000000087700000, 0x0000000087800000|  0%| F|  |TS  0|AC  0|TAMS 0x0000000087700000, 0x0000000087700000|
|  94|0x0000000087800000, 0x0000000087800000, 0x0000000087900000|  0%| F|  |TS  0|AC  0|TAMS 0x0000000087800000, 0x0000000087800000|
|  95|0x0000000087900000, 0x0000000087900000, 0x0000000087a00000|  0%| F|  |TS  0|AC  0|TAMS 0x0000000087900000, 0x0000000087900000|
|  96|0x0000000087a00000, 0x0000000087a00000, 0x0000000087b00000|  0%| F|  |TS  0|AC  0|TAMS 0x0000000087a00000, 0x0000000087a00000|
|  97|0x0000000087b00000, 0x0000000087b00000, 0x0000000087c00000|  0%| F|  |TS  0|AC  0|TAMS 0x0000000087b00000, 0x0000000087b00000|
|  98|0x0000000087c00000, 0x0000000087c00000, 0x0000000087d00000|  0%| F|  |TS  0|AC  0|TAMS 0x0000000087c00000, 0x0000000087c00000|
|  99|0x0000000087d00000, 0x0000000087d00000, 0x0000000087e00000|  0%| F|  |TS  0|AC  0|TAMS 0x0000000087d00000, 0x0000000087d00000|
| 100|0x0000000087e00000, 0x0000000087e00000, 0x0000000087f00000|  0%| F|  |TS  0|AC  0|TAMS 0x0000000087e00000, 0x0000000087e00000|
| 101|0x0000000087f00000, 0x0000000087f00000, 0x0000000088000000|  0%| F|  |TS  0|AC  0|TAMS 0x0000000087f00000, 0x0000000087f00000|
| 102|0x0000000088000000, 0x0000000088000000, 0x0000000088100000|  0%| F|  |TS  0|AC  0|TAMS 0x0000000088000000, 0x0000000088000000|
| 103|0x0000000088100000, 0x0000000088100000, 0x0000000088200000|  0%| F|  |TS  0|AC  0|TAMS 0x0000000088100000, 0x0000000088100000|
| 104|0x0000000088200000, 0x0000000088200000, 0x0000000088300000|  0%| F|  |TS  0|AC  0|TAMS 0x0000000088200000, 0x0000000088200000|
| 105|0x0000000088300000, 0x0000000088300000, 0x0000000088400000|  0%| F|  |TS  0|AC  0|TAMS 0x0000000088300000, 0x0000000088300000|
| 106|0x0000000088400000, 0x0000000088400000, 0x0000000088500000|  0%| F|  |TS  0|AC  0|TAMS 0x0000000088400000, 0x0000000088400000|
| 107|0x0000000088500000, 0x00000000885df398, 0x0000000088600000| 87%| E|  |TS  0|AC  0|TAMS 0x0000000088500000, 0x0000000088500000|
| 108|0x0000000088600000, 0x0000000088700000, 0x0000000088700000|100%| E|CS|TS  0|AC  0|TAMS 0x0000000088600000, 0x0000000088600000|
| 109|0x0000000088700000, 0x0000000088800000, 0x0000000088800000|100%| E|CS|TS  0|AC  0|TAMS 0x0000000088700000, 0x0000000088700000|
| 110|0x0000000088800000, 0x0000000088900000, 0x0000000088900000|100%| E|CS|TS  0|AC  0|TAMS 0x0000000088800000, 0x0000000088800000|
| 111|0x0000000088900000, 0x0000000088a00000, 0x0000000088a00000|100%| E|CS|TS  0|AC  0|TAMS 0x0000000088900000, 0x0000000088900000|
| 112|0x0000000088a00000, 0x0000000088afc6f8, 0x0000000088b00000| 98%| S|CS|TS  1|AC  0|TAMS 0x0000000088a00000, 0x0000000088a00000|
| 113|0x0000000088b00000, 0x0000000088c00000, 0x0000000088c00000|100%| S|CS|TS  1|AC  0|TAMS 0x0000000088b00000, 0x0000000088b00000|
| 114|0x0000000088c00000, 0x0000000088d00000, 0x0000000088d00000|100%| E|CS|TS  1|AC  0|TAMS 0x0000000088c00000, 0x0000000088c00000|
| 115|0x0000000088d00000, 0x0000000088e00000, 0x0000000088e00000|100%| E|CS|TS  1|AC  0|TAMS 0x0000000088d00000, 0x0000000088d00000|
| 116|0x0000000088e00000, 0x0000000088f00000, 0x0000000088f00000|100%| E|CS|TS  1|AC  0|TAMS 0x0000000088e00000, 0x0000000088e00000|
| 117|0x0000000088f00000, 0x0000000089000000, 0x0000000089000000|100%| E|CS|TS  1|AC  0|TAMS 0x0000000088f00000, 0x0000000088f00000|
| 118|0x0000000089000000, 0x0000000089100000, 0x0000000089100000|100%| E|CS|TS  1|AC  0|TAMS 0x0000000089000000, 0x0000000089000000|
| 119|0x0000000089100000, 0x0000000089200000, 0x0000000089200000|100%| E|CS|TS  1|AC  0|TAMS 0x0000000089100000, 0x0000000089100000|
| 120|0x0000000089200000, 0x0000000089300000, 0x0000000089300000|100%| E|CS|TS  1|AC  0|TAMS 0x0000000089200000, 0x0000000089200000|
| 121|0x0000000089300000, 0x0000000089400000, 0x0000000089400000|100%| E|CS|TS  1|AC  0|TAMS 0x0000000089300000, 0x0000000089300000|
| 122|0x0000000089400000, 0x0000000089500000, 0x0000000089500000|100%| E|CS|TS  1|AC  0|TAMS 0x0000000089400000, 0x0000000089400000|
| 123|0x0000000089500000, 0x0000000089600000, 0x0000000089600000|100%| E|CS|TS  1|AC  0|TAMS 0x0000000089500000, 0x0000000089500000|
| 124|0x0000000089600000, 0x0000000089700000, 0x0000000089700000|100%| E|CS|TS  1|AC  0|TAMS 0x0000000089600000, 0x0000000089600000|
| 125|0x0000000089700000, 0x0000000089800000, 0x0000000089800000|100%| E|CS|TS  1|AC  0|TAMS 0x0000000089700000, 0x0000000089700000|
| 126|0x0000000089800000, 0x0000000089900000, 0x0000000089900000|100%| E|CS|TS  1|AC  0|TAMS 0x0000000089800000, 0x0000000089800000|
| 127|0x0000000089900000, 0x0000000089a00000, 0x0000000089a00000|100%| E|CS|TS  1|AC  0|TAMS 0x0000000089900000, 0x0000000089900000|

Card table byte_map: [0x000001fddd1a0000,0x000001fddd5a0000] byte_map_base: 0x000001fddcd93000

Marking Bits (Prev, Next): (CMBitMap*) 0x000001fdc667fa10, (CMBitMap*) 0x000001fdc667fa48
 Prev Bits: [0x000001fddd9a0000, 0x000001fddf938000)
 Next Bits: [0x000001fddf940000, 0x000001fde18d8000)

Polling page: 0x000001fdc43f0000

CodeHeap 'non-profiled nmethods': size=120064Kb used=450Kb max_used=450Kb free=119613Kb
 bounds [0x000001fdd5860000, 0x000001fdd5ad0000, 0x000001fddcda0000]
CodeHeap 'profiled nmethods': size=120000Kb used=2060Kb max_used=2060Kb free=117939Kb
 bounds [0x000001fdce330000, 0x000001fdce5a0000, 0x000001fdd5860000]
CodeHeap 'non-nmethods': size=5696Kb used=1365Kb max_used=1378Kb free=4330Kb
 bounds [0x000001fdcdda0000, 0x000001fdce010000, 0x000001fdce330000]
 total_blobs=2251 nmethods=1190 adapters=734
 compilation: enabled

Compilation events (10 events):
Event: 25.423 Thread 0x000001fde3e02800 1187       4       java.util.TaskQueue::isEmpty (13 bytes)
Event: 25.426 Thread 0x000001fde3e02800 nmethod 1187 0x000001fdd58cee90 code [0x000001fdd58cf020, 0x000001fdd58cf098]
Event: 101.820 Thread 0x000001fde3df5800 1188  s    4       jogamp.opengl.FPSCounterImpl::tickFPS (144 bytes)
Event: 101.821 Thread 0x000001fde3df5800 nmethod 1188 0x000001fdd58cf110 code [0x000001fdd58cf2a0, 0x000001fdd58cf4b8]
Event: 103.104 Thread 0x000001fde3e02800 1189       4       java.util.TaskQueue::fixDown (108 bytes)
Event: 103.105 Thread 0x000001fde3e02800 nmethod 1189 0x000001fdd58cf590 code [0x000001fdd58cf720, 0x000001fdd58cf7b8]
Event: 103.121 Thread 0x000001fde3df5800 1190       4       java.util.TaskQueue::rescheduleMin (16 bytes)
Event: 103.121 Thread 0x000001fde3e02800 1191   !   4       com.jogamp.opengl.util.FPSAnimator$MainTask::run (805 bytes)
Event: 103.122 Thread 0x000001fde3df5800 nmethod 1190 0x000001fdd58cf890 code [0x000001fdd58cfa20, 0x000001fdd58cfaf8]
Event: 103.129 Thread 0x000001fde3e02800 nmethod 1191 0x000001fdd58cfc10 code [0x000001fdd58cfde0, 0x000001fdd58d0478]

GC Heap History (2 events):
Event: 1.556 GC heap before
{Heap before GC invocations=0 (full 0):
 garbage-first heap   total 131072K, used 15360K [0x0000000081a00000, 0x0000000100000000)
  region size 1024K, 14 young (14336K), 0 survivors (0K)
 Metaspace       used 14396K, capacity 14707K, committed 14976K, reserved 1062912K
  class space    used 1278K, capacity 1399K, committed 1408K, reserved 1048576K
}
Event: 1.565 GC heap after
{Heap after GC invocations=1 (full 0):
 garbage-first heap   total 131072K, used 2033K [0x0000000081a00000, 0x0000000100000000)
  region size 1024K, 2 young (2048K), 2 survivors (2048K)
 Metaspace       used 14396K, capacity 14707K, committed 14976K, reserved 1062912K
  class space    used 1278K, capacity 1399K, committed 1408K, reserved 1048576K
}

Deoptimization events (5 events):
Event: 0.091 Thread 0x000001fdc65f0000 Uncommon trap: reason=unstable_if action=reinterpret pc=0x000001fdd5865cf0 method=java.lang.String.hashCode()I @ 14 c2
Event: 0.958 Thread 0x000001fdc65f0000 Uncommon trap: reason=unstable_if action=reinterpret pc=0x000001fdd588047c method=java.nio.Buffer.hasRemaining()Z @ 8 c2
Event: 2.086 Thread 0x000001fde5036000 Uncommon trap: reason=unstable_if action=reinterpret pc=0x000001fdd58b4f80 method=java.lang.Integer.getChars(II[B)I @ 25 c2
Event: 2.112 Thread 0x000001fdc65f0000 Uncommon trap: reason=unstable_if action=reinterpret pc=0x000001fdd58b6e20 method=java.util.HashMap.containsKey(Ljava/lang/Object;)Z @ 9 c2
Event: 2.167 Thread 0x000001fdc65f0000 Uncommon trap: reason=unstable_if action=reinterpret pc=0x000001fdd58bb890 method=java.lang.reflect.AccessibleObject.checkCanSetAccessible(Ljava/lang/Class;Ljava/lang/Class;Z)Z @ 16 c2

Classes redefined (0 events):
No events

Internal exceptions (10 events):
Event: 1.106 Thread 0x000001fdc65f0000 Exception <a 'java/lang/NoSuchMethodError'{0x0000000089392d68}: java.lang.invoke.DelegatingMethodHandle$Holder.reinvoke_L(Ljava/lang/Object;IILjava/lang/Object;Ljava/lang/Object;Ljava/lang/Object;)Ljava/lang/Object;> (0x0000000089392d68) thrown at [t:/wor
Event: 1.107 Thread 0x000001fdc65f0000 Exception <a 'java/lang/NoSuchMethodError'{0x0000000089397378}: java.lang.invoke.DirectMethodHandle$Holder.invokeStatic(Ljava/lang/Object;Ljava/lang/Object;Ljava/lang/Object;Ljava/lang/Object;I)Ljava/lang/Object;> (0x0000000089397378) thrown at [t:/worksp
Event: 1.110 Thread 0x000001fdc65f0000 Exception <a 'java/lang/NoSuchMethodError'{0x00000000893ae7b0}: method resolution failed> (0x00000000893ae7b0) thrown at [t:/workspace/open/src/hotspot/share/prims/methodHandles.cpp, line 1226]
Event: 1.113 Thread 0x000001fdc65f0000 Exception <a 'java/lang/NoSuchMethodError'{0x00000000893c4b80}: method resolution failed> (0x00000000893c4b80) thrown at [t:/workspace/open/src/hotspot/share/prims/methodHandles.cpp, line 1226]
Event: 1.115 Thread 0x000001fdc65f0000 Exception <a 'java/lang/NoSuchMethodError'{0x00000000893dcb98}: method resolution failed> (0x00000000893dcb98) thrown at [t:/workspace/open/src/hotspot/share/prims/methodHandles.cpp, line 1226]
Event: 1.117 Thread 0x000001fdc65f0000 Exception <a 'java/lang/NoSuchMethodError'{0x00000000893f62e8}: method resolution failed> (0x00000000893f62e8) thrown at [t:/workspace/open/src/hotspot/share/prims/methodHandles.cpp, line 1226]
Event: 1.119 Thread 0x000001fdc65f0000 Exception <a 'java/io/FileNotFoundException'{0x00000000893ffbe8}> (0x00000000893ffbe8) thrown at [t:/workspace/open/src/hotspot/share/prims/jni.cpp, line 611]
Event: 1.166 Thread 0x000001fde5057000 Exception <a 'java/lang/NoSuchMethodError'{0x00000000892951b8}: java.lang.invoke.DirectMethodHandle$Holder.invokeSpecial(Ljava/lang/Object;Ljava/lang/Object;)V> (0x00000000892951b8) thrown at [t:/workspace/open/src/hotspot/share/interpreter/linkResolver.c
Event: 1.170 Thread 0x000001fdc65f0000 Exception <a 'java/lang/NoSuchMethodError'{0x0000000089285308}: java.lang.invoke.DirectMethodHandle$Holder.invokeStatic(Ljava/lang/Object;Ljava/lang/Object;Ljava/lang/Object;Ljava/lang/Object;Ljava/lang/Object;Ljava/lang/Object;Ljava/lang/Object;Ljava/lan
Event: 1.173 Thread 0x000001fdc65f0000 Exception <a 'java/lang/NoSuchMethodError'{0x00000000892e8a48}: java.lang.invoke.DirectMethodHandle$Holder.invokeStatic(Ljava/lang/Object;Ljava/lang/Object;Ljava/lang/Object;Ljava/lang/Object;Ljava/lang/Object;Ljava/lang/Object;Ljava/lang/Object;Ljava/lan

Events (10 events):
Event: 5.825 Executing VM operation: RevokeBias done
Event: 5.825 Executing VM operation: RevokeBias
Event: 5.825 Executing VM operation: RevokeBias done
Event: 5.826 Executing VM operation: RevokeBias
Event: 5.832 Executing VM operation: RevokeBias done
Event: 5.832 Thread 0x000001fde5fcb000 Thread exited: 0x000001fde5fcb000
Event: 445.684 Thread 0x000001fde5287000 Thread added: 0x000001fde5287000
Event: 450.983 loading class sun/awt/windows/WToolkit$3
Event: 450.983 loading class sun/awt/windows/WToolkit$3 done
Event: 450.983 Thread 0x000001fde5fcb000 Thread added: 0x000001fde5fcb000


Dynamic libraries:
0x00007ff7118a0000 - 0x00007ff7118de000 	C:\Program Files\Java\jre-10.0.2\bin\javaw.exe
0x00007ffa516c0000 - 0x00007ffa518ad000 	C:\WINDOWS\SYSTEM32\ntdll.dll
0x00007ffa4f080000 - 0x00007ffa4f133000 	C:\WINDOWS\System32\KERNEL32.DLL
0x00007ffa4e210000 - 0x00007ffa4e4a5000 	C:\WINDOWS\System32\KERNELBASE.dll
0x00007ffa4eea0000 - 0x00007ffa4ef43000 	C:\WINDOWS\System32\ADVAPI32.dll
0x00007ffa50d80000 - 0x00007ffa50e1e000 	C:\WINDOWS\System32\msvcrt.dll
0x00007ffa51410000 - 0x00007ffa514ae000 	C:\WINDOWS\System32\sechost.dll
0x00007ffa4ef50000 - 0x00007ffa4f072000 	C:\WINDOWS\System32\RPCRT4.dll
0x00007ffa4eb10000 - 0x00007ffa4eca7000 	C:\WINDOWS\System32\USER32.dll
0x00007ffa4d990000 - 0x00007ffa4d9b0000 	C:\WINDOWS\System32\win32u.dll
0x00007ffa514c0000 - 0x00007ffa514e9000 	C:\WINDOWS\System32\GDI32.dll
0x00007ffa4e4b0000 - 0x00007ffa4e64a000 	C:\WINDOWS\System32\gdi32full.dll
0x00007ffa4e150000 - 0x00007ffa4e1f0000 	C:\WINDOWS\System32\msvcp_win.dll
0x00007ffa4e760000 - 0x00007ffa4e85a000 	C:\WINDOWS\System32\ucrtbase.dll
0x00007ffa3ad00000 - 0x00007ffa3af79000 	C:\WINDOWS\WinSxS\amd64_microsoft.windows.common-controls_6595b64144ccf1df_6.0.17763.1282_none_de75b6f253473c0f\COMCTL32.dll
0x00007ffa49540000 - 0x00007ffa4954a000 	C:\WINDOWS\SYSTEM32\VERSION.dll
0x00007ffa50650000 - 0x00007ffa5097c000 	C:\WINDOWS\System32\combase.dll
0x00007ffa4e860000 - 0x00007ffa4e8de000 	C:\WINDOWS\System32\bcryptPrimitives.dll
0x00007ffa513e0000 - 0x00007ffa5140e000 	C:\WINDOWS\System32\IMM32.DLL
0x00007ffa20da0000 - 0x00007ffa20e8f000 	C:\Program Files\Java\jre-10.0.2\bin\msvcr120.dll
0x00007ffa21420000 - 0x00007ffa214c6000 	C:\Program Files\Java\jre-10.0.2\bin\msvcp120.dll
0x000000006f360000 - 0x000000006fdd0000 	C:\Program Files\Java\jre-10.0.2\bin\server\jvm.dll
0x00007ffa514b0000 - 0x00007ffa514b8000 	C:\WINDOWS\System32\PSAPI.DLL
0x00007ffa4b940000 - 0x00007ffa4b964000 	C:\WINDOWS\SYSTEM32\WINMM.dll
0x00007ffa4c2a0000 - 0x00007ffa4c2a9000 	C:\WINDOWS\SYSTEM32\WSOCK32.dll
0x00007ffa51620000 - 0x00007ffa5168d000 	C:\WINDOWS\System32\WS2_32.dll
0x00007ffa4b7f0000 - 0x00007ffa4b81d000 	C:\WINDOWS\SYSTEM32\WINMMBASE.dll
0x00007ffa4e100000 - 0x00007ffa4e14a000 	C:\WINDOWS\System32\cfgmgr32.dll
0x00007ffa495e0000 - 0x00007ffa495ef000 	C:\Program Files\Java\jre-10.0.2\bin\verify.dll
0x00007ffa49170000 - 0x00007ffa4935d000 	C:\WINDOWS\SYSTEM32\DBGHELP.DLL
0x00007ffa311b0000 - 0x00007ffa311da000 	C:\WINDOWS\SYSTEM32\dbgcore.DLL
0x00007ffa3a6b0000 - 0x00007ffa3a6d7000 	C:\Program Files\Java\jre-10.0.2\bin\java.dll
0x00007ffa495c0000 - 0x00007ffa495d6000 	C:\Program Files\Java\jre-10.0.2\bin\zip.dll
0x00007ffa3a6a0000 - 0x00007ffa3a6aa000 	C:\Program Files\Java\jre-10.0.2\bin\jimage.dll
0x00007ffa4f140000 - 0x00007ffa50638000 	C:\WINDOWS\System32\SHELL32.dll
0x00007ffa4ecb0000 - 0x00007ffa4ed58000 	C:\WINDOWS\System32\shcore.dll
0x00007ffa4d9b0000 - 0x00007ffa4e0ff000 	C:\WINDOWS\System32\windows.storage.dll
0x00007ffa4d750000 - 0x00007ffa4d774000 	C:\WINDOWS\System32\profapi.dll
0x00007ffa4d6d0000 - 0x00007ffa4d72d000 	C:\WINDOWS\System32\powrprof.dll
0x00007ffa515c0000 - 0x00007ffa51612000 	C:\WINDOWS\System32\shlwapi.dll
0x00007ffa4d6b0000 - 0x00007ffa4d6c1000 	C:\WINDOWS\System32\kernel.appcore.dll
0x00007ffa4e1f0000 - 0x00007ffa4e207000 	C:\WINDOWS\System32\cryptsp.dll
0x00007ffa37250000 - 0x00007ffa3726a000 	C:\Program Files\Java\jre-10.0.2\bin\net.dll
0x00007ffa413b0000 - 0x00007ffa414a2000 	C:\WINDOWS\SYSTEM32\WINHTTP.dll
0x00007ffa4ceb0000 - 0x00007ffa4cf17000 	C:\WINDOWS\system32\mswsock.dll
0x00007ffa349b0000 - 0x00007ffa349c1000 	C:\Program Files\Java\jre-10.0.2\bin\nio.dll
0x00007ffa4ca30000 - 0x00007ffa4ca63000 	C:\WINDOWS\system32\rsaenh.dll
0x00007ffa4d960000 - 0x00007ffa4d986000 	C:\WINDOWS\System32\bcrypt.dll
0x00007ffa4d5e0000 - 0x00007ffa4d608000 	C:\WINDOWS\SYSTEM32\USERENV.dll
0x00007ffa4d080000 - 0x00007ffa4d08c000 	C:\WINDOWS\SYSTEM32\CRYPTBASE.dll
0x00007ffa4cbd0000 - 0x00007ffa4cc0d000 	C:\WINDOWS\SYSTEM32\IPHLPAPI.DLL
0x00007ffa4ed60000 - 0x00007ffa4ed68000 	C:\WINDOWS\System32\NSI.dll
0x00007ffa40e60000 - 0x00007ffa40e76000 	C:\WINDOWS\SYSTEM32\dhcpcsvc6.DLL
0x00007ffa41770000 - 0x00007ffa4178c000 	C:\WINDOWS\SYSTEM32\dhcpcsvc.DLL
0x00007ffa4cc10000 - 0x00007ffa4ccd7000 	C:\WINDOWS\SYSTEM32\DNSAPI.dll
0x00007ffa4ba40000 - 0x00007ffa4bacc000 	C:\WINDOWS\system32\apphelp.dll
0x00000000637c0000 - 0x00000000637cd000 	C:\Users\User\AppData\Local\Temp\jogamp_0000\file_cache\jln11132906933988058713\jln16725940962228891703\natives\windows-amd64\gluegen-rt.dll
0x00007ffa0aff0000 - 0x00007ffa0b18b000 	C:\Program Files\Java\jre-10.0.2\bin\awt.dll
0x00007ffa50af0000 - 0x00007ffa50bb4000 	C:\WINDOWS\System32\OLEAUT32.dll
0x00007ffa4a530000 - 0x00007ffa4aaee000 	C:\WINDOWS\SYSTEM32\d2d1.dll
0x00007ffa4bb10000 - 0x00007ffa4bbac000 	C:\WINDOWS\system32\uxtheme.dll
0x00007ffa50980000 - 0x00007ffa50aed000 	C:\WINDOWS\System32\MSCTF.dll
0x00007ffa4bf30000 - 0x00007ffa4bf5e000 	C:\WINDOWS\system32\dwmapi.dll
0x00007ffa4d780000 - 0x00007ffa4d95c000 	C:\WINDOWS\System32\CRYPT32.dll
0x00007ffa4d730000 - 0x00007ffa4d742000 	C:\WINDOWS\System32\MSASN1.dll
0x00007ffa50bc0000 - 0x00007ffa50d15000 	C:\WINDOWS\System32\ole32.dll
0x00007ffa34980000 - 0x00007ffa34987000 	C:\Program Files\Java\jre-10.0.2\bin\jawt.dll
0x000000006a440000 - 0x000000006a44d000 	C:\Users\User\AppData\Local\Temp\jogamp_0000\file_cache\jln11132906933988058713\jln16725940962228891703\natives\windows-amd64\nativewindow_awt.dll
0x00007ffa21b60000 - 0x00007ffa21c87000 	C:\WINDOWS\system32\opengl32.dll
0x00007ffa221f0000 - 0x00007ffa2221c000 	C:\WINDOWS\SYSTEM32\GLU32.dll
0x000000006c100000 - 0x000000006c10f000 	C:\Users\User\AppData\Local\Temp\jogamp_0000\file_cache\jln11132906933988058713\jln16725940962228891703\natives\windows-amd64\nativewindow_win32.dll
0x0000000064500000 - 0x00000000645b1000 	C:\Users\User\AppData\Local\Temp\jogamp_0000\file_cache\jln11132906933988058713\jln16725940962228891703\natives\windows-amd64\jogl_desktop.dll
0x0000000064340000 - 0x00000000643a2000 	C:\Users\User\AppData\Local\Temp\jogamp_0000\file_cache\jln11132906933988058713\jln16725940962228891703\natives\windows-amd64\jogl_mobile.dll
0x00007ffa03200000 - 0x00007ffa040d9000 	C:\WINDOWS\System32\DriverStore\FileRepository\ki124164.inf_amd64_85b60d2b8c3af983\ig9icd64.dll
0x00007ffa4c230000 - 0x00007ffa4c243000 	C:\WINDOWS\SYSTEM32\WTSAPI32.dll
0x00007ffa4c380000 - 0x00007ffa4c442000 	C:\WINDOWS\SYSTEM32\dxgi.dll
0x00007ffa3db80000 - 0x00007ffa3f182000 	C:\WINDOWS\System32\DriverStore\FileRepository\ki124164.inf_amd64_85b60d2b8c3af983\igc64.dll
0x000000006cbc0000 - 0x000000006cbd3000 	C:\Users\User\AppData\Local\Temp\jogamp_0000\file_cache\jln11132906933988058713\jln16725940962228891703\natives\windows-amd64\newt.dll
0x00007ffa35130000 - 0x00007ffa351dd000 	C:\WINDOWS\SYSTEM32\mscms.dll
0x00007ffa4a2c0000 - 0x00007ffa4a2d0000 	C:\WINDOWS\SYSTEM32\ColorAdapterClient.dll
0x00007ffa21900000 - 0x00007ffa21943000 	C:\WINDOWS\SYSTEM32\icm32.dll
0x00007ffa50e20000 - 0x00007ffa51296000 	C:\WINDOWS\System32\setupapi.dll
0x00007ffa4d4b0000 - 0x00007ffa4d4d9000 	C:\WINDOWS\SYSTEM32\DEVOBJ.dll
0x00007ffa4e700000 - 0x00007ffa4e759000 	C:\WINDOWS\System32\WINTRUST.dll
0x00007ffa457f0000 - 0x00007ffa45885000 	C:\WINDOWS\System32\TextInputFramework.dll
0x00007ffa46420000 - 0x00007ffa46742000 	C:\WINDOWS\System32\CoreUIComponents.dll
0x00007ffa4c710000 - 0x00007ffa4c741000 	C:\WINDOWS\SYSTEM32\ntmarta.dll
0x00007ffa496a0000 - 0x00007ffa497f3000 	C:\WINDOWS\SYSTEM32\wintypes.dll
0x00007ffa4b3a0000 - 0x00007ffa4b482000 	C:\WINDOWS\System32\CoreMessaging.dll

dbghelp: loaded successfully - version: 4.0.5 - missing functions: none
symbol engine: initialized successfully - sym options: 0x614 - pdb path: .;C:\Program Files\Java\jre-10.0.2\bin;C:\WINDOWS\SYSTEM32;C:\WINDOWS\WinSxS\amd64_microsoft.windows.common-controls_6595b64144ccf1df_6.0.17763.1282_none_de75b6f253473c0f;C:\Program Files\Java\jre-10.0.2\bin\server;C:\Users\User\AppData\Local\Temp\jogamp_0000\file_cache\jln11132906933988058713\jln16725940962228891703\natives\windows-amd64;C:\WINDOWS\System32\DriverStore\FileRepository\ki124164.inf_amd64_85b60d2b8c3af983

VM Arguments:
jvm_args: -Djava.library.path=D:\eclipse\2D\Natives;D:\eclipse\2D\Natives -Dfile.encoding=Cp1252 
java_command: org.graphics.Renderer
java_class_path (initial): D:\eclipse\2D\bin;C:\Users\User\Downloads\jogamp-all-platforms\jar\gluegen-rt.jar;C:\Users\User\Downloads\jogamp-all-platforms\jar\jogl-all.jar
Launcher Type: SUN_STANDARD

Logging:
Log output configuration:
#0: stdout all=warning uptime,level,tags
#1: stderr all=off uptime,level,tags

Environment Variables:
PATH=C:/Program Files/Java/jre1.8.0_171/bin/server;C:/Program Files/Java/jre1.8.0_171/bin;C:/Program Files/Java/jre1.8.0_171/lib/amd64;D:\dbms\app\oracle\product\11.2.0\server\bin;C:\Program Files (x86)\Common Files\Oracle\Java\javapath;C:\Program Files (x86)\Intel\iCLS Client\;C:\Program Files\Intel\iCLS Client\;C:\Windows\system32;C:\Windows;C:\Windows\System32\Wbem;C:\Windows\System32\WindowsPowerShell\v1.0\;C:\Program Files (x86)\Intel\Intel(R) Management Engine Components\DAL;C:\Program Files\Intel\Intel(R) Management Engine Components\DAL;C:\Program Files (x86)\Intel\Intel(R) Management Engine Components\IPT;C:\Program Files\Intel\Intel(R) Management Engine Components\IPT;C:\Program Files (x86)\NVIDIA Corporation\PhysX\Common;C:\WINDOWS\system32;C:\WINDOWS;C:\WINDOWS\System32\Wbem;C:\WINDOWS\System32\WindowsPowerShell\v1.0\;C:\WINDOWS\System32\OpenSSH\;C:\Program Files (x86)\CodeBlocks\MinGW\bin;C:\Program Files (x86)\GnuWin32\bin;D:\bison\bin;C:\instantclient_12_2;C:\Program Files\Git\cmd;C:\Users\User\AppData\Local\Microsoft\WindowsApps;C:\Program Files\Java\jre1.8.0_171\lib;C:\Program Files\Java\jdk1.8.0_171\bin;C:\Program Files (x86)\CodeBlocks\MinGW\bin;C:\Program Files (x86)\GnuWin32\bin;D:\bison\bin;C:\instantclient_12_2;;C:\WINDOWS\system32;
USERNAME=User
OS=Windows_NT
PROCESSOR_IDENTIFIER=Intel64 Family 6 Model 78 Stepping 3, GenuineIntel



---------------  S Y S T E M  ---------------

OS: Windows 10 , 64 bit Build 17763 (10.0.17763.1158)

CPU:total 4 (initial active 4) (2 cores per cpu, 2 threads per core) family 6 model 78 stepping 3, cmov, cx8, fxsr, mmx, sse, sse2, sse3, ssse3, sse4.1, sse4.2, popcnt, avx, avx2, aes, clmul, erms, 3dnowpref, lzcnt, ht, tsc, tscinvbit, bmi1, bmi2, adx, fma

Memory: 4k page, physical 8275968k(1092560k free), swap 25338748k(0k free)

vm_info: Java HotSpot(TM) 64-Bit Server VM (10.0.2+13) for windows-amd64 JRE (10.0.2+13), built on Jun 28 2018 01:57:56 by "mach5one" with MS VC++ 12.0 (VS2013)

END.
