#
# There is insufficient memory for the Java Runtime Environment to continue.
# Native memory allocation (mmap) failed to map 134217728 bytes for Failed to commit area from 0x0000000081a00000 to 0x0000000089a00000 of length 134217728.
# Possible reasons:
#   The system is out of physical RAM or swap space
#   The process is running with CompressedOops enabled, and the Java Heap may be blocking the growth of the native heap
# Possible solutions:
#   Reduce memory load on the system
#   Increase physical memory or swap space
#   Check if swap backing store is full
#   Decrease Java heap size (-Xmx/-Xms)
#   Decrease number of Java threads
#   Decrease Java thread stack sizes (-Xss)
#   Set larger code cache with -XX:ReservedCodeCacheSize=
# This output file may be truncated or incomplete.
#
#  Out of Memory Error (t:/workspace/open/src/hotspot/os/windows/os_windows.cpp:3221), pid=13668, tid=19872
#
# JRE version:  (10.0.2+13) (build )
# Java VM: Java HotSpot(TM) 64-Bit Server VM (10.0.2+13, mixed mode, aot, tiered, compressed oops, g1 gc, windows-amd64)
# No core dump will be written. Minidumps are not enabled by default on client versions of Windows
#

---------------  S U M M A R Y ------------

Command Line: -Djava.library.path=D:\eclipse\2D\Natives;D:\eclipse\2D\Natives -Dfile.encoding=Cp1252 org.graphics.Renderer

Host: Intel(R) Core(TM) i7-6500U CPU @ 2.50GHz, 4 cores, 7G,  Windows 10 , 64 bit Build 17763 (10.0.17763.1158)
Time: Sat Aug 29 21:06:27 2020 Bangladesh Standard Time elapsed time: 0 seconds (0d 0h 0m 0s)

---------------  T H R E A D  ---------------

Current thread (0x000001a864d0f800):  JavaThread "Unknown thread" [_thread_in_vm, id=19872, stack(0x000000709e700000,0x000000709e800000)]

Stack: [0x000000709e700000,0x000000709e800000]
Native frames: (J=compiled Java code, j=interpreted, Vv=VM code, C=native code)
V  [jvm.dll+0x5a01a9]
V  [jvm.dll+0x6bcf31]
V  [jvm.dll+0x6be126]
V  [jvm.dll+0x6be7b3]
V  [jvm.dll+0x234978]
V  [jvm.dll+0x59dac4]
V  [jvm.dll+0x592825]
V  [jvm.dll+0x2f632b]
V  [jvm.dll+0x2f6295]
V  [jvm.dll+0x2f6172]
V  [jvm.dll+0x2f8366]
V  [jvm.dll+0x344293]
V  [jvm.dll+0x3449a6]
V  [jvm.dll+0x344393]
V  [jvm.dll+0x2c4628]
V  [jvm.dll+0x2c5771]
V  [jvm.dll+0x69d1db]
V  [jvm.dll+0x69e9fc]
V  [jvm.dll+0x3519e9]
V  [jvm.dll+0x6856a2]
V  [jvm.dll+0x3ba0c3]
V  [jvm.dll+0x3bc261]
C  [javaw.exe+0x3541]
C  [javaw.exe+0xe1cf]
C  [javaw.exe+0xe376]
C  [KERNEL32.DLL+0x17974]
C  [ntdll.dll+0x6a271]


---------------  P R O C E S S  ---------------

Threads class SMR info:
_java_thread_list=0x000001a862c0a240, length=0, elements={
}

Java Threads: ( => current thread )

Other Threads:
  0x000001a864d28800 GCTaskThread "GC Thread#0" [stack: 0x000000709e800000,0x000000709e900000] [id=13500]
  0x000001a864d2b800 GCTaskThread "GC Thread#1" [stack: 0x000000709e900000,0x000000709ea00000] [id=20820]
  0x000001a864d2d000 GCTaskThread "GC Thread#2" [stack: 0x000000709ea00000,0x000000709eb00000] [id=26040]
  0x000001a864d2f800 GCTaskThread "GC Thread#3" [stack: 0x000000709eb00000,0x000000709ec00000] [id=12748]
  0x000001a864d99800 ConcurrentGCThread "G1 Main Marker" [stack: 0x000000709ec00000,0x000000709ed00000] [id=14620]
  0x000001a864d9d800 ConcurrentGCThread "G1 Conc#0" [stack: 0x000000709ed00000,0x000000709ee00000] [id=25644]

[error occurred during error reporting (printing all threads), id 0xe0000002]

VM state:not at safepoint (not fully initialized)

VM Mutex/Monitor currently owned by a thread:  ([mutex/lock_event])
[0x000001a864d0df80] Heap_lock - owner thread: 0x000001a864d0f800

Heap address: 0x0000000081a00000, size: 2022 MB, Compressed Oops mode: Non-zero based: 0x0000000081a00000
Narrow klass base: 0x0000000000000000, Narrow klass shift: 0

GC Heap History (0 events):
No events

Deoptimization events (0 events):
No events

Classes redefined (0 events):
No events

Internal exceptions (0 events):
No events

Events (0 events):
No events


Dynamic libraries:
0x00007ff6b0440000 - 0x00007ff6b047e000 	C:\Program Files\Java\jre-10.0.2\bin\javaw.exe
0x00007ffecc4f0000 - 0x00007ffecc6dd000 	C:\WINDOWS\SYSTEM32\ntdll.dll
0x00007ffec9d60000 - 0x00007ffec9e13000 	C:\WINDOWS\System32\KERNEL32.DLL
0x00007ffec9270000 - 0x00007ffec9505000 	C:\WINDOWS\System32\KERNELBASE.dll
0x00007ffeca6d0000 - 0x00007ffeca773000 	C:\WINDOWS\System32\ADVAPI32.dll
0x00007ffec9e20000 - 0x00007ffec9ebe000 	C:\WINDOWS\System32\msvcrt.dll
0x00007ffeca940000 - 0x00007ffeca9de000 	C:\WINDOWS\System32\sechost.dll
0x00007ffecadc0000 - 0x00007ffecaee2000 	C:\WINDOWS\System32\RPCRT4.dll
0x00007ffecab50000 - 0x00007ffecace7000 	C:\WINDOWS\System32\USER32.dll
0x00007ffec95f0000 - 0x00007ffec9610000 	C:\WINDOWS\System32\win32u.dll
0x00007ffeca5c0000 - 0x00007ffeca5e9000 	C:\WINDOWS\System32\GDI32.dll
0x00007ffec90b0000 - 0x00007ffec924a000 	C:\WINDOWS\System32\gdi32full.dll
0x00007ffec85b0000 - 0x00007ffec8650000 	C:\WINDOWS\System32\msvcp_win.dll
0x00007ffec9610000 - 0x00007ffec970a000 	C:\WINDOWS\System32\ucrtbase.dll
0x00007ffeb5520000 - 0x00007ffeb5799000 	C:\WINDOWS\WinSxS\amd64_microsoft.windows.common-controls_6595b64144ccf1df_6.0.17763.1282_none_de75b6f253473c0f\COMCTL32.dll
0x00007ffec9720000 - 0x00007ffec9a4c000 	C:\WINDOWS\System32\combase.dll
0x00007ffec8650000 - 0x00007ffec86ce000 	C:\WINDOWS\System32\bcryptPrimitives.dll
0x00007ffec3c80000 - 0x00007ffec3c8a000 	C:\WINDOWS\SYSTEM32\VERSION.dll
0x00007ffec9a50000 - 0x00007ffec9a7e000 	C:\WINDOWS\System32\IMM32.DLL
0x00007ffe939e0000 - 0x00007ffe93acf000 	C:\Program Files\Java\jre-10.0.2\bin\msvcr120.dll
0x00007ffe8c7b0000 - 0x00007ffe8c856000 	C:\Program Files\Java\jre-10.0.2\bin\msvcp120.dll
0x000000005d570000 - 0x000000005dfe0000 	C:\Program Files\Java\jre-10.0.2\bin\server\jvm.dll
0x00007ffeca780000 - 0x00007ffeca788000 	C:\WINDOWS\System32\PSAPI.DLL
0x00007ffec7080000 - 0x00007ffec7089000 	C:\WINDOWS\SYSTEM32\WSOCK32.dll
0x00007ffecaef0000 - 0x00007ffecaf5d000 	C:\WINDOWS\System32\WS2_32.dll
0x00007ffec6500000 - 0x00007ffec6524000 	C:\WINDOWS\SYSTEM32\WINMM.dll
0x00007ffec64d0000 - 0x00007ffec64fd000 	C:\WINDOWS\SYSTEM32\winmmbase.dll
0x00007ffec8e80000 - 0x00007ffec8eca000 	C:\WINDOWS\System32\cfgmgr32.dll
0x00007ffebe6f0000 - 0x00007ffebe6ff000 	C:\Program Files\Java\jre-10.0.2\bin\verify.dll
0x00007ffec6cc0000 - 0x00007ffec6ead000 	C:\WINDOWS\SYSTEM32\DBGHELP.DLL
0x00007ffeb5d30000 - 0x00007ffeb5d5a000 	C:\WINDOWS\SYSTEM32\dbgcore.DLL
0x00007ffea8e70000 - 0x00007ffea8e97000 	C:\Program Files\Java\jre-10.0.2\bin\java.dll
0x00007ffeba5e0000 - 0x00007ffeba5f6000 	C:\Program Files\Java\jre-10.0.2\bin\zip.dll
0x00007ffeba5b0000 - 0x00007ffeba5ba000 	C:\Program Files\Java\jre-10.0.2\bin\jimage.dll

dbghelp: loaded successfully - version: 4.0.5 - missing functions: none
symbol engine: initialized successfully - sym options: 0x614 - pdb path: .;C:\Program Files\Java\jre-10.0.2\bin;C:\WINDOWS\SYSTEM32;C:\WINDOWS\WinSxS\amd64_microsoft.windows.common-controls_6595b64144ccf1df_6.0.17763.1282_none_de75b6f253473c0f;C:\Program Files\Java\jre-10.0.2\bin\server

VM Arguments:
jvm_args: -Djava.library.path=D:\eclipse\2D\Natives;D:\eclipse\2D\Natives -Dfile.encoding=Cp1252 
java_command: org.graphics.Renderer
java_class_path (initial): D:\eclipse\2D\bin;C:\Users\User\Downloads\jogamp-all-platforms\jar\gluegen-rt.jar;C:\Users\User\Downloads\jogamp-all-platforms\jar\jogl-all.jar
Launcher Type: SUN_STANDARD

Logging:
Log output configuration:
#0: stdout all=warning uptime,level,tags
#1: stderr all=off uptime,level,tags

Environment Variables:
PATH=C:/Program Files/Java/jre1.8.0_171/bin/server;C:/Program Files/Java/jre1.8.0_171/bin;C:/Program Files/Java/jre1.8.0_171/lib/amd64;D:\dbms\app\oracle\product\11.2.0\server\bin;C:\Program Files (x86)\Common Files\Oracle\Java\javapath;C:\Program Files (x86)\Intel\iCLS Client\;C:\Program Files\Intel\iCLS Client\;C:\Windows\system32;C:\Windows;C:\Windows\System32\Wbem;C:\Windows\System32\WindowsPowerShell\v1.0\;C:\Program Files (x86)\Intel\Intel(R) Management Engine Components\DAL;C:\Program Files\Intel\Intel(R) Management Engine Components\DAL;C:\Program Files (x86)\Intel\Intel(R) Management Engine Components\IPT;C:\Program Files\Intel\Intel(R) Management Engine Components\IPT;C:\Program Files (x86)\NVIDIA Corporation\PhysX\Common;C:\WINDOWS\system32;C:\WINDOWS;C:\WINDOWS\System32\Wbem;C:\WINDOWS\System32\WindowsPowerShell\v1.0\;C:\WINDOWS\System32\OpenSSH\;C:\Program Files (x86)\CodeBlocks\MinGW\bin;C:\Program Files (x86)\GnuWin32\bin;D:\bison\bin;C:\instantclient_12_2;C:\Program Files\Git\cmd;C:\Users\User\AppData\Local\Microsoft\WindowsApps;C:\Program Files\Java\jre1.8.0_171\lib;C:\Program Files\Java\jdk1.8.0_171\bin;C:\Program Files (x86)\CodeBlocks\MinGW\bin;C:\Program Files (x86)\GnuWin32\bin;D:\bison\bin;C:\instantclient_12_2;;C:\WINDOWS\System32;
USERNAME=User
OS=Windows_NT
PROCESSOR_IDENTIFIER=Intel64 Family 6 Model 78 Stepping 3, GenuineIntel



---------------  S Y S T E M  ---------------

OS: Windows 10 , 64 bit Build 17763 (10.0.17763.1158)

CPU:total 4 (initial active 4) (2 cores per cpu, 2 threads per core) family 6 model 78 stepping 3, cmov, cx8, fxsr, mmx, sse, sse2, sse3, ssse3, sse4.1, sse4.2, popcnt, avx, avx2, aes, clmul, erms, 3dnowpref, lzcnt, ht, tsc, tscinvbit, bmi1, bmi2, adx, fma

Memory: 4k page, physical 8275968k(1098424k free), swap 25338748k(98568k free)

vm_info: Java HotSpot(TM) 64-Bit Server VM (10.0.2+13) for windows-amd64 JRE (10.0.2+13), built on Jun 28 2018 01:57:56 by "mach5one" with MS VC++ 12.0 (VS2013)

END.
