#
# There is insufficient memory for the Java Runtime Environment to continue.
# Native memory allocation (malloc) failed to allocate 306416 bytes for Chunk::new
# Possible reasons:
#   The system is out of physical RAM or swap space
#   The process is running with CompressedOops enabled, and the Java Heap may be blocking the growth of the native heap
# Possible solutions:
#   Reduce memory load on the system
#   Increase physical memory or swap space
#   Check if swap backing store is full
#   Decrease Java heap size (-Xmx/-Xms)
#   Decrease number of Java threads
#   Decrease Java thread stack sizes (-Xss)
#   Set larger code cache with -XX:ReservedCodeCacheSize=
#   JVM is running with Unscaled Compressed Oops mode in which the Java heap is
#     placed in the first 4GB address space. The Java Heap base address is the
#     maximum limit for the native heap growth. Please use -XX:HeapBaseMinAddress
#     to set the Java Heap base and to place the Java Heap above 4GB virtual address.
# This output file may be truncated or incomplete.
#
#  Out of Memory Error (t:/workspace/open/src/hotspot/share/memory/arena.cpp:198), pid=13992, tid=12652
#
# JRE version: Java(TM) SE Runtime Environment (10.0.2+13) (build 10.0.2+13)
# Java VM: Java HotSpot(TM) 64-Bit Server VM (10.0.2+13, mixed mode, tiered, compressed oops, g1 gc, windows-amd64)
# No core dump will be written. Minidumps are not enabled by default on client versions of Windows
#

---------------  S U M M A R Y ------------

Command Line: -Djava.library.path=D:\eclipse\2D\Natives;D:\eclipse\2D\Natives -Dfile.encoding=Cp1252 org.graphics.Renderer

Host: Intel(R) Core(TM) i7-6500U CPU @ 2.50GHz, 4 cores, 7G,  Windows 10 , 64 bit Build 17763 (10.0.17763.1158)
Time: Sun Aug 30 21:51:34 2020 Bangladesh Standard Time elapsed time: 1 seconds (0d 0h 0m 1s)

---------------  T H R E A D  ---------------

Current thread (0x0000025aaf831800):  JavaThread "C2 CompilerThread0" daemon [_thread_in_native, id=12652, stack(0x000000bf2c300000,0x000000bf2c400000)]


Current CompileTask:
C2:   1319  634       4       jdk.internal.org.objectweb.asm.Item::set (219 bytes)

Stack: [0x000000bf2c300000,0x000000bf2c400000]
Native frames: (J=compiled Java code, j=interpreted, Vv=VM code, C=native code)
V  [jvm.dll+0x5a01a9]
V  [jvm.dll+0x6bcf31]
V  [jvm.dll+0x6be126]
V  [jvm.dll+0x6be7b3]
V  [jvm.dll+0x234978]
V  [jvm.dll+0xbb69c]
V  [jvm.dll+0xbbbac]
V  [jvm.dll+0x34be98]
V  [jvm.dll+0x3110aa]
V  [jvm.dll+0x31063a]
V  [jvm.dll+0x1ffe91]
V  [jvm.dll+0x1ff116]
V  [jvm.dll+0x17c94b]
V  [jvm.dll+0x20c8dd]
V  [jvm.dll+0x20b6a6]
V  [jvm.dll+0x68b7ff]
V  [jvm.dll+0x59f4b0]
C  [msvcr120.dll+0x24f7f]
C  [msvcr120.dll+0x25126]
C  [KERNEL32.DLL+0x17974]
C  [ntdll.dll+0x6a271]


---------------  P R O C E S S  ---------------

Threads class SMR info:
_java_thread_list=0x0000025ab0397cc0, length=11, elements={
0x0000025a92032800, 0x0000025aaf7e1000, 0x0000025aaf815000, 0x0000025aaf82d800,
0x0000025aaf830800, 0x0000025aaf831800, 0x0000025aaf837800, 0x0000025aaf838800,
0x0000025ab018a800, 0x0000025ab030f800, 0x0000025ab030d800
}

Java Threads: ( => current thread )
  0x0000025a92032800 JavaThread "main" [_thread_blocked, id=6368, stack(0x000000bf2b200000,0x000000bf2b300000)]
  0x0000025aaf7e1000 JavaThread "Reference Handler" daemon [_thread_blocked, id=16416, stack(0x000000bf2bf00000,0x000000bf2c000000)]
  0x0000025aaf815000 JavaThread "Finalizer" daemon [_thread_blocked, id=22384, stack(0x000000bf2c000000,0x000000bf2c100000)]
  0x0000025aaf82d800 JavaThread "Signal Dispatcher" daemon [_thread_blocked, id=25560, stack(0x000000bf2c100000,0x000000bf2c200000)]
  0x0000025aaf830800 JavaThread "Attach Listener" daemon [_thread_blocked, id=22428, stack(0x000000bf2c200000,0x000000bf2c300000)]
=>0x0000025aaf831800 JavaThread "C2 CompilerThread0" daemon [_thread_in_native, id=12652, stack(0x000000bf2c300000,0x000000bf2c400000)]
  0x0000025aaf837800 JavaThread "C2 CompilerThread1" daemon [_thread_blocked, id=3236, stack(0x000000bf2c400000,0x000000bf2c500000)]
  0x0000025aaf838800 JavaThread "C1 CompilerThread2" daemon [_thread_blocked, id=18772, stack(0x000000bf2c500000,0x000000bf2c600000)]
  0x0000025ab018a800 JavaThread "Sweeper thread" daemon [_thread_blocked, id=18028, stack(0x000000bf2c600000,0x000000bf2c700000)]
  0x0000025ab030f800 JavaThread "Service Thread" daemon [_thread_blocked, id=21068, stack(0x000000bf2c700000,0x000000bf2c800000)]
  0x0000025ab030d800 JavaThread "Common-Cleaner" daemon [_thread_blocked, id=11332, stack(0x000000bf2c800000,0x000000bf2c900000)]

Other Threads:
  0x0000025aaf7df000 VMThread "VM Thread" [stack: 0x000000bf2be00000,0x000000bf2bf00000] [id=18484]
  0x0000025ab0327800 WatcherThread [stack: 0x000000bf2c900000,0x000000bf2ca00000] [id=6572]
  0x0000025a9204b000 GCTaskThread "GC Thread#0" [stack: 0x000000bf2b300000,0x000000bf2b400000] [id=24272]
  0x0000025a9204c800 GCTaskThread "GC Thread#1" [stack: 0x000000bf2b400000,0x000000bf2b500000] [id=24740]
  0x0000025a92053800 GCTaskThread "GC Thread#2" [stack: 0x000000bf2b500000,0x000000bf2b600000] [id=19936]
  0x0000025a92054800 GCTaskThread "GC Thread#3" [stack: 0x000000bf2b600000,0x000000bf2b700000] [id=25360]
  0x0000025a920c5000 ConcurrentGCThread "G1 Main Marker" [stack: 0x000000bf2b700000,0x000000bf2b800000] [id=24820]
  0x0000025a920c8000 ConcurrentGCThread "G1 Conc#0" [stack: 0x000000bf2b800000,0x000000bf2b900000] [id=16452]
  0x0000025a9210d800 ConcurrentGCThread "G1 Refine#0" [stack: 0x000000bf2b900000,0x000000bf2ba00000] [id=8328]
  0x0000025aaf68d800 ConcurrentGCThread "G1 Refine#1" [stack: 0x000000bf2ba00000,0x000000bf2bb00000] [id=17444]
  0x0000025aaf68e800 ConcurrentGCThread "G1 Refine#2" [stack: 0x000000bf2bb00000,0x000000bf2bc00000] [id=19884]
  0x0000025aaf695800 ConcurrentGCThread "G1 Refine#3" [stack: 0x000000bf2bc00000,0x000000bf2bd00000] [id=5304]
  0x0000025aaf696800 ConcurrentGCThread "G1 Young RemSet Sampling" [stack: 0x000000bf2bd00000,0x000000bf2be00000] [id=21660]

Threads with active compile tasks:
C2 CompilerThread0 634       4       jdk.internal.org.objectweb.asm.Item::set (219 bytes)

VM state:at safepoint (normal execution)

VM Mutex/Monitor currently owned by a thread:  ([mutex/lock_event])
[0x0000025a920307b0] Threads_lock - owner thread: 0x0000025aaf7df000
[0x0000025a92031e30] Heap_lock - owner thread: 0x0000025a92032800

Heap address: 0x0000000081a00000, size: 2022 MB, Compressed Oops mode: 32-bit
Narrow klass base: 0x0000000000000000, Narrow klass shift: 3
Compressed class space size: 1073741824 Address: 0x0000000100000000

Heap:
 garbage-first heap   total 131072K, used 1545K [0x0000000081a00000, 0x0000000100000000)
  region size 1024K, 2 young (2048K), 2 survivors (2048K)
 Metaspace       used 8623K, capacity 8786K, committed 8960K, reserved 1069056K
  class space    used 837K, capacity 920K, committed 1024K, reserved 1048576K
Heap Regions: E=young(eden), S=young(survivor), O=old, HS=humongous(starts), HC=humongous(continues), CS=collection set, F=free, A=archive, TS=gc time stamp, AC=allocation context, TAMS=top-at-mark-start (previous, next)
|   0|0x0000000081a00000, 0x0000000081a00000, 0x0000000081b00000|  0%| F|  |TS  0|AC  0|TAMS 0x0000000081a00000, 0x0000000081a00000|
|   1|0x0000000081b00000, 0x0000000081b00000, 0x0000000081c00000|  0%| F|  |TS  0|AC  0|TAMS 0x0000000081b00000, 0x0000000081b00000|
|   2|0x0000000081c00000, 0x0000000081c00000, 0x0000000081d00000|  0%| F|  |TS  0|AC  0|TAMS 0x0000000081c00000, 0x0000000081c00000|
|   3|0x0000000081d00000, 0x0000000081d00000, 0x0000000081e00000|  0%| F|  |TS  0|AC  0|TAMS 0x0000000081d00000, 0x0000000081d00000|
|   4|0x0000000081e00000, 0x0000000081e00000, 0x0000000081f00000|  0%| F|  |TS  0|AC  0|TAMS 0x0000000081e00000, 0x0000000081e00000|
|   5|0x0000000081f00000, 0x0000000081f00000, 0x0000000082000000|  0%| F|  |TS  0|AC  0|TAMS 0x0000000081f00000, 0x0000000081f00000|
|   6|0x0000000082000000, 0x0000000082000000, 0x0000000082100000|  0%| F|  |TS  0|AC  0|TAMS 0x0000000082000000, 0x0000000082000000|
|   7|0x0000000082100000, 0x0000000082100000, 0x0000000082200000|  0%| F|  |TS  0|AC  0|TAMS 0x0000000082100000, 0x0000000082100000|
|   8|0x0000000082200000, 0x0000000082200000, 0x0000000082300000|  0%| F|  |TS  0|AC  0|TAMS 0x0000000082200000, 0x0000000082200000|
|   9|0x0000000082300000, 0x0000000082300000, 0x0000000082400000|  0%| F|  |TS  0|AC  0|TAMS 0x0000000082300000, 0x0000000082300000|
|  10|0x0000000082400000, 0x0000000082400000, 0x0000000082500000|  0%| F|  |TS  0|AC  0|TAMS 0x0000000082400000, 0x0000000082400000|
|  11|0x0000000082500000, 0x0000000082500000, 0x0000000082600000|  0%| F|  |TS  0|AC  0|TAMS 0x0000000082500000, 0x0000000082500000|
|  12|0x0000000082600000, 0x0000000082600000, 0x0000000082700000|  0%| F|  |TS  0|AC  0|TAMS 0x0000000082600000, 0x0000000082600000|
|  13|0x0000000082700000, 0x0000000082700000, 0x0000000082800000|  0%| F|  |TS  0|AC  0|TAMS 0x0000000082700000, 0x0000000082700000|
|  14|0x0000000082800000, 0x0000000082800000, 0x0000000082900000|  0%| F|  |TS  0|AC  0|TAMS 0x0000000082800000, 0x0000000082800000|
|  15|0x0000000082900000, 0x0000000082900000, 0x0000000082a00000|  0%| F|  |TS  0|AC  0|TAMS 0x0000000082900000, 0x0000000082900000|
|  16|0x0000000082a00000, 0x0000000082a00000, 0x0000000082b00000|  0%| F|  |TS  0|AC  0|TAMS 0x0000000082a00000, 0x0000000082a00000|
|  17|0x0000000082b00000, 0x0000000082b00000, 0x0000000082c00000|  0%| F|  |TS  0|AC  0|TAMS 0x0000000082b00000, 0x0000000082b00000|
|  18|0x0000000082c00000, 0x0000000082c00000, 0x0000000082d00000|  0%| F|  |TS  0|AC  0|TAMS 0x0000000082c00000, 0x0000000082c00000|
|  19|0x0000000082d00000, 0x0000000082d00000, 0x0000000082e00000|  0%| F|  |TS  0|AC  0|TAMS 0x0000000082d00000, 0x0000000082d00000|
|  20|0x0000000082e00000, 0x0000000082e00000, 0x0000000082f00000|  0%| F|  |TS  0|AC  0|TAMS 0x0000000082e00000, 0x0000000082e00000|
|  21|0x0000000082f00000, 0x0000000082f00000, 0x0000000083000000|  0%| F|  |TS  0|AC  0|TAMS 0x0000000082f00000, 0x0000000082f00000|
|  22|0x0000000083000000, 0x0000000083000000, 0x0000000083100000|  0%| F|  |TS  0|AC  0|TAMS 0x0000000083000000, 0x0000000083000000|
|  23|0x0000000083100000, 0x0000000083100000, 0x0000000083200000|  0%| F|  |TS  0|AC  0|TAMS 0x0000000083100000, 0x0000000083100000|
|  24|0x0000000083200000, 0x0000000083200000, 0x0000000083300000|  0%| F|  |TS  0|AC  0|TAMS 0x0000000083200000, 0x0000000083200000|
|  25|0x0000000083300000, 0x0000000083300000, 0x0000000083400000|  0%| F|  |TS  0|AC  0|TAMS 0x0000000083300000, 0x0000000083300000|
|  26|0x0000000083400000, 0x0000000083400000, 0x0000000083500000|  0%| F|  |TS  0|AC  0|TAMS 0x0000000083400000, 0x0000000083400000|
|  27|0x0000000083500000, 0x0000000083500000, 0x0000000083600000|  0%| F|  |TS  0|AC  0|TAMS 0x0000000083500000, 0x0000000083500000|
|  28|0x0000000083600000, 0x0000000083600000, 0x0000000083700000|  0%| F|  |TS  0|AC  0|TAMS 0x0000000083600000, 0x0000000083600000|
|  29|0x0000000083700000, 0x0000000083700000, 0x0000000083800000|  0%| F|  |TS  0|AC  0|TAMS 0x0000000083700000, 0x0000000083700000|
|  30|0x0000000083800000, 0x0000000083800000, 0x0000000083900000|  0%| F|  |TS  0|AC  0|TAMS 0x0000000083800000, 0x0000000083800000|
|  31|0x0000000083900000, 0x0000000083900000, 0x0000000083a00000|  0%| F|  |TS  0|AC  0|TAMS 0x0000000083900000, 0x0000000083900000|
|  32|0x0000000083a00000, 0x0000000083a00000, 0x0000000083b00000|  0%| F|  |TS  0|AC  0|TAMS 0x0000000083a00000, 0x0000000083a00000|
|  33|0x0000000083b00000, 0x0000000083b00000, 0x0000000083c00000|  0%| F|  |TS  0|AC  0|TAMS 0x0000000083b00000, 0x0000000083b00000|
|  34|0x0000000083c00000, 0x0000000083c00000, 0x0000000083d00000|  0%| F|  |TS  0|AC  0|TAMS 0x0000000083c00000, 0x0000000083c00000|
|  35|0x0000000083d00000, 0x0000000083d00000, 0x0000000083e00000|  0%| F|  |TS  0|AC  0|TAMS 0x0000000083d00000, 0x0000000083d00000|
|  36|0x0000000083e00000, 0x0000000083e00000, 0x0000000083f00000|  0%| F|  |TS  0|AC  0|TAMS 0x0000000083e00000, 0x0000000083e00000|
|  37|0x0000000083f00000, 0x0000000083f00000, 0x0000000084000000|  0%| F|  |TS  0|AC  0|TAMS 0x0000000083f00000, 0x0000000083f00000|
|  38|0x0000000084000000, 0x0000000084000000, 0x0000000084100000|  0%| F|  |TS  0|AC  0|TAMS 0x0000000084000000, 0x0000000084000000|
|  39|0x0000000084100000, 0x0000000084100000, 0x0000000084200000|  0%| F|  |TS  0|AC  0|TAMS 0x0000000084100000, 0x0000000084100000|
|  40|0x0000000084200000, 0x0000000084200000, 0x0000000084300000|  0%| F|  |TS  0|AC  0|TAMS 0x0000000084200000, 0x0000000084200000|
|  41|0x0000000084300000, 0x0000000084300000, 0x0000000084400000|  0%| F|  |TS  0|AC  0|TAMS 0x0000000084300000, 0x0000000084300000|
|  42|0x0000000084400000, 0x0000000084400000, 0x0000000084500000|  0%| F|  |TS  0|AC  0|TAMS 0x0000000084400000, 0x0000000084400000|
|  43|0x0000000084500000, 0x0000000084500000, 0x0000000084600000|  0%| F|  |TS  0|AC  0|TAMS 0x0000000084500000, 0x0000000084500000|
|  44|0x0000000084600000, 0x0000000084600000, 0x0000000084700000|  0%| F|  |TS  0|AC  0|TAMS 0x0000000084600000, 0x0000000084600000|
|  45|0x0000000084700000, 0x0000000084700000, 0x0000000084800000|  0%| F|  |TS  0|AC  0|TAMS 0x0000000084700000, 0x0000000084700000|
|  46|0x0000000084800000, 0x0000000084800000, 0x0000000084900000|  0%| F|  |TS  0|AC  0|TAMS 0x0000000084800000, 0x0000000084800000|
|  47|0x0000000084900000, 0x0000000084900000, 0x0000000084a00000|  0%| F|  |TS  0|AC  0|TAMS 0x0000000084900000, 0x0000000084900000|
|  48|0x0000000084a00000, 0x0000000084a00000, 0x0000000084b00000|  0%| F|  |TS  0|AC  0|TAMS 0x0000000084a00000, 0x0000000084a00000|
|  49|0x0000000084b00000, 0x0000000084b00000, 0x0000000084c00000|  0%| F|  |TS  0|AC  0|TAMS 0x0000000084b00000, 0x0000000084b00000|
|  50|0x0000000084c00000, 0x0000000084c00000, 0x0000000084d00000|  0%| F|  |TS  0|AC  0|TAMS 0x0000000084c00000, 0x0000000084c00000|
|  51|0x0000000084d00000, 0x0000000084d00000, 0x0000000084e00000|  0%| F|  |TS  0|AC  0|TAMS 0x0000000084d00000, 0x0000000084d00000|
|  52|0x0000000084e00000, 0x0000000084e00000, 0x0000000084f00000|  0%| F|  |TS  0|AC  0|TAMS 0x0000000084e00000, 0x0000000084e00000|
|  53|0x0000000084f00000, 0x0000000084f00000, 0x0000000085000000|  0%| F|  |TS  0|AC  0|TAMS 0x0000000084f00000, 0x0000000084f00000|
|  54|0x0000000085000000, 0x0000000085000000, 0x0000000085100000|  0%| F|  |TS  0|AC  0|TAMS 0x0000000085000000, 0x0000000085000000|
|  55|0x0000000085100000, 0x0000000085100000, 0x0000000085200000|  0%| F|  |TS  0|AC  0|TAMS 0x0000000085100000, 0x0000000085100000|
|  56|0x0000000085200000, 0x0000000085200000, 0x0000000085300000|  0%| F|  |TS  0|AC  0|TAMS 0x0000000085200000, 0x0000000085200000|
|  57|0x0000000085300000, 0x0000000085300000, 0x0000000085400000|  0%| F|  |TS  0|AC  0|TAMS 0x0000000085300000, 0x0000000085300000|
|  58|0x0000000085400000, 0x0000000085400000, 0x0000000085500000|  0%| F|  |TS  0|AC  0|TAMS 0x0000000085400000, 0x0000000085400000|
|  59|0x0000000085500000, 0x0000000085500000, 0x0000000085600000|  0%| F|  |TS  0|AC  0|TAMS 0x0000000085500000, 0x0000000085500000|
|  60|0x0000000085600000, 0x0000000085600000, 0x0000000085700000|  0%| F|  |TS  0|AC  0|TAMS 0x0000000085600000, 0x0000000085600000|
|  61|0x0000000085700000, 0x0000000085700000, 0x0000000085800000|  0%| F|  |TS  0|AC  0|TAMS 0x0000000085700000, 0x0000000085700000|
|  62|0x0000000085800000, 0x0000000085800000, 0x0000000085900000|  0%| F|  |TS  0|AC  0|TAMS 0x0000000085800000, 0x0000000085800000|
|  63|0x0000000085900000, 0x0000000085900000, 0x0000000085a00000|  0%| F|  |TS  0|AC  0|TAMS 0x0000000085900000, 0x0000000085900000|
|  64|0x0000000085a00000, 0x0000000085a00000, 0x0000000085b00000|  0%| F|  |TS  0|AC  0|TAMS 0x0000000085a00000, 0x0000000085a00000|
|  65|0x0000000085b00000, 0x0000000085b00000, 0x0000000085c00000|  0%| F|  |TS  0|AC  0|TAMS 0x0000000085b00000, 0x0000000085b00000|
|  66|0x0000000085c00000, 0x0000000085c00000, 0x0000000085d00000|  0%| F|  |TS  0|AC  0|TAMS 0x0000000085c00000, 0x0000000085c00000|
|  67|0x0000000085d00000, 0x0000000085d00000, 0x0000000085e00000|  0%| F|  |TS  0|AC  0|TAMS 0x0000000085d00000, 0x0000000085d00000|
|  68|0x0000000085e00000, 0x0000000085e00000, 0x0000000085f00000|  0%| F|  |TS  0|AC  0|TAMS 0x0000000085e00000, 0x0000000085e00000|
|  69|0x0000000085f00000, 0x0000000085f00000, 0x0000000086000000|  0%| F|  |TS  0|AC  0|TAMS 0x0000000085f00000, 0x0000000085f00000|
|  70|0x0000000086000000, 0x0000000086000000, 0x0000000086100000|  0%| F|  |TS  0|AC  0|TAMS 0x0000000086000000, 0x0000000086000000|
|  71|0x0000000086100000, 0x0000000086100000, 0x0000000086200000|  0%| F|  |TS  0|AC  0|TAMS 0x0000000086100000, 0x0000000086100000|
|  72|0x0000000086200000, 0x0000000086200000, 0x0000000086300000|  0%| F|  |TS  0|AC  0|TAMS 0x0000000086200000, 0x0000000086200000|
|  73|0x0000000086300000, 0x0000000086300000, 0x0000000086400000|  0%| F|  |TS  0|AC  0|TAMS 0x0000000086300000, 0x0000000086300000|
|  74|0x0000000086400000, 0x0000000086400000, 0x0000000086500000|  0%| F|  |TS  0|AC  0|TAMS 0x0000000086400000, 0x0000000086400000|
|  75|0x0000000086500000, 0x0000000086500000, 0x0000000086600000|  0%| F|  |TS  0|AC  0|TAMS 0x0000000086500000, 0x0000000086500000|
|  76|0x0000000086600000, 0x0000000086600000, 0x0000000086700000|  0%| F|  |TS  0|AC  0|TAMS 0x0000000086600000, 0x0000000086600000|
|  77|0x0000000086700000, 0x0000000086700000, 0x0000000086800000|  0%| F|  |TS  0|AC  0|TAMS 0x0000000086700000, 0x0000000086700000|
|  78|0x0000000086800000, 0x0000000086800000, 0x0000000086900000|  0%| F|  |TS  0|AC  0|TAMS 0x0000000086800000, 0x0000000086800000|
|  79|0x0000000086900000, 0x0000000086900000, 0x0000000086a00000|  0%| F|  |TS  0|AC  0|TAMS 0x0000000086900000, 0x0000000086900000|
|  80|0x0000000086a00000, 0x0000000086a00000, 0x0000000086b00000|  0%| F|  |TS  0|AC  0|TAMS 0x0000000086a00000, 0x0000000086a00000|
|  81|0x0000000086b00000, 0x0000000086b00000, 0x0000000086c00000|  0%| F|  |TS  0|AC  0|TAMS 0x0000000086b00000, 0x0000000086b00000|
|  82|0x0000000086c00000, 0x0000000086c00000, 0x0000000086d00000|  0%| F|  |TS  0|AC  0|TAMS 0x0000000086c00000, 0x0000000086c00000|
|  83|0x0000000086d00000, 0x0000000086d00000, 0x0000000086e00000|  0%| F|  |TS  0|AC  0|TAMS 0x0000000086d00000, 0x0000000086d00000|
|  84|0x0000000086e00000, 0x0000000086e00000, 0x0000000086f00000|  0%| F|  |TS  0|AC  0|TAMS 0x0000000086e00000, 0x0000000086e00000|
|  85|0x0000000086f00000, 0x0000000086f00000, 0x0000000087000000|  0%| F|  |TS  0|AC  0|TAMS 0x0000000086f00000, 0x0000000086f00000|
|  86|0x0000000087000000, 0x0000000087000000, 0x0000000087100000|  0%| F|  |TS  0|AC  0|TAMS 0x0000000087000000, 0x0000000087000000|
|  87|0x0000000087100000, 0x0000000087100000, 0x0000000087200000|  0%| F|  |TS  0|AC  0|TAMS 0x0000000087100000, 0x0000000087100000|
|  88|0x0000000087200000, 0x0000000087200000, 0x0000000087300000|  0%| F|  |TS  0|AC  0|TAMS 0x0000000087200000, 0x0000000087200000|
|  89|0x0000000087300000, 0x0000000087300000, 0x0000000087400000|  0%| F|  |TS  0|AC  0|TAMS 0x0000000087300000, 0x0000000087300000|
|  90|0x0000000087400000, 0x0000000087400000, 0x0000000087500000|  0%| F|  |TS  0|AC  0|TAMS 0x0000000087400000, 0x0000000087400000|
|  91|0x0000000087500000, 0x0000000087500000, 0x0000000087600000|  0%| F|  |TS  0|AC  0|TAMS 0x0000000087500000, 0x0000000087500000|
|  92|0x0000000087600000, 0x0000000087600000, 0x0000000087700000|  0%| F|  |TS  0|AC  0|TAMS 0x0000000087600000, 0x0000000087600000|
|  93|0x0000000087700000, 0x0000000087700000, 0x0000000087800000|  0%| F|  |TS  0|AC  0|TAMS 0x0000000087700000, 0x0000000087700000|
|  94|0x0000000087800000, 0x0000000087800000, 0x0000000087900000|  0%| F|  |TS  0|AC  0|TAMS 0x0000000087800000, 0x0000000087800000|
|  95|0x0000000087900000, 0x0000000087900000, 0x0000000087a00000|  0%| F|  |TS  0|AC  0|TAMS 0x0000000087900000, 0x0000000087900000|
|  96|0x0000000087a00000, 0x0000000087a00000, 0x0000000087b00000|  0%| F|  |TS  0|AC  0|TAMS 0x0000000087a00000, 0x0000000087a00000|
|  97|0x0000000087b00000, 0x0000000087b00000, 0x0000000087c00000|  0%| F|  |TS  0|AC  0|TAMS 0x0000000087b00000, 0x0000000087b00000|
|  98|0x0000000087c00000, 0x0000000087c00000, 0x0000000087d00000|  0%| F|  |TS  0|AC  0|TAMS 0x0000000087c00000, 0x0000000087c00000|
|  99|0x0000000087d00000, 0x0000000087d00000, 0x0000000087e00000|  0%| F|  |TS  0|AC  0|TAMS 0x0000000087d00000, 0x0000000087d00000|
| 100|0x0000000087e00000, 0x0000000087e00000, 0x0000000087f00000|  0%| F|  |TS  0|AC  0|TAMS 0x0000000087e00000, 0x0000000087e00000|
| 101|0x0000000087f00000, 0x0000000087f00000, 0x0000000088000000|  0%| F|  |TS  0|AC  0|TAMS 0x0000000087f00000, 0x0000000087f00000|
| 102|0x0000000088000000, 0x0000000088000000, 0x0000000088100000|  0%| F|  |TS  0|AC  0|TAMS 0x0000000088000000, 0x0000000088000000|
| 103|0x0000000088100000, 0x0000000088100000, 0x0000000088200000|  0%| F|  |TS  0|AC  0|TAMS 0x0000000088100000, 0x0000000088100000|
| 104|0x0000000088200000, 0x0000000088200000, 0x0000000088300000|  0%| F|  |TS  0|AC  0|TAMS 0x0000000088200000, 0x0000000088200000|
| 105|0x0000000088300000, 0x0000000088300000, 0x0000000088400000|  0%| F|  |TS  0|AC  0|TAMS 0x0000000088300000, 0x0000000088300000|
| 106|0x0000000088400000, 0x0000000088400000, 0x0000000088500000|  0%| F|  |TS  0|AC  0|TAMS 0x0000000088400000, 0x0000000088400000|
| 107|0x0000000088500000, 0x0000000088500000, 0x0000000088600000|  0%| F|  |TS  0|AC  0|TAMS 0x0000000088500000, 0x0000000088500000|
| 108|0x0000000088600000, 0x0000000088600000, 0x0000000088700000|  0%| F|  |TS  0|AC  0|TAMS 0x0000000088600000, 0x0000000088600000|
| 109|0x0000000088700000, 0x0000000088700000, 0x0000000088800000|  0%| F|  |TS  0|AC  0|TAMS 0x0000000088700000, 0x0000000088700000|
| 110|0x0000000088800000, 0x0000000088800000, 0x0000000088900000|  0%| F|  |TS  0|AC  0|TAMS 0x0000000088800000, 0x0000000088800000|
| 111|0x0000000088900000, 0x0000000088900000, 0x0000000088a00000|  0%| F|  |TS  0|AC  0|TAMS 0x0000000088900000, 0x0000000088900000|
| 112|0x0000000088a00000, 0x0000000088a00000, 0x0000000088b00000|  0%| F|  |TS  0|AC  0|TAMS 0x0000000088a00000, 0x0000000088a00000|
| 113|0x0000000088b00000, 0x0000000088b00000, 0x0000000088c00000|  0%| F|  |TS  0|AC  0|TAMS 0x0000000088b00000, 0x0000000088b00000|
| 114|0x0000000088c00000, 0x0000000088c00000, 0x0000000088d00000|  0%| F|  |TS  0|AC  0|TAMS 0x0000000088c00000, 0x0000000088c00000|
| 115|0x0000000088d00000, 0x0000000088d00000, 0x0000000088e00000|  0%| F|  |TS  0|AC  0|TAMS 0x0000000088d00000, 0x0000000088d00000|
| 116|0x0000000088e00000, 0x0000000088e00000, 0x0000000088f00000|  0%| F|  |TS  0|AC  0|TAMS 0x0000000088e00000, 0x0000000088e00000|
| 117|0x0000000088f00000, 0x0000000088f00000, 0x0000000089000000|  0%| F|  |TS  0|AC  0|TAMS 0x0000000088f00000, 0x0000000088f00000|
| 118|0x0000000089000000, 0x0000000089000000, 0x0000000089100000|  0%| F|  |TS  0|AC  0|TAMS 0x0000000089000000, 0x0000000089000000|
| 119|0x0000000089100000, 0x00000000891827d8, 0x0000000089200000| 50%| S|CS|TS  1|AC  0|TAMS 0x0000000089100000, 0x0000000089100000|
| 120|0x0000000089200000, 0x0000000089300000, 0x0000000089300000|100%| S|CS|TS  1|AC  0|TAMS 0x0000000089200000, 0x0000000089200000|
| 121|0x0000000089300000, 0x0000000089300000, 0x0000000089400000|  0%| F|  |TS  1|AC  0|TAMS 0x0000000089300000, 0x0000000089300000|
| 122|0x0000000089400000, 0x0000000089400000, 0x0000000089500000|  0%| F|  |TS  1|AC  0|TAMS 0x0000000089400000, 0x0000000089400000|
| 123|0x0000000089500000, 0x0000000089500000, 0x0000000089600000|  0%| F|  |TS  1|AC  0|TAMS 0x0000000089500000, 0x0000000089500000|
| 124|0x0000000089600000, 0x0000000089600000, 0x0000000089700000|  0%| F|  |TS  1|AC  0|TAMS 0x0000000089600000, 0x0000000089600000|
| 125|0x0000000089700000, 0x0000000089700000, 0x0000000089800000|  0%| F|  |TS  1|AC  0|TAMS 0x0000000089700000, 0x0000000089700000|
| 126|0x0000000089800000, 0x0000000089800000, 0x0000000089900000|  0%| F|  |TS  1|AC  0|TAMS 0x0000000089800000, 0x0000000089800000|
| 127|0x0000000089900000, 0x0000000089900000, 0x0000000089a00000|  0%| F|  |TS  1|AC  0|TAMS 0x0000000089900000, 0x0000000089900000|

Card table byte_map: [0x0000025aa8be0000,0x0000025aa8fe0000] byte_map_base: 0x0000025aa87d3000

Marking Bits (Prev, Next): (CMBitMap*) 0x0000025a920c4510, (CMBitMap*) 0x0000025a920c4548
 Prev Bits: [0x0000025aa93e0000, 0x0000025aab378000)
 Next Bits: [0x0000025aab380000, 0x0000025aad318000)

Polling page: 0x0000025a8fd80000

CodeHeap 'non-profiled nmethods': size=120064Kb used=205Kb max_used=205Kb free=119858Kb
 bounds [0x0000025aa12a0000, 0x0000025aa1510000, 0x0000025aa87e0000]
CodeHeap 'profiled nmethods': size=120000Kb used=1040Kb max_used=1040Kb free=118960Kb
 bounds [0x0000025a99d70000, 0x0000025a99fe0000, 0x0000025aa12a0000]
CodeHeap 'non-nmethods': size=5696Kb used=1080Kb max_used=1092Kb free=4615Kb
 bounds [0x0000025a997e0000, 0x0000025a99a50000, 0x0000025a99d70000]
 total_blobs=1196 nmethods=689 adapters=296
 compilation: enabled

Compilation events (10 events):
Event: 1.314 Thread 0x0000025aaf838800 nmethod 672 0x0000025a99e68890 code [0x0000025a99e68a40, 0x0000025a99e68c18]
Event: 1.314 Thread 0x0000025aaf838800  669       3       java.util.AbstractList$Itr::checkForComodification (23 bytes)
Event: 1.314 Thread 0x0000025aaf838800 nmethod 669 0x0000025a99e68d10 code [0x0000025a99e68ee0, 0x0000025a99e69110]
Event: 1.314 Thread 0x0000025aaf838800  673       3       jdk.internal.org.objectweb.asm.Frame::pop (53 bytes)
Event: 1.315 Thread 0x0000025aaf838800 nmethod 673 0x0000025a99e69210 code [0x0000025a99e69460, 0x0000025a99e69be0]
Event: 1.315 Thread 0x0000025aaf838800  674       3       jdk.internal.org.objectweb.asm.MethodWriter::visitMethodInsn (228 bytes)
Event: 1.315 Thread 0x0000025aaf838800 nmethod 674 0x0000025a99e69f10 code [0x0000025a99e6a160, 0x0000025a99e6a7d0]
Event: 1.315 Thread 0x0000025aaf838800  678       3       jdk.internal.org.objectweb.asm.MethodWriter::visitFieldInsn (256 bytes)
Event: 1.317 Thread 0x0000025aaf838800 nmethod 678 0x0000025a99e6aa90 code [0x0000025a99e6ad00, 0x0000025a99e6b850]
Event: 1.317 Thread 0x0000025aaf838800  681       3       jdk.internal.org.objectweb.asm.Type::getDescriptor (87 bytes)

GC Heap History (0 events):
No events

Deoptimization events (2 events):
Event: 0.209 Thread 0x0000025a92032800 Uncommon trap: reason=unstable_if action=reinterpret pc=0x0000025aa12a59f0 method=java.lang.String.hashCode()I @ 14 c2
Event: 1.148 Thread 0x0000025a92032800 Uncommon trap: reason=unstable_if action=reinterpret pc=0x0000025aa12c0efc method=java.nio.Buffer.hasRemaining()Z @ 8 c2

Classes redefined (0 events):
No events

Internal exceptions (10 events):
Event: 1.243 Thread 0x0000025a92032800 Exception <a 'java/lang/ClassNotFoundException'{0x000000008944fbb0}: sun/awt/resources/spi/awtProvider> (0x000000008944fbb0) thrown at [t:/workspace/open/src/hotspot/share/classfile/systemDictionary.cpp, line 233]
Event: 1.283 Thread 0x0000025a92032800 Exception <a 'java/io/FileNotFoundException'{0x00000000894ebb08}> (0x00000000894ebb08) thrown at [t:/workspace/open/src/hotspot/share/prims/jni.cpp, line 611]
Event: 1.298 Thread 0x0000025a92032800 Exception <a 'java/lang/NoSuchMethodError'{0x0000000089353460}: java.lang.invoke.DirectMethodHandle$Holder.invokeStatic(Ljava/lang/Object;Ljava/lang/Object;Ljava/lang/Object;Ljava/lang/Object;Ljava/lang/Object;Ljava/lang/Object;Ljava/lang/Object;Ljava/lan
Event: 1.300 Thread 0x0000025a92032800 Exception <a 'java/lang/NoSuchMethodError'{0x0000000089362c78}: java.lang.invoke.DirectMethodHandle$Holder.invokeStatic(Ljava/lang/Object;Ljava/lang/Object;Ljava/lang/Object;Ljava/lang/Object;Ljava/lang/Object;Ljava/lang/Object;Ljava/lang/Object;Ljava/lan
Event: 1.302 Thread 0x0000025a92032800 Exception <a 'java/lang/NoSuchMethodError'{0x0000000089372780}: java.lang.invoke.DirectMethodHandle$Holder.invokeSpecial(Ljava/lang/Object;Ljava/lang/Object;IILjava/lang/Object;Ljava/lang/Object;Ljava/lang/Object;)Ljava/lang/Object;> (0x0000000089372780) 
Event: 1.302 Thread 0x0000025a92032800 Exception <a 'java/lang/NoSuchMethodError'{0x0000000089375e90}: java.lang.invoke.DelegatingMethodHandle$Holder.reinvoke_L(Ljava/lang/Object;IILjava/lang/Object;Ljava/lang/Object;Ljava/lang/Object;)Ljava/lang/Object;> (0x0000000089375e90) thrown at [t:/wor
Event: 1.304 Thread 0x0000025a92032800 Exception <a 'java/lang/NoSuchMethodError'{0x000000008937a4a0}: java.lang.invoke.DirectMethodHandle$Holder.invokeStatic(Ljava/lang/Object;Ljava/lang/Object;Ljava/lang/Object;Ljava/lang/Object;I)Ljava/lang/Object;> (0x000000008937a4a0) thrown at [t:/worksp
Event: 1.311 Thread 0x0000025a92032800 Exception <a 'java/lang/NoSuchMethodError'{0x00000000893928f0}: method resolution failed> (0x00000000893928f0) thrown at [t:/workspace/open/src/hotspot/share/prims/methodHandles.cpp, line 1226]
Event: 1.313 Thread 0x0000025a92032800 Exception <a 'java/lang/NoSuchMethodError'{0x00000000893a8cc0}: method resolution failed> (0x00000000893a8cc0) thrown at [t:/workspace/open/src/hotspot/share/prims/methodHandles.cpp, line 1226]
Event: 1.316 Thread 0x0000025a92032800 Exception <a 'java/lang/NoSuchMethodError'{0x00000000893c0a60}: method resolution failed> (0x00000000893c0a60) thrown at [t:/workspace/open/src/hotspot/share/prims/methodHandles.cpp, line 1226]

Events (10 events):
Event: 1.306 loading class java/util/Collections$UnmodifiableRandomAccessList
Event: 1.306 loading class java/util/Collections$UnmodifiableList
Event: 1.306 loading class java/util/Collections$UnmodifiableList done
Event: 1.306 loading class java/util/Collections$UnmodifiableRandomAccessList done
Event: 1.312 loading class java/lang/invoke/BoundMethodHandle$Species_LIIL
Event: 1.312 loading class java/lang/invoke/BoundMethodHandle$Species_LIIL done
Event: 1.314 loading class java/lang/invoke/BoundMethodHandle$Species_LIILL
Event: 1.314 loading class java/lang/invoke/BoundMethodHandle$Species_LIILL done
Event: 1.317 loading class java/lang/invoke/BoundMethodHandle$Species_LIILLL
Event: 1.317 loading class java/lang/invoke/BoundMethodHandle$Species_LIILLL done


Dynamic libraries:
0x00007ff6d9980000 - 0x00007ff6d99be000 	C:\Program Files\Java\jre-10.0.2\bin\javaw.exe
0x00007ff8618b0000 - 0x00007ff861a9d000 	C:\WINDOWS\SYSTEM32\ntdll.dll
0x00007ff85f140000 - 0x00007ff85f1f3000 	C:\WINDOWS\System32\KERNEL32.DLL
0x00007ff85d970000 - 0x00007ff85dc05000 	C:\WINDOWS\System32\KERNELBASE.dll
0x00007ff85ed60000 - 0x00007ff85ee03000 	C:\WINDOWS\System32\ADVAPI32.dll
0x00007ff85f690000 - 0x00007ff85f72e000 	C:\WINDOWS\System32\msvcrt.dll
0x00007ff85ead0000 - 0x00007ff85eb6e000 	C:\WINDOWS\System32\sechost.dll
0x00007ff85f4f0000 - 0x00007ff85f612000 	C:\WINDOWS\System32\RPCRT4.dll
0x00007ff860070000 - 0x00007ff860207000 	C:\WINDOWS\System32\USER32.dll
0x00007ff85e4c0000 - 0x00007ff85e4e0000 	C:\WINDOWS\System32\win32u.dll
0x00007ff85eb70000 - 0x00007ff85eb99000 	C:\WINDOWS\System32\GDI32.dll
0x00007ff85e500000 - 0x00007ff85e69a000 	C:\WINDOWS\System32\gdi32full.dll
0x00007ff85e980000 - 0x00007ff85ea20000 	C:\WINDOWS\System32\msvcp_win.dll
0x00007ff85e880000 - 0x00007ff85e97a000 	C:\WINDOWS\System32\ucrtbase.dll
0x00007ff846f70000 - 0x00007ff8471e9000 	C:\WINDOWS\WinSxS\amd64_microsoft.windows.common-controls_6595b64144ccf1df_6.0.17763.1282_none_de75b6f253473c0f\COMCTL32.dll
0x00007ff858f10000 - 0x00007ff858f1a000 	C:\WINDOWS\SYSTEM32\VERSION.dll
0x00007ff85ee10000 - 0x00007ff85f13c000 	C:\WINDOWS\System32\combase.dll
0x00007ff85e440000 - 0x00007ff85e4be000 	C:\WINDOWS\System32\bcryptPrimitives.dll
0x00007ff861710000 - 0x00007ff86173e000 	C:\WINDOWS\System32\IMM32.DLL
0x00007ff82e770000 - 0x00007ff82e85f000 	C:\Program Files\Java\jre-10.0.2\bin\msvcr120.dll
0x00007ff83dd30000 - 0x00007ff83ddd6000 	C:\Program Files\Java\jre-10.0.2\bin\msvcp120.dll
0x000000005c770000 - 0x000000005d1e0000 	C:\Program Files\Java\jre-10.0.2\bin\server\jvm.dll
0x00007ff8617c0000 - 0x00007ff8617c8000 	C:\WINDOWS\System32\PSAPI.DLL
0x00007ff85b4b0000 - 0x00007ff85b4d4000 	C:\WINDOWS\SYSTEM32\WINMM.dll
0x00007ff85c440000 - 0x00007ff85c449000 	C:\WINDOWS\SYSTEM32\WSOCK32.dll
0x00007ff85f620000 - 0x00007ff85f68d000 	C:\WINDOWS\System32\WS2_32.dll
0x00007ff85b480000 - 0x00007ff85b4ad000 	C:\WINDOWS\SYSTEM32\WINMMBASE.dll
0x00007ff85e3f0000 - 0x00007ff85e43a000 	C:\WINDOWS\System32\cfgmgr32.dll
0x00007ff85b5b0000 - 0x00007ff85b5bf000 	C:\Program Files\Java\jre-10.0.2\bin\verify.dll
0x00007ff85c1d0000 - 0x00007ff85c3bd000 	C:\WINDOWS\SYSTEM32\DBGHELP.DLL
0x00007ff8539c0000 - 0x00007ff8539ea000 	C:\WINDOWS\SYSTEM32\dbgcore.DLL
0x00007ff84c9f0000 - 0x00007ff84ca17000 	C:\Program Files\Java\jre-10.0.2\bin\java.dll
0x00007ff84c9d0000 - 0x00007ff84c9e6000 	C:\Program Files\Java\jre-10.0.2\bin\zip.dll
0x00007ff85b580000 - 0x00007ff85b58a000 	C:\Program Files\Java\jre-10.0.2\bin\jimage.dll
0x00007ff860210000 - 0x00007ff861708000 	C:\WINDOWS\System32\SHELL32.dll
0x00007ff85f2d0000 - 0x00007ff85f378000 	C:\WINDOWS\System32\shcore.dll
0x00007ff85dc10000 - 0x00007ff85e35f000 	C:\WINDOWS\System32\windows.storage.dll
0x00007ff85d940000 - 0x00007ff85d964000 	C:\WINDOWS\System32\profapi.dll
0x00007ff85d8c0000 - 0x00007ff85d91d000 	C:\WINDOWS\System32\powrprof.dll
0x00007ff85f260000 - 0x00007ff85f2b2000 	C:\WINDOWS\System32\shlwapi.dll
0x00007ff85d8a0000 - 0x00007ff85d8b1000 	C:\WINDOWS\System32\kernel.appcore.dll
0x00007ff85e4e0000 - 0x00007ff85e4f7000 	C:\WINDOWS\System32\cryptsp.dll
0x00007ff84c990000 - 0x00007ff84c9aa000 	C:\Program Files\Java\jre-10.0.2\bin\net.dll
0x00007ff852f00000 - 0x00007ff852ff2000 	C:\WINDOWS\SYSTEM32\WINHTTP.dll
0x00007ff85d100000 - 0x00007ff85d167000 	C:\WINDOWS\system32\mswsock.dll
0x00007ff84b6c0000 - 0x00007ff84b6d1000 	C:\Program Files\Java\jre-10.0.2\bin\nio.dll
0x00007ff85cc20000 - 0x00007ff85cc53000 	C:\WINDOWS\system32\rsaenh.dll
0x00007ff85e360000 - 0x00007ff85e386000 	C:\WINDOWS\System32\bcrypt.dll
0x00007ff85d7d0000 - 0x00007ff85d7f8000 	C:\WINDOWS\SYSTEM32\USERENV.dll
0x00007ff85d2d0000 - 0x00007ff85d2dc000 	C:\WINDOWS\SYSTEM32\CRYPTBASE.dll
0x00007ff85ce20000 - 0x00007ff85ce5d000 	C:\WINDOWS\SYSTEM32\IPHLPAPI.DLL
0x00007ff85eba0000 - 0x00007ff85eba8000 	C:\WINDOWS\System32\NSI.dll
0x00007ff854790000 - 0x00007ff8547a6000 	C:\WINDOWS\SYSTEM32\dhcpcsvc6.DLL
0x00007ff8547b0000 - 0x00007ff8547cc000 	C:\WINDOWS\SYSTEM32\dhcpcsvc.DLL
0x00007ff85ce60000 - 0x00007ff85cf27000 	C:\WINDOWS\SYSTEM32\DNSAPI.dll
0x00007ff85b4e0000 - 0x00007ff85b56c000 	C:\WINDOWS\system32\apphelp.dll
0x00000000637c0000 - 0x00000000637cd000 	C:\Users\User\AppData\Local\Temp\jogamp_0000\file_cache\jln4338337750334154826\jln11235492003192624855\natives\windows-amd64\gluegen-rt.dll
0x00007ff82e5d0000 - 0x00007ff82e76b000 	C:\Program Files\Java\jre-10.0.2\bin\awt.dll
0x00007ff85ec30000 - 0x00007ff85ecf4000 	C:\WINDOWS\System32\OLEAUT32.dll
0x00007ff859ce0000 - 0x00007ff85a29e000 	C:\WINDOWS\SYSTEM32\d2d1.dll

dbghelp: loaded successfully - version: 4.0.5 - missing functions: none
symbol engine: initialized successfully - sym options: 0x614 - pdb path: .;C:\Program Files\Java\jre-10.0.2\bin;C:\WINDOWS\SYSTEM32;C:\WINDOWS\WinSxS\amd64_microsoft.windows.common-controls_6595b64144ccf1df_6.0.17763.1282_none_de75b6f253473c0f;C:\Program Files\Java\jre-10.0.2\bin\server;C:\Users\User\AppData\Local\Temp\jogamp_0000\file_cache\jln4338337750334154826\jln11235492003192624855\natives\windows-amd64

VM Arguments:
jvm_args: -Djava.library.path=D:\eclipse\2D\Natives;D:\eclipse\2D\Natives -Dfile.encoding=Cp1252 
java_command: org.graphics.Renderer
java_class_path (initial): D:\eclipse\2D\bin;C:\Users\User\Downloads\jogamp-all-platforms\jar\gluegen-rt.jar;C:\Users\User\Downloads\jogamp-all-platforms\jar\jogl-all.jar
Launcher Type: SUN_STANDARD

Logging:
Log output configuration:
#0: stdout all=warning uptime,level,tags
#1: stderr all=off uptime,level,tags

Environment Variables:
PATH=C:/Program Files/Java/jre1.8.0_171/bin/server;C:/Program Files/Java/jre1.8.0_171/bin;C:/Program Files/Java/jre1.8.0_171/lib/amd64;D:\dbms\app\oracle\product\11.2.0\server\bin;C:\Program Files (x86)\Common Files\Oracle\Java\javapath;C:\Program Files (x86)\Intel\iCLS Client\;C:\Program Files\Intel\iCLS Client\;C:\Windows\system32;C:\Windows;C:\Windows\System32\Wbem;C:\Windows\System32\WindowsPowerShell\v1.0\;C:\Program Files (x86)\Intel\Intel(R) Management Engine Components\DAL;C:\Program Files\Intel\Intel(R) Management Engine Components\DAL;C:\Program Files (x86)\Intel\Intel(R) Management Engine Components\IPT;C:\Program Files\Intel\Intel(R) Management Engine Components\IPT;C:\Program Files (x86)\NVIDIA Corporation\PhysX\Common;C:\WINDOWS\system32;C:\WINDOWS;C:\WINDOWS\System32\Wbem;C:\WINDOWS\System32\WindowsPowerShell\v1.0\;C:\WINDOWS\System32\OpenSSH\;C:\Program Files (x86)\CodeBlocks\MinGW\bin;C:\Program Files (x86)\GnuWin32\bin;D:\bison\bin;C:\instantclient_12_2;C:\Program Files\Git\cmd;C:\Users\User\AppData\Local\Microsoft\WindowsApps;C:\Program Files\Java\jre1.8.0_171\lib;C:\Program Files\Java\jdk1.8.0_171\bin;C:\Program Files (x86)\CodeBlocks\MinGW\bin;C:\Program Files (x86)\GnuWin32\bin;D:\bison\bin;C:\instantclient_12_2;;C:\WINDOWS\System32;
USERNAME=User
OS=Windows_NT
PROCESSOR_IDENTIFIER=Intel64 Family 6 Model 78 Stepping 3, GenuineIntel



---------------  S Y S T E M  ---------------

OS: Windows 10 , 64 bit Build 17763 (10.0.17763.1158)

CPU:total 4 (initial active 4) (2 cores per cpu, 2 threads per core) family 6 model 78 stepping 3, cmov, cx8, fxsr, mmx, sse, sse2, sse3, ssse3, sse4.1, sse4.2, popcnt, avx, avx2, aes, clmul, erms, 3dnowpref, lzcnt, ht, tsc, tscinvbit, bmi1, bmi2, adx, fma

Memory: 4k page, physical 8275968k(922268k free), swap 25338748k(4956k free)

vm_info: Java HotSpot(TM) 64-Bit Server VM (10.0.2+13) for windows-amd64 JRE (10.0.2+13), built on Jun 28 2018 01:57:56 by "mach5one" with MS VC++ 12.0 (VS2013)

END.
