#
# There is insufficient memory for the Java Runtime Environment to continue.
# Native memory allocation (mmap) failed to map 134217728 bytes for Failed to commit area from 0x0000000081a00000 to 0x0000000089a00000 of length 134217728.
# Possible reasons:
#   The system is out of physical RAM or swap space
#   The process is running with CompressedOops enabled, and the Java Heap may be blocking the growth of the native heap
# Possible solutions:
#   Reduce memory load on the system
#   Increase physical memory or swap space
#   Check if swap backing store is full
#   Decrease Java heap size (-Xmx/-Xms)
#   Decrease number of Java threads
#   Decrease Java thread stack sizes (-Xss)
#   Set larger code cache with -XX:ReservedCodeCacheSize=
# This output file may be truncated or incomplete.
#
#  Out of Memory Error (t:/workspace/open/src/hotspot/os/windows/os_windows.cpp:3221), pid=22220, tid=2964
#
# JRE version:  (10.0.2+13) (build )
# Java VM: Java HotSpot(TM) 64-Bit Server VM (10.0.2+13, mixed mode, aot, tiered, compressed oops, g1 gc, windows-amd64)
# No core dump will be written. Minidumps are not enabled by default on client versions of Windows
#

---------------  S U M M A R Y ------------

Command Line: -Djava.library.path=D:\eclipse\2D\Natives;D:\eclipse\2D\Natives -Dfile.encoding=Cp1252 org.graphics.Renderer

Host: Intel(R) Core(TM) i7-6500U CPU @ 2.50GHz, 4 cores, 7G,  Windows 10 , 64 bit Build 17763 (10.0.17763.1158)
Time: Sat Aug 29 23:15:17 2020 Bangladesh Standard Time elapsed time: 0 seconds (0d 0h 0m 0s)

---------------  T H R E A D  ---------------

Current thread (0x00000132b9460000):  JavaThread "Unknown thread" [_thread_in_vm, id=2964, stack(0x0000000726d00000,0x0000000726e00000)]

Stack: [0x0000000726d00000,0x0000000726e00000]
Native frames: (J=compiled Java code, j=interpreted, Vv=VM code, C=native code)
V  [jvm.dll+0x5a01a9]
V  [jvm.dll+0x6bcf31]
V  [jvm.dll+0x6be126]
V  [jvm.dll+0x6be7b3]
V  [jvm.dll+0x234978]
V  [jvm.dll+0x59dac4]
V  [jvm.dll+0x592825]
V  [jvm.dll+0x2f632b]
V  [jvm.dll+0x2f6295]
V  [jvm.dll+0x2f6172]
V  [jvm.dll+0x2f8366]
V  [jvm.dll+0x344293]
V  [jvm.dll+0x3449a6]
V  [jvm.dll+0x344393]
V  [jvm.dll+0x2c4628]
V  [jvm.dll+0x2c5771]
V  [jvm.dll+0x69d1db]
V  [jvm.dll+0x69e9fc]
V  [jvm.dll+0x3519e9]
V  [jvm.dll+0x6856a2]
V  [jvm.dll+0x3ba0c3]
V  [jvm.dll+0x3bc261]
C  [javaw.exe+0x3541]
C  [javaw.exe+0xe1cf]
C  [javaw.exe+0xe376]
C  [KERNEL32.DLL+0x17974]
C  [ntdll.dll+0x6a271]


---------------  P R O C E S S  ---------------

Threads class SMR info:
_java_thread_list=0x00000132b72eb200, length=0, elements={
}

Java Threads: ( => current thread )

Other Threads:
  0x00000132b9479000 GCTaskThread "GC Thread#0" [stack: 0x0000000726e00000,0x0000000726f00000] [id=11920]
  0x00000132b947a800 GCTaskThread "GC Thread#1" [stack: 0x0000000726f00000,0x0000000727000000] [id=12456]
  0x00000132b947d000 GCTaskThread "GC Thread#2" [stack: 0x0000000727000000,0x0000000727100000] [id=9036]
  0x00000132b9480800 GCTaskThread "GC Thread#3" [stack: 0x0000000727100000,0x0000000727200000] [id=15504]
  0x00000132b94f7800 ConcurrentGCThread "G1 Main Marker" [stack: 0x0000000727200000,0x0000000727300000] [id=18324]
  0x00000132b94fa000 ConcurrentGCThread "G1 Conc#0" [stack: 0x0000000727300000,0x0000000727400000] [id=23196]

[error occurred during error reporting (printing all threads), id 0xe0000002]

VM state:not at safepoint (not fully initialized)

VM Mutex/Monitor currently owned by a thread:  ([mutex/lock_event])
[0x00000132b945f220] Heap_lock - owner thread: 0x00000132b9460000

Heap address: 0x0000000081a00000, size: 2022 MB, Compressed Oops mode: Non-zero based: 0x0000000081a00000
Narrow klass base: 0x0000000000000000, Narrow klass shift: 0

GC Heap History (0 events):
No events

Deoptimization events (0 events):
No events

Classes redefined (0 events):
No events

Internal exceptions (0 events):
No events

Events (0 events):
No events


Dynamic libraries:
0x00007ff7118a0000 - 0x00007ff7118de000 	C:\Program Files\Java\jre-10.0.2\bin\javaw.exe
0x00007ffa516c0000 - 0x00007ffa518ad000 	C:\WINDOWS\SYSTEM32\ntdll.dll
0x00007ffa4f080000 - 0x00007ffa4f133000 	C:\WINDOWS\System32\KERNEL32.DLL
0x00007ffa4e210000 - 0x00007ffa4e4a5000 	C:\WINDOWS\System32\KERNELBASE.dll
0x00007ffa4eea0000 - 0x00007ffa4ef43000 	C:\WINDOWS\System32\ADVAPI32.dll
0x00007ffa50d80000 - 0x00007ffa50e1e000 	C:\WINDOWS\System32\msvcrt.dll
0x00007ffa51410000 - 0x00007ffa514ae000 	C:\WINDOWS\System32\sechost.dll
0x00007ffa4ef50000 - 0x00007ffa4f072000 	C:\WINDOWS\System32\RPCRT4.dll
0x00007ffa4eb10000 - 0x00007ffa4eca7000 	C:\WINDOWS\System32\USER32.dll
0x00007ffa4d990000 - 0x00007ffa4d9b0000 	C:\WINDOWS\System32\win32u.dll
0x00007ffa514c0000 - 0x00007ffa514e9000 	C:\WINDOWS\System32\GDI32.dll
0x00007ffa4e4b0000 - 0x00007ffa4e64a000 	C:\WINDOWS\System32\gdi32full.dll
0x00007ffa4e150000 - 0x00007ffa4e1f0000 	C:\WINDOWS\System32\msvcp_win.dll
0x00007ffa4e760000 - 0x00007ffa4e85a000 	C:\WINDOWS\System32\ucrtbase.dll
0x00007ffa3ad00000 - 0x00007ffa3af79000 	C:\WINDOWS\WinSxS\amd64_microsoft.windows.common-controls_6595b64144ccf1df_6.0.17763.1282_none_de75b6f253473c0f\COMCTL32.dll
0x00007ffa50650000 - 0x00007ffa5097c000 	C:\WINDOWS\System32\combase.dll
0x00007ffa4e860000 - 0x00007ffa4e8de000 	C:\WINDOWS\System32\bcryptPrimitives.dll
0x00007ffa49540000 - 0x00007ffa4954a000 	C:\WINDOWS\SYSTEM32\VERSION.dll
0x00007ffa513e0000 - 0x00007ffa5140e000 	C:\WINDOWS\System32\IMM32.DLL
0x00007ffa20da0000 - 0x00007ffa20e8f000 	C:\Program Files\Java\jre-10.0.2\bin\msvcr120.dll
0x00007ffa21420000 - 0x00007ffa214c6000 	C:\Program Files\Java\jre-10.0.2\bin\msvcp120.dll
0x000000006f360000 - 0x000000006fdd0000 	C:\Program Files\Java\jre-10.0.2\bin\server\jvm.dll
0x00007ffa514b0000 - 0x00007ffa514b8000 	C:\WINDOWS\System32\PSAPI.DLL
0x00007ffa4c2a0000 - 0x00007ffa4c2a9000 	C:\WINDOWS\SYSTEM32\WSOCK32.dll
0x00007ffa51620000 - 0x00007ffa5168d000 	C:\WINDOWS\System32\WS2_32.dll
0x00007ffa4b940000 - 0x00007ffa4b964000 	C:\WINDOWS\SYSTEM32\WINMM.dll
0x00007ffa4b7f0000 - 0x00007ffa4b81d000 	C:\WINDOWS\SYSTEM32\WINMMBASE.dll
0x00007ffa4e100000 - 0x00007ffa4e14a000 	C:\WINDOWS\System32\cfgmgr32.dll
0x00007ffa495e0000 - 0x00007ffa495ef000 	C:\Program Files\Java\jre-10.0.2\bin\verify.dll
0x00007ffa49170000 - 0x00007ffa4935d000 	C:\WINDOWS\SYSTEM32\DBGHELP.DLL
0x00007ffa311b0000 - 0x00007ffa311da000 	C:\WINDOWS\SYSTEM32\dbgcore.DLL
0x00007ffa3a6b0000 - 0x00007ffa3a6d7000 	C:\Program Files\Java\jre-10.0.2\bin\java.dll
0x00007ffa495c0000 - 0x00007ffa495d6000 	C:\Program Files\Java\jre-10.0.2\bin\zip.dll
0x00007ffa3a6a0000 - 0x00007ffa3a6aa000 	C:\Program Files\Java\jre-10.0.2\bin\jimage.dll

dbghelp: loaded successfully - version: 4.0.5 - missing functions: none
symbol engine: initialized successfully - sym options: 0x614 - pdb path: .;C:\Program Files\Java\jre-10.0.2\bin;C:\WINDOWS\SYSTEM32;C:\WINDOWS\WinSxS\amd64_microsoft.windows.common-controls_6595b64144ccf1df_6.0.17763.1282_none_de75b6f253473c0f;C:\Program Files\Java\jre-10.0.2\bin\server

VM Arguments:
jvm_args: -Djava.library.path=D:\eclipse\2D\Natives;D:\eclipse\2D\Natives -Dfile.encoding=Cp1252 
java_command: org.graphics.Renderer
java_class_path (initial): D:\eclipse\2D\bin;C:\Users\User\Downloads\jogamp-all-platforms\jar\gluegen-rt.jar;C:\Users\User\Downloads\jogamp-all-platforms\jar\jogl-all.jar
Launcher Type: SUN_STANDARD

Logging:
Log output configuration:
#0: stdout all=warning uptime,level,tags
#1: stderr all=off uptime,level,tags

Environment Variables:
PATH=C:/Program Files/Java/jre1.8.0_171/bin/server;C:/Program Files/Java/jre1.8.0_171/bin;C:/Program Files/Java/jre1.8.0_171/lib/amd64;D:\dbms\app\oracle\product\11.2.0\server\bin;C:\Program Files (x86)\Common Files\Oracle\Java\javapath;C:\Program Files (x86)\Intel\iCLS Client\;C:\Program Files\Intel\iCLS Client\;C:\Windows\system32;C:\Windows;C:\Windows\System32\Wbem;C:\Windows\System32\WindowsPowerShell\v1.0\;C:\Program Files (x86)\Intel\Intel(R) Management Engine Components\DAL;C:\Program Files\Intel\Intel(R) Management Engine Components\DAL;C:\Program Files (x86)\Intel\Intel(R) Management Engine Components\IPT;C:\Program Files\Intel\Intel(R) Management Engine Components\IPT;C:\Program Files (x86)\NVIDIA Corporation\PhysX\Common;C:\WINDOWS\system32;C:\WINDOWS;C:\WINDOWS\System32\Wbem;C:\WINDOWS\System32\WindowsPowerShell\v1.0\;C:\WINDOWS\System32\OpenSSH\;C:\Program Files (x86)\CodeBlocks\MinGW\bin;C:\Program Files (x86)\GnuWin32\bin;D:\bison\bin;C:\instantclient_12_2;C:\Program Files\Git\cmd;C:\Users\User\AppData\Local\Microsoft\WindowsApps;C:\Program Files\Java\jre1.8.0_171\lib;C:\Program Files\Java\jdk1.8.0_171\bin;C:\Program Files (x86)\CodeBlocks\MinGW\bin;C:\Program Files (x86)\GnuWin32\bin;D:\bison\bin;C:\instantclient_12_2;;C:\WINDOWS\system32;
USERNAME=User
OS=Windows_NT
PROCESSOR_IDENTIFIER=Intel64 Family 6 Model 78 Stepping 3, GenuineIntel



---------------  S Y S T E M  ---------------

OS: Windows 10 , 64 bit Build 17763 (10.0.17763.1158)

CPU:total 4 (initial active 4) (2 cores per cpu, 2 threads per core) family 6 model 78 stepping 3, cmov, cx8, fxsr, mmx, sse, sse2, sse3, ssse3, sse4.1, sse4.2, popcnt, avx, avx2, aes, clmul, erms, 3dnowpref, lzcnt, ht, tsc, tscinvbit, bmi1, bmi2, adx, fma

Memory: 4k page, physical 8275968k(852968k free), swap 25306308k(47400k free)

vm_info: Java HotSpot(TM) 64-Bit Server VM (10.0.2+13) for windows-amd64 JRE (10.0.2+13), built on Jun 28 2018 01:57:56 by "mach5one" with MS VC++ 12.0 (VS2013)

END.
