#
# There is insufficient memory for the Java Runtime Environment to continue.
# Native memory allocation (mmap) failed to map 134217728 bytes for Failed to commit area from 0x0000000081a00000 to 0x0000000089a00000 of length 134217728.
# Possible reasons:
#   The system is out of physical RAM or swap space
#   The process is running with CompressedOops enabled, and the Java Heap may be blocking the growth of the native heap
# Possible solutions:
#   Reduce memory load on the system
#   Increase physical memory or swap space
#   Check if swap backing store is full
#   Decrease Java heap size (-Xmx/-Xms)
#   Decrease number of Java threads
#   Decrease Java thread stack sizes (-Xss)
#   Set larger code cache with -XX:ReservedCodeCacheSize=
# This output file may be truncated or incomplete.
#
#  Out of Memory Error (t:/workspace/open/src/hotspot/os/windows/os_windows.cpp:3221), pid=14920, tid=12668
#
# JRE version:  (10.0.2+13) (build )
# Java VM: Java HotSpot(TM) 64-Bit Server VM (10.0.2+13, mixed mode, aot, tiered, compressed oops, g1 gc, windows-amd64)
# No core dump will be written. Minidumps are not enabled by default on client versions of Windows
#

---------------  S U M M A R Y ------------

Command Line: -Djava.library.path=D:\eclipse\2D\Natives;D:\eclipse\2D\Natives -Dfile.encoding=Cp1252 org.engine.Main

Host: Intel(R) Core(TM) i7-6500U CPU @ 2.50GHz, 4 cores, 7G,  Windows 10 , 64 bit Build 17763 (10.0.17763.1158)
Time: Tue Sep 01 23:17:51 2020 Bangladesh Standard Time elapsed time: 0 seconds (0d 0h 0m 0s)

---------------  T H R E A D  ---------------

Current thread (0x00000217b9607800):  JavaThread "Unknown thread" [_thread_in_vm, id=12668, stack(0x0000008c5f200000,0x0000008c5f300000)]

Stack: [0x0000008c5f200000,0x0000008c5f300000]
Native frames: (J=compiled Java code, j=interpreted, Vv=VM code, C=native code)
V  [jvm.dll+0x5a01a9]
V  [jvm.dll+0x6bcf31]
V  [jvm.dll+0x6be126]
V  [jvm.dll+0x6be7b3]
V  [jvm.dll+0x234978]
V  [jvm.dll+0x59dac4]
V  [jvm.dll+0x592825]
V  [jvm.dll+0x2f632b]
V  [jvm.dll+0x2f6295]
V  [jvm.dll+0x2f6172]
V  [jvm.dll+0x2f8366]
V  [jvm.dll+0x344293]
V  [jvm.dll+0x3449a6]
V  [jvm.dll+0x344393]
V  [jvm.dll+0x2c4628]
V  [jvm.dll+0x2c5771]
V  [jvm.dll+0x69d1db]
V  [jvm.dll+0x69e9fc]
V  [jvm.dll+0x3519e9]
V  [jvm.dll+0x6856a2]
V  [jvm.dll+0x3ba0c3]
V  [jvm.dll+0x3bc261]
C  [javaw.exe+0x3541]
C  [javaw.exe+0xe1cf]
C  [javaw.exe+0xe376]
C  [KERNEL32.DLL+0x17974]
C  [ntdll.dll+0x6a271]


---------------  P R O C E S S  ---------------

Threads class SMR info:
_java_thread_list=0x00000217b94fdb20, length=0, elements={
}

Java Threads: ( => current thread )

Other Threads:
  0x00000217b961b800 GCTaskThread "GC Thread#0" [stack: 0x0000008c5f300000,0x0000008c5f400000] [id=16056]
  0x00000217b961d800 GCTaskThread "GC Thread#1" [stack: 0x0000008c5f400000,0x0000008c5f500000] [id=27408]
  0x00000217b9620000 GCTaskThread "GC Thread#2" [stack: 0x0000008c5f500000,0x0000008c5f600000] [id=28284]
  0x00000217b9623000 GCTaskThread "GC Thread#3" [stack: 0x0000008c5f600000,0x0000008c5f700000] [id=26956]
  0x00000217b968e800 ConcurrentGCThread "G1 Main Marker" [stack: 0x0000008c5f700000,0x0000008c5f800000] [id=27556]
  0x00000217b9695800 ConcurrentGCThread "G1 Conc#0" [stack: 0x0000008c5f800000,0x0000008c5f900000] [id=27120]

[error occurred during error reporting (printing all threads), id 0xe0000002]

VM state:not at safepoint (not fully initialized)

VM Mutex/Monitor currently owned by a thread:  ([mutex/lock_event])
[0x00000217b9605230] Heap_lock - owner thread: 0x00000217b9607800

Heap address: 0x0000000081a00000, size: 2022 MB, Compressed Oops mode: Non-zero based: 0x0000000081a00000
Narrow klass base: 0x0000000000000000, Narrow klass shift: 0

GC Heap History (0 events):
No events

Deoptimization events (0 events):
No events

Classes redefined (0 events):
No events

Internal exceptions (0 events):
No events

Events (0 events):
No events


Dynamic libraries:
0x00007ff740260000 - 0x00007ff74029e000 	C:\Program Files\Java\jre-10.0.2\bin\javaw.exe
0x00007fff65450000 - 0x00007fff6563d000 	C:\WINDOWS\SYSTEM32\ntdll.dll
0x00007fff62970000 - 0x00007fff62a23000 	C:\WINDOWS\System32\KERNEL32.DLL
0x00007fff61f30000 - 0x00007fff621c5000 	C:\WINDOWS\System32\KERNELBASE.dll
0x00007fff64cd0000 - 0x00007fff64d73000 	C:\WINDOWS\System32\ADVAPI32.dll
0x00007fff62810000 - 0x00007fff628ae000 	C:\WINDOWS\System32\msvcrt.dll
0x00007fff650b0000 - 0x00007fff6514e000 	C:\WINDOWS\System32\sechost.dll
0x00007fff626e0000 - 0x00007fff62802000 	C:\WINDOWS\System32\RPCRT4.dll
0x00007fff65150000 - 0x00007fff652e7000 	C:\WINDOWS\System32\USER32.dll
0x00007fff61d30000 - 0x00007fff61d50000 	C:\WINDOWS\System32\win32u.dll
0x00007fff628b0000 - 0x00007fff628d9000 	C:\WINDOWS\System32\GDI32.dll
0x00007fff62310000 - 0x00007fff624aa000 	C:\WINDOWS\System32\gdi32full.dll
0x00007fff625b0000 - 0x00007fff62650000 	C:\WINDOWS\System32\msvcp_win.dll
0x00007fff624b0000 - 0x00007fff625aa000 	C:\WINDOWS\System32\ucrtbase.dll
0x00007fff52080000 - 0x00007fff522f9000 	C:\WINDOWS\WinSxS\amd64_microsoft.windows.common-controls_6595b64144ccf1df_6.0.17763.1282_none_de75b6f253473c0f\COMCTL32.dll
0x00007fff62f30000 - 0x00007fff6325c000 	C:\WINDOWS\System32\combase.dll
0x00007fff5c850000 - 0x00007fff5c85a000 	C:\WINDOWS\SYSTEM32\VERSION.dll
0x00007fff61560000 - 0x00007fff615de000 	C:\WINDOWS\System32\bcryptPrimitives.dll
0x00007fff64d80000 - 0x00007fff64dae000 	C:\WINDOWS\System32\IMM32.DLL
0x00007fff28110000 - 0x00007fff281ff000 	C:\Program Files\Java\jre-10.0.2\bin\msvcr120.dll
0x00007fff294b0000 - 0x00007fff29556000 	C:\Program Files\Java\jre-10.0.2\bin\msvcp120.dll
0x000000005a7d0000 - 0x000000005b240000 	C:\Program Files\Java\jre-10.0.2\bin\server\jvm.dll
0x00007fff62960000 - 0x00007fff62968000 	C:\WINDOWS\System32\PSAPI.DLL
0x00007fff5ffe0000 - 0x00007fff5ffe9000 	C:\WINDOWS\SYSTEM32\WSOCK32.dll
0x00007fff5db60000 - 0x00007fff5db84000 	C:\WINDOWS\SYSTEM32\WINMM.dll
0x00007fff64e30000 - 0x00007fff64e9d000 	C:\WINDOWS\System32\WS2_32.dll
0x00007fff5db30000 - 0x00007fff5db5d000 	C:\WINDOWS\SYSTEM32\winmmbase.dll
0x00007fff61510000 - 0x00007fff6155a000 	C:\WINDOWS\System32\cfgmgr32.dll
0x00007fff5d1c0000 - 0x00007fff5d1cf000 	C:\Program Files\Java\jre-10.0.2\bin\verify.dll
0x00007fff5fd70000 - 0x00007fff5ff5d000 	C:\WINDOWS\SYSTEM32\DBGHELP.DLL
0x00007fff43170000 - 0x00007fff4319a000 	C:\WINDOWS\SYSTEM32\dbgcore.DLL
0x00007fff3ac50000 - 0x00007fff3ac77000 	C:\Program Files\Java\jre-10.0.2\bin\java.dll
0x00007fff4f6b0000 - 0x00007fff4f6c6000 	C:\Program Files\Java\jre-10.0.2\bin\zip.dll
0x00007fff5b0d0000 - 0x00007fff5b0da000 	C:\Program Files\Java\jre-10.0.2\bin\jimage.dll

dbghelp: loaded successfully - version: 4.0.5 - missing functions: none
symbol engine: initialized successfully - sym options: 0x614 - pdb path: .;C:\Program Files\Java\jre-10.0.2\bin;C:\WINDOWS\SYSTEM32;C:\WINDOWS\WinSxS\amd64_microsoft.windows.common-controls_6595b64144ccf1df_6.0.17763.1282_none_de75b6f253473c0f;C:\Program Files\Java\jre-10.0.2\bin\server

VM Arguments:
jvm_args: -Djava.library.path=D:\eclipse\2D\Natives;D:\eclipse\2D\Natives -Dfile.encoding=Cp1252 
java_command: org.engine.Main
java_class_path (initial): D:\eclipse\2D\bin;C:\Users\User\Downloads\jogamp-all-platforms\jar\gluegen-rt.jar;C:\Users\User\Downloads\jogamp-all-platforms\jar\jogl-all.jar
Launcher Type: SUN_STANDARD

Logging:
Log output configuration:
#0: stdout all=warning uptime,level,tags
#1: stderr all=off uptime,level,tags

Environment Variables:
PATH=C:/Program Files/Java/jre1.8.0_171/bin/server;C:/Program Files/Java/jre1.8.0_171/bin;C:/Program Files/Java/jre1.8.0_171/lib/amd64;D:\dbms\app\oracle\product\11.2.0\server\bin;C:\Program Files (x86)\Common Files\Oracle\Java\javapath;C:\Program Files (x86)\Intel\iCLS Client\;C:\Program Files\Intel\iCLS Client\;C:\Windows\system32;C:\Windows;C:\Windows\System32\Wbem;C:\Windows\System32\WindowsPowerShell\v1.0\;C:\Program Files (x86)\Intel\Intel(R) Management Engine Components\DAL;C:\Program Files\Intel\Intel(R) Management Engine Components\DAL;C:\Program Files (x86)\Intel\Intel(R) Management Engine Components\IPT;C:\Program Files\Intel\Intel(R) Management Engine Components\IPT;C:\Program Files (x86)\NVIDIA Corporation\PhysX\Common;C:\WINDOWS\system32;C:\WINDOWS;C:\WINDOWS\System32\Wbem;C:\WINDOWS\System32\WindowsPowerShell\v1.0\;C:\WINDOWS\System32\OpenSSH\;C:\Program Files (x86)\CodeBlocks\MinGW\bin;C:\Program Files (x86)\GnuWin32\bin;D:\bison\bin;C:\instantclient_12_2;C:\Program Files\Git\cmd;C:\Users\User\AppData\Local\Microsoft\WindowsApps;C:\Program Files\Java\jre1.8.0_171\lib;C:\Program Files\Java\jdk1.8.0_171\bin;C:\Program Files (x86)\CodeBlocks\MinGW\bin;C:\Program Files (x86)\GnuWin32\bin;D:\bison\bin;C:\instantclient_12_2;;C:\WINDOWS\System32;
USERNAME=User
OS=Windows_NT
PROCESSOR_IDENTIFIER=Intel64 Family 6 Model 78 Stepping 3, GenuineIntel



---------------  S Y S T E M  ---------------

OS: Windows 10 , 64 bit Build 17763 (10.0.17763.1158)

CPU:total 4 (initial active 4) (2 cores per cpu, 2 threads per core) family 6 model 78 stepping 3, cmov, cx8, fxsr, mmx, sse, sse2, sse3, ssse3, sse4.1, sse4.2, popcnt, avx, avx2, aes, clmul, erms, 3dnowpref, lzcnt, ht, tsc, tscinvbit, bmi1, bmi2, adx, fma

Memory: 4k page, physical 8275968k(1015004k free), swap 25338748k(42436k free)

vm_info: Java HotSpot(TM) 64-Bit Server VM (10.0.2+13) for windows-amd64 JRE (10.0.2+13), built on Jun 28 2018 01:57:56 by "mach5one" with MS VC++ 12.0 (VS2013)

END.
